[0.013s] Invoking command in '/home/andrea/dobot_v3/build/cr5_moveit_cpp_demo': CMAKE_PREFIX_PATH=/home/andrea/dobot_v3/install/custom_messages:/home/andrea/dobot_v3/install/nova5_moveit:/home/andrea/dobot_v3/install/nova2_moveit:/home/andrea/dobot_v3/install/cr7_moveit:/home/andrea/dobot_v3/install/cr5_moveit:/home/andrea/dobot_v3/install/cr3_moveit:/home/andrea/dobot_v3/install/cr16_moveit:/home/andrea/dobot_v3/install/cr12_moveit:/home/andrea/dobot_v3/install/cr10_moveit:/home/andrea/dobot_v3/install/dobot_rviz:/home/andrea/dobot_v3/install/dobot_msgs_v3:/home/andrea/dobot_v3/install/dobot_gazebo:/home/andrea/dobot_v3/install/cr5_moveit_cpp_demo:/home/andrea/dobot_v3/install/cra_description:/home/andrea/dobot_v3/install/servo_action:/home/andrea/dobot_v3/install/dobot_bringup_v3:/home/andrea/dobot_v3/install/dobot_moveit:/home/andrea/dobot_v3/install/dobot_demo:/opt/ros/humble LD_LIBRARY_PATH=/home/andrea/dobot_v3/install/custom_messages/lib:/home/andrea/dobot_v3/install/dobot_msgs_v3/lib:/usr/lib/x86_64-linux-gnu/gazebo-11/plugins:/opt/ros/humble/opt/rviz_ogre_vendor/lib:/opt/ros/humble/lib/x86_64-linux-gnu:/opt/ros/humble/lib /usr/bin/cmake --build /home/andrea/dobot_v3/build/cr5_moveit_cpp_demo -- -j12 -l12
[0.101s] [35m[1mConsolidate compiler generated dependencies of target fake_zed_node[0m
[0.106s] [35m[1mConsolidate compiler generated dependencies of target reworked_map_node[0m
[0.107s] [35m[1mConsolidate compiler generated dependencies of target reconnaissance_node[0m
[0.107s] [35m[1mConsolidate compiler generated dependencies of target move_cr5_node[0m
[0.124s] [35m[1mConsolidate compiler generated dependencies of target move_cr5_node_modular[0m
[0.154s] [ 14%] Built target fake_zed_node
[0.160s] [ 28%] Built target reworked_map_node
[0.160s] [ 35%] [32mBuilding CXX object CMakeFiles/move_cr5_node.dir/src/nodes/move_cr5_node.cpp.o[0m
[0.174s] [ 50%] Built target reconnaissance_node
[0.198s] [ 57%] [32mBuilding CXX object CMakeFiles/move_cr5_node_modular.dir/src/nodes/move_cr5_node_modular.cpp.o[0m
[0.204s] [ 71%] [32mBuilding CXX object CMakeFiles/move_cr5_node_modular.dir/src/modules/plant_processor.cpp.o[0m
[0.204s] [ 71%] [32mBuilding CXX object CMakeFiles/move_cr5_node_modular.dir/src/modules/plant_scanner.cpp.o[0m
[13.499s] [ 78%] [32m[1mLinking CXX executable move_cr5_node[0m
[13.915s] [ 85%] [32m[1mLinking CXX executable move_cr5_node_modular[0m
[14.263s] [ 85%] Built target move_cr5_node
[14.523s] [100%] Built target move_cr5_node_modular
[14.534s] Invoked command in '/home/andrea/dobot_v3/build/cr5_moveit_cpp_demo' returned '0': CMAKE_PREFIX_PATH=/home/andrea/dobot_v3/install/custom_messages:/home/andrea/dobot_v3/install/nova5_moveit:/home/andrea/dobot_v3/install/nova2_moveit:/home/andrea/dobot_v3/install/cr7_moveit:/home/andrea/dobot_v3/install/cr5_moveit:/home/andrea/dobot_v3/install/cr3_moveit:/home/andrea/dobot_v3/install/cr16_moveit:/home/andrea/dobot_v3/install/cr12_moveit:/home/andrea/dobot_v3/install/cr10_moveit:/home/andrea/dobot_v3/install/dobot_rviz:/home/andrea/dobot_v3/install/dobot_msgs_v3:/home/andrea/dobot_v3/install/dobot_gazebo:/home/andrea/dobot_v3/install/cr5_moveit_cpp_demo:/home/andrea/dobot_v3/install/cra_description:/home/andrea/dobot_v3/install/servo_action:/home/andrea/dobot_v3/install/dobot_bringup_v3:/home/andrea/dobot_v3/install/dobot_moveit:/home/andrea/dobot_v3/install/dobot_demo:/opt/ros/humble LD_LIBRARY_PATH=/home/andrea/dobot_v3/install/custom_messages/lib:/home/andrea/dobot_v3/install/dobot_msgs_v3/lib:/usr/lib/x86_64-linux-gnu/gazebo-11/plugins:/opt/ros/humble/opt/rviz_ogre_vendor/lib:/opt/ros/humble/lib/x86_64-linux-gnu:/opt/ros/humble/lib /usr/bin/cmake --build /home/andrea/dobot_v3/build/cr5_moveit_cpp_demo -- -j12 -l12
[14.549s] Invoking command in '/home/andrea/dobot_v3/build/cr5_moveit_cpp_demo': CMAKE_PREFIX_PATH=/home/andrea/dobot_v3/install/custom_messages:/home/andrea/dobot_v3/install/nova5_moveit:/home/andrea/dobot_v3/install/nova2_moveit:/home/andrea/dobot_v3/install/cr7_moveit:/home/andrea/dobot_v3/install/cr5_moveit:/home/andrea/dobot_v3/install/cr3_moveit:/home/andrea/dobot_v3/install/cr16_moveit:/home/andrea/dobot_v3/install/cr12_moveit:/home/andrea/dobot_v3/install/cr10_moveit:/home/andrea/dobot_v3/install/dobot_rviz:/home/andrea/dobot_v3/install/dobot_msgs_v3:/home/andrea/dobot_v3/install/dobot_gazebo:/home/andrea/dobot_v3/install/cr5_moveit_cpp_demo:/home/andrea/dobot_v3/install/cra_description:/home/andrea/dobot_v3/install/servo_action:/home/andrea/dobot_v3/install/dobot_bringup_v3:/home/andrea/dobot_v3/install/dobot_moveit:/home/andrea/dobot_v3/install/dobot_demo:/opt/ros/humble LD_LIBRARY_PATH=/home/andrea/dobot_v3/install/custom_messages/lib:/home/andrea/dobot_v3/install/dobot_msgs_v3/lib:/usr/lib/x86_64-linux-gnu/gazebo-11/plugins:/opt/ros/humble/opt/rviz_ogre_vendor/lib:/opt/ros/humble/lib/x86_64-linux-gnu:/opt/ros/humble/lib /usr/bin/cmake --install /home/andrea/dobot_v3/build/cr5_moveit_cpp_demo
[14.557s] -- Install configuration: ""
[14.557s] -- Installing: /home/andrea/dobot_v3/install/cr5_moveit_cpp_demo/lib/cr5_moveit_cpp_demo/move_cr5_node
[14.560s] -- Set runtime path of "/home/andrea/dobot_v3/install/cr5_moveit_cpp_demo/lib/cr5_moveit_cpp_demo/move_cr5_node" to ""
[14.560s] -- Installing: /home/andrea/dobot_v3/install/cr5_moveit_cpp_demo/lib/cr5_moveit_cpp_demo/move_cr5_node_modular
[14.563s] -- Set runtime path of "/home/andrea/dobot_v3/install/cr5_moveit_cpp_demo/lib/cr5_moveit_cpp_demo/move_cr5_node_modular" to ""
[14.563s] -- Up-to-date: /home/andrea/dobot_v3/install/cr5_moveit_cpp_demo/lib/cr5_moveit_cpp_demo/reworked_map_node
[14.564s] -- Up-to-date: /home/andrea/dobot_v3/install/cr5_moveit_cpp_demo/lib/cr5_moveit_cpp_demo/fake_zed_node
[14.564s] -- Up-to-date: /home/andrea/dobot_v3/install/cr5_moveit_cpp_demo/lib/cr5_moveit_cpp_demo/reconnaissance_node
[14.564s] -- Up-to-date: /home/andrea/dobot_v3/install/cr5_moveit_cpp_demo/share/cr5_moveit_cpp_demo/launch
[14.564s] -- Up-to-date: /home/andrea/dobot_v3/install/cr5_moveit_cpp_demo/share/cr5_moveit_cpp_demo/launch/scripts_launch.launch.py
[14.565s] -- Up-to-date: /home/andrea/dobot_v3/install/cr5_moveit_cpp_demo/share/cr5_moveit_cpp_demo/launch/cr5_complete_system.launch.py
[14.565s] -- Up-to-date: /home/andrea/dobot_v3/install/cr5_moveit_cpp_demo/share/ament_index/resource_index/package_run_dependencies/cr5_moveit_cpp_demo
[14.565s] -- Up-to-date: /home/andrea/dobot_v3/install/cr5_moveit_cpp_demo/share/ament_index/resource_index/parent_prefix_path/cr5_moveit_cpp_demo
[14.565s] -- Up-to-date: /home/andrea/dobot_v3/install/cr5_moveit_cpp_demo/share/cr5_moveit_cpp_demo/environment/ament_prefix_path.sh
[14.565s] -- Up-to-date: /home/andrea/dobot_v3/install/cr5_moveit_cpp_demo/share/cr5_moveit_cpp_demo/environment/ament_prefix_path.dsv
[14.565s] -- Up-to-date: /home/andrea/dobot_v3/install/cr5_moveit_cpp_demo/share/cr5_moveit_cpp_demo/environment/path.sh
[14.565s] -- Up-to-date: /home/andrea/dobot_v3/install/cr5_moveit_cpp_demo/share/cr5_moveit_cpp_demo/environment/path.dsv
[14.566s] -- Up-to-date: /home/andrea/dobot_v3/install/cr5_moveit_cpp_demo/share/cr5_moveit_cpp_demo/local_setup.bash
[14.566s] -- Up-to-date: /home/andrea/dobot_v3/install/cr5_moveit_cpp_demo/share/cr5_moveit_cpp_demo/local_setup.sh
[14.566s] -- Up-to-date: /home/andrea/dobot_v3/install/cr5_moveit_cpp_demo/share/cr5_moveit_cpp_demo/local_setup.zsh
[14.566s] -- Up-to-date: /home/andrea/dobot_v3/install/cr5_moveit_cpp_demo/share/cr5_moveit_cpp_demo/local_setup.dsv
[14.567s] -- Installing: /home/andrea/dobot_v3/install/cr5_moveit_cpp_demo/share/cr5_moveit_cpp_demo/package.dsv
[14.567s] -- Up-to-date: /home/andrea/dobot_v3/install/cr5_moveit_cpp_demo/share/ament_index/resource_index/packages/cr5_moveit_cpp_demo
[14.567s] -- Up-to-date: /home/andrea/dobot_v3/install/cr5_moveit_cpp_demo/share/cr5_moveit_cpp_demo/cmake/cr5_moveit_cpp_demoConfig.cmake
[14.568s] -- Up-to-date: /home/andrea/dobot_v3/install/cr5_moveit_cpp_demo/share/cr5_moveit_cpp_demo/cmake/cr5_moveit_cpp_demoConfig-version.cmake
[14.568s] -- Up-to-date: /home/andrea/dobot_v3/install/cr5_moveit_cpp_demo/share/cr5_moveit_cpp_demo/package.xml
[14.568s] Invoked command in '/home/andrea/dobot_v3/build/cr5_moveit_cpp_demo' returned '0': CMAKE_PREFIX_PATH=/home/andrea/dobot_v3/install/custom_messages:/home/andrea/dobot_v3/install/nova5_moveit:/home/andrea/dobot_v3/install/nova2_moveit:/home/andrea/dobot_v3/install/cr7_moveit:/home/andrea/dobot_v3/install/cr5_moveit:/home/andrea/dobot_v3/install/cr3_moveit:/home/andrea/dobot_v3/install/cr16_moveit:/home/andrea/dobot_v3/install/cr12_moveit:/home/andrea/dobot_v3/install/cr10_moveit:/home/andrea/dobot_v3/install/dobot_rviz:/home/andrea/dobot_v3/install/dobot_msgs_v3:/home/andrea/dobot_v3/install/dobot_gazebo:/home/andrea/dobot_v3/install/cr5_moveit_cpp_demo:/home/andrea/dobot_v3/install/cra_description:/home/andrea/dobot_v3/install/servo_action:/home/andrea/dobot_v3/install/dobot_bringup_v3:/home/andrea/dobot_v3/install/dobot_moveit:/home/andrea/dobot_v3/install/dobot_demo:/opt/ros/humble LD_LIBRARY_PATH=/home/andrea/dobot_v3/install/custom_messages/lib:/home/andrea/dobot_v3/install/dobot_msgs_v3/lib:/usr/lib/x86_64-linux-gnu/gazebo-11/plugins:/opt/ros/humble/opt/rviz_ogre_vendor/lib:/opt/ros/humble/lib/x86_64-linux-gnu:/opt/ros/humble/lib /usr/bin/cmake --install /home/andrea/dobot_v3/build/cr5_moveit_cpp_demo
