[1.739s] Invoking command in '/home/andrea/dobot_v3/src/DOBOT_6Axis_ROS2_V3/servo_action': PYTHONPATH=/home/andrea/dobot_v3/build/servo_action/prefix_override:/usr/lib/python3/dist-packages/colcon_core/task/python/colcon_distutils_commands:/home/andrea/dobot_v3/install/servo_action/lib/python3.10/site-packages:${PYTHONPATH} /usr/bin/python3 -W ignore:setup.py install is deprecated -W ignore:easy_install command is deprecated setup.py egg_info --egg-base ../../../build/servo_action build --build-base /home/andrea/dobot_v3/build/servo_action/build install --record /home/andrea/dobot_v3/build/servo_action/install.log --single-version-externally-managed install_data
[2.078s] running egg_info
[2.079s] writing ../../../build/servo_action/servo_action.egg-info/PKG-INFO
[2.079s] writing dependency_links to ../../../build/servo_action/servo_action.egg-info/dependency_links.txt
[2.079s] writing entry points to ../../../build/servo_action/servo_action.egg-info/entry_points.txt
[2.080s] writing requirements to ../../../build/servo_action/servo_action.egg-info/requires.txt
[2.080s] writing top-level names to ../../../build/servo_action/servo_action.egg-info/top_level.txt
[2.082s] reading manifest file '../../../build/servo_action/servo_action.egg-info/SOURCES.txt'
[2.083s] writing manifest file '../../../build/servo_action/servo_action.egg-info/SOURCES.txt'
[2.084s] running build
[2.084s] running build_py
[2.084s] running install
[2.085s] running install_lib
[2.087s] running install_data
[2.087s] running install_egg_info
[2.091s] removing '/home/andrea/dobot_v3/install/servo_action/lib/python3.10/site-packages/servo_action-0.0.0-py3.10.egg-info' (and everything under it)
[2.091s] Copying ../../../build/servo_action/servo_action.egg-info to /home/andrea/dobot_v3/install/servo_action/lib/python3.10/site-packages/servo_action-0.0.0-py3.10.egg-info
[2.093s] running install_scripts
[2.126s] Installing Joint_Position script to /home/andrea/dobot_v3/install/servo_action/lib/servo_action
[2.126s] Installing action_move_client script to /home/andrea/dobot_v3/install/servo_action/lib/servo_action
[2.127s] Installing action_move_client_reality script to /home/andrea/dobot_v3/install/servo_action/lib/servo_action
[2.127s] Installing action_move_server script to /home/andrea/dobot_v3/install/servo_action/lib/servo_action
[2.127s] Installing action_move_server_reality script to /home/andrea/dobot_v3/install/servo_action/lib/servo_action
[2.127s] writing list of installed files to '/home/andrea/dobot_v3/build/servo_action/install.log'
[2.181s] Invoked command in '/home/andrea/dobot_v3/src/DOBOT_6Axis_ROS2_V3/servo_action' returned '0': PYTHONPATH=/home/andrea/dobot_v3/build/servo_action/prefix_override:/usr/lib/python3/dist-packages/colcon_core/task/python/colcon_distutils_commands:/home/andrea/dobot_v3/install/servo_action/lib/python3.10/site-packages:${PYTHONPATH} /usr/bin/python3 -W ignore:setup.py install is deprecated -W ignore:easy_install command is deprecated setup.py egg_info --egg-base ../../../build/servo_action build --build-base /home/andrea/dobot_v3/build/servo_action/build install --record /home/andrea/dobot_v3/build/servo_action/install.log --single-version-externally-managed install_data
