[1.486s] Invoking command in '/home/andrea/dobot_v3/src/DOBOT_6Axis_ROS2_V3/servo_action': PYTHONPATH=/home/andrea/dobot_v3/build/servo_action/prefix_override:/usr/lib/python3/dist-packages/colcon_core/task/python/colcon_distutils_commands:/home/andrea/dobot_v3/install/servo_action/lib/python3.10/site-packages:${PYTHONPATH} /usr/bin/python3 -W ignore:setup.py install is deprecated -W ignore:easy_install command is deprecated setup.py egg_info --egg-base ../../../build/servo_action build --build-base /home/andrea/dobot_v3/build/servo_action/build install --record /home/andrea/dobot_v3/build/servo_action/install.log --single-version-externally-managed install_data
[2.581s] running egg_info
[2.581s] creating ../../../build/servo_action/servo_action.egg-info
[2.581s] writing ../../../build/servo_action/servo_action.egg-info/PKG-INFO
[2.582s] writing dependency_links to ../../../build/servo_action/servo_action.egg-info/dependency_links.txt
[2.582s] writing entry points to ../../../build/servo_action/servo_action.egg-info/entry_points.txt
[2.582s] writing requirements to ../../../build/servo_action/servo_action.egg-info/requires.txt
[2.582s] writing top-level names to ../../../build/servo_action/servo_action.egg-info/top_level.txt
[2.582s] writing manifest file '../../../build/servo_action/servo_action.egg-info/SOURCES.txt'
[2.582s] reading manifest file '../../../build/servo_action/servo_action.egg-info/SOURCES.txt'
[2.582s] writing manifest file '../../../build/servo_action/servo_action.egg-info/SOURCES.txt'
[2.582s] running build
[2.582s] running build_py
[2.582s] creating /home/andrea/dobot_v3/build/servo_action/build
[2.582s] creating /home/andrea/dobot_v3/build/servo_action/build/lib
[2.583s] creating /home/andrea/dobot_v3/build/servo_action/build/lib/servo_action
[2.583s] copying servo_action/action_move_client_reality.py -> /home/andrea/dobot_v3/build/servo_action/build/lib/servo_action
[2.583s] copying servo_action/action_move_client.py -> /home/andrea/dobot_v3/build/servo_action/build/lib/servo_action
[2.583s] copying servo_action/Joint_Position.py -> /home/andrea/dobot_v3/build/servo_action/build/lib/servo_action
[2.583s] copying servo_action/action_move_server.py -> /home/andrea/dobot_v3/build/servo_action/build/lib/servo_action
[2.583s] copying servo_action/action_move_server_reality.py -> /home/andrea/dobot_v3/build/servo_action/build/lib/servo_action
[2.583s] copying servo_action/__init__.py -> /home/andrea/dobot_v3/build/servo_action/build/lib/servo_action
[2.583s] running install
[2.583s] running install_lib
[2.583s] creating /home/andrea/dobot_v3/install/servo_action/lib/python3.10/site-packages/servo_action
[2.583s] copying /home/andrea/dobot_v3/build/servo_action/build/lib/servo_action/action_move_client_reality.py -> /home/andrea/dobot_v3/install/servo_action/lib/python3.10/site-packages/servo_action
[2.584s] copying /home/andrea/dobot_v3/build/servo_action/build/lib/servo_action/action_move_client.py -> /home/andrea/dobot_v3/install/servo_action/lib/python3.10/site-packages/servo_action
[2.584s] copying /home/andrea/dobot_v3/build/servo_action/build/lib/servo_action/Joint_Position.py -> /home/andrea/dobot_v3/install/servo_action/lib/python3.10/site-packages/servo_action
[2.584s] copying /home/andrea/dobot_v3/build/servo_action/build/lib/servo_action/action_move_server.py -> /home/andrea/dobot_v3/install/servo_action/lib/python3.10/site-packages/servo_action
[2.584s] copying /home/andrea/dobot_v3/build/servo_action/build/lib/servo_action/action_move_server_reality.py -> /home/andrea/dobot_v3/install/servo_action/lib/python3.10/site-packages/servo_action
[2.584s] copying /home/andrea/dobot_v3/build/servo_action/build/lib/servo_action/__init__.py -> /home/andrea/dobot_v3/install/servo_action/lib/python3.10/site-packages/servo_action
[2.584s] byte-compiling /home/andrea/dobot_v3/install/servo_action/lib/python3.10/site-packages/servo_action/action_move_client_reality.py to action_move_client_reality.cpython-310.pyc
[2.584s] byte-compiling /home/andrea/dobot_v3/install/servo_action/lib/python3.10/site-packages/servo_action/action_move_client.py to action_move_client.cpython-310.pyc
[2.584s] byte-compiling /home/andrea/dobot_v3/install/servo_action/lib/python3.10/site-packages/servo_action/Joint_Position.py to Joint_Position.cpython-310.pyc
[2.584s] byte-compiling /home/andrea/dobot_v3/install/servo_action/lib/python3.10/site-packages/servo_action/action_move_server.py to action_move_server.cpython-310.pyc
[2.590s] byte-compiling /home/andrea/dobot_v3/install/servo_action/lib/python3.10/site-packages/servo_action/action_move_server_reality.py to action_move_server_reality.cpython-310.pyc
[2.590s] byte-compiling /home/andrea/dobot_v3/install/servo_action/lib/python3.10/site-packages/servo_action/__init__.py to __init__.cpython-310.pyc
[2.591s] running install_data
[2.591s] creating /home/andrea/dobot_v3/install/servo_action/share/ament_index
[2.591s] creating /home/andrea/dobot_v3/install/servo_action/share/ament_index/resource_index
[2.597s] creating /home/andrea/dobot_v3/install/servo_action/share/ament_index/resource_index/packages
[2.597s] copying resource/servo_action -> /home/andrea/dobot_v3/install/servo_action/share/ament_index/resource_index/packages
[2.597s] copying package.xml -> /home/andrea/dobot_v3/install/servo_action/share/servo_action
[2.597s] running install_egg_info
[2.597s] Copying ../../../build/servo_action/servo_action.egg-info to /home/andrea/dobot_v3/install/servo_action/lib/python3.10/site-packages/servo_action-0.0.0-py3.10.egg-info
[2.597s] running install_scripts
[2.597s] Installing Joint_Position script to /home/andrea/dobot_v3/install/servo_action/lib/servo_action
[2.597s] Installing action_move_client script to /home/andrea/dobot_v3/install/servo_action/lib/servo_action
[2.597s] Installing action_move_client_reality script to /home/andrea/dobot_v3/install/servo_action/lib/servo_action
[2.598s] Installing action_move_server script to /home/andrea/dobot_v3/install/servo_action/lib/servo_action
[2.598s] Installing action_move_server_reality script to /home/andrea/dobot_v3/install/servo_action/lib/servo_action
[2.598s] writing list of installed files to '/home/andrea/dobot_v3/build/servo_action/install.log'
[2.640s] Invoked command in '/home/andrea/dobot_v3/src/DOBOT_6Axis_ROS2_V3/servo_action' returned '0': PYTHONPATH=/home/andrea/dobot_v3/build/servo_action/prefix_override:/usr/lib/python3/dist-packages/colcon_core/task/python/colcon_distutils_commands:/home/andrea/dobot_v3/install/servo_action/lib/python3.10/site-packages:${PYTHONPATH} /usr/bin/python3 -W ignore:setup.py install is deprecated -W ignore:easy_install command is deprecated setup.py egg_info --egg-base ../../../build/servo_action build --build-base /home/andrea/dobot_v3/build/servo_action/build install --record /home/andrea/dobot_v3/build/servo_action/install.log --single-version-externally-managed install_data
