[0.081s] Invoking command in '/home/andrea/dobot_v3/build/cr7_moveit': CMAKE_PREFIX_PATH=/home/andrea/dobot_v3/install/dobot_rviz:/home/andrea/dobot_v3/install/nova5_moveit:/home/andrea/dobot_v3/install/nova2_moveit:/home/andrea/dobot_v3/install/cr7_moveit:/home/andrea/dobot_v3/install/cr5_moveit:/home/andrea/dobot_v3/install/cr3_moveit:/home/andrea/dobot_v3/install/cr16_moveit:/home/andrea/dobot_v3/install/cr12_moveit:/home/andrea/dobot_v3/install/cr10_moveit:/home/andrea/dobot_v3/install/dobot_msgs_v3:/home/andrea/dobot_v3/install/dobot_gazebo:/home/andrea/dobot_v3/install/cr5_moveit_cpp_demo:/home/andrea/dobot_v3/install/custom_messages:/home/andrea/dobot_v3/install/cra_description:/home/andrea/dobot_v3/install/servo_action:/home/andrea/dobot_v3/install/dobot_bringup_v3:/home/andrea/dobot_v3/install/dobot_moveit:/home/andrea/dobot_v3/install/dobot_demo:/opt/ros/humble /usr/bin/cmake /home/andrea/dobot_v3/src/DOBOT_6Axis_ROS2_V3/cr7_moveit -DCMAKE_EXPORT_COMPILE_COMMANDS=ON -DCMAKE_INSTALL_PREFIX=/home/andrea/dobot_v3/install/cr7_moveit
[0.423s] -- Found ament_cmake: 1.3.12 (/opt/ros/humble/share/ament_cmake/cmake)
[0.453s] -- Configuring done
[0.474s] -- Generating done
[0.474s] [33mCMake Warning:
[0.475s]   Manually-specified variables were not used by the project:
[0.484s] 
[0.484s]     CMAKE_EXPORT_COMPILE_COMMANDS
[0.484s] 
[0.485s] [0m
[0.485s] -- Build files have been written to: /home/andrea/dobot_v3/build/cr7_moveit
[0.501s] Invoked command in '/home/andrea/dobot_v3/build/cr7_moveit' returned '0': CMAKE_PREFIX_PATH=/home/andrea/dobot_v3/install/dobot_rviz:/home/andrea/dobot_v3/install/nova5_moveit:/home/andrea/dobot_v3/install/nova2_moveit:/home/andrea/dobot_v3/install/cr7_moveit:/home/andrea/dobot_v3/install/cr5_moveit:/home/andrea/dobot_v3/install/cr3_moveit:/home/andrea/dobot_v3/install/cr16_moveit:/home/andrea/dobot_v3/install/cr12_moveit:/home/andrea/dobot_v3/install/cr10_moveit:/home/andrea/dobot_v3/install/dobot_msgs_v3:/home/andrea/dobot_v3/install/dobot_gazebo:/home/andrea/dobot_v3/install/cr5_moveit_cpp_demo:/home/andrea/dobot_v3/install/custom_messages:/home/andrea/dobot_v3/install/cra_description:/home/andrea/dobot_v3/install/servo_action:/home/andrea/dobot_v3/install/dobot_bringup_v3:/home/andrea/dobot_v3/install/dobot_moveit:/home/andrea/dobot_v3/install/dobot_demo:/opt/ros/humble /usr/bin/cmake /home/andrea/dobot_v3/src/DOBOT_6Axis_ROS2_V3/cr7_moveit -DCMAKE_EXPORT_COMPILE_COMMANDS=ON -DCMAKE_INSTALL_PREFIX=/home/andrea/dobot_v3/install/cr7_moveit
[0.507s] Invoking command in '/home/andrea/dobot_v3/build/cr7_moveit': CMAKE_PREFIX_PATH=/home/andrea/dobot_v3/install/dobot_rviz:/home/andrea/dobot_v3/install/nova5_moveit:/home/andrea/dobot_v3/install/nova2_moveit:/home/andrea/dobot_v3/install/cr7_moveit:/home/andrea/dobot_v3/install/cr5_moveit:/home/andrea/dobot_v3/install/cr3_moveit:/home/andrea/dobot_v3/install/cr16_moveit:/home/andrea/dobot_v3/install/cr12_moveit:/home/andrea/dobot_v3/install/cr10_moveit:/home/andrea/dobot_v3/install/dobot_msgs_v3:/home/andrea/dobot_v3/install/dobot_gazebo:/home/andrea/dobot_v3/install/cr5_moveit_cpp_demo:/home/andrea/dobot_v3/install/custom_messages:/home/andrea/dobot_v3/install/cra_description:/home/andrea/dobot_v3/install/servo_action:/home/andrea/dobot_v3/install/dobot_bringup_v3:/home/andrea/dobot_v3/install/dobot_moveit:/home/andrea/dobot_v3/install/dobot_demo:/opt/ros/humble /usr/bin/cmake --build /home/andrea/dobot_v3/build/cr7_moveit -- -j12 -l12
[0.613s] Invoked command in '/home/andrea/dobot_v3/build/cr7_moveit' returned '0': CMAKE_PREFIX_PATH=/home/andrea/dobot_v3/install/dobot_rviz:/home/andrea/dobot_v3/install/nova5_moveit:/home/andrea/dobot_v3/install/nova2_moveit:/home/andrea/dobot_v3/install/cr7_moveit:/home/andrea/dobot_v3/install/cr5_moveit:/home/andrea/dobot_v3/install/cr3_moveit:/home/andrea/dobot_v3/install/cr16_moveit:/home/andrea/dobot_v3/install/cr12_moveit:/home/andrea/dobot_v3/install/cr10_moveit:/home/andrea/dobot_v3/install/dobot_msgs_v3:/home/andrea/dobot_v3/install/dobot_gazebo:/home/andrea/dobot_v3/install/cr5_moveit_cpp_demo:/home/andrea/dobot_v3/install/custom_messages:/home/andrea/dobot_v3/install/cra_description:/home/andrea/dobot_v3/install/servo_action:/home/andrea/dobot_v3/install/dobot_bringup_v3:/home/andrea/dobot_v3/install/dobot_moveit:/home/andrea/dobot_v3/install/dobot_demo:/opt/ros/humble /usr/bin/cmake --build /home/andrea/dobot_v3/build/cr7_moveit -- -j12 -l12
[0.616s] Invoking command in '/home/andrea/dobot_v3/build/cr7_moveit': CMAKE_PREFIX_PATH=/home/andrea/dobot_v3/install/dobot_rviz:/home/andrea/dobot_v3/install/nova5_moveit:/home/andrea/dobot_v3/install/nova2_moveit:/home/andrea/dobot_v3/install/cr7_moveit:/home/andrea/dobot_v3/install/cr5_moveit:/home/andrea/dobot_v3/install/cr3_moveit:/home/andrea/dobot_v3/install/cr16_moveit:/home/andrea/dobot_v3/install/cr12_moveit:/home/andrea/dobot_v3/install/cr10_moveit:/home/andrea/dobot_v3/install/dobot_msgs_v3:/home/andrea/dobot_v3/install/dobot_gazebo:/home/andrea/dobot_v3/install/cr5_moveit_cpp_demo:/home/andrea/dobot_v3/install/custom_messages:/home/andrea/dobot_v3/install/cra_description:/home/andrea/dobot_v3/install/servo_action:/home/andrea/dobot_v3/install/dobot_bringup_v3:/home/andrea/dobot_v3/install/dobot_moveit:/home/andrea/dobot_v3/install/dobot_demo:/opt/ros/humble /usr/bin/cmake --install /home/andrea/dobot_v3/build/cr7_moveit
[0.661s] -- Install configuration: ""
[0.662s] -- Up-to-date: /home/andrea/dobot_v3/install/cr7_moveit/share/ament_index/resource_index/package_run_dependencies/cr7_moveit
[0.662s] -- Up-to-date: /home/andrea/dobot_v3/install/cr7_moveit/share/ament_index/resource_index/parent_prefix_path/cr7_moveit
[0.662s] -- Up-to-date: /home/andrea/dobot_v3/install/cr7_moveit/share/cr7_moveit/environment/ament_prefix_path.sh
[0.662s] -- Installing: /home/andrea/dobot_v3/install/cr7_moveit/share/cr7_moveit/environment/ament_prefix_path.dsv
[0.663s] -- Up-to-date: /home/andrea/dobot_v3/install/cr7_moveit/share/cr7_moveit/environment/path.sh
[0.663s] -- Installing: /home/andrea/dobot_v3/install/cr7_moveit/share/cr7_moveit/environment/path.dsv
[0.664s] -- Up-to-date: /home/andrea/dobot_v3/install/cr7_moveit/share/cr7_moveit/local_setup.bash
[0.665s] -- Up-to-date: /home/andrea/dobot_v3/install/cr7_moveit/share/cr7_moveit/local_setup.sh
[0.665s] -- Up-to-date: /home/andrea/dobot_v3/install/cr7_moveit/share/cr7_moveit/local_setup.zsh
[0.665s] -- Installing: /home/andrea/dobot_v3/install/cr7_moveit/share/cr7_moveit/local_setup.dsv
[0.665s] -- Installing: /home/andrea/dobot_v3/install/cr7_moveit/share/cr7_moveit/package.dsv
[0.665s] -- Up-to-date: /home/andrea/dobot_v3/install/cr7_moveit/share/ament_index/resource_index/packages/cr7_moveit
[0.666s] -- Up-to-date: /home/andrea/dobot_v3/install/cr7_moveit/share/cr7_moveit/cmake/cr7_moveitConfig.cmake
[0.666s] -- Up-to-date: /home/andrea/dobot_v3/install/cr7_moveit/share/cr7_moveit/cmake/cr7_moveitConfig-version.cmake
[0.666s] -- Up-to-date: /home/andrea/dobot_v3/install/cr7_moveit/share/cr7_moveit/package.xml
[0.666s] -- Up-to-date: /home/andrea/dobot_v3/install/cr7_moveit/share/cr7_moveit/launch
[0.666s] -- Up-to-date: /home/andrea/dobot_v3/install/cr7_moveit/share/cr7_moveit/launch/static_virtual_joint_tfs.launch.py
[0.666s] -- Up-to-date: /home/andrea/dobot_v3/install/cr7_moveit/share/cr7_moveit/launch/move_group.launch.py
[0.666s] -- Up-to-date: /home/andrea/dobot_v3/install/cr7_moveit/share/cr7_moveit/launch/moveit_gazebo.launch.py
[0.666s] -- Up-to-date: /home/andrea/dobot_v3/install/cr7_moveit/share/cr7_moveit/launch/setup_assistant.launch.py
[0.666s] -- Up-to-date: /home/andrea/dobot_v3/install/cr7_moveit/share/cr7_moveit/launch/demo.launch.py
[0.666s] -- Up-to-date: /home/andrea/dobot_v3/install/cr7_moveit/share/cr7_moveit/launch/moveit_rviz.launch.py
[0.667s] -- Up-to-date: /home/andrea/dobot_v3/install/cr7_moveit/share/cr7_moveit/launch/spawn_controllers.launch.py
[0.667s] -- Up-to-date: /home/andrea/dobot_v3/install/cr7_moveit/share/cr7_moveit/launch/warehouse_db.launch.py
[0.667s] -- Up-to-date: /home/andrea/dobot_v3/install/cr7_moveit/share/cr7_moveit/launch/rsp.launch.py
[0.667s] -- Up-to-date: /home/andrea/dobot_v3/install/cr7_moveit/share/cr7_moveit/config
[0.667s] -- Up-to-date: /home/andrea/dobot_v3/install/cr7_moveit/share/cr7_moveit/config/cr7_robot.srdf
[0.667s] -- Up-to-date: /home/andrea/dobot_v3/install/cr7_moveit/share/cr7_moveit/config/ros2_controllers.yaml
[0.667s] -- Up-to-date: /home/andrea/dobot_v3/install/cr7_moveit/share/cr7_moveit/config/cr7_robot.ros2_control.xacro
[0.667s] -- Up-to-date: /home/andrea/dobot_v3/install/cr7_moveit/share/cr7_moveit/config/joint_limits.yaml
[0.667s] -- Up-to-date: /home/andrea/dobot_v3/install/cr7_moveit/share/cr7_moveit/config/initial_positions.yaml
[0.667s] -- Up-to-date: /home/andrea/dobot_v3/install/cr7_moveit/share/cr7_moveit/config/kinematics.yaml
[0.667s] -- Up-to-date: /home/andrea/dobot_v3/install/cr7_moveit/share/cr7_moveit/config/moveit_controllers.yaml
[0.667s] -- Up-to-date: /home/andrea/dobot_v3/install/cr7_moveit/share/cr7_moveit/config/cr7_robot.urdf.xacro
[0.668s] -- Up-to-date: /home/andrea/dobot_v3/install/cr7_moveit/share/cr7_moveit/config/pilz_cartesian_limits.yaml
[0.668s] -- Up-to-date: /home/andrea/dobot_v3/install/cr7_moveit/share/cr7_moveit/config/moveit.rviz
[0.668s] -- Up-to-date: /home/andrea/dobot_v3/install/cr7_moveit/share/cr7_moveit/.setup_assistant
[0.705s] Invoked command in '/home/andrea/dobot_v3/build/cr7_moveit' returned '0': CMAKE_PREFIX_PATH=/home/andrea/dobot_v3/install/dobot_rviz:/home/andrea/dobot_v3/install/nova5_moveit:/home/andrea/dobot_v3/install/nova2_moveit:/home/andrea/dobot_v3/install/cr7_moveit:/home/andrea/dobot_v3/install/cr5_moveit:/home/andrea/dobot_v3/install/cr3_moveit:/home/andrea/dobot_v3/install/cr16_moveit:/home/andrea/dobot_v3/install/cr12_moveit:/home/andrea/dobot_v3/install/cr10_moveit:/home/andrea/dobot_v3/install/dobot_msgs_v3:/home/andrea/dobot_v3/install/dobot_gazebo:/home/andrea/dobot_v3/install/cr5_moveit_cpp_demo:/home/andrea/dobot_v3/install/custom_messages:/home/andrea/dobot_v3/install/cra_description:/home/andrea/dobot_v3/install/servo_action:/home/andrea/dobot_v3/install/dobot_bringup_v3:/home/andrea/dobot_v3/install/dobot_moveit:/home/andrea/dobot_v3/install/dobot_demo:/opt/ros/humble /usr/bin/cmake --install /home/andrea/dobot_v3/build/cr7_moveit
