[0.241s] Invoking command in '/home/andrea/dobot_v3/build/cr10_moveit': CMAKE_PREFIX_PATH=/home/andrea/dobot_v3/install/dobot_rviz:/home/andrea/dobot_v3/install/nova5_moveit:/home/andrea/dobot_v3/install/nova2_moveit:/home/andrea/dobot_v3/install/cr7_moveit:/home/andrea/dobot_v3/install/cr5_moveit:/home/andrea/dobot_v3/install/cr3_moveit:/home/andrea/dobot_v3/install/cr16_moveit:/home/andrea/dobot_v3/install/cr12_moveit:/home/andrea/dobot_v3/install/cr10_moveit:/home/andrea/dobot_v3/install/dobot_msgs_v3:/home/andrea/dobot_v3/install/dobot_gazebo:/home/andrea/dobot_v3/install/cr5_moveit_cpp_demo:/home/andrea/dobot_v3/install/custom_messages:/home/andrea/dobot_v3/install/cra_description:/home/andrea/dobot_v3/install/servo_action:/home/andrea/dobot_v3/install/dobot_bringup_v3:/home/andrea/dobot_v3/install/dobot_moveit:/home/andrea/dobot_v3/install/dobot_demo:/opt/ros/humble /usr/bin/cmake --build /home/andrea/dobot_v3/build/cr10_moveit -- -j12 -l12
[0.301s] Invoked command in '/home/andrea/dobot_v3/build/cr10_moveit' returned '0': CMAKE_PREFIX_PATH=/home/andrea/dobot_v3/install/dobot_rviz:/home/andrea/dobot_v3/install/nova5_moveit:/home/andrea/dobot_v3/install/nova2_moveit:/home/andrea/dobot_v3/install/cr7_moveit:/home/andrea/dobot_v3/install/cr5_moveit:/home/andrea/dobot_v3/install/cr3_moveit:/home/andrea/dobot_v3/install/cr16_moveit:/home/andrea/dobot_v3/install/cr12_moveit:/home/andrea/dobot_v3/install/cr10_moveit:/home/andrea/dobot_v3/install/dobot_msgs_v3:/home/andrea/dobot_v3/install/dobot_gazebo:/home/andrea/dobot_v3/install/cr5_moveit_cpp_demo:/home/andrea/dobot_v3/install/custom_messages:/home/andrea/dobot_v3/install/cra_description:/home/andrea/dobot_v3/install/servo_action:/home/andrea/dobot_v3/install/dobot_bringup_v3:/home/andrea/dobot_v3/install/dobot_moveit:/home/andrea/dobot_v3/install/dobot_demo:/opt/ros/humble /usr/bin/cmake --build /home/andrea/dobot_v3/build/cr10_moveit -- -j12 -l12
[0.303s] Invoking command in '/home/andrea/dobot_v3/build/cr10_moveit': CMAKE_PREFIX_PATH=/home/andrea/dobot_v3/install/dobot_rviz:/home/andrea/dobot_v3/install/nova5_moveit:/home/andrea/dobot_v3/install/nova2_moveit:/home/andrea/dobot_v3/install/cr7_moveit:/home/andrea/dobot_v3/install/cr5_moveit:/home/andrea/dobot_v3/install/cr3_moveit:/home/andrea/dobot_v3/install/cr16_moveit:/home/andrea/dobot_v3/install/cr12_moveit:/home/andrea/dobot_v3/install/cr10_moveit:/home/andrea/dobot_v3/install/dobot_msgs_v3:/home/andrea/dobot_v3/install/dobot_gazebo:/home/andrea/dobot_v3/install/cr5_moveit_cpp_demo:/home/andrea/dobot_v3/install/custom_messages:/home/andrea/dobot_v3/install/cra_description:/home/andrea/dobot_v3/install/servo_action:/home/andrea/dobot_v3/install/dobot_bringup_v3:/home/andrea/dobot_v3/install/dobot_moveit:/home/andrea/dobot_v3/install/dobot_demo:/opt/ros/humble /usr/bin/cmake --install /home/andrea/dobot_v3/build/cr10_moveit
[0.334s] -- Install configuration: ""
[0.334s] -- Up-to-date: /home/andrea/dobot_v3/install/cr10_moveit/share/ament_index/resource_index/package_run_dependencies/cr10_moveit
[0.334s] -- Up-to-date: /home/andrea/dobot_v3/install/cr10_moveit/share/ament_index/resource_index/parent_prefix_path/cr10_moveit
[0.334s] -- Up-to-date: /home/andrea/dobot_v3/install/cr10_moveit/share/cr10_moveit/environment/ament_prefix_path.sh
[0.334s] -- Up-to-date: /home/andrea/dobot_v3/install/cr10_moveit/share/cr10_moveit/environment/ament_prefix_path.dsv
[0.334s] -- Up-to-date: /home/andrea/dobot_v3/install/cr10_moveit/share/cr10_moveit/environment/path.sh
[0.334s] -- Up-to-date: /home/andrea/dobot_v3/install/cr10_moveit/share/cr10_moveit/environment/path.dsv
[0.334s] -- Up-to-date: /home/andrea/dobot_v3/install/cr10_moveit/share/cr10_moveit/local_setup.bash
[0.334s] -- Up-to-date: /home/andrea/dobot_v3/install/cr10_moveit/share/cr10_moveit/local_setup.sh
[0.336s] -- Up-to-date: /home/andrea/dobot_v3/install/cr10_moveit/share/cr10_moveit/local_setup.zsh
[0.336s] -- Up-to-date: /home/andrea/dobot_v3/install/cr10_moveit/share/cr10_moveit/local_setup.dsv
[0.336s] -- Installing: /home/andrea/dobot_v3/install/cr10_moveit/share/cr10_moveit/package.dsv
[0.337s] -- Up-to-date: /home/andrea/dobot_v3/install/cr10_moveit/share/ament_index/resource_index/packages/cr10_moveit
[0.338s] -- Up-to-date: /home/andrea/dobot_v3/install/cr10_moveit/share/cr10_moveit/cmake/cr10_moveitConfig.cmake
[0.338s] -- Up-to-date: /home/andrea/dobot_v3/install/cr10_moveit/share/cr10_moveit/cmake/cr10_moveitConfig-version.cmake
[0.342s] -- Up-to-date: /home/andrea/dobot_v3/install/cr10_moveit/share/cr10_moveit/package.xml
[0.343s] -- Up-to-date: /home/andrea/dobot_v3/install/cr10_moveit/share/cr10_moveit/launch
[0.343s] -- Up-to-date: /home/andrea/dobot_v3/install/cr10_moveit/share/cr10_moveit/launch/static_virtual_joint_tfs.launch.py
[0.343s] -- Up-to-date: /home/andrea/dobot_v3/install/cr10_moveit/share/cr10_moveit/launch/move_group.launch.py
[0.343s] -- Up-to-date: /home/andrea/dobot_v3/install/cr10_moveit/share/cr10_moveit/launch/moveit_gazebo.launch.py
[0.343s] -- Up-to-date: /home/andrea/dobot_v3/install/cr10_moveit/share/cr10_moveit/launch/setup_assistant.launch.py
[0.343s] -- Up-to-date: /home/andrea/dobot_v3/install/cr10_moveit/share/cr10_moveit/launch/demo.launch.py
[0.343s] -- Up-to-date: /home/andrea/dobot_v3/install/cr10_moveit/share/cr10_moveit/launch/moveit_rviz.launch.py
[0.343s] -- Up-to-date: /home/andrea/dobot_v3/install/cr10_moveit/share/cr10_moveit/launch/spawn_controllers.launch.py
[0.343s] -- Up-to-date: /home/andrea/dobot_v3/install/cr10_moveit/share/cr10_moveit/launch/warehouse_db.launch.py
[0.343s] -- Up-to-date: /home/andrea/dobot_v3/install/cr10_moveit/share/cr10_moveit/launch/rsp.launch.py
[0.343s] -- Up-to-date: /home/andrea/dobot_v3/install/cr10_moveit/share/cr10_moveit/config
[0.344s] -- Up-to-date: /home/andrea/dobot_v3/install/cr10_moveit/share/cr10_moveit/config/ros2_controllers.yaml
[0.344s] -- Up-to-date: /home/andrea/dobot_v3/install/cr10_moveit/share/cr10_moveit/config/cr10_robot.urdf.xacro
[0.344s] -- Up-to-date: /home/andrea/dobot_v3/install/cr10_moveit/share/cr10_moveit/config/cr10_robot.ros2_control.xacro
[0.346s] -- Up-to-date: /home/andrea/dobot_v3/install/cr10_moveit/share/cr10_moveit/config/joint_limits.yaml
[0.347s] -- Up-to-date: /home/andrea/dobot_v3/install/cr10_moveit/share/cr10_moveit/config/initial_positions.yaml
[0.348s] -- Up-to-date: /home/andrea/dobot_v3/install/cr10_moveit/share/cr10_moveit/config/kinematics.yaml
[0.348s] -- Up-to-date: /home/andrea/dobot_v3/install/cr10_moveit/share/cr10_moveit/config/moveit_controllers.yaml
[0.348s] -- Up-to-date: /home/andrea/dobot_v3/install/cr10_moveit/share/cr10_moveit/config/cr10_robot.srdf
[0.348s] -- Up-to-date: /home/andrea/dobot_v3/install/cr10_moveit/share/cr10_moveit/config/pilz_cartesian_limits.yaml
[0.348s] -- Up-to-date: /home/andrea/dobot_v3/install/cr10_moveit/share/cr10_moveit/config/moveit.rviz
[0.348s] -- Up-to-date: /home/andrea/dobot_v3/install/cr10_moveit/share/cr10_moveit/.setup_assistant
[0.384s] Invoked command in '/home/andrea/dobot_v3/build/cr10_moveit' returned '0': CMAKE_PREFIX_PATH=/home/andrea/dobot_v3/install/dobot_rviz:/home/andrea/dobot_v3/install/nova5_moveit:/home/andrea/dobot_v3/install/nova2_moveit:/home/andrea/dobot_v3/install/cr7_moveit:/home/andrea/dobot_v3/install/cr5_moveit:/home/andrea/dobot_v3/install/cr3_moveit:/home/andrea/dobot_v3/install/cr16_moveit:/home/andrea/dobot_v3/install/cr12_moveit:/home/andrea/dobot_v3/install/cr10_moveit:/home/andrea/dobot_v3/install/dobot_msgs_v3:/home/andrea/dobot_v3/install/dobot_gazebo:/home/andrea/dobot_v3/install/cr5_moveit_cpp_demo:/home/andrea/dobot_v3/install/custom_messages:/home/andrea/dobot_v3/install/cra_description:/home/andrea/dobot_v3/install/servo_action:/home/andrea/dobot_v3/install/dobot_bringup_v3:/home/andrea/dobot_v3/install/dobot_moveit:/home/andrea/dobot_v3/install/dobot_demo:/opt/ros/humble /usr/bin/cmake --install /home/andrea/dobot_v3/build/cr10_moveit
