[0.054s] Invoking command in '/home/andrea/dobot_v3/build/custom_messages': CMAKE_PREFIX_PATH=${CMAKE_PREFIX_PATH}:/home/andrea/dobot_v3/install/servo_action:/home/andrea/dobot_v3/install/dobot_bringup_v3:/home/andrea/dobot_v3/install/dobot_moveit:/home/andrea/dobot_v3/install/dobot_demo:/opt/ros/humble /usr/bin/cmake --build /home/andrea/dobot_v3/build/custom_messages -- -j12 -l12
[0.867s] [  2%] Built target custom_messages__cpp
[0.868s] [ 12%] Built target custom_messages__rosidl_generator_c
[0.869s] [ 12%] Built target ament_cmake_python_copy_custom_messages
[0.869s] [ 23%] Built target custom_messages__rosidl_typesupport_cpp
[0.869s] [ 46%] Built target custom_messages__rosidl_typesupport_introspection_c
[0.869s] [ 46%] Built target custom_messages__rosidl_typesupport_c
[0.869s] [ 66%] Built target custom_messages__rosidl_typesupport_introspection_cpp
[0.869s] [ 69%] Built target custom_messages__rosidl_typesupport_fastrtps_cpp
[0.870s] [ 80%] Built target custom_messages__rosidl_typesupport_fastrtps_c
[0.870s] [ 80%] Built target custom_messages
[0.870s] [ 81%] Built target custom_messages__py
[0.870s] [ 91%] Built target custom_messages__rosidl_generator_py
[0.870s] [ 94%] Built target custom_messages__rosidl_typesupport_introspection_c__pyext
[0.870s] [ 97%] Built target custom_messages__rosidl_typesupport_c__pyext
[0.870s] [100%] Built target custom_messages__rosidl_typesupport_fastrtps_c__pyext
[0.870s] running egg_info
[0.870s] writing custom_messages.egg-info/PKG-INFO
[0.871s] writing dependency_links to custom_messages.egg-info/dependency_links.txt
[0.871s] writing top-level names to custom_messages.egg-info/top_level.txt
[0.871s] reading manifest file 'custom_messages.egg-info/SOURCES.txt'
[0.871s] writing manifest file 'custom_messages.egg-info/SOURCES.txt'
[0.871s] [100%] Built target ament_cmake_python_build_custom_messages_egg
[0.889s] Invoked command in '/home/andrea/dobot_v3/build/custom_messages' returned '0': CMAKE_PREFIX_PATH=${CMAKE_PREFIX_PATH}:/home/andrea/dobot_v3/install/servo_action:/home/andrea/dobot_v3/install/dobot_bringup_v3:/home/andrea/dobot_v3/install/dobot_moveit:/home/andrea/dobot_v3/install/dobot_demo:/opt/ros/humble /usr/bin/cmake --build /home/andrea/dobot_v3/build/custom_messages -- -j12 -l12
[0.892s] Invoking command in '/home/andrea/dobot_v3/build/custom_messages': CMAKE_PREFIX_PATH=${CMAKE_PREFIX_PATH}:/home/andrea/dobot_v3/install/servo_action:/home/andrea/dobot_v3/install/dobot_bringup_v3:/home/andrea/dobot_v3/install/dobot_moveit:/home/andrea/dobot_v3/install/dobot_demo:/opt/ros/humble /usr/bin/cmake --install /home/andrea/dobot_v3/build/custom_messages
[0.945s] -- Install configuration: ""
[0.945s] -- Up-to-date: /home/andrea/dobot_v3/install/custom_messages/share/ament_index/resource_index/rosidl_interfaces/custom_messages
[0.947s] -- Up-to-date: /home/andrea/dobot_v3/install/custom_messages/include/custom_messages/custom_messages
[0.948s] -- Up-to-date: /home/andrea/dobot_v3/install/custom_messages/include/custom_messages/custom_messages/msg
[0.949s] -- Up-to-date: /home/andrea/dobot_v3/install/custom_messages/include/custom_messages/custom_messages/msg/circumference.h
[0.949s] -- Up-to-date: /home/andrea/dobot_v3/install/custom_messages/include/custom_messages/custom_messages/msg/detail
[0.950s] -- Up-to-date: /home/andrea/dobot_v3/install/custom_messages/include/custom_messages/custom_messages/msg/detail/point__functions.c
[0.950s] -- Up-to-date: /home/andrea/dobot_v3/install/custom_messages/include/custom_messages/custom_messages/msg/detail/circumference__functions.h
[0.951s] -- Up-to-date: /home/andrea/dobot_v3/install/custom_messages/include/custom_messages/custom_messages/msg/detail/optimal_point__functions.c
[0.953s] -- Up-to-date: /home/andrea/dobot_v3/install/custom_messages/include/custom_messages/custom_messages/msg/detail/optimal_point__type_support.h
[0.960s] -- Up-to-date: /home/andrea/dobot_v3/install/custom_messages/include/custom_messages/custom_messages/msg/detail/optimal_point__functions.h
[0.960s] -- Up-to-date: /home/andrea/dobot_v3/install/custom_messages/include/custom_messages/custom_messages/msg/detail/point__type_support.h
[0.961s] -- Up-to-date: /home/andrea/dobot_v3/install/custom_messages/include/custom_messages/custom_messages/msg/detail/object__struct.h
[0.961s] -- Up-to-date: /home/andrea/dobot_v3/install/custom_messages/include/custom_messages/custom_messages/msg/detail/point__functions.h
[0.961s] -- Up-to-date: /home/andrea/dobot_v3/install/custom_messages/include/custom_messages/custom_messages/msg/detail/object__functions.c
[0.961s] -- Up-to-date: /home/andrea/dobot_v3/install/custom_messages/include/custom_messages/custom_messages/msg/detail/map__functions.c
[0.961s] -- Up-to-date: /home/andrea/dobot_v3/install/custom_messages/include/custom_messages/custom_messages/msg/detail/map__struct.h
[0.961s] -- Up-to-date: /home/andrea/dobot_v3/install/custom_messages/include/custom_messages/custom_messages/msg/detail/bounding_box__functions.c
[0.965s] -- Up-to-date: /home/andrea/dobot_v3/install/custom_messages/include/custom_messages/custom_messages/msg/detail/bounding_box__type_support.h
[0.965s] -- Up-to-date: /home/andrea/dobot_v3/install/custom_messages/include/custom_messages/custom_messages/msg/detail/bounding_box__struct.h
[0.965s] -- Up-to-date: /home/andrea/dobot_v3/install/custom_messages/include/custom_messages/custom_messages/msg/detail/object__functions.h
[0.965s] -- Up-to-date: /home/andrea/dobot_v3/install/custom_messages/include/custom_messages/custom_messages/msg/detail/circumference__struct.h
[0.966s] -- Up-to-date: /home/andrea/dobot_v3/install/custom_messages/include/custom_messages/custom_messages/msg/detail/optimal_point__struct.h
[0.967s] -- Up-to-date: /home/andrea/dobot_v3/install/custom_messages/include/custom_messages/custom_messages/msg/detail/bounding_box__functions.h
[0.967s] -- Up-to-date: /home/andrea/dobot_v3/install/custom_messages/include/custom_messages/custom_messages/msg/detail/circumference__functions.c
[0.967s] -- Up-to-date: /home/andrea/dobot_v3/install/custom_messages/include/custom_messages/custom_messages/msg/detail/point__struct.h
[0.967s] -- Up-to-date: /home/andrea/dobot_v3/install/custom_messages/include/custom_messages/custom_messages/msg/detail/map__functions.h
[0.967s] -- Up-to-date: /home/andrea/dobot_v3/install/custom_messages/include/custom_messages/custom_messages/msg/detail/circumference__type_support.h
[0.967s] -- Up-to-date: /home/andrea/dobot_v3/install/custom_messages/include/custom_messages/custom_messages/msg/detail/object__type_support.h
[0.967s] -- Up-to-date: /home/andrea/dobot_v3/install/custom_messages/include/custom_messages/custom_messages/msg/detail/map__type_support.h
[0.968s] -- Up-to-date: /home/andrea/dobot_v3/install/custom_messages/include/custom_messages/custom_messages/msg/point.h
[0.968s] -- Up-to-date: /home/andrea/dobot_v3/install/custom_messages/include/custom_messages/custom_messages/msg/object.h
[0.968s] -- Up-to-date: /home/andrea/dobot_v3/install/custom_messages/include/custom_messages/custom_messages/msg/optimal_point.h
[0.968s] -- Up-to-date: /home/andrea/dobot_v3/install/custom_messages/include/custom_messages/custom_messages/msg/rosidl_generator_c__visibility_control.h
[0.968s] -- Up-to-date: /home/andrea/dobot_v3/install/custom_messages/include/custom_messages/custom_messages/msg/bounding_box.h
[0.968s] -- Up-to-date: /home/andrea/dobot_v3/install/custom_messages/include/custom_messages/custom_messages/msg/map.h
[0.968s] -- Up-to-date: /home/andrea/dobot_v3/install/custom_messages/share/custom_messages/environment/library_path.sh
[0.968s] -- Up-to-date: /home/andrea/dobot_v3/install/custom_messages/share/custom_messages/environment/library_path.dsv
[0.968s] -- Up-to-date: /home/andrea/dobot_v3/install/custom_messages/lib/libcustom_messages__rosidl_generator_c.so
[0.970s] -- Up-to-date: /home/andrea/dobot_v3/install/custom_messages/include/custom_messages/custom_messages
[0.970s] -- Up-to-date: /home/andrea/dobot_v3/install/custom_messages/include/custom_messages/custom_messages/msg
[0.970s] -- Up-to-date: /home/andrea/dobot_v3/install/custom_messages/include/custom_messages/custom_messages/msg/detail
[0.971s] -- Up-to-date: /home/andrea/dobot_v3/install/custom_messages/include/custom_messages/custom_messages/msg/detail/bounding_box__rosidl_typesupport_fastrtps_c.h
[0.971s] -- Up-to-date: /home/andrea/dobot_v3/install/custom_messages/include/custom_messages/custom_messages/msg/detail/object__rosidl_typesupport_fastrtps_c.h
[0.971s] -- Up-to-date: /home/andrea/dobot_v3/install/custom_messages/include/custom_messages/custom_messages/msg/detail/optimal_point__rosidl_typesupport_fastrtps_c.h
[0.971s] -- Up-to-date: /home/andrea/dobot_v3/install/custom_messages/include/custom_messages/custom_messages/msg/detail/circumference__rosidl_typesupport_fastrtps_c.h
[0.971s] -- Up-to-date: /home/andrea/dobot_v3/install/custom_messages/include/custom_messages/custom_messages/msg/detail/map__rosidl_typesupport_fastrtps_c.h
[0.971s] -- Up-to-date: /home/andrea/dobot_v3/install/custom_messages/include/custom_messages/custom_messages/msg/detail/point__rosidl_typesupport_fastrtps_c.h
[0.971s] -- Up-to-date: /home/andrea/dobot_v3/install/custom_messages/include/custom_messages/custom_messages/msg/rosidl_typesupport_fastrtps_c__visibility_control.h
[0.972s] -- Up-to-date: /home/andrea/dobot_v3/install/custom_messages/lib/libcustom_messages__rosidl_typesupport_fastrtps_c.so
[0.972s] -- Up-to-date: /home/andrea/dobot_v3/install/custom_messages/include/custom_messages/custom_messages
[0.973s] -- Up-to-date: /home/andrea/dobot_v3/install/custom_messages/include/custom_messages/custom_messages/msg
[0.973s] -- Up-to-date: /home/andrea/dobot_v3/install/custom_messages/include/custom_messages/custom_messages/msg/point.hpp
[0.973s] -- Up-to-date: /home/andrea/dobot_v3/install/custom_messages/include/custom_messages/custom_messages/msg/detail
[0.973s] -- Up-to-date: /home/andrea/dobot_v3/install/custom_messages/include/custom_messages/custom_messages/msg/detail/optimal_point__struct.hpp
[0.973s] -- Up-to-date: /home/andrea/dobot_v3/install/custom_messages/include/custom_messages/custom_messages/msg/detail/object__type_support.hpp
[0.973s] -- Up-to-date: /home/andrea/dobot_v3/install/custom_messages/include/custom_messages/custom_messages/msg/detail/map__type_support.hpp
[0.973s] -- Up-to-date: /home/andrea/dobot_v3/install/custom_messages/include/custom_messages/custom_messages/msg/detail/point__traits.hpp
[0.974s] -- Up-to-date: /home/andrea/dobot_v3/install/custom_messages/include/custom_messages/custom_messages/msg/detail/bounding_box__builder.hpp
[0.974s] -- Up-to-date: /home/andrea/dobot_v3/install/custom_messages/include/custom_messages/custom_messages/msg/detail/bounding_box__struct.hpp
[0.974s] -- Up-to-date: /home/andrea/dobot_v3/install/custom_messages/include/custom_messages/custom_messages/msg/detail/point__type_support.hpp
[0.974s] -- Up-to-date: /home/andrea/dobot_v3/install/custom_messages/include/custom_messages/custom_messages/msg/detail/circumference__builder.hpp
[0.974s] -- Up-to-date: /home/andrea/dobot_v3/install/custom_messages/include/custom_messages/custom_messages/msg/detail/point__builder.hpp
[0.974s] -- Up-to-date: /home/andrea/dobot_v3/install/custom_messages/include/custom_messages/custom_messages/msg/detail/bounding_box__type_support.hpp
[0.975s] -- Up-to-date: /home/andrea/dobot_v3/install/custom_messages/include/custom_messages/custom_messages/msg/detail/map__traits.hpp
[0.975s] -- Up-to-date: /home/andrea/dobot_v3/install/custom_messages/include/custom_messages/custom_messages/msg/detail/object__traits.hpp
[0.975s] -- Up-to-date: /home/andrea/dobot_v3/install/custom_messages/include/custom_messages/custom_messages/msg/detail/optimal_point__builder.hpp
[0.975s] -- Up-to-date: /home/andrea/dobot_v3/install/custom_messages/include/custom_messages/custom_messages/msg/detail/map__struct.hpp
[0.975s] -- Up-to-date: /home/andrea/dobot_v3/install/custom_messages/include/custom_messages/custom_messages/msg/detail/circumference__struct.hpp
[0.975s] -- Up-to-date: /home/andrea/dobot_v3/install/custom_messages/include/custom_messages/custom_messages/msg/detail/circumference__traits.hpp
[0.975s] -- Up-to-date: /home/andrea/dobot_v3/install/custom_messages/include/custom_messages/custom_messages/msg/detail/map__builder.hpp
[0.975s] -- Up-to-date: /home/andrea/dobot_v3/install/custom_messages/include/custom_messages/custom_messages/msg/detail/bounding_box__traits.hpp
[0.978s] -- Up-to-date: /home/andrea/dobot_v3/install/custom_messages/include/custom_messages/custom_messages/msg/detail/optimal_point__type_support.hpp
[0.978s] -- Up-to-date: /home/andrea/dobot_v3/install/custom_messages/include/custom_messages/custom_messages/msg/detail/circumference__type_support.hpp
[0.978s] -- Up-to-date: /home/andrea/dobot_v3/install/custom_messages/include/custom_messages/custom_messages/msg/detail/object__builder.hpp
[0.978s] -- Up-to-date: /home/andrea/dobot_v3/install/custom_messages/include/custom_messages/custom_messages/msg/detail/point__struct.hpp
[0.978s] -- Up-to-date: /home/andrea/dobot_v3/install/custom_messages/include/custom_messages/custom_messages/msg/detail/object__struct.hpp
[0.983s] -- Up-to-date: /home/andrea/dobot_v3/install/custom_messages/include/custom_messages/custom_messages/msg/detail/optimal_point__traits.hpp
[0.983s] -- Up-to-date: /home/andrea/dobot_v3/install/custom_messages/include/custom_messages/custom_messages/msg/bounding_box.hpp
[0.983s] -- Up-to-date: /home/andrea/dobot_v3/install/custom_messages/include/custom_messages/custom_messages/msg/rosidl_generator_cpp__visibility_control.hpp
[0.983s] -- Up-to-date: /home/andrea/dobot_v3/install/custom_messages/include/custom_messages/custom_messages/msg/object.hpp
[0.983s] -- Up-to-date: /home/andrea/dobot_v3/install/custom_messages/include/custom_messages/custom_messages/msg/map.hpp
[0.983s] -- Up-to-date: /home/andrea/dobot_v3/install/custom_messages/include/custom_messages/custom_messages/msg/optimal_point.hpp
[0.984s] -- Up-to-date: /home/andrea/dobot_v3/install/custom_messages/include/custom_messages/custom_messages/msg/circumference.hpp
[0.985s] -- Up-to-date: /home/andrea/dobot_v3/install/custom_messages/include/custom_messages/custom_messages
[0.986s] -- Up-to-date: /home/andrea/dobot_v3/install/custom_messages/include/custom_messages/custom_messages/msg
[0.986s] -- Up-to-date: /home/andrea/dobot_v3/install/custom_messages/include/custom_messages/custom_messages/msg/detail
[0.986s] -- Up-to-date: /home/andrea/dobot_v3/install/custom_messages/include/custom_messages/custom_messages/msg/detail/object__rosidl_typesupport_fastrtps_cpp.hpp
[0.986s] -- Up-to-date: /home/andrea/dobot_v3/install/custom_messages/include/custom_messages/custom_messages/msg/detail/map__rosidl_typesupport_fastrtps_cpp.hpp
[0.986s] -- Up-to-date: /home/andrea/dobot_v3/install/custom_messages/include/custom_messages/custom_messages/msg/detail/circumference__rosidl_typesupport_fastrtps_cpp.hpp
[0.986s] -- Up-to-date: /home/andrea/dobot_v3/install/custom_messages/include/custom_messages/custom_messages/msg/detail/optimal_point__rosidl_typesupport_fastrtps_cpp.hpp
[0.986s] -- Up-to-date: /home/andrea/dobot_v3/install/custom_messages/include/custom_messages/custom_messages/msg/detail/point__rosidl_typesupport_fastrtps_cpp.hpp
[0.986s] -- Up-to-date: /home/andrea/dobot_v3/install/custom_messages/include/custom_messages/custom_messages/msg/detail/dds_fastrtps
[0.986s] -- Up-to-date: /home/andrea/dobot_v3/install/custom_messages/include/custom_messages/custom_messages/msg/detail/bounding_box__rosidl_typesupport_fastrtps_cpp.hpp
[0.988s] -- Up-to-date: /home/andrea/dobot_v3/install/custom_messages/include/custom_messages/custom_messages/msg/rosidl_typesupport_fastrtps_cpp__visibility_control.h
[0.989s] -- Up-to-date: /home/andrea/dobot_v3/install/custom_messages/lib/libcustom_messages__rosidl_typesupport_fastrtps_cpp.so
[0.990s] -- Up-to-date: /home/andrea/dobot_v3/install/custom_messages/include/custom_messages/custom_messages
[0.990s] -- Up-to-date: /home/andrea/dobot_v3/install/custom_messages/include/custom_messages/custom_messages/msg
[0.990s] -- Up-to-date: /home/andrea/dobot_v3/install/custom_messages/include/custom_messages/custom_messages/msg/detail
[0.990s] -- Up-to-date: /home/andrea/dobot_v3/install/custom_messages/include/custom_messages/custom_messages/msg/detail/optimal_point__rosidl_typesupport_introspection_c.h
[0.990s] -- Up-to-date: /home/andrea/dobot_v3/install/custom_messages/include/custom_messages/custom_messages/msg/detail/object__type_support.c
[0.991s] -- Up-to-date: /home/andrea/dobot_v3/install/custom_messages/include/custom_messages/custom_messages/msg/detail/map__type_support.c
[0.991s] -- Up-to-date: /home/andrea/dobot_v3/install/custom_messages/include/custom_messages/custom_messages/msg/detail/bounding_box__type_support.c
[0.991s] -- Up-to-date: /home/andrea/dobot_v3/install/custom_messages/include/custom_messages/custom_messages/msg/detail/map__rosidl_typesupport_introspection_c.h
[0.991s] -- Up-to-date: /home/andrea/dobot_v3/install/custom_messages/include/custom_messages/custom_messages/msg/detail/optimal_point__type_support.c
[0.991s] -- Up-to-date: /home/andrea/dobot_v3/install/custom_messages/include/custom_messages/custom_messages/msg/detail/bounding_box__rosidl_typesupport_introspection_c.h
[1.001s] -- Up-to-date: /home/andrea/dobot_v3/install/custom_messages/include/custom_messages/custom_messages/msg/detail/point__type_support.c
[1.001s] -- Up-to-date: /home/andrea/dobot_v3/install/custom_messages/include/custom_messages/custom_messages/msg/detail/circumference__rosidl_typesupport_introspection_c.h
[1.001s] -- Up-to-date: /home/andrea/dobot_v3/install/custom_messages/include/custom_messages/custom_messages/msg/detail/object__rosidl_typesupport_introspection_c.h
[1.004s] -- Up-to-date: /home/andrea/dobot_v3/install/custom_messages/include/custom_messages/custom_messages/msg/detail/point__rosidl_typesupport_introspection_c.h
[1.004s] -- Up-to-date: /home/andrea/dobot_v3/install/custom_messages/include/custom_messages/custom_messages/msg/detail/circumference__type_support.c
[1.004s] -- Up-to-date: /home/andrea/dobot_v3/install/custom_messages/include/custom_messages/custom_messages/msg/rosidl_typesupport_introspection_c__visibility_control.h
[1.004s] -- Up-to-date: /home/andrea/dobot_v3/install/custom_messages/lib/libcustom_messages__rosidl_typesupport_introspection_c.so
[1.004s] -- Up-to-date: /home/andrea/dobot_v3/install/custom_messages/lib/libcustom_messages__rosidl_typesupport_c.so
[1.004s] -- Up-to-date: /home/andrea/dobot_v3/install/custom_messages/include/custom_messages/custom_messages
[1.010s] -- Up-to-date: /home/andrea/dobot_v3/install/custom_messages/include/custom_messages/custom_messages/msg
[1.010s] -- Up-to-date: /home/andrea/dobot_v3/install/custom_messages/include/custom_messages/custom_messages/msg/detail
[1.010s] -- Up-to-date: /home/andrea/dobot_v3/install/custom_messages/include/custom_messages/custom_messages/msg/detail/object__type_support.cpp
[1.010s] -- Up-to-date: /home/andrea/dobot_v3/install/custom_messages/include/custom_messages/custom_messages/msg/detail/optimal_point__rosidl_typesupport_introspection_cpp.hpp
[1.010s] -- Up-to-date: /home/andrea/dobot_v3/install/custom_messages/include/custom_messages/custom_messages/msg/detail/point__type_support.cpp
[1.010s] -- Up-to-date: /home/andrea/dobot_v3/install/custom_messages/include/custom_messages/custom_messages/msg/detail/point__rosidl_typesupport_introspection_cpp.hpp
[1.010s] -- Up-to-date: /home/andrea/dobot_v3/install/custom_messages/include/custom_messages/custom_messages/msg/detail/bounding_box__rosidl_typesupport_introspection_cpp.hpp
[1.010s] -- Up-to-date: /home/andrea/dobot_v3/install/custom_messages/include/custom_messages/custom_messages/msg/detail/bounding_box__type_support.cpp
[1.010s] -- Up-to-date: /home/andrea/dobot_v3/install/custom_messages/include/custom_messages/custom_messages/msg/detail/object__rosidl_typesupport_introspection_cpp.hpp
[1.010s] -- Up-to-date: /home/andrea/dobot_v3/install/custom_messages/include/custom_messages/custom_messages/msg/detail/optimal_point__type_support.cpp
[1.010s] -- Up-to-date: /home/andrea/dobot_v3/install/custom_messages/include/custom_messages/custom_messages/msg/detail/circumference__type_support.cpp
[1.010s] -- Up-to-date: /home/andrea/dobot_v3/install/custom_messages/include/custom_messages/custom_messages/msg/detail/map__type_support.cpp
[1.011s] -- Up-to-date: /home/andrea/dobot_v3/install/custom_messages/include/custom_messages/custom_messages/msg/detail/circumference__rosidl_typesupport_introspection_cpp.hpp
[1.011s] -- Up-to-date: /home/andrea/dobot_v3/install/custom_messages/include/custom_messages/custom_messages/msg/detail/map__rosidl_typesupport_introspection_cpp.hpp
[1.011s] -- Up-to-date: /home/andrea/dobot_v3/install/custom_messages/lib/libcustom_messages__rosidl_typesupport_introspection_cpp.so
[1.012s] -- Up-to-date: /home/andrea/dobot_v3/install/custom_messages/lib/libcustom_messages__rosidl_typesupport_cpp.so
[1.013s] -- Up-to-date: /home/andrea/dobot_v3/install/custom_messages/share/custom_messages/environment/pythonpath.sh
[1.013s] -- Up-to-date: /home/andrea/dobot_v3/install/custom_messages/share/custom_messages/environment/pythonpath.dsv
[1.013s] -- Up-to-date: /home/andrea/dobot_v3/install/custom_messages/local/lib/python3.10/dist-packages/custom_messages-0.0.0-py3.10.egg-info
[1.013s] -- Installing: /home/andrea/dobot_v3/install/custom_messages/local/lib/python3.10/dist-packages/custom_messages-0.0.0-py3.10.egg-info/PKG-INFO
[1.014s] -- Installing: /home/andrea/dobot_v3/install/custom_messages/local/lib/python3.10/dist-packages/custom_messages-0.0.0-py3.10.egg-info/top_level.txt
[1.014s] -- Installing: /home/andrea/dobot_v3/install/custom_messages/local/lib/python3.10/dist-packages/custom_messages-0.0.0-py3.10.egg-info/SOURCES.txt
[1.014s] -- Installing: /home/andrea/dobot_v3/install/custom_messages/local/lib/python3.10/dist-packages/custom_messages-0.0.0-py3.10.egg-info/dependency_links.txt
[1.014s] -- Up-to-date: /home/andrea/dobot_v3/install/custom_messages/local/lib/python3.10/dist-packages/custom_messages
[1.014s] -- Up-to-date: /home/andrea/dobot_v3/install/custom_messages/local/lib/python3.10/dist-packages/custom_messages/_custom_messages_s.ep.rosidl_typesupport_c.c
[1.015s] -- Up-to-date: /home/andrea/dobot_v3/install/custom_messages/local/lib/python3.10/dist-packages/custom_messages/custom_messages_s__rosidl_typesupport_introspection_c.cpython-310-x86_64-linux-gnu.so
[1.018s] -- Up-to-date: /home/andrea/dobot_v3/install/custom_messages/local/lib/python3.10/dist-packages/custom_messages/libcustom_messages__rosidl_generator_py.so
[1.018s] -- Up-to-date: /home/andrea/dobot_v3/install/custom_messages/local/lib/python3.10/dist-packages/custom_messages/msg
[1.018s] -- Up-to-date: /home/andrea/dobot_v3/install/custom_messages/local/lib/python3.10/dist-packages/custom_messages/msg/_optimal_point.py
[1.018s] -- Up-to-date: /home/andrea/dobot_v3/install/custom_messages/local/lib/python3.10/dist-packages/custom_messages/msg/_circumference_s.c
[1.018s] -- Up-to-date: /home/andrea/dobot_v3/install/custom_messages/local/lib/python3.10/dist-packages/custom_messages/msg/_circumference.py
[1.018s] -- Up-to-date: /home/andrea/dobot_v3/install/custom_messages/local/lib/python3.10/dist-packages/custom_messages/msg/_object_s.c
[1.021s] -- Up-to-date: /home/andrea/dobot_v3/install/custom_messages/local/lib/python3.10/dist-packages/custom_messages/msg/_map_s.c
[1.022s] -- Up-to-date: /home/andrea/dobot_v3/install/custom_messages/local/lib/python3.10/dist-packages/custom_messages/msg/_object.py
[1.022s] -- Up-to-date: /home/andrea/dobot_v3/install/custom_messages/local/lib/python3.10/dist-packages/custom_messages/msg/_point.py
[1.022s] -- Up-to-date: /home/andrea/dobot_v3/install/custom_messages/local/lib/python3.10/dist-packages/custom_messages/msg/_point_s.c
[1.022s] -- Up-to-date: /home/andrea/dobot_v3/install/custom_messages/local/lib/python3.10/dist-packages/custom_messages/msg/_map.py
[1.022s] -- Up-to-date: /home/andrea/dobot_v3/install/custom_messages/local/lib/python3.10/dist-packages/custom_messages/msg/_optimal_point_s.c
[1.022s] -- Up-to-date: /home/andrea/dobot_v3/install/custom_messages/local/lib/python3.10/dist-packages/custom_messages/msg/_bounding_box.py
[1.022s] -- Up-to-date: /home/andrea/dobot_v3/install/custom_messages/local/lib/python3.10/dist-packages/custom_messages/msg/_bounding_box_s.c
[1.022s] -- Up-to-date: /home/andrea/dobot_v3/install/custom_messages/local/lib/python3.10/dist-packages/custom_messages/msg/__init__.py
[1.022s] -- Up-to-date: /home/andrea/dobot_v3/install/custom_messages/local/lib/python3.10/dist-packages/custom_messages/_custom_messages_s.ep.rosidl_typesupport_introspection_c.c
[1.022s] -- Up-to-date: /home/andrea/dobot_v3/install/custom_messages/local/lib/python3.10/dist-packages/custom_messages/custom_messages_s__rosidl_typesupport_fastrtps_c.cpython-310-x86_64-linux-gnu.so
[1.022s] -- Up-to-date: /home/andrea/dobot_v3/install/custom_messages/local/lib/python3.10/dist-packages/custom_messages/custom_messages_s__rosidl_typesupport_c.cpython-310-x86_64-linux-gnu.so
[1.022s] -- Up-to-date: /home/andrea/dobot_v3/install/custom_messages/local/lib/python3.10/dist-packages/custom_messages/__init__.py
[1.023s] -- Up-to-date: /home/andrea/dobot_v3/install/custom_messages/local/lib/python3.10/dist-packages/custom_messages/_custom_messages_s.ep.rosidl_typesupport_fastrtps_c.c
[1.145s] Listing '/home/andrea/dobot_v3/install/custom_messages/local/lib/python3.10/dist-packages/custom_messages'...
[1.145s] Listing '/home/andrea/dobot_v3/install/custom_messages/local/lib/python3.10/dist-packages/custom_messages/msg'...
[1.146s] -- Up-to-date: /home/andrea/dobot_v3/install/custom_messages/local/lib/python3.10/dist-packages/custom_messages/custom_messages_s__rosidl_typesupport_fastrtps_c.cpython-310-x86_64-linux-gnu.so
[1.146s] -- Up-to-date: /home/andrea/dobot_v3/install/custom_messages/local/lib/python3.10/dist-packages/custom_messages/custom_messages_s__rosidl_typesupport_introspection_c.cpython-310-x86_64-linux-gnu.so
[1.146s] -- Up-to-date: /home/andrea/dobot_v3/install/custom_messages/local/lib/python3.10/dist-packages/custom_messages/custom_messages_s__rosidl_typesupport_c.cpython-310-x86_64-linux-gnu.so
[1.147s] -- Up-to-date: /home/andrea/dobot_v3/install/custom_messages/lib/libcustom_messages__rosidl_generator_py.so
[1.147s] -- Up-to-date: /home/andrea/dobot_v3/install/custom_messages/share/custom_messages/msg/BoundingBox.idl
[1.147s] -- Up-to-date: /home/andrea/dobot_v3/install/custom_messages/share/custom_messages/msg/Circumference.idl
[1.147s] -- Up-to-date: /home/andrea/dobot_v3/install/custom_messages/share/custom_messages/msg/Map.idl
[1.147s] -- Up-to-date: /home/andrea/dobot_v3/install/custom_messages/share/custom_messages/msg/Object.idl
[1.147s] -- Up-to-date: /home/andrea/dobot_v3/install/custom_messages/share/custom_messages/msg/OptimalPoint.idl
[1.147s] -- Up-to-date: /home/andrea/dobot_v3/install/custom_messages/share/custom_messages/msg/Point.idl
[1.147s] -- Up-to-date: /home/andrea/dobot_v3/install/custom_messages/share/custom_messages/msg/BoundingBox.msg
[1.148s] -- Up-to-date: /home/andrea/dobot_v3/install/custom_messages/share/custom_messages/msg/Circumference.msg
[1.148s] -- Up-to-date: /home/andrea/dobot_v3/install/custom_messages/share/custom_messages/msg/Map.msg
[1.148s] -- Up-to-date: /home/andrea/dobot_v3/install/custom_messages/share/custom_messages/msg/Object.msg
[1.148s] -- Up-to-date: /home/andrea/dobot_v3/install/custom_messages/share/custom_messages/msg/OptimalPoint.msg
[1.148s] -- Up-to-date: /home/andrea/dobot_v3/install/custom_messages/share/custom_messages/msg/Point.msg
[1.148s] -- Up-to-date: /home/andrea/dobot_v3/install/custom_messages/share/ament_index/resource_index/package_run_dependencies/custom_messages
[1.148s] -- Up-to-date: /home/andrea/dobot_v3/install/custom_messages/share/ament_index/resource_index/parent_prefix_path/custom_messages
[1.148s] -- Up-to-date: /home/andrea/dobot_v3/install/custom_messages/share/custom_messages/environment/ament_prefix_path.sh
[1.149s] -- Up-to-date: /home/andrea/dobot_v3/install/custom_messages/share/custom_messages/environment/ament_prefix_path.dsv
[1.149s] -- Up-to-date: /home/andrea/dobot_v3/install/custom_messages/share/custom_messages/environment/path.sh
[1.149s] -- Up-to-date: /home/andrea/dobot_v3/install/custom_messages/share/custom_messages/environment/path.dsv
[1.149s] -- Up-to-date: /home/andrea/dobot_v3/install/custom_messages/share/custom_messages/local_setup.bash
[1.149s] -- Up-to-date: /home/andrea/dobot_v3/install/custom_messages/share/custom_messages/local_setup.sh
[1.149s] -- Up-to-date: /home/andrea/dobot_v3/install/custom_messages/share/custom_messages/local_setup.zsh
[1.149s] -- Up-to-date: /home/andrea/dobot_v3/install/custom_messages/share/custom_messages/local_setup.dsv
[1.149s] -- Installing: /home/andrea/dobot_v3/install/custom_messages/share/custom_messages/package.dsv
[1.149s] -- Up-to-date: /home/andrea/dobot_v3/install/custom_messages/share/ament_index/resource_index/packages/custom_messages
[1.150s] -- Up-to-date: /home/andrea/dobot_v3/install/custom_messages/share/custom_messages/cmake/export_custom_messages__rosidl_generator_cExport.cmake
[1.150s] -- Up-to-date: /home/andrea/dobot_v3/install/custom_messages/share/custom_messages/cmake/export_custom_messages__rosidl_generator_cExport-noconfig.cmake
[1.150s] -- Up-to-date: /home/andrea/dobot_v3/install/custom_messages/share/custom_messages/cmake/export_custom_messages__rosidl_typesupport_fastrtps_cExport.cmake
[1.150s] -- Up-to-date: /home/andrea/dobot_v3/install/custom_messages/share/custom_messages/cmake/export_custom_messages__rosidl_typesupport_fastrtps_cExport-noconfig.cmake
[1.150s] -- Up-to-date: /home/andrea/dobot_v3/install/custom_messages/share/custom_messages/cmake/export_custom_messages__rosidl_generator_cppExport.cmake
[1.150s] -- Up-to-date: /home/andrea/dobot_v3/install/custom_messages/share/custom_messages/cmake/export_custom_messages__rosidl_typesupport_fastrtps_cppExport.cmake
[1.150s] -- Up-to-date: /home/andrea/dobot_v3/install/custom_messages/share/custom_messages/cmake/export_custom_messages__rosidl_typesupport_fastrtps_cppExport-noconfig.cmake
[1.151s] -- Up-to-date: /home/andrea/dobot_v3/install/custom_messages/share/custom_messages/cmake/custom_messages__rosidl_typesupport_introspection_cExport.cmake
[1.151s] -- Up-to-date: /home/andrea/dobot_v3/install/custom_messages/share/custom_messages/cmake/custom_messages__rosidl_typesupport_introspection_cExport-noconfig.cmake
[1.151s] -- Up-to-date: /home/andrea/dobot_v3/install/custom_messages/share/custom_messages/cmake/custom_messages__rosidl_typesupport_cExport.cmake
[1.151s] -- Up-to-date: /home/andrea/dobot_v3/install/custom_messages/share/custom_messages/cmake/custom_messages__rosidl_typesupport_cExport-noconfig.cmake
[1.151s] -- Up-to-date: /home/andrea/dobot_v3/install/custom_messages/share/custom_messages/cmake/custom_messages__rosidl_typesupport_introspection_cppExport.cmake
[1.152s] -- Up-to-date: /home/andrea/dobot_v3/install/custom_messages/share/custom_messages/cmake/custom_messages__rosidl_typesupport_introspection_cppExport-noconfig.cmake
[1.152s] -- Up-to-date: /home/andrea/dobot_v3/install/custom_messages/share/custom_messages/cmake/custom_messages__rosidl_typesupport_cppExport.cmake
[1.152s] -- Up-to-date: /home/andrea/dobot_v3/install/custom_messages/share/custom_messages/cmake/custom_messages__rosidl_typesupport_cppExport-noconfig.cmake
[1.152s] -- Up-to-date: /home/andrea/dobot_v3/install/custom_messages/share/custom_messages/cmake/export_custom_messages__rosidl_generator_pyExport.cmake
[1.153s] -- Up-to-date: /home/andrea/dobot_v3/install/custom_messages/share/custom_messages/cmake/export_custom_messages__rosidl_generator_pyExport-noconfig.cmake
[1.153s] -- Up-to-date: /home/andrea/dobot_v3/install/custom_messages/share/custom_messages/cmake/rosidl_cmake-extras.cmake
[1.153s] -- Up-to-date: /home/andrea/dobot_v3/install/custom_messages/share/custom_messages/cmake/ament_cmake_export_include_directories-extras.cmake
[1.153s] -- Up-to-date: /home/andrea/dobot_v3/install/custom_messages/share/custom_messages/cmake/ament_cmake_export_libraries-extras.cmake
[1.153s] -- Up-to-date: /home/andrea/dobot_v3/install/custom_messages/share/custom_messages/cmake/ament_cmake_export_targets-extras.cmake
[1.153s] -- Up-to-date: /home/andrea/dobot_v3/install/custom_messages/share/custom_messages/cmake/rosidl_cmake_export_typesupport_targets-extras.cmake
[1.153s] -- Up-to-date: /home/andrea/dobot_v3/install/custom_messages/share/custom_messages/cmake/ament_cmake_export_dependencies-extras.cmake
[1.153s] -- Up-to-date: /home/andrea/dobot_v3/install/custom_messages/share/custom_messages/cmake/rosidl_cmake_export_typesupport_libraries-extras.cmake
[1.153s] -- Up-to-date: /home/andrea/dobot_v3/install/custom_messages/share/custom_messages/cmake/custom_messagesConfig.cmake
[1.153s] -- Up-to-date: /home/andrea/dobot_v3/install/custom_messages/share/custom_messages/cmake/custom_messagesConfig-version.cmake
[1.154s] -- Up-to-date: /home/andrea/dobot_v3/install/custom_messages/share/custom_messages/package.xml
[1.207s] Invoked command in '/home/andrea/dobot_v3/build/custom_messages' returned '0': CMAKE_PREFIX_PATH=${CMAKE_PREFIX_PATH}:/home/andrea/dobot_v3/install/servo_action:/home/andrea/dobot_v3/install/dobot_bringup_v3:/home/andrea/dobot_v3/install/dobot_moveit:/home/andrea/dobot_v3/install/dobot_demo:/opt/ros/humble /usr/bin/cmake --install /home/andrea/dobot_v3/build/custom_messages
