[0.030s] Invoking command in '/home/andrea/dobot_v3/build/cra_description': CMAKE_PREFIX_PATH=${CMAKE_PREFIX_PATH}:/home/andrea/dobot_v3/install/servo_action:/home/andrea/dobot_v3/install/dobot_bringup_v3:/home/andrea/dobot_v3/install/dobot_moveit:/home/andrea/dobot_v3/install/dobot_demo:/opt/ros/humble /usr/bin/cmake --build /home/andrea/dobot_v3/build/cra_description -- -j12 -l12
[0.680s] Invoked command in '/home/andrea/dobot_v3/build/cra_description' returned '0': CMAKE_PREFIX_PATH=${CMAKE_PREFIX_PATH}:/home/andrea/dobot_v3/install/servo_action:/home/andrea/dobot_v3/install/dobot_bringup_v3:/home/andrea/dobot_v3/install/dobot_moveit:/home/andrea/dobot_v3/install/dobot_demo:/opt/ros/humble /usr/bin/cmake --build /home/andrea/dobot_v3/build/cra_description -- -j12 -l12
[0.682s] Invoking command in '/home/andrea/dobot_v3/build/cra_description': CMAKE_PREFIX_PATH=${CMAKE_PREFIX_PATH}:/home/andrea/dobot_v3/install/servo_action:/home/andrea/dobot_v3/install/dobot_bringup_v3:/home/andrea/dobot_v3/install/dobot_moveit:/home/andrea/dobot_v3/install/dobot_demo:/opt/ros/humble /usr/bin/cmake --install /home/andrea/dobot_v3/build/cra_description
[1.016s] -- Install configuration: ""
[1.016s] -- Up-to-date: /home/andrea/dobot_v3/install/cra_description/share/ament_index/resource_index/package_run_dependencies/cra_description
[1.017s] -- Up-to-date: /home/andrea/dobot_v3/install/cra_description/share/ament_index/resource_index/parent_prefix_path/cra_description
[1.017s] -- Up-to-date: /home/andrea/dobot_v3/install/cra_description/share/cra_description/environment/ament_prefix_path.sh
[1.017s] -- Up-to-date: /home/andrea/dobot_v3/install/cra_description/share/cra_description/environment/ament_prefix_path.dsv
[1.017s] -- Up-to-date: /home/andrea/dobot_v3/install/cra_description/share/cra_description/environment/path.sh
[1.017s] -- Up-to-date: /home/andrea/dobot_v3/install/cra_description/share/cra_description/environment/path.dsv
[1.017s] -- Up-to-date: /home/andrea/dobot_v3/install/cra_description/share/cra_description/local_setup.bash
[1.017s] -- Up-to-date: /home/andrea/dobot_v3/install/cra_description/share/cra_description/local_setup.sh
[1.017s] -- Up-to-date: /home/andrea/dobot_v3/install/cra_description/share/cra_description/local_setup.zsh
[1.017s] -- Up-to-date: /home/andrea/dobot_v3/install/cra_description/share/cra_description/local_setup.dsv
[1.017s] -- Installing: /home/andrea/dobot_v3/install/cra_description/share/cra_description/package.dsv
[1.017s] -- Up-to-date: /home/andrea/dobot_v3/install/cra_description/share/ament_index/resource_index/packages/cra_description
[1.017s] -- Up-to-date: /home/andrea/dobot_v3/install/cra_description/share/cra_description/cmake/cra_descriptionConfig.cmake
[1.017s] -- Up-to-date: /home/andrea/dobot_v3/install/cra_description/share/cra_description/cmake/cra_descriptionConfig-version.cmake
[1.017s] -- Up-to-date: /home/andrea/dobot_v3/install/cra_description/share/cra_description/package.xml
[1.017s] -- Up-to-date: /home/andrea/dobot_v3/install/cra_description/share/cra_description/urdf
[1.017s] -- Up-to-date: /home/andrea/dobot_v3/install/cra_description/share/cra_description/urdf/cr12_robot.xacro
[1.017s] -- Up-to-date: /home/andrea/dobot_v3/install/cra_description/share/cra_description/urdf/cr3_robot.xacro
[1.017s] -- Up-to-date: /home/andrea/dobot_v3/install/cra_description/share/cra_description/urdf/cr7_robot.xacro
[1.017s] -- Up-to-date: /home/andrea/dobot_v3/install/cra_description/share/cra_description/urdf/cr16_robot.xacro
[1.017s] -- Up-to-date: /home/andrea/dobot_v3/install/cra_description/share/cra_description/urdf/nova2_robot.xacro
[1.017s] -- Up-to-date: /home/andrea/dobot_v3/install/cra_description/share/cra_description/urdf/cr5_robot.xacro
[1.017s] -- Up-to-date: /home/andrea/dobot_v3/install/cra_description/share/cra_description/urdf/nova5_robot.xacro
[1.017s] -- Up-to-date: /home/andrea/dobot_v3/install/cra_description/share/cra_description/urdf/cr10_robot.xacro
[1.018s] -- Up-to-date: /home/andrea/dobot_v3/install/cra_description/share/cra_description/meshes
[1.018s] -- Up-to-date: /home/andrea/dobot_v3/install/cra_description/share/cra_description/meshes/nova2
[1.018s] -- Up-to-date: /home/andrea/dobot_v3/install/cra_description/share/cra_description/meshes/nova2/Link6.STL
[1.018s] -- Up-to-date: /home/andrea/dobot_v3/install/cra_description/share/cra_description/meshes/nova2/Link1.STL
[1.018s] -- Up-to-date: /home/andrea/dobot_v3/install/cra_description/share/cra_description/meshes/nova2/Link2.STL
[1.018s] -- Up-to-date: /home/andrea/dobot_v3/install/cra_description/share/cra_description/meshes/nova2/Link5.STL
[1.018s] -- Up-to-date: /home/andrea/dobot_v3/install/cra_description/share/cra_description/meshes/nova2/base_link.STL
[1.018s] -- Up-to-date: /home/andrea/dobot_v3/install/cra_description/share/cra_description/meshes/nova2/Link4.STL
[1.018s] -- Up-to-date: /home/andrea/dobot_v3/install/cra_description/share/cra_description/meshes/nova2/Link3.STL
[1.018s] -- Up-to-date: /home/andrea/dobot_v3/install/cra_description/share/cra_description/meshes/nova5
[1.018s] -- Up-to-date: /home/andrea/dobot_v3/install/cra_description/share/cra_description/meshes/nova5/Link6.STL
[1.018s] -- Up-to-date: /home/andrea/dobot_v3/install/cra_description/share/cra_description/meshes/nova5/Link1.STL
[1.018s] -- Up-to-date: /home/andrea/dobot_v3/install/cra_description/share/cra_description/meshes/nova5/Link2.STL
[1.018s] -- Up-to-date: /home/andrea/dobot_v3/install/cra_description/share/cra_description/meshes/nova5/Link5.STL
[1.018s] -- Up-to-date: /home/andrea/dobot_v3/install/cra_description/share/cra_description/meshes/nova5/base_link.STL
[1.018s] -- Up-to-date: /home/andrea/dobot_v3/install/cra_description/share/cra_description/meshes/nova5/Link4.STL
[1.018s] -- Up-to-date: /home/andrea/dobot_v3/install/cra_description/share/cra_description/meshes/nova5/Link3.STL
[1.019s] -- Up-to-date: /home/andrea/dobot_v3/install/cra_description/share/cra_description/meshes/cr7
[1.019s] -- Up-to-date: /home/andrea/dobot_v3/install/cra_description/share/cra_description/meshes/cr7/J6.STL
[1.020s] -- Up-to-date: /home/andrea/dobot_v3/install/cra_description/share/cra_description/meshes/cr7/J5.STL
[1.021s] -- Up-to-date: /home/andrea/dobot_v3/install/cra_description/share/cra_description/meshes/cr7/J3.STL
[1.023s] -- Up-to-date: /home/andrea/dobot_v3/install/cra_description/share/cra_description/meshes/cr7/J2.STL
[1.024s] -- Up-to-date: /home/andrea/dobot_v3/install/cra_description/share/cra_description/meshes/cr7/J4.STL
[1.025s] -- Up-to-date: /home/andrea/dobot_v3/install/cra_description/share/cra_description/meshes/cr7/base_link0.STL
[1.025s] -- Up-to-date: /home/andrea/dobot_v3/install/cra_description/share/cra_description/meshes/cr7/J1.STL
[1.025s] -- Up-to-date: /home/andrea/dobot_v3/install/cra_description/share/cra_description/meshes/cr16
[1.025s] -- Up-to-date: /home/andrea/dobot_v3/install/cra_description/share/cra_description/meshes/cr16/Link6.STL
[1.026s] -- Up-to-date: /home/andrea/dobot_v3/install/cra_description/share/cra_description/meshes/cr16/Link1.STL
[1.026s] -- Up-to-date: /home/andrea/dobot_v3/install/cra_description/share/cra_description/meshes/cr16/Link2.STL
[1.026s] -- Up-to-date: /home/andrea/dobot_v3/install/cra_description/share/cra_description/meshes/cr16/Link5.STL
[1.026s] -- Up-to-date: /home/andrea/dobot_v3/install/cra_description/share/cra_description/meshes/cr16/base_link.STL
[1.026s] -- Up-to-date: /home/andrea/dobot_v3/install/cra_description/share/cra_description/meshes/cr16/Link4.STL
[1.026s] -- Up-to-date: /home/andrea/dobot_v3/install/cra_description/share/cra_description/meshes/cr16/Link3.STL
[1.026s] -- Up-to-date: /home/andrea/dobot_v3/install/cra_description/share/cra_description/meshes/cr10
[1.027s] -- Up-to-date: /home/andrea/dobot_v3/install/cra_description/share/cra_description/meshes/cr10/Link6.STL
[1.028s] -- Up-to-date: /home/andrea/dobot_v3/install/cra_description/share/cra_description/meshes/cr10/Link1.STL
[1.028s] -- Up-to-date: /home/andrea/dobot_v3/install/cra_description/share/cra_description/meshes/cr10/Link2.STL
[1.028s] -- Up-to-date: /home/andrea/dobot_v3/install/cra_description/share/cra_description/meshes/cr10/Link5.STL
[1.028s] -- Up-to-date: /home/andrea/dobot_v3/install/cra_description/share/cra_description/meshes/cr10/base_link.STL
[1.029s] -- Up-to-date: /home/andrea/dobot_v3/install/cra_description/share/cra_description/meshes/cr10/Link4.STL
[1.029s] -- Up-to-date: /home/andrea/dobot_v3/install/cra_description/share/cra_description/meshes/cr10/Link3.STL
[1.030s] -- Up-to-date: /home/andrea/dobot_v3/install/cra_description/share/cra_description/meshes/cr12
[1.030s] -- Up-to-date: /home/andrea/dobot_v3/install/cra_description/share/cra_description/meshes/cr12/J6.STL
[1.030s] -- Up-to-date: /home/andrea/dobot_v3/install/cra_description/share/cra_description/meshes/cr12/J5.STL
[1.031s] -- Up-to-date: /home/andrea/dobot_v3/install/cra_description/share/cra_description/meshes/cr12/J3.STL
[1.031s] -- Up-to-date: /home/andrea/dobot_v3/install/cra_description/share/cra_description/meshes/cr12/J2.STL
[1.031s] -- Up-to-date: /home/andrea/dobot_v3/install/cra_description/share/cra_description/meshes/cr12/J4.STL
[1.031s] -- Up-to-date: /home/andrea/dobot_v3/install/cra_description/share/cra_description/meshes/cr12/base_link0.STL
[1.032s] -- Up-to-date: /home/andrea/dobot_v3/install/cra_description/share/cra_description/meshes/cr12/J1.STL
[1.032s] -- Up-to-date: /home/andrea/dobot_v3/install/cra_description/share/cra_description/meshes/cr3
[1.033s] -- Up-to-date: /home/andrea/dobot_v3/install/cra_description/share/cra_description/meshes/cr3/Link6.STL
[1.034s] -- Up-to-date: /home/andrea/dobot_v3/install/cra_description/share/cra_description/meshes/cr3/Link1.STL
[1.034s] -- Up-to-date: /home/andrea/dobot_v3/install/cra_description/share/cra_description/meshes/cr3/Link2.STL
[1.034s] -- Up-to-date: /home/andrea/dobot_v3/install/cra_description/share/cra_description/meshes/cr3/Link5.STL
[1.034s] -- Up-to-date: /home/andrea/dobot_v3/install/cra_description/share/cra_description/meshes/cr3/base_link.STL
[1.034s] -- Up-to-date: /home/andrea/dobot_v3/install/cra_description/share/cra_description/meshes/cr3/Link4.STL
[1.035s] -- Up-to-date: /home/andrea/dobot_v3/install/cra_description/share/cra_description/meshes/cr3/Link3.STL
[1.035s] -- Up-to-date: /home/andrea/dobot_v3/install/cra_description/share/cra_description/meshes/cr5
[1.035s] -- Up-to-date: /home/andrea/dobot_v3/install/cra_description/share/cra_description/meshes/cr5/Link4.dae
[1.035s] -- Up-to-date: /home/andrea/dobot_v3/install/cra_description/share/cra_description/meshes/cr5/Link3.dae
[1.036s] -- Up-to-date: /home/andrea/dobot_v3/install/cra_description/share/cra_description/meshes/cr5/base_link.dae
[1.036s] -- Up-to-date: /home/andrea/dobot_v3/install/cra_description/share/cra_description/meshes/cr5/Link5.dae
[1.036s] -- Up-to-date: /home/andrea/dobot_v3/install/cra_description/share/cra_description/meshes/cr5/Link6.dae
[1.036s] -- Up-to-date: /home/andrea/dobot_v3/install/cra_description/share/cra_description/meshes/cr5/Link1.dae
[1.037s] -- Up-to-date: /home/andrea/dobot_v3/install/cra_description/share/cra_description/meshes/cr5/Link2.dae
[1.252s] Invoked command in '/home/andrea/dobot_v3/build/cra_description' returned '0': CMAKE_PREFIX_PATH=${CMAKE_PREFIX_PATH}:/home/andrea/dobot_v3/install/servo_action:/home/andrea/dobot_v3/install/dobot_bringup_v3:/home/andrea/dobot_v3/install/dobot_moveit:/home/andrea/dobot_v3/install/dobot_demo:/opt/ros/humble /usr/bin/cmake --install /home/andrea/dobot_v3/build/cra_description
