[0.010s] Invoking command in '/home/andrea/dobot_v3/build/cr7_moveit': CMAKE_PREFIX_PATH=/home/andrea/dobot_v3/install/dobot_rviz:/home/andrea/dobot_v3/install/nova5_moveit:/home/andrea/dobot_v3/install/nova2_moveit:/home/andrea/dobot_v3/install/cr7_moveit:/home/andrea/dobot_v3/install/cr5_moveit:/home/andrea/dobot_v3/install/cr3_moveit:/home/andrea/dobot_v3/install/cr16_moveit:/home/andrea/dobot_v3/install/cr12_moveit:/home/andrea/dobot_v3/install/cr10_moveit:/home/andrea/dobot_v3/install/dobot_msgs_v3:/home/andrea/dobot_v3/install/dobot_gazebo:/home/andrea/dobot_v3/install/cra_description:/home/andrea/dobot_v3/install/cr5_moveit_cpp_demo:/home/andrea/dobot_v3/install/servo_action:/home/andrea/dobot_v3/install/dobot_bringup_v3:/home/andrea/dobot_v3/install/dobot_moveit:/home/andrea/dobot_v3/install/dobot_demo:/opt/ros/humble /usr/bin/cmake /home/andrea/dobot_v3/src/DOBOT_6Axis_ROS2_V3/cr7_moveit -DCMAKE_INSTALL_PREFIX=/home/andrea/dobot_v3/install/cr7_moveit
[0.077s] -- The C compiler identification is GNU 11.4.0
[0.143s] -- The CXX compiler identification is GNU 11.4.0
[0.153s] -- Detecting C compiler ABI info
[0.231s] -- Detecting C compiler ABI info - done
[0.240s] -- Check for working C compiler: /usr/bin/cc - skipped
[0.240s] -- Detecting C compile features
[0.241s] -- Detecting C compile features - done
[0.243s] -- Detecting CXX compiler ABI info
[0.328s] -- Detecting CXX compiler ABI info - done
[0.333s] -- Check for working CXX compiler: /usr/bin/c++ - skipped
[0.333s] -- Detecting CXX compile features
[0.334s] -- Detecting CXX compile features - done
[0.336s] -- Found ament_cmake: 1.3.11 (/opt/ros/humble/share/ament_cmake/cmake)
[0.517s] -- Found Python3: /usr/bin/python3 (found version "3.10.12") found components: Interpreter 
[0.655s] -- Configuring done
[0.657s] -- Generating done
[0.658s] -- Build files have been written to: /home/andrea/dobot_v3/build/cr7_moveit
[0.661s] Invoked command in '/home/andrea/dobot_v3/build/cr7_moveit' returned '0': CMAKE_PREFIX_PATH=/home/andrea/dobot_v3/install/dobot_rviz:/home/andrea/dobot_v3/install/nova5_moveit:/home/andrea/dobot_v3/install/nova2_moveit:/home/andrea/dobot_v3/install/cr7_moveit:/home/andrea/dobot_v3/install/cr5_moveit:/home/andrea/dobot_v3/install/cr3_moveit:/home/andrea/dobot_v3/install/cr16_moveit:/home/andrea/dobot_v3/install/cr12_moveit:/home/andrea/dobot_v3/install/cr10_moveit:/home/andrea/dobot_v3/install/dobot_msgs_v3:/home/andrea/dobot_v3/install/dobot_gazebo:/home/andrea/dobot_v3/install/cra_description:/home/andrea/dobot_v3/install/cr5_moveit_cpp_demo:/home/andrea/dobot_v3/install/servo_action:/home/andrea/dobot_v3/install/dobot_bringup_v3:/home/andrea/dobot_v3/install/dobot_moveit:/home/andrea/dobot_v3/install/dobot_demo:/opt/ros/humble /usr/bin/cmake /home/andrea/dobot_v3/src/DOBOT_6Axis_ROS2_V3/cr7_moveit -DCMAKE_INSTALL_PREFIX=/home/andrea/dobot_v3/install/cr7_moveit
[0.664s] Invoking command in '/home/andrea/dobot_v3/build/cr7_moveit': CMAKE_PREFIX_PATH=/home/andrea/dobot_v3/install/dobot_rviz:/home/andrea/dobot_v3/install/nova5_moveit:/home/andrea/dobot_v3/install/nova2_moveit:/home/andrea/dobot_v3/install/cr7_moveit:/home/andrea/dobot_v3/install/cr5_moveit:/home/andrea/dobot_v3/install/cr3_moveit:/home/andrea/dobot_v3/install/cr16_moveit:/home/andrea/dobot_v3/install/cr12_moveit:/home/andrea/dobot_v3/install/cr10_moveit:/home/andrea/dobot_v3/install/dobot_msgs_v3:/home/andrea/dobot_v3/install/dobot_gazebo:/home/andrea/dobot_v3/install/cra_description:/home/andrea/dobot_v3/install/cr5_moveit_cpp_demo:/home/andrea/dobot_v3/install/servo_action:/home/andrea/dobot_v3/install/dobot_bringup_v3:/home/andrea/dobot_v3/install/dobot_moveit:/home/andrea/dobot_v3/install/dobot_demo:/opt/ros/humble /usr/bin/cmake --build /home/andrea/dobot_v3/build/cr7_moveit -- -j12 -l12
[0.702s] Invoked command in '/home/andrea/dobot_v3/build/cr7_moveit' returned '0': CMAKE_PREFIX_PATH=/home/andrea/dobot_v3/install/dobot_rviz:/home/andrea/dobot_v3/install/nova5_moveit:/home/andrea/dobot_v3/install/nova2_moveit:/home/andrea/dobot_v3/install/cr7_moveit:/home/andrea/dobot_v3/install/cr5_moveit:/home/andrea/dobot_v3/install/cr3_moveit:/home/andrea/dobot_v3/install/cr16_moveit:/home/andrea/dobot_v3/install/cr12_moveit:/home/andrea/dobot_v3/install/cr10_moveit:/home/andrea/dobot_v3/install/dobot_msgs_v3:/home/andrea/dobot_v3/install/dobot_gazebo:/home/andrea/dobot_v3/install/cra_description:/home/andrea/dobot_v3/install/cr5_moveit_cpp_demo:/home/andrea/dobot_v3/install/servo_action:/home/andrea/dobot_v3/install/dobot_bringup_v3:/home/andrea/dobot_v3/install/dobot_moveit:/home/andrea/dobot_v3/install/dobot_demo:/opt/ros/humble /usr/bin/cmake --build /home/andrea/dobot_v3/build/cr7_moveit -- -j12 -l12
[0.710s] Invoking command in '/home/andrea/dobot_v3/build/cr7_moveit': CMAKE_PREFIX_PATH=/home/andrea/dobot_v3/install/dobot_rviz:/home/andrea/dobot_v3/install/nova5_moveit:/home/andrea/dobot_v3/install/nova2_moveit:/home/andrea/dobot_v3/install/cr7_moveit:/home/andrea/dobot_v3/install/cr5_moveit:/home/andrea/dobot_v3/install/cr3_moveit:/home/andrea/dobot_v3/install/cr16_moveit:/home/andrea/dobot_v3/install/cr12_moveit:/home/andrea/dobot_v3/install/cr10_moveit:/home/andrea/dobot_v3/install/dobot_msgs_v3:/home/andrea/dobot_v3/install/dobot_gazebo:/home/andrea/dobot_v3/install/cra_description:/home/andrea/dobot_v3/install/cr5_moveit_cpp_demo:/home/andrea/dobot_v3/install/servo_action:/home/andrea/dobot_v3/install/dobot_bringup_v3:/home/andrea/dobot_v3/install/dobot_moveit:/home/andrea/dobot_v3/install/dobot_demo:/opt/ros/humble /usr/bin/cmake --install /home/andrea/dobot_v3/build/cr7_moveit
[0.715s] -- Install configuration: ""
[0.715s] -- Installing: /home/andrea/dobot_v3/install/cr7_moveit/share/ament_index/resource_index/package_run_dependencies/cr7_moveit
[0.716s] -- Installing: /home/andrea/dobot_v3/install/cr7_moveit/share/ament_index/resource_index/parent_prefix_path/cr7_moveit
[0.716s] -- Installing: /home/andrea/dobot_v3/install/cr7_moveit/share/cr7_moveit/environment/ament_prefix_path.sh
[0.716s] -- Installing: /home/andrea/dobot_v3/install/cr7_moveit/share/cr7_moveit/environment/ament_prefix_path.dsv
[0.716s] -- Installing: /home/andrea/dobot_v3/install/cr7_moveit/share/cr7_moveit/environment/path.sh
[0.716s] -- Installing: /home/andrea/dobot_v3/install/cr7_moveit/share/cr7_moveit/environment/path.dsv
[0.716s] -- Installing: /home/andrea/dobot_v3/install/cr7_moveit/share/cr7_moveit/local_setup.bash
[0.716s] -- Installing: /home/andrea/dobot_v3/install/cr7_moveit/share/cr7_moveit/local_setup.sh
[0.716s] -- Installing: /home/andrea/dobot_v3/install/cr7_moveit/share/cr7_moveit/local_setup.zsh
[0.716s] -- Installing: /home/andrea/dobot_v3/install/cr7_moveit/share/cr7_moveit/local_setup.dsv
[0.716s] -- Installing: /home/andrea/dobot_v3/install/cr7_moveit/share/cr7_moveit/package.dsv
[0.717s] -- Installing: /home/andrea/dobot_v3/install/cr7_moveit/share/ament_index/resource_index/packages/cr7_moveit
[0.717s] -- Installing: /home/andrea/dobot_v3/install/cr7_moveit/share/cr7_moveit/cmake/cr7_moveitConfig.cmake
[0.717s] -- Installing: /home/andrea/dobot_v3/install/cr7_moveit/share/cr7_moveit/cmake/cr7_moveitConfig-version.cmake
[0.717s] -- Installing: /home/andrea/dobot_v3/install/cr7_moveit/share/cr7_moveit/package.xml
[0.717s] -- Installing: /home/andrea/dobot_v3/install/cr7_moveit/share/cr7_moveit/launch
[0.717s] -- Installing: /home/andrea/dobot_v3/install/cr7_moveit/share/cr7_moveit/launch/static_virtual_joint_tfs.launch.py
[0.717s] -- Installing: /home/andrea/dobot_v3/install/cr7_moveit/share/cr7_moveit/launch/move_group.launch.py
[0.717s] -- Installing: /home/andrea/dobot_v3/install/cr7_moveit/share/cr7_moveit/launch/moveit_gazebo.launch.py
[0.717s] -- Installing: /home/andrea/dobot_v3/install/cr7_moveit/share/cr7_moveit/launch/setup_assistant.launch.py
[0.717s] -- Installing: /home/andrea/dobot_v3/install/cr7_moveit/share/cr7_moveit/launch/demo.launch.py
[0.717s] -- Installing: /home/andrea/dobot_v3/install/cr7_moveit/share/cr7_moveit/launch/moveit_rviz.launch.py
[0.718s] -- Installing: /home/andrea/dobot_v3/install/cr7_moveit/share/cr7_moveit/launch/spawn_controllers.launch.py
[0.718s] -- Installing: /home/andrea/dobot_v3/install/cr7_moveit/share/cr7_moveit/launch/warehouse_db.launch.py
[0.718s] -- Installing: /home/andrea/dobot_v3/install/cr7_moveit/share/cr7_moveit/launch/rsp.launch.py
[0.718s] -- Installing: /home/andrea/dobot_v3/install/cr7_moveit/share/cr7_moveit/config
[0.718s] -- Installing: /home/andrea/dobot_v3/install/cr7_moveit/share/cr7_moveit/config/cr7_robot.srdf
[0.718s] -- Installing: /home/andrea/dobot_v3/install/cr7_moveit/share/cr7_moveit/config/ros2_controllers.yaml
[0.718s] -- Installing: /home/andrea/dobot_v3/install/cr7_moveit/share/cr7_moveit/config/cr7_robot.ros2_control.xacro
[0.718s] -- Installing: /home/andrea/dobot_v3/install/cr7_moveit/share/cr7_moveit/config/joint_limits.yaml
[0.719s] -- Installing: /home/andrea/dobot_v3/install/cr7_moveit/share/cr7_moveit/config/initial_positions.yaml
[0.719s] -- Installing: /home/andrea/dobot_v3/install/cr7_moveit/share/cr7_moveit/config/kinematics.yaml
[0.719s] -- Installing: /home/andrea/dobot_v3/install/cr7_moveit/share/cr7_moveit/config/moveit_controllers.yaml
[0.720s] -- Installing: /home/andrea/dobot_v3/install/cr7_moveit/share/cr7_moveit/config/cr7_robot.urdf.xacro
[0.720s] -- Installing: /home/andrea/dobot_v3/install/cr7_moveit/share/cr7_moveit/config/pilz_cartesian_limits.yaml
[0.720s] -- Installing: /home/andrea/dobot_v3/install/cr7_moveit/share/cr7_moveit/config/moveit.rviz
[0.720s] -- Installing: /home/andrea/dobot_v3/install/cr7_moveit/share/cr7_moveit/.setup_assistant
[0.720s] Invoked command in '/home/andrea/dobot_v3/build/cr7_moveit' returned '0': CMAKE_PREFIX_PATH=/home/andrea/dobot_v3/install/dobot_rviz:/home/andrea/dobot_v3/install/nova5_moveit:/home/andrea/dobot_v3/install/nova2_moveit:/home/andrea/dobot_v3/install/cr7_moveit:/home/andrea/dobot_v3/install/cr5_moveit:/home/andrea/dobot_v3/install/cr3_moveit:/home/andrea/dobot_v3/install/cr16_moveit:/home/andrea/dobot_v3/install/cr12_moveit:/home/andrea/dobot_v3/install/cr10_moveit:/home/andrea/dobot_v3/install/dobot_msgs_v3:/home/andrea/dobot_v3/install/dobot_gazebo:/home/andrea/dobot_v3/install/cra_description:/home/andrea/dobot_v3/install/cr5_moveit_cpp_demo:/home/andrea/dobot_v3/install/servo_action:/home/andrea/dobot_v3/install/dobot_bringup_v3:/home/andrea/dobot_v3/install/dobot_moveit:/home/andrea/dobot_v3/install/dobot_demo:/opt/ros/humble /usr/bin/cmake --install /home/andrea/dobot_v3/build/cr7_moveit
