[5.871s] Invoking command in '/home/andrea/dobot_v3/src/DOBOT_6Axis_ROS2_V3/dobot_demo': PYTHONPATH=/home/andrea/dobot_v3/build/dobot_demo/prefix_override:/usr/lib/python3/dist-packages/colcon_core/task/python/colcon_distutils_commands:/home/andrea/dobot_v3/install/dobot_demo/lib/python3.10/site-packages:${PYTHONPATH} /usr/bin/python3 -W ignore:setup.py install is deprecated -W ignore:easy_install command is deprecated setup.py egg_info --egg-base ../../../build/dobot_demo build --build-base /home/andrea/dobot_v3/build/dobot_demo/build install --record /home/andrea/dobot_v3/build/dobot_demo/install.log --single-version-externally-managed install_data
[6.869s] running egg_info
[6.871s] writing ../../../build/dobot_demo/dobot_demo.egg-info/PKG-INFO
[6.871s] writing dependency_links to ../../../build/dobot_demo/dobot_demo.egg-info/dependency_links.txt
[6.873s] writing entry points to ../../../build/dobot_demo/dobot_demo.egg-info/entry_points.txt
[6.882s] writing requirements to ../../../build/dobot_demo/dobot_demo.egg-info/requires.txt
[6.882s] writing top-level names to ../../../build/dobot_demo/dobot_demo.egg-info/top_level.txt
[6.896s] reading manifest file '../../../build/dobot_demo/dobot_demo.egg-info/SOURCES.txt'
[6.901s] writing manifest file '../../../build/dobot_demo/dobot_demo.egg-info/SOURCES.txt'
[6.901s] running build
[6.902s] running build_py
[6.903s] running install
[6.903s] running install_lib
[6.915s] running install_data
[6.916s] running install_egg_info
[6.934s] removing '/home/andrea/dobot_v3/install/dobot_demo/lib/python3.10/site-packages/dobot_demo-0.0.0-py3.10.egg-info' (and everything under it)
[6.934s] Copying ../../../build/dobot_demo/dobot_demo.egg-info to /home/andrea/dobot_v3/install/dobot_demo/lib/python3.10/site-packages/dobot_demo-0.0.0-py3.10.egg-info
[6.935s] running install_scripts
[7.066s] Installing demo script to /home/andrea/dobot_v3/install/dobot_demo/lib/dobot_demo
[7.078s] writing list of installed files to '/home/andrea/dobot_v3/build/dobot_demo/install.log'
[7.299s] Invoked command in '/home/andrea/dobot_v3/src/DOBOT_6Axis_ROS2_V3/dobot_demo' returned '0': PYTHONPATH=/home/andrea/dobot_v3/build/dobot_demo/prefix_override:/usr/lib/python3/dist-packages/colcon_core/task/python/colcon_distutils_commands:/home/andrea/dobot_v3/install/dobot_demo/lib/python3.10/site-packages:${PYTHONPATH} /usr/bin/python3 -W ignore:setup.py install is deprecated -W ignore:easy_install command is deprecated setup.py egg_info --egg-base ../../../build/dobot_demo build --build-base /home/andrea/dobot_v3/build/dobot_demo/build install --record /home/andrea/dobot_v3/build/dobot_demo/install.log --single-version-externally-managed install_data
