[0.011s] Invoking command in '/home/andrea/dobot_v3/build/nova5_moveit': CMAKE_PREFIX_PATH=/home/andrea/dobot_v3/install/dobot_rviz:/home/andrea/dobot_v3/install/nova5_moveit:/home/andrea/dobot_v3/install/nova2_moveit:/home/andrea/dobot_v3/install/cr7_moveit:/home/andrea/dobot_v3/install/cr5_moveit:/home/andrea/dobot_v3/install/cr3_moveit:/home/andrea/dobot_v3/install/cr16_moveit:/home/andrea/dobot_v3/install/cr12_moveit:/home/andrea/dobot_v3/install/cr10_moveit:/home/andrea/dobot_v3/install/dobot_msgs_v3:/home/andrea/dobot_v3/install/dobot_gazebo:/home/andrea/dobot_v3/install/cra_description:/home/andrea/dobot_v3/install/cr5_moveit_cpp_demo:/home/andrea/dobot_v3/install/servo_action:/home/andrea/dobot_v3/install/dobot_bringup_v3:/home/andrea/dobot_v3/install/dobot_moveit:/home/andrea/dobot_v3/install/dobot_demo:/opt/ros/humble /usr/bin/cmake /home/andrea/dobot_v3/src/DOBOT_6Axis_ROS2_V3/nova5_moveit -DCMAKE_INSTALL_PREFIX=/home/andrea/dobot_v3/install/nova5_moveit
[0.078s] -- The C compiler identification is GNU 11.4.0
[0.135s] -- The CXX compiler identification is GNU 11.4.0
[0.142s] -- Detecting C compiler ABI info
[0.220s] -- Detecting C compiler ABI info - done
[0.231s] -- Check for working C compiler: /usr/bin/cc - skipped
[0.231s] -- Detecting C compile features
[0.231s] -- Detecting C compile features - done
[0.235s] -- Detecting CXX compiler ABI info
[0.331s] -- Detecting CXX compiler ABI info - done
[0.338s] -- Check for working CXX compiler: /usr/bin/c++ - skipped
[0.339s] -- Detecting CXX compile features
[0.339s] -- Detecting CXX compile features - done
[0.341s] -- Found ament_cmake: 1.3.11 (/opt/ros/humble/share/ament_cmake/cmake)
[0.491s] -- Found Python3: /usr/bin/python3 (found version "3.10.12") found components: Interpreter 
[0.618s] -- Configuring done
[0.619s] -- Generating done
[0.620s] -- Build files have been written to: /home/andrea/dobot_v3/build/nova5_moveit
[0.624s] Invoked command in '/home/andrea/dobot_v3/build/nova5_moveit' returned '0': CMAKE_PREFIX_PATH=/home/andrea/dobot_v3/install/dobot_rviz:/home/andrea/dobot_v3/install/nova5_moveit:/home/andrea/dobot_v3/install/nova2_moveit:/home/andrea/dobot_v3/install/cr7_moveit:/home/andrea/dobot_v3/install/cr5_moveit:/home/andrea/dobot_v3/install/cr3_moveit:/home/andrea/dobot_v3/install/cr16_moveit:/home/andrea/dobot_v3/install/cr12_moveit:/home/andrea/dobot_v3/install/cr10_moveit:/home/andrea/dobot_v3/install/dobot_msgs_v3:/home/andrea/dobot_v3/install/dobot_gazebo:/home/andrea/dobot_v3/install/cra_description:/home/andrea/dobot_v3/install/cr5_moveit_cpp_demo:/home/andrea/dobot_v3/install/servo_action:/home/andrea/dobot_v3/install/dobot_bringup_v3:/home/andrea/dobot_v3/install/dobot_moveit:/home/andrea/dobot_v3/install/dobot_demo:/opt/ros/humble /usr/bin/cmake /home/andrea/dobot_v3/src/DOBOT_6Axis_ROS2_V3/nova5_moveit -DCMAKE_INSTALL_PREFIX=/home/andrea/dobot_v3/install/nova5_moveit
[0.626s] Invoking command in '/home/andrea/dobot_v3/build/nova5_moveit': CMAKE_PREFIX_PATH=/home/andrea/dobot_v3/install/dobot_rviz:/home/andrea/dobot_v3/install/nova5_moveit:/home/andrea/dobot_v3/install/nova2_moveit:/home/andrea/dobot_v3/install/cr7_moveit:/home/andrea/dobot_v3/install/cr5_moveit:/home/andrea/dobot_v3/install/cr3_moveit:/home/andrea/dobot_v3/install/cr16_moveit:/home/andrea/dobot_v3/install/cr12_moveit:/home/andrea/dobot_v3/install/cr10_moveit:/home/andrea/dobot_v3/install/dobot_msgs_v3:/home/andrea/dobot_v3/install/dobot_gazebo:/home/andrea/dobot_v3/install/cra_description:/home/andrea/dobot_v3/install/cr5_moveit_cpp_demo:/home/andrea/dobot_v3/install/servo_action:/home/andrea/dobot_v3/install/dobot_bringup_v3:/home/andrea/dobot_v3/install/dobot_moveit:/home/andrea/dobot_v3/install/dobot_demo:/opt/ros/humble /usr/bin/cmake --build /home/andrea/dobot_v3/build/nova5_moveit -- -j12 -l12
[0.668s] Invoked command in '/home/andrea/dobot_v3/build/nova5_moveit' returned '0': CMAKE_PREFIX_PATH=/home/andrea/dobot_v3/install/dobot_rviz:/home/andrea/dobot_v3/install/nova5_moveit:/home/andrea/dobot_v3/install/nova2_moveit:/home/andrea/dobot_v3/install/cr7_moveit:/home/andrea/dobot_v3/install/cr5_moveit:/home/andrea/dobot_v3/install/cr3_moveit:/home/andrea/dobot_v3/install/cr16_moveit:/home/andrea/dobot_v3/install/cr12_moveit:/home/andrea/dobot_v3/install/cr10_moveit:/home/andrea/dobot_v3/install/dobot_msgs_v3:/home/andrea/dobot_v3/install/dobot_gazebo:/home/andrea/dobot_v3/install/cra_description:/home/andrea/dobot_v3/install/cr5_moveit_cpp_demo:/home/andrea/dobot_v3/install/servo_action:/home/andrea/dobot_v3/install/dobot_bringup_v3:/home/andrea/dobot_v3/install/dobot_moveit:/home/andrea/dobot_v3/install/dobot_demo:/opt/ros/humble /usr/bin/cmake --build /home/andrea/dobot_v3/build/nova5_moveit -- -j12 -l12
[0.678s] Invoking command in '/home/andrea/dobot_v3/build/nova5_moveit': CMAKE_PREFIX_PATH=/home/andrea/dobot_v3/install/dobot_rviz:/home/andrea/dobot_v3/install/nova5_moveit:/home/andrea/dobot_v3/install/nova2_moveit:/home/andrea/dobot_v3/install/cr7_moveit:/home/andrea/dobot_v3/install/cr5_moveit:/home/andrea/dobot_v3/install/cr3_moveit:/home/andrea/dobot_v3/install/cr16_moveit:/home/andrea/dobot_v3/install/cr12_moveit:/home/andrea/dobot_v3/install/cr10_moveit:/home/andrea/dobot_v3/install/dobot_msgs_v3:/home/andrea/dobot_v3/install/dobot_gazebo:/home/andrea/dobot_v3/install/cra_description:/home/andrea/dobot_v3/install/cr5_moveit_cpp_demo:/home/andrea/dobot_v3/install/servo_action:/home/andrea/dobot_v3/install/dobot_bringup_v3:/home/andrea/dobot_v3/install/dobot_moveit:/home/andrea/dobot_v3/install/dobot_demo:/opt/ros/humble /usr/bin/cmake --install /home/andrea/dobot_v3/build/nova5_moveit
[0.687s] -- Install configuration: ""
[0.687s] -- Installing: /home/andrea/dobot_v3/install/nova5_moveit/share/ament_index/resource_index/package_run_dependencies/nova5_moveit
[0.687s] -- Installing: /home/andrea/dobot_v3/install/nova5_moveit/share/ament_index/resource_index/parent_prefix_path/nova5_moveit
[0.687s] -- Installing: /home/andrea/dobot_v3/install/nova5_moveit/share/nova5_moveit/environment/ament_prefix_path.sh
[0.687s] -- Installing: /home/andrea/dobot_v3/install/nova5_moveit/share/nova5_moveit/environment/ament_prefix_path.dsv
[0.687s] -- Installing: /home/andrea/dobot_v3/install/nova5_moveit/share/nova5_moveit/environment/path.sh
[0.688s] -- Installing: /home/andrea/dobot_v3/install/nova5_moveit/share/nova5_moveit/environment/path.dsv
[0.688s] -- Installing: /home/andrea/dobot_v3/install/nova5_moveit/share/nova5_moveit/local_setup.bash
[0.688s] -- Installing: /home/andrea/dobot_v3/install/nova5_moveit/share/nova5_moveit/local_setup.sh
[0.688s] -- Installing: /home/andrea/dobot_v3/install/nova5_moveit/share/nova5_moveit/local_setup.zsh
[0.688s] -- Installing: /home/andrea/dobot_v3/install/nova5_moveit/share/nova5_moveit/local_setup.dsv
[0.688s] -- Installing: /home/andrea/dobot_v3/install/nova5_moveit/share/nova5_moveit/package.dsv
[0.688s] -- Installing: /home/andrea/dobot_v3/install/nova5_moveit/share/ament_index/resource_index/packages/nova5_moveit
[0.689s] -- Installing: /home/andrea/dobot_v3/install/nova5_moveit/share/nova5_moveit/cmake/nova5_moveitConfig.cmake
[0.689s] -- Installing: /home/andrea/dobot_v3/install/nova5_moveit/share/nova5_moveit/cmake/nova5_moveitConfig-version.cmake
[0.689s] -- Installing: /home/andrea/dobot_v3/install/nova5_moveit/share/nova5_moveit/package.xml
[0.689s] -- Installing: /home/andrea/dobot_v3/install/nova5_moveit/share/nova5_moveit/launch
[0.689s] -- Installing: /home/andrea/dobot_v3/install/nova5_moveit/share/nova5_moveit/launch/static_virtual_joint_tfs.launch.py
[0.689s] -- Installing: /home/andrea/dobot_v3/install/nova5_moveit/share/nova5_moveit/launch/move_group.launch.py
[0.689s] -- Installing: /home/andrea/dobot_v3/install/nova5_moveit/share/nova5_moveit/launch/setup_assistant.launch.py
[0.689s] -- Installing: /home/andrea/dobot_v3/install/nova5_moveit/share/nova5_moveit/launch/demo.launch.py
[0.690s] -- Installing: /home/andrea/dobot_v3/install/nova5_moveit/share/nova5_moveit/launch/moveit_rviz.launch.py
[0.690s] -- Installing: /home/andrea/dobot_v3/install/nova5_moveit/share/nova5_moveit/launch/spawn_controllers.launch.py
[0.690s] -- Installing: /home/andrea/dobot_v3/install/nova5_moveit/share/nova5_moveit/launch/warehouse_db.launch.py
[0.690s] -- Installing: /home/andrea/dobot_v3/install/nova5_moveit/share/nova5_moveit/launch/rsp.launch.py
[0.690s] -- Installing: /home/andrea/dobot_v3/install/nova5_moveit/share/nova5_moveit/config
[0.690s] -- Installing: /home/andrea/dobot_v3/install/nova5_moveit/share/nova5_moveit/config/ros2_controllers.yaml
[0.690s] -- Installing: /home/andrea/dobot_v3/install/nova5_moveit/share/nova5_moveit/config/joint_limits.yaml
[0.691s] -- Installing: /home/andrea/dobot_v3/install/nova5_moveit/share/nova5_moveit/config/initial_positions.yaml
[0.691s] -- Installing: /home/andrea/dobot_v3/install/nova5_moveit/share/nova5_moveit/config/nova5_robot.srdf
[0.691s] -- Installing: /home/andrea/dobot_v3/install/nova5_moveit/share/nova5_moveit/config/kinematics.yaml
[0.691s] -- Installing: /home/andrea/dobot_v3/install/nova5_moveit/share/nova5_moveit/config/moveit_controllers.yaml
[0.691s] -- Installing: /home/andrea/dobot_v3/install/nova5_moveit/share/nova5_moveit/config/pilz_cartesian_limits.yaml
[0.691s] -- Installing: /home/andrea/dobot_v3/install/nova5_moveit/share/nova5_moveit/config/nova5_robot.ros2_control.xacro
[0.691s] -- Installing: /home/andrea/dobot_v3/install/nova5_moveit/share/nova5_moveit/config/nova5_robot.urdf.xacro
[0.691s] -- Installing: /home/andrea/dobot_v3/install/nova5_moveit/share/nova5_moveit/config/moveit.rviz
[0.692s] -- Installing: /home/andrea/dobot_v3/install/nova5_moveit/share/nova5_moveit/.setup_assistant
[0.694s] Invoked command in '/home/andrea/dobot_v3/build/nova5_moveit' returned '0': CMAKE_PREFIX_PATH=/home/andrea/dobot_v3/install/dobot_rviz:/home/andrea/dobot_v3/install/nova5_moveit:/home/andrea/dobot_v3/install/nova2_moveit:/home/andrea/dobot_v3/install/cr7_moveit:/home/andrea/dobot_v3/install/cr5_moveit:/home/andrea/dobot_v3/install/cr3_moveit:/home/andrea/dobot_v3/install/cr16_moveit:/home/andrea/dobot_v3/install/cr12_moveit:/home/andrea/dobot_v3/install/cr10_moveit:/home/andrea/dobot_v3/install/dobot_msgs_v3:/home/andrea/dobot_v3/install/dobot_gazebo:/home/andrea/dobot_v3/install/cra_description:/home/andrea/dobot_v3/install/cr5_moveit_cpp_demo:/home/andrea/dobot_v3/install/servo_action:/home/andrea/dobot_v3/install/dobot_bringup_v3:/home/andrea/dobot_v3/install/dobot_moveit:/home/andrea/dobot_v3/install/dobot_demo:/opt/ros/humble /usr/bin/cmake --install /home/andrea/dobot_v3/build/nova5_moveit
