[0.032s] Invoking command in '/home/andrea/dobot_v3/build/custom_messages': CMAKE_PREFIX_PATH=${CMAKE_PREFIX_PATH}:/home/andrea/dobot_v3/install/servo_action:/home/andrea/dobot_v3/install/dobot_bringup_v3:/home/andrea/dobot_v3/install/dobot_moveit:/home/andrea/dobot_v3/install/dobot_demo:/opt/ros/humble /usr/bin/cmake --build /home/andrea/dobot_v3/build/custom_messages -- -j12 -l12
[0.433s] [  1%] Built target custom_messages__cpp
[0.433s] [ 12%] Built target custom_messages__rosidl_generator_c
[0.433s] [ 12%] Built target ament_cmake_python_copy_custom_messages
[0.433s] [ 23%] Built target custom_messages__rosidl_typesupport_introspection_cpp
[0.433s] [ 35%] Built target custom_messages__rosidl_typesupport_cpp
[0.433s] [ 46%] Built target custom_messages__rosidl_typesupport_fastrtps_cpp
[0.433s] [ 69%] Built target custom_messages__rosidl_typesupport_introspection_c
[0.433s] [ 69%] Built target custom_messages__rosidl_typesupport_c
[0.433s] [ 80%] Built target custom_messages__rosidl_typesupport_fastrtps_c
[0.433s] [ 80%] Built target custom_messages
[0.433s] [ 81%] Built target custom_messages__py
[0.433s] [ 91%] Built target custom_messages__rosidl_generator_py
[0.433s] [ 94%] Built target custom_messages__rosidl_typesupport_fastrtps_c__pyext
[0.433s] [100%] Built target custom_messages__rosidl_typesupport_introspection_c__pyext
[0.433s] [100%] Built target custom_messages__rosidl_typesupport_c__pyext
[0.434s] running egg_info
[0.434s] writing custom_messages.egg-info/PKG-INFO
[0.434s] writing dependency_links to custom_messages.egg-info/dependency_links.txt
[0.434s] writing top-level names to custom_messages.egg-info/top_level.txt
[0.434s] reading manifest file 'custom_messages.egg-info/SOURCES.txt'
[0.435s] writing manifest file 'custom_messages.egg-info/SOURCES.txt'
[0.438s] [100%] Built target ament_cmake_python_build_custom_messages_egg
[0.658s] Invoked command in '/home/andrea/dobot_v3/build/custom_messages' returned '0': CMAKE_PREFIX_PATH=${CMAKE_PREFIX_PATH}:/home/andrea/dobot_v3/install/servo_action:/home/andrea/dobot_v3/install/dobot_bringup_v3:/home/andrea/dobot_v3/install/dobot_moveit:/home/andrea/dobot_v3/install/dobot_demo:/opt/ros/humble /usr/bin/cmake --build /home/andrea/dobot_v3/build/custom_messages -- -j12 -l12
[0.678s] Invoking command in '/home/andrea/dobot_v3/build/custom_messages': CMAKE_PREFIX_PATH=${CMAKE_PREFIX_PATH}:/home/andrea/dobot_v3/install/servo_action:/home/andrea/dobot_v3/install/dobot_bringup_v3:/home/andrea/dobot_v3/install/dobot_moveit:/home/andrea/dobot_v3/install/dobot_demo:/opt/ros/humble /usr/bin/cmake --install /home/andrea/dobot_v3/build/custom_messages
[0.680s] -- Install configuration: ""
[0.680s] -- Up-to-date: /home/andrea/dobot_v3/install/custom_messages/share/ament_index/resource_index/rosidl_interfaces/custom_messages
[0.681s] -- Up-to-date: /home/andrea/dobot_v3/install/custom_messages/include/custom_messages/custom_messages
[0.681s] -- Up-to-date: /home/andrea/dobot_v3/install/custom_messages/include/custom_messages/custom_messages/msg
[0.682s] -- Up-to-date: /home/andrea/dobot_v3/install/custom_messages/include/custom_messages/custom_messages/msg/circumference.h
[0.682s] -- Up-to-date: /home/andrea/dobot_v3/install/custom_messages/include/custom_messages/custom_messages/msg/detail
[0.682s] -- Up-to-date: /home/andrea/dobot_v3/install/custom_messages/include/custom_messages/custom_messages/msg/detail/point__functions.c
[0.682s] -- Up-to-date: /home/andrea/dobot_v3/install/custom_messages/include/custom_messages/custom_messages/msg/detail/circumference__functions.h
[0.682s] -- Up-to-date: /home/andrea/dobot_v3/install/custom_messages/include/custom_messages/custom_messages/msg/detail/optimal_point__functions.c
[0.683s] -- Up-to-date: /home/andrea/dobot_v3/install/custom_messages/include/custom_messages/custom_messages/msg/detail/optimal_point__type_support.h
[0.683s] -- Up-to-date: /home/andrea/dobot_v3/install/custom_messages/include/custom_messages/custom_messages/msg/detail/optimal_point__functions.h
[0.683s] -- Up-to-date: /home/andrea/dobot_v3/install/custom_messages/include/custom_messages/custom_messages/msg/detail/point__type_support.h
[0.683s] -- Up-to-date: /home/andrea/dobot_v3/install/custom_messages/include/custom_messages/custom_messages/msg/detail/object__struct.h
[0.683s] -- Up-to-date: /home/andrea/dobot_v3/install/custom_messages/include/custom_messages/custom_messages/msg/detail/point__functions.h
[0.683s] -- Up-to-date: /home/andrea/dobot_v3/install/custom_messages/include/custom_messages/custom_messages/msg/detail/object__functions.c
[0.684s] -- Up-to-date: /home/andrea/dobot_v3/install/custom_messages/include/custom_messages/custom_messages/msg/detail/map__functions.c
[0.684s] -- Up-to-date: /home/andrea/dobot_v3/install/custom_messages/include/custom_messages/custom_messages/msg/detail/map__struct.h
[0.684s] -- Up-to-date: /home/andrea/dobot_v3/install/custom_messages/include/custom_messages/custom_messages/msg/detail/bounding_box__functions.c
[0.684s] -- Up-to-date: /home/andrea/dobot_v3/install/custom_messages/include/custom_messages/custom_messages/msg/detail/bounding_box__type_support.h
[0.685s] -- Up-to-date: /home/andrea/dobot_v3/install/custom_messages/include/custom_messages/custom_messages/msg/detail/bounding_box__struct.h
[0.685s] -- Up-to-date: /home/andrea/dobot_v3/install/custom_messages/include/custom_messages/custom_messages/msg/detail/object__functions.h
[0.686s] -- Up-to-date: /home/andrea/dobot_v3/install/custom_messages/include/custom_messages/custom_messages/msg/detail/circumference__struct.h
[0.687s] -- Up-to-date: /home/andrea/dobot_v3/install/custom_messages/include/custom_messages/custom_messages/msg/detail/optimal_point__struct.h
[0.688s] -- Up-to-date: /home/andrea/dobot_v3/install/custom_messages/include/custom_messages/custom_messages/msg/detail/bounding_box__functions.h
[0.688s] -- Up-to-date: /home/andrea/dobot_v3/install/custom_messages/include/custom_messages/custom_messages/msg/detail/circumference__functions.c
[0.688s] -- Up-to-date: /home/andrea/dobot_v3/install/custom_messages/include/custom_messages/custom_messages/msg/detail/point__struct.h
[0.688s] -- Up-to-date: /home/andrea/dobot_v3/install/custom_messages/include/custom_messages/custom_messages/msg/detail/map__functions.h
[0.689s] -- Up-to-date: /home/andrea/dobot_v3/install/custom_messages/include/custom_messages/custom_messages/msg/detail/circumference__type_support.h
[0.689s] -- Up-to-date: /home/andrea/dobot_v3/install/custom_messages/include/custom_messages/custom_messages/msg/detail/object__type_support.h
[0.689s] -- Up-to-date: /home/andrea/dobot_v3/install/custom_messages/include/custom_messages/custom_messages/msg/detail/map__type_support.h
[0.689s] -- Up-to-date: /home/andrea/dobot_v3/install/custom_messages/include/custom_messages/custom_messages/msg/point.h
[0.690s] -- Up-to-date: /home/andrea/dobot_v3/install/custom_messages/include/custom_messages/custom_messages/msg/object.h
[0.690s] -- Up-to-date: /home/andrea/dobot_v3/install/custom_messages/include/custom_messages/custom_messages/msg/optimal_point.h
[0.690s] -- Up-to-date: /home/andrea/dobot_v3/install/custom_messages/include/custom_messages/custom_messages/msg/rosidl_generator_c__visibility_control.h
[0.690s] -- Up-to-date: /home/andrea/dobot_v3/install/custom_messages/include/custom_messages/custom_messages/msg/bounding_box.h
[0.690s] -- Up-to-date: /home/andrea/dobot_v3/install/custom_messages/include/custom_messages/custom_messages/msg/map.h
[0.691s] -- Up-to-date: /home/andrea/dobot_v3/install/custom_messages/share/custom_messages/environment/library_path.sh
[0.691s] -- Up-to-date: /home/andrea/dobot_v3/install/custom_messages/share/custom_messages/environment/library_path.dsv
[0.692s] -- Up-to-date: /home/andrea/dobot_v3/install/custom_messages/lib/libcustom_messages__rosidl_generator_c.so
[0.692s] -- Up-to-date: /home/andrea/dobot_v3/install/custom_messages/include/custom_messages/custom_messages
[0.692s] -- Up-to-date: /home/andrea/dobot_v3/install/custom_messages/include/custom_messages/custom_messages/msg
[0.693s] -- Up-to-date: /home/andrea/dobot_v3/install/custom_messages/include/custom_messages/custom_messages/msg/detail
[0.693s] -- Up-to-date: /home/andrea/dobot_v3/install/custom_messages/include/custom_messages/custom_messages/msg/detail/bounding_box__rosidl_typesupport_fastrtps_c.h
[0.693s] -- Up-to-date: /home/andrea/dobot_v3/install/custom_messages/include/custom_messages/custom_messages/msg/detail/object__rosidl_typesupport_fastrtps_c.h
[0.694s] -- Up-to-date: /home/andrea/dobot_v3/install/custom_messages/include/custom_messages/custom_messages/msg/detail/optimal_point__rosidl_typesupport_fastrtps_c.h
[0.694s] -- Up-to-date: /home/andrea/dobot_v3/install/custom_messages/include/custom_messages/custom_messages/msg/detail/circumference__rosidl_typesupport_fastrtps_c.h
[0.694s] -- Up-to-date: /home/andrea/dobot_v3/install/custom_messages/include/custom_messages/custom_messages/msg/detail/map__rosidl_typesupport_fastrtps_c.h
[0.694s] -- Up-to-date: /home/andrea/dobot_v3/install/custom_messages/include/custom_messages/custom_messages/msg/detail/point__rosidl_typesupport_fastrtps_c.h
[0.695s] -- Up-to-date: /home/andrea/dobot_v3/install/custom_messages/include/custom_messages/custom_messages/msg/rosidl_typesupport_fastrtps_c__visibility_control.h
[0.696s] -- Up-to-date: /home/andrea/dobot_v3/install/custom_messages/lib/libcustom_messages__rosidl_typesupport_fastrtps_c.so
[0.696s] -- Up-to-date: /home/andrea/dobot_v3/install/custom_messages/include/custom_messages/custom_messages
[0.696s] -- Up-to-date: /home/andrea/dobot_v3/install/custom_messages/include/custom_messages/custom_messages/msg
[0.697s] -- Up-to-date: /home/andrea/dobot_v3/install/custom_messages/include/custom_messages/custom_messages/msg/point.hpp
[0.698s] -- Up-to-date: /home/andrea/dobot_v3/install/custom_messages/include/custom_messages/custom_messages/msg/detail
[0.699s] -- Up-to-date: /home/andrea/dobot_v3/install/custom_messages/include/custom_messages/custom_messages/msg/detail/optimal_point__struct.hpp
[0.699s] -- Up-to-date: /home/andrea/dobot_v3/install/custom_messages/include/custom_messages/custom_messages/msg/detail/object__type_support.hpp
[0.700s] -- Up-to-date: /home/andrea/dobot_v3/install/custom_messages/include/custom_messages/custom_messages/msg/detail/map__type_support.hpp
[0.700s] -- Up-to-date: /home/andrea/dobot_v3/install/custom_messages/include/custom_messages/custom_messages/msg/detail/point__traits.hpp
[0.701s] -- Up-to-date: /home/andrea/dobot_v3/install/custom_messages/include/custom_messages/custom_messages/msg/detail/bounding_box__builder.hpp
[0.702s] -- Up-to-date: /home/andrea/dobot_v3/install/custom_messages/include/custom_messages/custom_messages/msg/detail/bounding_box__struct.hpp
[0.703s] -- Up-to-date: /home/andrea/dobot_v3/install/custom_messages/include/custom_messages/custom_messages/msg/detail/point__type_support.hpp
[0.704s] -- Up-to-date: /home/andrea/dobot_v3/install/custom_messages/include/custom_messages/custom_messages/msg/detail/circumference__builder.hpp
[0.704s] -- Up-to-date: /home/andrea/dobot_v3/install/custom_messages/include/custom_messages/custom_messages/msg/detail/point__builder.hpp
[0.704s] -- Up-to-date: /home/andrea/dobot_v3/install/custom_messages/include/custom_messages/custom_messages/msg/detail/bounding_box__type_support.hpp
[0.704s] -- Up-to-date: /home/andrea/dobot_v3/install/custom_messages/include/custom_messages/custom_messages/msg/detail/map__traits.hpp
[0.704s] -- Up-to-date: /home/andrea/dobot_v3/install/custom_messages/include/custom_messages/custom_messages/msg/detail/object__traits.hpp
[0.704s] -- Up-to-date: /home/andrea/dobot_v3/install/custom_messages/include/custom_messages/custom_messages/msg/detail/optimal_point__builder.hpp
[0.705s] -- Up-to-date: /home/andrea/dobot_v3/install/custom_messages/include/custom_messages/custom_messages/msg/detail/map__struct.hpp
[0.705s] -- Up-to-date: /home/andrea/dobot_v3/install/custom_messages/include/custom_messages/custom_messages/msg/detail/circumference__struct.hpp
[0.706s] -- Up-to-date: /home/andrea/dobot_v3/install/custom_messages/include/custom_messages/custom_messages/msg/detail/circumference__traits.hpp
[0.707s] -- Up-to-date: /home/andrea/dobot_v3/install/custom_messages/include/custom_messages/custom_messages/msg/detail/map__builder.hpp
[0.707s] -- Up-to-date: /home/andrea/dobot_v3/install/custom_messages/include/custom_messages/custom_messages/msg/detail/bounding_box__traits.hpp
[0.707s] -- Up-to-date: /home/andrea/dobot_v3/install/custom_messages/include/custom_messages/custom_messages/msg/detail/optimal_point__type_support.hpp
[0.708s] -- Up-to-date: /home/andrea/dobot_v3/install/custom_messages/include/custom_messages/custom_messages/msg/detail/circumference__type_support.hpp
[0.708s] -- Up-to-date: /home/andrea/dobot_v3/install/custom_messages/include/custom_messages/custom_messages/msg/detail/object__builder.hpp
[0.708s] -- Up-to-date: /home/andrea/dobot_v3/install/custom_messages/include/custom_messages/custom_messages/msg/detail/point__struct.hpp
[0.708s] -- Up-to-date: /home/andrea/dobot_v3/install/custom_messages/include/custom_messages/custom_messages/msg/detail/object__struct.hpp
[0.708s] -- Up-to-date: /home/andrea/dobot_v3/install/custom_messages/include/custom_messages/custom_messages/msg/detail/optimal_point__traits.hpp
[0.708s] -- Up-to-date: /home/andrea/dobot_v3/install/custom_messages/include/custom_messages/custom_messages/msg/bounding_box.hpp
[0.709s] -- Up-to-date: /home/andrea/dobot_v3/install/custom_messages/include/custom_messages/custom_messages/msg/rosidl_generator_cpp__visibility_control.hpp
[0.709s] -- Up-to-date: /home/andrea/dobot_v3/install/custom_messages/include/custom_messages/custom_messages/msg/object.hpp
[0.709s] -- Up-to-date: /home/andrea/dobot_v3/install/custom_messages/include/custom_messages/custom_messages/msg/map.hpp
[0.709s] -- Up-to-date: /home/andrea/dobot_v3/install/custom_messages/include/custom_messages/custom_messages/msg/optimal_point.hpp
[0.709s] -- Up-to-date: /home/andrea/dobot_v3/install/custom_messages/include/custom_messages/custom_messages/msg/circumference.hpp
[0.709s] -- Up-to-date: /home/andrea/dobot_v3/install/custom_messages/include/custom_messages/custom_messages
[0.710s] -- Up-to-date: /home/andrea/dobot_v3/install/custom_messages/include/custom_messages/custom_messages/msg
[0.710s] -- Up-to-date: /home/andrea/dobot_v3/install/custom_messages/include/custom_messages/custom_messages/msg/detail
[0.710s] -- Up-to-date: /home/andrea/dobot_v3/install/custom_messages/include/custom_messages/custom_messages/msg/detail/object__rosidl_typesupport_fastrtps_cpp.hpp
[0.710s] -- Up-to-date: /home/andrea/dobot_v3/install/custom_messages/include/custom_messages/custom_messages/msg/detail/map__rosidl_typesupport_fastrtps_cpp.hpp
[0.710s] -- Up-to-date: /home/andrea/dobot_v3/install/custom_messages/include/custom_messages/custom_messages/msg/detail/circumference__rosidl_typesupport_fastrtps_cpp.hpp
[0.710s] -- Up-to-date: /home/andrea/dobot_v3/install/custom_messages/include/custom_messages/custom_messages/msg/detail/optimal_point__rosidl_typesupport_fastrtps_cpp.hpp
[0.710s] -- Up-to-date: /home/andrea/dobot_v3/install/custom_messages/include/custom_messages/custom_messages/msg/detail/point__rosidl_typesupport_fastrtps_cpp.hpp
[0.710s] -- Up-to-date: /home/andrea/dobot_v3/install/custom_messages/include/custom_messages/custom_messages/msg/detail/dds_fastrtps
[0.711s] -- Up-to-date: /home/andrea/dobot_v3/install/custom_messages/include/custom_messages/custom_messages/msg/detail/bounding_box__rosidl_typesupport_fastrtps_cpp.hpp
[0.711s] -- Up-to-date: /home/andrea/dobot_v3/install/custom_messages/include/custom_messages/custom_messages/msg/rosidl_typesupport_fastrtps_cpp__visibility_control.h
[0.711s] -- Up-to-date: /home/andrea/dobot_v3/install/custom_messages/lib/libcustom_messages__rosidl_typesupport_fastrtps_cpp.so
[0.712s] -- Up-to-date: /home/andrea/dobot_v3/install/custom_messages/include/custom_messages/custom_messages
[0.712s] -- Up-to-date: /home/andrea/dobot_v3/install/custom_messages/include/custom_messages/custom_messages/msg
[0.712s] -- Up-to-date: /home/andrea/dobot_v3/install/custom_messages/include/custom_messages/custom_messages/msg/detail
[0.712s] -- Up-to-date: /home/andrea/dobot_v3/install/custom_messages/include/custom_messages/custom_messages/msg/detail/optimal_point__rosidl_typesupport_introspection_c.h
[0.712s] -- Up-to-date: /home/andrea/dobot_v3/install/custom_messages/include/custom_messages/custom_messages/msg/detail/object__type_support.c
[0.712s] -- Up-to-date: /home/andrea/dobot_v3/install/custom_messages/include/custom_messages/custom_messages/msg/detail/map__type_support.c
[0.712s] -- Up-to-date: /home/andrea/dobot_v3/install/custom_messages/include/custom_messages/custom_messages/msg/detail/bounding_box__type_support.c
[0.712s] -- Up-to-date: /home/andrea/dobot_v3/install/custom_messages/include/custom_messages/custom_messages/msg/detail/map__rosidl_typesupport_introspection_c.h
[0.712s] -- Up-to-date: /home/andrea/dobot_v3/install/custom_messages/include/custom_messages/custom_messages/msg/detail/optimal_point__type_support.c
[0.712s] -- Up-to-date: /home/andrea/dobot_v3/install/custom_messages/include/custom_messages/custom_messages/msg/detail/bounding_box__rosidl_typesupport_introspection_c.h
[0.712s] -- Up-to-date: /home/andrea/dobot_v3/install/custom_messages/include/custom_messages/custom_messages/msg/detail/point__type_support.c
[0.712s] -- Up-to-date: /home/andrea/dobot_v3/install/custom_messages/include/custom_messages/custom_messages/msg/detail/circumference__rosidl_typesupport_introspection_c.h
[0.712s] -- Up-to-date: /home/andrea/dobot_v3/install/custom_messages/include/custom_messages/custom_messages/msg/detail/object__rosidl_typesupport_introspection_c.h
[0.713s] -- Up-to-date: /home/andrea/dobot_v3/install/custom_messages/include/custom_messages/custom_messages/msg/detail/point__rosidl_typesupport_introspection_c.h
[0.713s] -- Up-to-date: /home/andrea/dobot_v3/install/custom_messages/include/custom_messages/custom_messages/msg/detail/circumference__type_support.c
[0.713s] -- Up-to-date: /home/andrea/dobot_v3/install/custom_messages/include/custom_messages/custom_messages/msg/rosidl_typesupport_introspection_c__visibility_control.h
[0.713s] -- Up-to-date: /home/andrea/dobot_v3/install/custom_messages/lib/libcustom_messages__rosidl_typesupport_introspection_c.so
[0.713s] -- Up-to-date: /home/andrea/dobot_v3/install/custom_messages/lib/libcustom_messages__rosidl_typesupport_c.so
[0.714s] -- Up-to-date: /home/andrea/dobot_v3/install/custom_messages/include/custom_messages/custom_messages
[0.714s] -- Up-to-date: /home/andrea/dobot_v3/install/custom_messages/include/custom_messages/custom_messages/msg
[0.714s] -- Up-to-date: /home/andrea/dobot_v3/install/custom_messages/include/custom_messages/custom_messages/msg/detail
[0.714s] -- Up-to-date: /home/andrea/dobot_v3/install/custom_messages/include/custom_messages/custom_messages/msg/detail/object__type_support.cpp
[0.714s] -- Up-to-date: /home/andrea/dobot_v3/install/custom_messages/include/custom_messages/custom_messages/msg/detail/optimal_point__rosidl_typesupport_introspection_cpp.hpp
[0.714s] -- Up-to-date: /home/andrea/dobot_v3/install/custom_messages/include/custom_messages/custom_messages/msg/detail/point__type_support.cpp
[0.714s] -- Up-to-date: /home/andrea/dobot_v3/install/custom_messages/include/custom_messages/custom_messages/msg/detail/point__rosidl_typesupport_introspection_cpp.hpp
[0.714s] -- Up-to-date: /home/andrea/dobot_v3/install/custom_messages/include/custom_messages/custom_messages/msg/detail/bounding_box__rosidl_typesupport_introspection_cpp.hpp
[0.715s] -- Up-to-date: /home/andrea/dobot_v3/install/custom_messages/include/custom_messages/custom_messages/msg/detail/bounding_box__type_support.cpp
[0.715s] -- Up-to-date: /home/andrea/dobot_v3/install/custom_messages/include/custom_messages/custom_messages/msg/detail/object__rosidl_typesupport_introspection_cpp.hpp
[0.716s] -- Up-to-date: /home/andrea/dobot_v3/install/custom_messages/include/custom_messages/custom_messages/msg/detail/optimal_point__type_support.cpp
[0.717s] -- Up-to-date: /home/andrea/dobot_v3/install/custom_messages/include/custom_messages/custom_messages/msg/detail/circumference__type_support.cpp
[0.717s] -- Up-to-date: /home/andrea/dobot_v3/install/custom_messages/include/custom_messages/custom_messages/msg/detail/map__type_support.cpp
[0.717s] -- Up-to-date: /home/andrea/dobot_v3/install/custom_messages/include/custom_messages/custom_messages/msg/detail/circumference__rosidl_typesupport_introspection_cpp.hpp
[0.718s] -- Up-to-date: /home/andrea/dobot_v3/install/custom_messages/include/custom_messages/custom_messages/msg/detail/map__rosidl_typesupport_introspection_cpp.hpp
[0.718s] -- Up-to-date: /home/andrea/dobot_v3/install/custom_messages/lib/libcustom_messages__rosidl_typesupport_introspection_cpp.so
[0.718s] -- Up-to-date: /home/andrea/dobot_v3/install/custom_messages/lib/libcustom_messages__rosidl_typesupport_cpp.so
[0.719s] -- Up-to-date: /home/andrea/dobot_v3/install/custom_messages/share/custom_messages/environment/pythonpath.sh
[0.719s] -- Up-to-date: /home/andrea/dobot_v3/install/custom_messages/share/custom_messages/environment/pythonpath.dsv
[0.719s] -- Up-to-date: /home/andrea/dobot_v3/install/custom_messages/local/lib/python3.10/dist-packages/custom_messages-0.0.0-py3.10.egg-info
[0.719s] -- Installing: /home/andrea/dobot_v3/install/custom_messages/local/lib/python3.10/dist-packages/custom_messages-0.0.0-py3.10.egg-info/PKG-INFO
[0.719s] -- Installing: /home/andrea/dobot_v3/install/custom_messages/local/lib/python3.10/dist-packages/custom_messages-0.0.0-py3.10.egg-info/top_level.txt
[0.719s] -- Installing: /home/andrea/dobot_v3/install/custom_messages/local/lib/python3.10/dist-packages/custom_messages-0.0.0-py3.10.egg-info/SOURCES.txt
[0.719s] -- Installing: /home/andrea/dobot_v3/install/custom_messages/local/lib/python3.10/dist-packages/custom_messages-0.0.0-py3.10.egg-info/dependency_links.txt
[0.719s] -- Up-to-date: /home/andrea/dobot_v3/install/custom_messages/local/lib/python3.10/dist-packages/custom_messages
[0.719s] -- Up-to-date: /home/andrea/dobot_v3/install/custom_messages/local/lib/python3.10/dist-packages/custom_messages/_custom_messages_s.ep.rosidl_typesupport_c.c
[0.719s] -- Up-to-date: /home/andrea/dobot_v3/install/custom_messages/local/lib/python3.10/dist-packages/custom_messages/custom_messages_s__rosidl_typesupport_introspection_c.cpython-310-x86_64-linux-gnu.so
[0.719s] -- Up-to-date: /home/andrea/dobot_v3/install/custom_messages/local/lib/python3.10/dist-packages/custom_messages/libcustom_messages__rosidl_generator_py.so
[0.719s] -- Up-to-date: /home/andrea/dobot_v3/install/custom_messages/local/lib/python3.10/dist-packages/custom_messages/msg
[0.719s] -- Up-to-date: /home/andrea/dobot_v3/install/custom_messages/local/lib/python3.10/dist-packages/custom_messages/msg/_optimal_point.py
[0.719s] -- Up-to-date: /home/andrea/dobot_v3/install/custom_messages/local/lib/python3.10/dist-packages/custom_messages/msg/_circumference_s.c
[0.720s] -- Up-to-date: /home/andrea/dobot_v3/install/custom_messages/local/lib/python3.10/dist-packages/custom_messages/msg/_circumference.py
[0.720s] -- Up-to-date: /home/andrea/dobot_v3/install/custom_messages/local/lib/python3.10/dist-packages/custom_messages/msg/_object_s.c
[0.720s] -- Up-to-date: /home/andrea/dobot_v3/install/custom_messages/local/lib/python3.10/dist-packages/custom_messages/msg/_map_s.c
[0.720s] -- Up-to-date: /home/andrea/dobot_v3/install/custom_messages/local/lib/python3.10/dist-packages/custom_messages/msg/_object.py
[0.720s] -- Up-to-date: /home/andrea/dobot_v3/install/custom_messages/local/lib/python3.10/dist-packages/custom_messages/msg/_point.py
[0.720s] -- Up-to-date: /home/andrea/dobot_v3/install/custom_messages/local/lib/python3.10/dist-packages/custom_messages/msg/_point_s.c
[0.720s] -- Up-to-date: /home/andrea/dobot_v3/install/custom_messages/local/lib/python3.10/dist-packages/custom_messages/msg/_map.py
[0.720s] -- Up-to-date: /home/andrea/dobot_v3/install/custom_messages/local/lib/python3.10/dist-packages/custom_messages/msg/_optimal_point_s.c
[0.720s] -- Up-to-date: /home/andrea/dobot_v3/install/custom_messages/local/lib/python3.10/dist-packages/custom_messages/msg/_bounding_box.py
[0.720s] -- Up-to-date: /home/andrea/dobot_v3/install/custom_messages/local/lib/python3.10/dist-packages/custom_messages/msg/_bounding_box_s.c
[0.720s] -- Up-to-date: /home/andrea/dobot_v3/install/custom_messages/local/lib/python3.10/dist-packages/custom_messages/msg/__init__.py
[0.720s] -- Up-to-date: /home/andrea/dobot_v3/install/custom_messages/local/lib/python3.10/dist-packages/custom_messages/_custom_messages_s.ep.rosidl_typesupport_introspection_c.c
[0.720s] -- Up-to-date: /home/andrea/dobot_v3/install/custom_messages/local/lib/python3.10/dist-packages/custom_messages/custom_messages_s__rosidl_typesupport_fastrtps_c.cpython-310-x86_64-linux-gnu.so
[0.720s] -- Up-to-date: /home/andrea/dobot_v3/install/custom_messages/local/lib/python3.10/dist-packages/custom_messages/custom_messages_s__rosidl_typesupport_c.cpython-310-x86_64-linux-gnu.so
[0.721s] -- Up-to-date: /home/andrea/dobot_v3/install/custom_messages/local/lib/python3.10/dist-packages/custom_messages/__init__.py
[0.721s] -- Up-to-date: /home/andrea/dobot_v3/install/custom_messages/local/lib/python3.10/dist-packages/custom_messages/_custom_messages_s.ep.rosidl_typesupport_fastrtps_c.c
[0.764s] Listing '/home/andrea/dobot_v3/install/custom_messages/local/lib/python3.10/dist-packages/custom_messages'...
[0.764s] Listing '/home/andrea/dobot_v3/install/custom_messages/local/lib/python3.10/dist-packages/custom_messages/msg'...
[0.769s] -- Up-to-date: /home/andrea/dobot_v3/install/custom_messages/local/lib/python3.10/dist-packages/custom_messages/custom_messages_s__rosidl_typesupport_fastrtps_c.cpython-310-x86_64-linux-gnu.so
[0.770s] -- Up-to-date: /home/andrea/dobot_v3/install/custom_messages/local/lib/python3.10/dist-packages/custom_messages/custom_messages_s__rosidl_typesupport_introspection_c.cpython-310-x86_64-linux-gnu.so
[0.770s] -- Up-to-date: /home/andrea/dobot_v3/install/custom_messages/local/lib/python3.10/dist-packages/custom_messages/custom_messages_s__rosidl_typesupport_c.cpython-310-x86_64-linux-gnu.so
[0.771s] -- Up-to-date: /home/andrea/dobot_v3/install/custom_messages/lib/libcustom_messages__rosidl_generator_py.so
[0.771s] -- Up-to-date: /home/andrea/dobot_v3/install/custom_messages/share/custom_messages/msg/BoundingBox.idl
[0.771s] -- Up-to-date: /home/andrea/dobot_v3/install/custom_messages/share/custom_messages/msg/Circumference.idl
[0.771s] -- Up-to-date: /home/andrea/dobot_v3/install/custom_messages/share/custom_messages/msg/Map.idl
[0.771s] -- Up-to-date: /home/andrea/dobot_v3/install/custom_messages/share/custom_messages/msg/Object.idl
[0.771s] -- Up-to-date: /home/andrea/dobot_v3/install/custom_messages/share/custom_messages/msg/OptimalPoint.idl
[0.771s] -- Up-to-date: /home/andrea/dobot_v3/install/custom_messages/share/custom_messages/msg/Point.idl
[0.772s] -- Up-to-date: /home/andrea/dobot_v3/install/custom_messages/share/custom_messages/msg/BoundingBox.msg
[0.772s] -- Up-to-date: /home/andrea/dobot_v3/install/custom_messages/share/custom_messages/msg/Circumference.msg
[0.772s] -- Up-to-date: /home/andrea/dobot_v3/install/custom_messages/share/custom_messages/msg/Map.msg
[0.772s] -- Up-to-date: /home/andrea/dobot_v3/install/custom_messages/share/custom_messages/msg/Object.msg
[0.772s] -- Up-to-date: /home/andrea/dobot_v3/install/custom_messages/share/custom_messages/msg/OptimalPoint.msg
[0.773s] -- Up-to-date: /home/andrea/dobot_v3/install/custom_messages/share/custom_messages/msg/Point.msg
[0.773s] -- Up-to-date: /home/andrea/dobot_v3/install/custom_messages/share/ament_index/resource_index/package_run_dependencies/custom_messages
[0.773s] -- Up-to-date: /home/andrea/dobot_v3/install/custom_messages/share/ament_index/resource_index/parent_prefix_path/custom_messages
[0.774s] -- Up-to-date: /home/andrea/dobot_v3/install/custom_messages/share/custom_messages/environment/ament_prefix_path.sh
[0.774s] -- Up-to-date: /home/andrea/dobot_v3/install/custom_messages/share/custom_messages/environment/ament_prefix_path.dsv
[0.774s] -- Up-to-date: /home/andrea/dobot_v3/install/custom_messages/share/custom_messages/environment/path.sh
[0.774s] -- Up-to-date: /home/andrea/dobot_v3/install/custom_messages/share/custom_messages/environment/path.dsv
[0.774s] -- Up-to-date: /home/andrea/dobot_v3/install/custom_messages/share/custom_messages/local_setup.bash
[0.774s] -- Up-to-date: /home/andrea/dobot_v3/install/custom_messages/share/custom_messages/local_setup.sh
[0.774s] -- Up-to-date: /home/andrea/dobot_v3/install/custom_messages/share/custom_messages/local_setup.zsh
[0.774s] -- Up-to-date: /home/andrea/dobot_v3/install/custom_messages/share/custom_messages/local_setup.dsv
[0.774s] -- Installing: /home/andrea/dobot_v3/install/custom_messages/share/custom_messages/package.dsv
[0.774s] -- Up-to-date: /home/andrea/dobot_v3/install/custom_messages/share/ament_index/resource_index/packages/custom_messages
[0.774s] -- Up-to-date: /home/andrea/dobot_v3/install/custom_messages/share/custom_messages/cmake/export_custom_messages__rosidl_generator_cExport.cmake
[0.774s] -- Up-to-date: /home/andrea/dobot_v3/install/custom_messages/share/custom_messages/cmake/export_custom_messages__rosidl_generator_cExport-noconfig.cmake
[0.775s] -- Up-to-date: /home/andrea/dobot_v3/install/custom_messages/share/custom_messages/cmake/export_custom_messages__rosidl_typesupport_fastrtps_cExport.cmake
[0.775s] -- Up-to-date: /home/andrea/dobot_v3/install/custom_messages/share/custom_messages/cmake/export_custom_messages__rosidl_typesupport_fastrtps_cExport-noconfig.cmake
[0.775s] -- Up-to-date: /home/andrea/dobot_v3/install/custom_messages/share/custom_messages/cmake/export_custom_messages__rosidl_generator_cppExport.cmake
[0.775s] -- Up-to-date: /home/andrea/dobot_v3/install/custom_messages/share/custom_messages/cmake/export_custom_messages__rosidl_typesupport_fastrtps_cppExport.cmake
[0.776s] -- Up-to-date: /home/andrea/dobot_v3/install/custom_messages/share/custom_messages/cmake/export_custom_messages__rosidl_typesupport_fastrtps_cppExport-noconfig.cmake
[0.776s] -- Up-to-date: /home/andrea/dobot_v3/install/custom_messages/share/custom_messages/cmake/custom_messages__rosidl_typesupport_introspection_cExport.cmake
[0.776s] -- Up-to-date: /home/andrea/dobot_v3/install/custom_messages/share/custom_messages/cmake/custom_messages__rosidl_typesupport_introspection_cExport-noconfig.cmake
[0.776s] -- Up-to-date: /home/andrea/dobot_v3/install/custom_messages/share/custom_messages/cmake/custom_messages__rosidl_typesupport_cExport.cmake
[0.776s] -- Up-to-date: /home/andrea/dobot_v3/install/custom_messages/share/custom_messages/cmake/custom_messages__rosidl_typesupport_cExport-noconfig.cmake
[0.776s] -- Up-to-date: /home/andrea/dobot_v3/install/custom_messages/share/custom_messages/cmake/custom_messages__rosidl_typesupport_introspection_cppExport.cmake
[0.776s] -- Up-to-date: /home/andrea/dobot_v3/install/custom_messages/share/custom_messages/cmake/custom_messages__rosidl_typesupport_introspection_cppExport-noconfig.cmake
[0.776s] -- Up-to-date: /home/andrea/dobot_v3/install/custom_messages/share/custom_messages/cmake/custom_messages__rosidl_typesupport_cppExport.cmake
[0.776s] -- Up-to-date: /home/andrea/dobot_v3/install/custom_messages/share/custom_messages/cmake/custom_messages__rosidl_typesupport_cppExport-noconfig.cmake
[0.776s] -- Up-to-date: /home/andrea/dobot_v3/install/custom_messages/share/custom_messages/cmake/export_custom_messages__rosidl_generator_pyExport.cmake
[0.776s] -- Up-to-date: /home/andrea/dobot_v3/install/custom_messages/share/custom_messages/cmake/export_custom_messages__rosidl_generator_pyExport-noconfig.cmake
[0.776s] -- Up-to-date: /home/andrea/dobot_v3/install/custom_messages/share/custom_messages/cmake/rosidl_cmake-extras.cmake
[0.777s] -- Up-to-date: /home/andrea/dobot_v3/install/custom_messages/share/custom_messages/cmake/ament_cmake_export_include_directories-extras.cmake
[0.777s] -- Up-to-date: /home/andrea/dobot_v3/install/custom_messages/share/custom_messages/cmake/ament_cmake_export_libraries-extras.cmake
[0.777s] -- Up-to-date: /home/andrea/dobot_v3/install/custom_messages/share/custom_messages/cmake/ament_cmake_export_targets-extras.cmake
[0.778s] -- Up-to-date: /home/andrea/dobot_v3/install/custom_messages/share/custom_messages/cmake/rosidl_cmake_export_typesupport_targets-extras.cmake
[0.778s] -- Up-to-date: /home/andrea/dobot_v3/install/custom_messages/share/custom_messages/cmake/ament_cmake_export_dependencies-extras.cmake
[0.778s] -- Up-to-date: /home/andrea/dobot_v3/install/custom_messages/share/custom_messages/cmake/rosidl_cmake_export_typesupport_libraries-extras.cmake
[0.778s] -- Up-to-date: /home/andrea/dobot_v3/install/custom_messages/share/custom_messages/cmake/custom_messagesConfig.cmake
[0.778s] -- Up-to-date: /home/andrea/dobot_v3/install/custom_messages/share/custom_messages/cmake/custom_messagesConfig-version.cmake
[0.778s] -- Up-to-date: /home/andrea/dobot_v3/install/custom_messages/share/custom_messages/package.xml
[0.906s] Invoked command in '/home/andrea/dobot_v3/build/custom_messages' returned '0': CMAKE_PREFIX_PATH=${CMAKE_PREFIX_PATH}:/home/andrea/dobot_v3/install/servo_action:/home/andrea/dobot_v3/install/dobot_bringup_v3:/home/andrea/dobot_v3/install/dobot_moveit:/home/andrea/dobot_v3/install/dobot_demo:/opt/ros/humble /usr/bin/cmake --install /home/andrea/dobot_v3/build/custom_messages
