[0.056s] Invoking command in '/home/andrea/dobot_v3/build/cr16_moveit': CMAKE_PREFIX_PATH=/home/andrea/dobot_v3/install/dobot_rviz:/home/andrea/dobot_v3/install/nova5_moveit:/home/andrea/dobot_v3/install/nova2_moveit:/home/andrea/dobot_v3/install/cr7_moveit:/home/andrea/dobot_v3/install/cr5_moveit:/home/andrea/dobot_v3/install/cr3_moveit:/home/andrea/dobot_v3/install/cr16_moveit:/home/andrea/dobot_v3/install/cr12_moveit:/home/andrea/dobot_v3/install/cr10_moveit:/home/andrea/dobot_v3/install/dobot_msgs_v3:/home/andrea/dobot_v3/install/dobot_gazebo:/home/andrea/dobot_v3/install/cr5_moveit_cpp_demo:/home/andrea/dobot_v3/install/custom_messages:/home/andrea/dobot_v3/install/cra_description:/home/andrea/dobot_v3/install/servo_action:/home/andrea/dobot_v3/install/dobot_bringup_v3:/home/andrea/dobot_v3/install/dobot_moveit:/home/andrea/dobot_v3/install/dobot_demo:/opt/ros/humble /usr/bin/cmake /home/andrea/dobot_v3/src/DOBOT_6Axis_ROS2_V3/cr16_moveit -DCMAKE_EXPORT_COMPILE_COMMANDS=ON -DCMAKE_INSTALL_PREFIX=/home/andrea/dobot_v3/install/cr16_moveit
[0.090s] -- Found ament_cmake: 1.3.12 (/opt/ros/humble/share/ament_cmake/cmake)
[0.456s] -- Configuring done
[0.479s] -- Generating done
[0.489s] [33mCMake Warning:
[0.489s]   Manually-specified variables were not used by the project:
[0.490s] 
[0.490s]     CMAKE_EXPORT_COMPILE_COMMANDS
[0.490s] 
[0.490s] [0m
[0.496s] -- Build files have been written to: /home/andrea/dobot_v3/build/cr16_moveit
[0.510s] Invoked command in '/home/andrea/dobot_v3/build/cr16_moveit' returned '0': CMAKE_PREFIX_PATH=/home/andrea/dobot_v3/install/dobot_rviz:/home/andrea/dobot_v3/install/nova5_moveit:/home/andrea/dobot_v3/install/nova2_moveit:/home/andrea/dobot_v3/install/cr7_moveit:/home/andrea/dobot_v3/install/cr5_moveit:/home/andrea/dobot_v3/install/cr3_moveit:/home/andrea/dobot_v3/install/cr16_moveit:/home/andrea/dobot_v3/install/cr12_moveit:/home/andrea/dobot_v3/install/cr10_moveit:/home/andrea/dobot_v3/install/dobot_msgs_v3:/home/andrea/dobot_v3/install/dobot_gazebo:/home/andrea/dobot_v3/install/cr5_moveit_cpp_demo:/home/andrea/dobot_v3/install/custom_messages:/home/andrea/dobot_v3/install/cra_description:/home/andrea/dobot_v3/install/servo_action:/home/andrea/dobot_v3/install/dobot_bringup_v3:/home/andrea/dobot_v3/install/dobot_moveit:/home/andrea/dobot_v3/install/dobot_demo:/opt/ros/humble /usr/bin/cmake /home/andrea/dobot_v3/src/DOBOT_6Axis_ROS2_V3/cr16_moveit -DCMAKE_EXPORT_COMPILE_COMMANDS=ON -DCMAKE_INSTALL_PREFIX=/home/andrea/dobot_v3/install/cr16_moveit
[0.516s] Invoking command in '/home/andrea/dobot_v3/build/cr16_moveit': CMAKE_PREFIX_PATH=/home/andrea/dobot_v3/install/dobot_rviz:/home/andrea/dobot_v3/install/nova5_moveit:/home/andrea/dobot_v3/install/nova2_moveit:/home/andrea/dobot_v3/install/cr7_moveit:/home/andrea/dobot_v3/install/cr5_moveit:/home/andrea/dobot_v3/install/cr3_moveit:/home/andrea/dobot_v3/install/cr16_moveit:/home/andrea/dobot_v3/install/cr12_moveit:/home/andrea/dobot_v3/install/cr10_moveit:/home/andrea/dobot_v3/install/dobot_msgs_v3:/home/andrea/dobot_v3/install/dobot_gazebo:/home/andrea/dobot_v3/install/cr5_moveit_cpp_demo:/home/andrea/dobot_v3/install/custom_messages:/home/andrea/dobot_v3/install/cra_description:/home/andrea/dobot_v3/install/servo_action:/home/andrea/dobot_v3/install/dobot_bringup_v3:/home/andrea/dobot_v3/install/dobot_moveit:/home/andrea/dobot_v3/install/dobot_demo:/opt/ros/humble /usr/bin/cmake --build /home/andrea/dobot_v3/build/cr16_moveit -- -j12 -l12
[0.602s] Invoked command in '/home/andrea/dobot_v3/build/cr16_moveit' returned '0': CMAKE_PREFIX_PATH=/home/andrea/dobot_v3/install/dobot_rviz:/home/andrea/dobot_v3/install/nova5_moveit:/home/andrea/dobot_v3/install/nova2_moveit:/home/andrea/dobot_v3/install/cr7_moveit:/home/andrea/dobot_v3/install/cr5_moveit:/home/andrea/dobot_v3/install/cr3_moveit:/home/andrea/dobot_v3/install/cr16_moveit:/home/andrea/dobot_v3/install/cr12_moveit:/home/andrea/dobot_v3/install/cr10_moveit:/home/andrea/dobot_v3/install/dobot_msgs_v3:/home/andrea/dobot_v3/install/dobot_gazebo:/home/andrea/dobot_v3/install/cr5_moveit_cpp_demo:/home/andrea/dobot_v3/install/custom_messages:/home/andrea/dobot_v3/install/cra_description:/home/andrea/dobot_v3/install/servo_action:/home/andrea/dobot_v3/install/dobot_bringup_v3:/home/andrea/dobot_v3/install/dobot_moveit:/home/andrea/dobot_v3/install/dobot_demo:/opt/ros/humble /usr/bin/cmake --build /home/andrea/dobot_v3/build/cr16_moveit -- -j12 -l12
[0.604s] Invoking command in '/home/andrea/dobot_v3/build/cr16_moveit': CMAKE_PREFIX_PATH=/home/andrea/dobot_v3/install/dobot_rviz:/home/andrea/dobot_v3/install/nova5_moveit:/home/andrea/dobot_v3/install/nova2_moveit:/home/andrea/dobot_v3/install/cr7_moveit:/home/andrea/dobot_v3/install/cr5_moveit:/home/andrea/dobot_v3/install/cr3_moveit:/home/andrea/dobot_v3/install/cr16_moveit:/home/andrea/dobot_v3/install/cr12_moveit:/home/andrea/dobot_v3/install/cr10_moveit:/home/andrea/dobot_v3/install/dobot_msgs_v3:/home/andrea/dobot_v3/install/dobot_gazebo:/home/andrea/dobot_v3/install/cr5_moveit_cpp_demo:/home/andrea/dobot_v3/install/custom_messages:/home/andrea/dobot_v3/install/cra_description:/home/andrea/dobot_v3/install/servo_action:/home/andrea/dobot_v3/install/dobot_bringup_v3:/home/andrea/dobot_v3/install/dobot_moveit:/home/andrea/dobot_v3/install/dobot_demo:/opt/ros/humble /usr/bin/cmake --install /home/andrea/dobot_v3/build/cr16_moveit
[0.617s] -- Install configuration: ""
[0.617s] -- Up-to-date: /home/andrea/dobot_v3/install/cr16_moveit/share/ament_index/resource_index/package_run_dependencies/cr16_moveit
[0.617s] -- Up-to-date: /home/andrea/dobot_v3/install/cr16_moveit/share/ament_index/resource_index/parent_prefix_path/cr16_moveit
[0.617s] -- Up-to-date: /home/andrea/dobot_v3/install/cr16_moveit/share/cr16_moveit/environment/ament_prefix_path.sh
[0.617s] -- Installing: /home/andrea/dobot_v3/install/cr16_moveit/share/cr16_moveit/environment/ament_prefix_path.dsv
[0.617s] -- Up-to-date: /home/andrea/dobot_v3/install/cr16_moveit/share/cr16_moveit/environment/path.sh
[0.620s] -- Installing: /home/andrea/dobot_v3/install/cr16_moveit/share/cr16_moveit/environment/path.dsv
[0.620s] -- Up-to-date: /home/andrea/dobot_v3/install/cr16_moveit/share/cr16_moveit/local_setup.bash
[0.620s] -- Up-to-date: /home/andrea/dobot_v3/install/cr16_moveit/share/cr16_moveit/local_setup.sh
[0.620s] -- Up-to-date: /home/andrea/dobot_v3/install/cr16_moveit/share/cr16_moveit/local_setup.zsh
[0.620s] -- Installing: /home/andrea/dobot_v3/install/cr16_moveit/share/cr16_moveit/local_setup.dsv
[0.620s] -- Installing: /home/andrea/dobot_v3/install/cr16_moveit/share/cr16_moveit/package.dsv
[0.620s] -- Up-to-date: /home/andrea/dobot_v3/install/cr16_moveit/share/ament_index/resource_index/packages/cr16_moveit
[0.621s] -- Up-to-date: /home/andrea/dobot_v3/install/cr16_moveit/share/cr16_moveit/cmake/cr16_moveitConfig.cmake
[0.621s] -- Up-to-date: /home/andrea/dobot_v3/install/cr16_moveit/share/cr16_moveit/cmake/cr16_moveitConfig-version.cmake
[0.621s] -- Up-to-date: /home/andrea/dobot_v3/install/cr16_moveit/share/cr16_moveit/package.xml
[0.621s] -- Up-to-date: /home/andrea/dobot_v3/install/cr16_moveit/share/cr16_moveit/launch
[0.621s] -- Up-to-date: /home/andrea/dobot_v3/install/cr16_moveit/share/cr16_moveit/launch/static_virtual_joint_tfs.launch.py
[0.621s] -- Up-to-date: /home/andrea/dobot_v3/install/cr16_moveit/share/cr16_moveit/launch/move_group.launch.py
[0.622s] -- Up-to-date: /home/andrea/dobot_v3/install/cr16_moveit/share/cr16_moveit/launch/moveit_gazebo.launch.py
[0.622s] -- Up-to-date: /home/andrea/dobot_v3/install/cr16_moveit/share/cr16_moveit/launch/setup_assistant.launch.py
[0.623s] -- Up-to-date: /home/andrea/dobot_v3/install/cr16_moveit/share/cr16_moveit/launch/demo.launch.py
[0.625s] -- Up-to-date: /home/andrea/dobot_v3/install/cr16_moveit/share/cr16_moveit/launch/moveit_rviz.launch.py
[0.625s] -- Up-to-date: /home/andrea/dobot_v3/install/cr16_moveit/share/cr16_moveit/launch/spawn_controllers.launch.py
[0.625s] -- Up-to-date: /home/andrea/dobot_v3/install/cr16_moveit/share/cr16_moveit/launch/warehouse_db.launch.py
[0.625s] -- Up-to-date: /home/andrea/dobot_v3/install/cr16_moveit/share/cr16_moveit/launch/rsp.launch.py
[0.625s] -- Up-to-date: /home/andrea/dobot_v3/install/cr16_moveit/share/cr16_moveit/config
[0.625s] -- Up-to-date: /home/andrea/dobot_v3/install/cr16_moveit/share/cr16_moveit/config/ros2_controllers.yaml
[0.626s] -- Up-to-date: /home/andrea/dobot_v3/install/cr16_moveit/share/cr16_moveit/config/cr16_robot.srdf
[0.626s] -- Up-to-date: /home/andrea/dobot_v3/install/cr16_moveit/share/cr16_moveit/config/joint_limits.yaml
[0.626s] -- Up-to-date: /home/andrea/dobot_v3/install/cr16_moveit/share/cr16_moveit/config/initial_positions.yaml
[0.626s] -- Up-to-date: /home/andrea/dobot_v3/install/cr16_moveit/share/cr16_moveit/config/cr16_robot.urdf.xacro
[0.626s] -- Up-to-date: /home/andrea/dobot_v3/install/cr16_moveit/share/cr16_moveit/config/kinematics.yaml
[0.626s] -- Up-to-date: /home/andrea/dobot_v3/install/cr16_moveit/share/cr16_moveit/config/moveit_controllers.yaml
[0.626s] -- Up-to-date: /home/andrea/dobot_v3/install/cr16_moveit/share/cr16_moveit/config/cr16_robot.ros2_control.xacro
[0.626s] -- Up-to-date: /home/andrea/dobot_v3/install/cr16_moveit/share/cr16_moveit/config/pilz_cartesian_limits.yaml
[0.626s] -- Up-to-date: /home/andrea/dobot_v3/install/cr16_moveit/share/cr16_moveit/config/moveit.rviz
[0.626s] -- Up-to-date: /home/andrea/dobot_v3/install/cr16_moveit/share/cr16_moveit/.setup_assistant
[0.701s] Invoked command in '/home/andrea/dobot_v3/build/cr16_moveit' returned '0': CMAKE_PREFIX_PATH=/home/andrea/dobot_v3/install/dobot_rviz:/home/andrea/dobot_v3/install/nova5_moveit:/home/andrea/dobot_v3/install/nova2_moveit:/home/andrea/dobot_v3/install/cr7_moveit:/home/andrea/dobot_v3/install/cr5_moveit:/home/andrea/dobot_v3/install/cr3_moveit:/home/andrea/dobot_v3/install/cr16_moveit:/home/andrea/dobot_v3/install/cr12_moveit:/home/andrea/dobot_v3/install/cr10_moveit:/home/andrea/dobot_v3/install/dobot_msgs_v3:/home/andrea/dobot_v3/install/dobot_gazebo:/home/andrea/dobot_v3/install/cr5_moveit_cpp_demo:/home/andrea/dobot_v3/install/custom_messages:/home/andrea/dobot_v3/install/cra_description:/home/andrea/dobot_v3/install/servo_action:/home/andrea/dobot_v3/install/dobot_bringup_v3:/home/andrea/dobot_v3/install/dobot_moveit:/home/andrea/dobot_v3/install/dobot_demo:/opt/ros/humble /usr/bin/cmake --install /home/andrea/dobot_v3/build/cr16_moveit
