[1.238s] Invoking command in '/home/andrea/dobot_v3/src/DOBOT_6Axis_ROS2_V3/servo_action': PYTHONPATH=/home/andrea/dobot_v3/build/servo_action/prefix_override:/usr/lib/python3/dist-packages/colcon_core/task/python/colcon_distutils_commands:/home/andrea/dobot_v3/install/servo_action/lib/python3.10/site-packages:${PYTHONPATH} /usr/bin/python3 -W ignore:setup.py install is deprecated -W ignore:easy_install command is deprecated setup.py egg_info --egg-base ../../../build/servo_action build --build-base /home/andrea/dobot_v3/build/servo_action/build install --record /home/andrea/dobot_v3/build/servo_action/install.log --single-version-externally-managed install_data
[1.501s] running egg_info
[1.501s] writing ../../../build/servo_action/servo_action.egg-info/PKG-INFO
[1.501s] writing dependency_links to ../../../build/servo_action/servo_action.egg-info/dependency_links.txt
[1.501s] writing entry points to ../../../build/servo_action/servo_action.egg-info/entry_points.txt
[1.501s] writing requirements to ../../../build/servo_action/servo_action.egg-info/requires.txt
[1.501s] writing top-level names to ../../../build/servo_action/servo_action.egg-info/top_level.txt
[1.503s] reading manifest file '../../../build/servo_action/servo_action.egg-info/SOURCES.txt'
[1.503s] writing manifest file '../../../build/servo_action/servo_action.egg-info/SOURCES.txt'
[1.503s] running build
[1.503s] running build_py
[1.504s] running install
[1.504s] running install_lib
[1.505s] running install_data
[1.505s] running install_egg_info
[1.506s] removing '/home/andrea/dobot_v3/install/servo_action/lib/python3.10/site-packages/servo_action-0.0.0-py3.10.egg-info' (and everything under it)
[1.506s] Copying ../../../build/servo_action/servo_action.egg-info to /home/andrea/dobot_v3/install/servo_action/lib/python3.10/site-packages/servo_action-0.0.0-py3.10.egg-info
[1.507s] running install_scripts
[1.523s] Installing Joint_Position script to /home/andrea/dobot_v3/install/servo_action/lib/servo_action
[1.523s] Installing action_move_client script to /home/andrea/dobot_v3/install/servo_action/lib/servo_action
[1.523s] Installing action_move_client_reality script to /home/andrea/dobot_v3/install/servo_action/lib/servo_action
[1.523s] Installing action_move_server script to /home/andrea/dobot_v3/install/servo_action/lib/servo_action
[1.523s] Installing action_move_server_reality script to /home/andrea/dobot_v3/install/servo_action/lib/servo_action
[1.523s] writing list of installed files to '/home/andrea/dobot_v3/build/servo_action/install.log'
[1.649s] Invoked command in '/home/andrea/dobot_v3/src/DOBOT_6Axis_ROS2_V3/servo_action' returned '0': PYTHONPATH=/home/andrea/dobot_v3/build/servo_action/prefix_override:/usr/lib/python3/dist-packages/colcon_core/task/python/colcon_distutils_commands:/home/andrea/dobot_v3/install/servo_action/lib/python3.10/site-packages:${PYTHONPATH} /usr/bin/python3 -W ignore:setup.py install is deprecated -W ignore:easy_install command is deprecated setup.py egg_info --egg-base ../../../build/servo_action build --build-base /home/andrea/dobot_v3/build/servo_action/build install --record /home/andrea/dobot_v3/build/servo_action/install.log --single-version-externally-managed install_data
