[0.052s] Invoking command in '/home/andrea/dobot_v3/build/cr10_moveit': CMAKE_PREFIX_PATH=/home/andrea/dobot_v3/install/dobot_rviz:/home/andrea/dobot_v3/install/nova5_moveit:/home/andrea/dobot_v3/install/nova2_moveit:/home/andrea/dobot_v3/install/cr7_moveit:/home/andrea/dobot_v3/install/cr5_moveit:/home/andrea/dobot_v3/install/cr3_moveit:/home/andrea/dobot_v3/install/cr16_moveit:/home/andrea/dobot_v3/install/cr12_moveit:/home/andrea/dobot_v3/install/cr10_moveit:/home/andrea/dobot_v3/install/dobot_msgs_v3:/home/andrea/dobot_v3/install/dobot_gazebo:/home/andrea/dobot_v3/install/cr5_moveit_cpp_demo:/home/andrea/dobot_v3/install/custom_messages:/home/andrea/dobot_v3/install/cra_description:/home/andrea/dobot_v3/install/servo_action:/home/andrea/dobot_v3/install/dobot_bringup_v3:/home/andrea/dobot_v3/install/dobot_moveit:/home/andrea/dobot_v3/install/dobot_demo:/opt/ros/humble /usr/bin/cmake /home/andrea/dobot_v3/src/DOBOT_6Axis_ROS2_V3/cr10_moveit -DCMAKE_INSTALL_PREFIX=/home/andrea/dobot_v3/install/cr10_moveit
[0.074s] -- Found ament_cmake: 1.3.12 (/opt/ros/humble/share/ament_cmake/cmake)
[0.403s] -- Configuring done
[0.423s] -- Generating done
[0.425s] -- Build files have been written to: /home/andrea/dobot_v3/build/cr10_moveit
[0.437s] Invoked command in '/home/andrea/dobot_v3/build/cr10_moveit' returned '0': CMAKE_PREFIX_PATH=/home/andrea/dobot_v3/install/dobot_rviz:/home/andrea/dobot_v3/install/nova5_moveit:/home/andrea/dobot_v3/install/nova2_moveit:/home/andrea/dobot_v3/install/cr7_moveit:/home/andrea/dobot_v3/install/cr5_moveit:/home/andrea/dobot_v3/install/cr3_moveit:/home/andrea/dobot_v3/install/cr16_moveit:/home/andrea/dobot_v3/install/cr12_moveit:/home/andrea/dobot_v3/install/cr10_moveit:/home/andrea/dobot_v3/install/dobot_msgs_v3:/home/andrea/dobot_v3/install/dobot_gazebo:/home/andrea/dobot_v3/install/cr5_moveit_cpp_demo:/home/andrea/dobot_v3/install/custom_messages:/home/andrea/dobot_v3/install/cra_description:/home/andrea/dobot_v3/install/servo_action:/home/andrea/dobot_v3/install/dobot_bringup_v3:/home/andrea/dobot_v3/install/dobot_moveit:/home/andrea/dobot_v3/install/dobot_demo:/opt/ros/humble /usr/bin/cmake /home/andrea/dobot_v3/src/DOBOT_6Axis_ROS2_V3/cr10_moveit -DCMAKE_INSTALL_PREFIX=/home/andrea/dobot_v3/install/cr10_moveit
[0.437s] Invoking command in '/home/andrea/dobot_v3/build/cr10_moveit': CMAKE_PREFIX_PATH=/home/andrea/dobot_v3/install/dobot_rviz:/home/andrea/dobot_v3/install/nova5_moveit:/home/andrea/dobot_v3/install/nova2_moveit:/home/andrea/dobot_v3/install/cr7_moveit:/home/andrea/dobot_v3/install/cr5_moveit:/home/andrea/dobot_v3/install/cr3_moveit:/home/andrea/dobot_v3/install/cr16_moveit:/home/andrea/dobot_v3/install/cr12_moveit:/home/andrea/dobot_v3/install/cr10_moveit:/home/andrea/dobot_v3/install/dobot_msgs_v3:/home/andrea/dobot_v3/install/dobot_gazebo:/home/andrea/dobot_v3/install/cr5_moveit_cpp_demo:/home/andrea/dobot_v3/install/custom_messages:/home/andrea/dobot_v3/install/cra_description:/home/andrea/dobot_v3/install/servo_action:/home/andrea/dobot_v3/install/dobot_bringup_v3:/home/andrea/dobot_v3/install/dobot_moveit:/home/andrea/dobot_v3/install/dobot_demo:/opt/ros/humble /usr/bin/cmake --build /home/andrea/dobot_v3/build/cr10_moveit -- -j12 -l12
[0.497s] Invoked command in '/home/andrea/dobot_v3/build/cr10_moveit' returned '0': CMAKE_PREFIX_PATH=/home/andrea/dobot_v3/install/dobot_rviz:/home/andrea/dobot_v3/install/nova5_moveit:/home/andrea/dobot_v3/install/nova2_moveit:/home/andrea/dobot_v3/install/cr7_moveit:/home/andrea/dobot_v3/install/cr5_moveit:/home/andrea/dobot_v3/install/cr3_moveit:/home/andrea/dobot_v3/install/cr16_moveit:/home/andrea/dobot_v3/install/cr12_moveit:/home/andrea/dobot_v3/install/cr10_moveit:/home/andrea/dobot_v3/install/dobot_msgs_v3:/home/andrea/dobot_v3/install/dobot_gazebo:/home/andrea/dobot_v3/install/cr5_moveit_cpp_demo:/home/andrea/dobot_v3/install/custom_messages:/home/andrea/dobot_v3/install/cra_description:/home/andrea/dobot_v3/install/servo_action:/home/andrea/dobot_v3/install/dobot_bringup_v3:/home/andrea/dobot_v3/install/dobot_moveit:/home/andrea/dobot_v3/install/dobot_demo:/opt/ros/humble /usr/bin/cmake --build /home/andrea/dobot_v3/build/cr10_moveit -- -j12 -l12
[0.499s] Invoking command in '/home/andrea/dobot_v3/build/cr10_moveit': CMAKE_PREFIX_PATH=/home/andrea/dobot_v3/install/dobot_rviz:/home/andrea/dobot_v3/install/nova5_moveit:/home/andrea/dobot_v3/install/nova2_moveit:/home/andrea/dobot_v3/install/cr7_moveit:/home/andrea/dobot_v3/install/cr5_moveit:/home/andrea/dobot_v3/install/cr3_moveit:/home/andrea/dobot_v3/install/cr16_moveit:/home/andrea/dobot_v3/install/cr12_moveit:/home/andrea/dobot_v3/install/cr10_moveit:/home/andrea/dobot_v3/install/dobot_msgs_v3:/home/andrea/dobot_v3/install/dobot_gazebo:/home/andrea/dobot_v3/install/cr5_moveit_cpp_demo:/home/andrea/dobot_v3/install/custom_messages:/home/andrea/dobot_v3/install/cra_description:/home/andrea/dobot_v3/install/servo_action:/home/andrea/dobot_v3/install/dobot_bringup_v3:/home/andrea/dobot_v3/install/dobot_moveit:/home/andrea/dobot_v3/install/dobot_demo:/opt/ros/humble /usr/bin/cmake --install /home/andrea/dobot_v3/build/cr10_moveit
[0.512s] -- Install configuration: ""
[0.513s] -- Up-to-date: /home/andrea/dobot_v3/install/cr10_moveit/share/ament_index/resource_index/package_run_dependencies/cr10_moveit
[0.513s] -- Up-to-date: /home/andrea/dobot_v3/install/cr10_moveit/share/ament_index/resource_index/parent_prefix_path/cr10_moveit
[0.515s] -- Up-to-date: /home/andrea/dobot_v3/install/cr10_moveit/share/cr10_moveit/environment/ament_prefix_path.sh
[0.520s] -- Installing: /home/andrea/dobot_v3/install/cr10_moveit/share/cr10_moveit/environment/ament_prefix_path.dsv
[0.520s] -- Up-to-date: /home/andrea/dobot_v3/install/cr10_moveit/share/cr10_moveit/environment/path.sh
[0.521s] -- Installing: /home/andrea/dobot_v3/install/cr10_moveit/share/cr10_moveit/environment/path.dsv
[0.521s] -- Up-to-date: /home/andrea/dobot_v3/install/cr10_moveit/share/cr10_moveit/local_setup.bash
[0.523s] -- Up-to-date: /home/andrea/dobot_v3/install/cr10_moveit/share/cr10_moveit/local_setup.sh
[0.523s] -- Up-to-date: /home/andrea/dobot_v3/install/cr10_moveit/share/cr10_moveit/local_setup.zsh
[0.525s] -- Installing: /home/andrea/dobot_v3/install/cr10_moveit/share/cr10_moveit/local_setup.dsv
[0.525s] -- Installing: /home/andrea/dobot_v3/install/cr10_moveit/share/cr10_moveit/package.dsv
[0.527s] -- Up-to-date: /home/andrea/dobot_v3/install/cr10_moveit/share/ament_index/resource_index/packages/cr10_moveit
[0.527s] -- Up-to-date: /home/andrea/dobot_v3/install/cr10_moveit/share/cr10_moveit/cmake/cr10_moveitConfig.cmake
[0.527s] -- Up-to-date: /home/andrea/dobot_v3/install/cr10_moveit/share/cr10_moveit/cmake/cr10_moveitConfig-version.cmake
[0.527s] -- Up-to-date: /home/andrea/dobot_v3/install/cr10_moveit/share/cr10_moveit/package.xml
[0.527s] -- Up-to-date: /home/andrea/dobot_v3/install/cr10_moveit/share/cr10_moveit/launch
[0.527s] -- Up-to-date: /home/andrea/dobot_v3/install/cr10_moveit/share/cr10_moveit/launch/static_virtual_joint_tfs.launch.py
[0.527s] -- Up-to-date: /home/andrea/dobot_v3/install/cr10_moveit/share/cr10_moveit/launch/move_group.launch.py
[0.527s] -- Up-to-date: /home/andrea/dobot_v3/install/cr10_moveit/share/cr10_moveit/launch/moveit_gazebo.launch.py
[0.528s] -- Up-to-date: /home/andrea/dobot_v3/install/cr10_moveit/share/cr10_moveit/launch/setup_assistant.launch.py
[0.528s] -- Up-to-date: /home/andrea/dobot_v3/install/cr10_moveit/share/cr10_moveit/launch/demo.launch.py
[0.528s] -- Up-to-date: /home/andrea/dobot_v3/install/cr10_moveit/share/cr10_moveit/launch/moveit_rviz.launch.py
[0.528s] -- Up-to-date: /home/andrea/dobot_v3/install/cr10_moveit/share/cr10_moveit/launch/spawn_controllers.launch.py
[0.528s] -- Up-to-date: /home/andrea/dobot_v3/install/cr10_moveit/share/cr10_moveit/launch/warehouse_db.launch.py
[0.528s] -- Up-to-date: /home/andrea/dobot_v3/install/cr10_moveit/share/cr10_moveit/launch/rsp.launch.py
[0.528s] -- Up-to-date: /home/andrea/dobot_v3/install/cr10_moveit/share/cr10_moveit/config
[0.528s] -- Up-to-date: /home/andrea/dobot_v3/install/cr10_moveit/share/cr10_moveit/config/ros2_controllers.yaml
[0.528s] -- Up-to-date: /home/andrea/dobot_v3/install/cr10_moveit/share/cr10_moveit/config/cr10_robot.urdf.xacro
[0.528s] -- Up-to-date: /home/andrea/dobot_v3/install/cr10_moveit/share/cr10_moveit/config/cr10_robot.ros2_control.xacro
[0.528s] -- Up-to-date: /home/andrea/dobot_v3/install/cr10_moveit/share/cr10_moveit/config/joint_limits.yaml
[0.528s] -- Up-to-date: /home/andrea/dobot_v3/install/cr10_moveit/share/cr10_moveit/config/initial_positions.yaml
[0.528s] -- Up-to-date: /home/andrea/dobot_v3/install/cr10_moveit/share/cr10_moveit/config/kinematics.yaml
[0.528s] -- Up-to-date: /home/andrea/dobot_v3/install/cr10_moveit/share/cr10_moveit/config/moveit_controllers.yaml
[0.529s] -- Up-to-date: /home/andrea/dobot_v3/install/cr10_moveit/share/cr10_moveit/config/cr10_robot.srdf
[0.529s] -- Up-to-date: /home/andrea/dobot_v3/install/cr10_moveit/share/cr10_moveit/config/pilz_cartesian_limits.yaml
[0.529s] -- Up-to-date: /home/andrea/dobot_v3/install/cr10_moveit/share/cr10_moveit/config/moveit.rviz
[0.529s] -- Up-to-date: /home/andrea/dobot_v3/install/cr10_moveit/share/cr10_moveit/.setup_assistant
[0.544s] Invoked command in '/home/andrea/dobot_v3/build/cr10_moveit' returned '0': CMAKE_PREFIX_PATH=/home/andrea/dobot_v3/install/dobot_rviz:/home/andrea/dobot_v3/install/nova5_moveit:/home/andrea/dobot_v3/install/nova2_moveit:/home/andrea/dobot_v3/install/cr7_moveit:/home/andrea/dobot_v3/install/cr5_moveit:/home/andrea/dobot_v3/install/cr3_moveit:/home/andrea/dobot_v3/install/cr16_moveit:/home/andrea/dobot_v3/install/cr12_moveit:/home/andrea/dobot_v3/install/cr10_moveit:/home/andrea/dobot_v3/install/dobot_msgs_v3:/home/andrea/dobot_v3/install/dobot_gazebo:/home/andrea/dobot_v3/install/cr5_moveit_cpp_demo:/home/andrea/dobot_v3/install/custom_messages:/home/andrea/dobot_v3/install/cra_description:/home/andrea/dobot_v3/install/servo_action:/home/andrea/dobot_v3/install/dobot_bringup_v3:/home/andrea/dobot_v3/install/dobot_moveit:/home/andrea/dobot_v3/install/dobot_demo:/opt/ros/humble /usr/bin/cmake --install /home/andrea/dobot_v3/build/cr10_moveit
