[0.060s] Invoking command in '/home/andrea/dobot_v3/build/cr3_moveit': CMAKE_PREFIX_PATH=/home/andrea/dobot_v3/install/dobot_rviz:/home/andrea/dobot_v3/install/nova5_moveit:/home/andrea/dobot_v3/install/nova2_moveit:/home/andrea/dobot_v3/install/cr7_moveit:/home/andrea/dobot_v3/install/cr5_moveit:/home/andrea/dobot_v3/install/cr3_moveit:/home/andrea/dobot_v3/install/cr16_moveit:/home/andrea/dobot_v3/install/cr12_moveit:/home/andrea/dobot_v3/install/cr10_moveit:/home/andrea/dobot_v3/install/dobot_msgs_v3:/home/andrea/dobot_v3/install/dobot_gazebo:/home/andrea/dobot_v3/install/cr5_moveit_cpp_demo:/home/andrea/dobot_v3/install/custom_messages:/home/andrea/dobot_v3/install/cra_description:/home/andrea/dobot_v3/install/servo_action:/home/andrea/dobot_v3/install/dobot_bringup_v3:/home/andrea/dobot_v3/install/dobot_moveit:/home/andrea/dobot_v3/install/dobot_demo:/opt/ros/humble /usr/bin/cmake /home/andrea/dobot_v3/src/DOBOT_6Axis_ROS2_V3/cr3_moveit -DCMAKE_EXPORT_COMPILE_COMMANDS=ON -DCMAKE_INSTALL_PREFIX=/home/andrea/dobot_v3/install/cr3_moveit
[0.090s] -- Found ament_cmake: 1.3.12 (/opt/ros/humble/share/ament_cmake/cmake)
[0.452s] -- Configuring done
[0.471s] -- Generating done
[0.475s] -- Build files have been written to: /home/andrea/dobot_v3/build/cr3_moveit
[0.478s] [33mCMake Warning:
[0.478s]   Manually-specified variables were not used by the project:
[0.480s] 
[0.483s]     CMAKE_EXPORT_COMPILE_COMMANDS
[0.485s] 
[0.485s] [0m
[0.487s] Invoked command in '/home/andrea/dobot_v3/build/cr3_moveit' returned '0': CMAKE_PREFIX_PATH=/home/andrea/dobot_v3/install/dobot_rviz:/home/andrea/dobot_v3/install/nova5_moveit:/home/andrea/dobot_v3/install/nova2_moveit:/home/andrea/dobot_v3/install/cr7_moveit:/home/andrea/dobot_v3/install/cr5_moveit:/home/andrea/dobot_v3/install/cr3_moveit:/home/andrea/dobot_v3/install/cr16_moveit:/home/andrea/dobot_v3/install/cr12_moveit:/home/andrea/dobot_v3/install/cr10_moveit:/home/andrea/dobot_v3/install/dobot_msgs_v3:/home/andrea/dobot_v3/install/dobot_gazebo:/home/andrea/dobot_v3/install/cr5_moveit_cpp_demo:/home/andrea/dobot_v3/install/custom_messages:/home/andrea/dobot_v3/install/cra_description:/home/andrea/dobot_v3/install/servo_action:/home/andrea/dobot_v3/install/dobot_bringup_v3:/home/andrea/dobot_v3/install/dobot_moveit:/home/andrea/dobot_v3/install/dobot_demo:/opt/ros/humble /usr/bin/cmake /home/andrea/dobot_v3/src/DOBOT_6Axis_ROS2_V3/cr3_moveit -DCMAKE_EXPORT_COMPILE_COMMANDS=ON -DCMAKE_INSTALL_PREFIX=/home/andrea/dobot_v3/install/cr3_moveit
[0.492s] Invoking command in '/home/andrea/dobot_v3/build/cr3_moveit': CMAKE_PREFIX_PATH=/home/andrea/dobot_v3/install/dobot_rviz:/home/andrea/dobot_v3/install/nova5_moveit:/home/andrea/dobot_v3/install/nova2_moveit:/home/andrea/dobot_v3/install/cr7_moveit:/home/andrea/dobot_v3/install/cr5_moveit:/home/andrea/dobot_v3/install/cr3_moveit:/home/andrea/dobot_v3/install/cr16_moveit:/home/andrea/dobot_v3/install/cr12_moveit:/home/andrea/dobot_v3/install/cr10_moveit:/home/andrea/dobot_v3/install/dobot_msgs_v3:/home/andrea/dobot_v3/install/dobot_gazebo:/home/andrea/dobot_v3/install/cr5_moveit_cpp_demo:/home/andrea/dobot_v3/install/custom_messages:/home/andrea/dobot_v3/install/cra_description:/home/andrea/dobot_v3/install/servo_action:/home/andrea/dobot_v3/install/dobot_bringup_v3:/home/andrea/dobot_v3/install/dobot_moveit:/home/andrea/dobot_v3/install/dobot_demo:/opt/ros/humble /usr/bin/cmake --build /home/andrea/dobot_v3/build/cr3_moveit -- -j12 -l12
[0.554s] Invoked command in '/home/andrea/dobot_v3/build/cr3_moveit' returned '0': CMAKE_PREFIX_PATH=/home/andrea/dobot_v3/install/dobot_rviz:/home/andrea/dobot_v3/install/nova5_moveit:/home/andrea/dobot_v3/install/nova2_moveit:/home/andrea/dobot_v3/install/cr7_moveit:/home/andrea/dobot_v3/install/cr5_moveit:/home/andrea/dobot_v3/install/cr3_moveit:/home/andrea/dobot_v3/install/cr16_moveit:/home/andrea/dobot_v3/install/cr12_moveit:/home/andrea/dobot_v3/install/cr10_moveit:/home/andrea/dobot_v3/install/dobot_msgs_v3:/home/andrea/dobot_v3/install/dobot_gazebo:/home/andrea/dobot_v3/install/cr5_moveit_cpp_demo:/home/andrea/dobot_v3/install/custom_messages:/home/andrea/dobot_v3/install/cra_description:/home/andrea/dobot_v3/install/servo_action:/home/andrea/dobot_v3/install/dobot_bringup_v3:/home/andrea/dobot_v3/install/dobot_moveit:/home/andrea/dobot_v3/install/dobot_demo:/opt/ros/humble /usr/bin/cmake --build /home/andrea/dobot_v3/build/cr3_moveit -- -j12 -l12
[0.555s] Invoking command in '/home/andrea/dobot_v3/build/cr3_moveit': CMAKE_PREFIX_PATH=/home/andrea/dobot_v3/install/dobot_rviz:/home/andrea/dobot_v3/install/nova5_moveit:/home/andrea/dobot_v3/install/nova2_moveit:/home/andrea/dobot_v3/install/cr7_moveit:/home/andrea/dobot_v3/install/cr5_moveit:/home/andrea/dobot_v3/install/cr3_moveit:/home/andrea/dobot_v3/install/cr16_moveit:/home/andrea/dobot_v3/install/cr12_moveit:/home/andrea/dobot_v3/install/cr10_moveit:/home/andrea/dobot_v3/install/dobot_msgs_v3:/home/andrea/dobot_v3/install/dobot_gazebo:/home/andrea/dobot_v3/install/cr5_moveit_cpp_demo:/home/andrea/dobot_v3/install/custom_messages:/home/andrea/dobot_v3/install/cra_description:/home/andrea/dobot_v3/install/servo_action:/home/andrea/dobot_v3/install/dobot_bringup_v3:/home/andrea/dobot_v3/install/dobot_moveit:/home/andrea/dobot_v3/install/dobot_demo:/opt/ros/humble /usr/bin/cmake --install /home/andrea/dobot_v3/build/cr3_moveit
[0.608s] -- Install configuration: ""
[0.609s] -- Up-to-date: /home/andrea/dobot_v3/install/cr3_moveit/share/ament_index/resource_index/package_run_dependencies/cr3_moveit
[0.609s] -- Up-to-date: /home/andrea/dobot_v3/install/cr3_moveit/share/ament_index/resource_index/parent_prefix_path/cr3_moveit
[0.609s] -- Up-to-date: /home/andrea/dobot_v3/install/cr3_moveit/share/cr3_moveit/environment/ament_prefix_path.sh
[0.609s] -- Installing: /home/andrea/dobot_v3/install/cr3_moveit/share/cr3_moveit/environment/ament_prefix_path.dsv
[0.609s] -- Up-to-date: /home/andrea/dobot_v3/install/cr3_moveit/share/cr3_moveit/environment/path.sh
[0.609s] -- Installing: /home/andrea/dobot_v3/install/cr3_moveit/share/cr3_moveit/environment/path.dsv
[0.609s] -- Up-to-date: /home/andrea/dobot_v3/install/cr3_moveit/share/cr3_moveit/local_setup.bash
[0.609s] -- Up-to-date: /home/andrea/dobot_v3/install/cr3_moveit/share/cr3_moveit/local_setup.sh
[0.609s] -- Up-to-date: /home/andrea/dobot_v3/install/cr3_moveit/share/cr3_moveit/local_setup.zsh
[0.609s] -- Installing: /home/andrea/dobot_v3/install/cr3_moveit/share/cr3_moveit/local_setup.dsv
[0.609s] -- Installing: /home/andrea/dobot_v3/install/cr3_moveit/share/cr3_moveit/package.dsv
[0.609s] -- Up-to-date: /home/andrea/dobot_v3/install/cr3_moveit/share/ament_index/resource_index/packages/cr3_moveit
[0.609s] -- Up-to-date: /home/andrea/dobot_v3/install/cr3_moveit/share/cr3_moveit/cmake/cr3_moveitConfig.cmake
[0.609s] -- Up-to-date: /home/andrea/dobot_v3/install/cr3_moveit/share/cr3_moveit/cmake/cr3_moveitConfig-version.cmake
[0.609s] -- Up-to-date: /home/andrea/dobot_v3/install/cr3_moveit/share/cr3_moveit/package.xml
[0.609s] -- Up-to-date: /home/andrea/dobot_v3/install/cr3_moveit/share/cr3_moveit/launch
[0.609s] -- Up-to-date: /home/andrea/dobot_v3/install/cr3_moveit/share/cr3_moveit/launch/static_virtual_joint_tfs.launch.py
[0.609s] -- Up-to-date: /home/andrea/dobot_v3/install/cr3_moveit/share/cr3_moveit/launch/move_group.launch.py
[0.609s] -- Up-to-date: /home/andrea/dobot_v3/install/cr3_moveit/share/cr3_moveit/launch/moveit_gazebo.launch.py
[0.610s] -- Up-to-date: /home/andrea/dobot_v3/install/cr3_moveit/share/cr3_moveit/launch/setup_assistant.launch.py
[0.610s] -- Up-to-date: /home/andrea/dobot_v3/install/cr3_moveit/share/cr3_moveit/launch/demo.launch.py
[0.610s] -- Up-to-date: /home/andrea/dobot_v3/install/cr3_moveit/share/cr3_moveit/launch/moveit_rviz.launch.py
[0.610s] -- Up-to-date: /home/andrea/dobot_v3/install/cr3_moveit/share/cr3_moveit/launch/spawn_controllers.launch.py
[0.610s] -- Up-to-date: /home/andrea/dobot_v3/install/cr3_moveit/share/cr3_moveit/launch/warehouse_db.launch.py
[0.610s] -- Up-to-date: /home/andrea/dobot_v3/install/cr3_moveit/share/cr3_moveit/launch/rsp.launch.py
[0.610s] -- Up-to-date: /home/andrea/dobot_v3/install/cr3_moveit/share/cr3_moveit/config
[0.610s] -- Up-to-date: /home/andrea/dobot_v3/install/cr3_moveit/share/cr3_moveit/config/cr3_robot.srdf
[0.610s] -- Up-to-date: /home/andrea/dobot_v3/install/cr3_moveit/share/cr3_moveit/config/ros2_controllers.yaml
[0.610s] -- Up-to-date: /home/andrea/dobot_v3/install/cr3_moveit/share/cr3_moveit/config/joint_limits.yaml
[0.610s] -- Up-to-date: /home/andrea/dobot_v3/install/cr3_moveit/share/cr3_moveit/config/initial_positions.yaml
[0.610s] -- Up-to-date: /home/andrea/dobot_v3/install/cr3_moveit/share/cr3_moveit/config/kinematics.yaml
[0.610s] -- Up-to-date: /home/andrea/dobot_v3/install/cr3_moveit/share/cr3_moveit/config/moveit_controllers.yaml
[0.610s] -- Up-to-date: /home/andrea/dobot_v3/install/cr3_moveit/share/cr3_moveit/config/cr3_robot.urdf.xacro
[0.611s] -- Up-to-date: /home/andrea/dobot_v3/install/cr3_moveit/share/cr3_moveit/config/pilz_cartesian_limits.yaml
[0.611s] -- Up-to-date: /home/andrea/dobot_v3/install/cr3_moveit/share/cr3_moveit/config/moveit.rviz
[0.611s] -- Up-to-date: /home/andrea/dobot_v3/install/cr3_moveit/share/cr3_moveit/config/cr3_robot.ros2_control.xacro
[0.611s] -- Up-to-date: /home/andrea/dobot_v3/install/cr3_moveit/share/cr3_moveit/.setup_assistant
[0.645s] Invoked command in '/home/andrea/dobot_v3/build/cr3_moveit' returned '0': CMAKE_PREFIX_PATH=/home/andrea/dobot_v3/install/dobot_rviz:/home/andrea/dobot_v3/install/nova5_moveit:/home/andrea/dobot_v3/install/nova2_moveit:/home/andrea/dobot_v3/install/cr7_moveit:/home/andrea/dobot_v3/install/cr5_moveit:/home/andrea/dobot_v3/install/cr3_moveit:/home/andrea/dobot_v3/install/cr16_moveit:/home/andrea/dobot_v3/install/cr12_moveit:/home/andrea/dobot_v3/install/cr10_moveit:/home/andrea/dobot_v3/install/dobot_msgs_v3:/home/andrea/dobot_v3/install/dobot_gazebo:/home/andrea/dobot_v3/install/cr5_moveit_cpp_demo:/home/andrea/dobot_v3/install/custom_messages:/home/andrea/dobot_v3/install/cra_description:/home/andrea/dobot_v3/install/servo_action:/home/andrea/dobot_v3/install/dobot_bringup_v3:/home/andrea/dobot_v3/install/dobot_moveit:/home/andrea/dobot_v3/install/dobot_demo:/opt/ros/humble /usr/bin/cmake --install /home/andrea/dobot_v3/build/cr3_moveit
