[0.055s] Invoking command in '/home/andrea/dobot_v3/build/cr7_moveit': CMAKE_PREFIX_PATH=/home/andrea/dobot_v3/install/dobot_rviz:/home/andrea/dobot_v3/install/nova5_moveit:/home/andrea/dobot_v3/install/nova2_moveit:/home/andrea/dobot_v3/install/cr7_moveit:/home/andrea/dobot_v3/install/cr5_moveit:/home/andrea/dobot_v3/install/cr3_moveit:/home/andrea/dobot_v3/install/cr16_moveit:/home/andrea/dobot_v3/install/cr12_moveit:/home/andrea/dobot_v3/install/cr10_moveit:/home/andrea/dobot_v3/install/dobot_msgs_v3:/home/andrea/dobot_v3/install/dobot_gazebo:/home/andrea/dobot_v3/install/cr5_moveit_cpp_demo:/home/andrea/dobot_v3/install/custom_messages:/home/andrea/dobot_v3/install/cra_description:/home/andrea/dobot_v3/install/servo_action:/home/andrea/dobot_v3/install/dobot_bringup_v3:/home/andrea/dobot_v3/install/dobot_moveit:/home/andrea/dobot_v3/install/dobot_demo:/opt/ros/humble /usr/bin/cmake /home/andrea/dobot_v3/src/DOBOT_6Axis_ROS2_V3/cr7_moveit -DCMAKE_INSTALL_PREFIX=/home/andrea/dobot_v3/install/cr7_moveit
[0.142s] -- The C compiler identification is GNU 11.4.0
[0.309s] -- The CXX compiler identification is GNU 11.4.0
[0.327s] -- Detecting C compiler ABI info
[0.518s] -- Detecting C compiler ABI info - done
[0.539s] -- Check for working C compiler: /usr/bin/cc - skipped
[0.540s] -- Detecting C compile features
[0.540s] -- Detecting C compile features - done
[0.546s] -- Detecting CXX compiler ABI info
[0.744s] -- Detecting CXX compiler ABI info - done
[0.774s] -- Check for working CXX compiler: /usr/bin/c++ - skipped
[0.781s] -- Detecting CXX compile features
[0.781s] -- Detecting CXX compile features - done
[0.787s] -- Found ament_cmake: 1.3.12 (/opt/ros/humble/share/ament_cmake/cmake)
[1.274s] -- Found Python3: /usr/bin/python3 (found version "3.10.12") found components: Interpreter 
[1.637s] -- Configuring done
[1.641s] -- Generating done
[1.647s] -- Build files have been written to: /home/andrea/dobot_v3/build/cr7_moveit
[1.676s] Invoked command in '/home/andrea/dobot_v3/build/cr7_moveit' returned '0': CMAKE_PREFIX_PATH=/home/andrea/dobot_v3/install/dobot_rviz:/home/andrea/dobot_v3/install/nova5_moveit:/home/andrea/dobot_v3/install/nova2_moveit:/home/andrea/dobot_v3/install/cr7_moveit:/home/andrea/dobot_v3/install/cr5_moveit:/home/andrea/dobot_v3/install/cr3_moveit:/home/andrea/dobot_v3/install/cr16_moveit:/home/andrea/dobot_v3/install/cr12_moveit:/home/andrea/dobot_v3/install/cr10_moveit:/home/andrea/dobot_v3/install/dobot_msgs_v3:/home/andrea/dobot_v3/install/dobot_gazebo:/home/andrea/dobot_v3/install/cr5_moveit_cpp_demo:/home/andrea/dobot_v3/install/custom_messages:/home/andrea/dobot_v3/install/cra_description:/home/andrea/dobot_v3/install/servo_action:/home/andrea/dobot_v3/install/dobot_bringup_v3:/home/andrea/dobot_v3/install/dobot_moveit:/home/andrea/dobot_v3/install/dobot_demo:/opt/ros/humble /usr/bin/cmake /home/andrea/dobot_v3/src/DOBOT_6Axis_ROS2_V3/cr7_moveit -DCMAKE_INSTALL_PREFIX=/home/andrea/dobot_v3/install/cr7_moveit
[1.677s] Invoking command in '/home/andrea/dobot_v3/build/cr7_moveit': CMAKE_PREFIX_PATH=/home/andrea/dobot_v3/install/dobot_rviz:/home/andrea/dobot_v3/install/nova5_moveit:/home/andrea/dobot_v3/install/nova2_moveit:/home/andrea/dobot_v3/install/cr7_moveit:/home/andrea/dobot_v3/install/cr5_moveit:/home/andrea/dobot_v3/install/cr3_moveit:/home/andrea/dobot_v3/install/cr16_moveit:/home/andrea/dobot_v3/install/cr12_moveit:/home/andrea/dobot_v3/install/cr10_moveit:/home/andrea/dobot_v3/install/dobot_msgs_v3:/home/andrea/dobot_v3/install/dobot_gazebo:/home/andrea/dobot_v3/install/cr5_moveit_cpp_demo:/home/andrea/dobot_v3/install/custom_messages:/home/andrea/dobot_v3/install/cra_description:/home/andrea/dobot_v3/install/servo_action:/home/andrea/dobot_v3/install/dobot_bringup_v3:/home/andrea/dobot_v3/install/dobot_moveit:/home/andrea/dobot_v3/install/dobot_demo:/opt/ros/humble /usr/bin/cmake --build /home/andrea/dobot_v3/build/cr7_moveit -- -j12 -l12
[1.762s] Invoked command in '/home/andrea/dobot_v3/build/cr7_moveit' returned '0': CMAKE_PREFIX_PATH=/home/andrea/dobot_v3/install/dobot_rviz:/home/andrea/dobot_v3/install/nova5_moveit:/home/andrea/dobot_v3/install/nova2_moveit:/home/andrea/dobot_v3/install/cr7_moveit:/home/andrea/dobot_v3/install/cr5_moveit:/home/andrea/dobot_v3/install/cr3_moveit:/home/andrea/dobot_v3/install/cr16_moveit:/home/andrea/dobot_v3/install/cr12_moveit:/home/andrea/dobot_v3/install/cr10_moveit:/home/andrea/dobot_v3/install/dobot_msgs_v3:/home/andrea/dobot_v3/install/dobot_gazebo:/home/andrea/dobot_v3/install/cr5_moveit_cpp_demo:/home/andrea/dobot_v3/install/custom_messages:/home/andrea/dobot_v3/install/cra_description:/home/andrea/dobot_v3/install/servo_action:/home/andrea/dobot_v3/install/dobot_bringup_v3:/home/andrea/dobot_v3/install/dobot_moveit:/home/andrea/dobot_v3/install/dobot_demo:/opt/ros/humble /usr/bin/cmake --build /home/andrea/dobot_v3/build/cr7_moveit -- -j12 -l12
[1.769s] Invoking command in '/home/andrea/dobot_v3/build/cr7_moveit': CMAKE_PREFIX_PATH=/home/andrea/dobot_v3/install/dobot_rviz:/home/andrea/dobot_v3/install/nova5_moveit:/home/andrea/dobot_v3/install/nova2_moveit:/home/andrea/dobot_v3/install/cr7_moveit:/home/andrea/dobot_v3/install/cr5_moveit:/home/andrea/dobot_v3/install/cr3_moveit:/home/andrea/dobot_v3/install/cr16_moveit:/home/andrea/dobot_v3/install/cr12_moveit:/home/andrea/dobot_v3/install/cr10_moveit:/home/andrea/dobot_v3/install/dobot_msgs_v3:/home/andrea/dobot_v3/install/dobot_gazebo:/home/andrea/dobot_v3/install/cr5_moveit_cpp_demo:/home/andrea/dobot_v3/install/custom_messages:/home/andrea/dobot_v3/install/cra_description:/home/andrea/dobot_v3/install/servo_action:/home/andrea/dobot_v3/install/dobot_bringup_v3:/home/andrea/dobot_v3/install/dobot_moveit:/home/andrea/dobot_v3/install/dobot_demo:/opt/ros/humble /usr/bin/cmake --install /home/andrea/dobot_v3/build/cr7_moveit
[1.780s] -- Install configuration: ""
[1.780s] -- Installing: /home/andrea/dobot_v3/install/cr7_moveit/share/ament_index/resource_index/package_run_dependencies/cr7_moveit
[1.782s] -- Installing: /home/andrea/dobot_v3/install/cr7_moveit/share/ament_index/resource_index/parent_prefix_path/cr7_moveit
[1.782s] -- Installing: /home/andrea/dobot_v3/install/cr7_moveit/share/cr7_moveit/environment/ament_prefix_path.sh
[1.782s] -- Installing: /home/andrea/dobot_v3/install/cr7_moveit/share/cr7_moveit/environment/ament_prefix_path.dsv
[1.782s] -- Installing: /home/andrea/dobot_v3/install/cr7_moveit/share/cr7_moveit/environment/path.sh
[1.782s] -- Installing: /home/andrea/dobot_v3/install/cr7_moveit/share/cr7_moveit/environment/path.dsv
[1.782s] -- Installing: /home/andrea/dobot_v3/install/cr7_moveit/share/cr7_moveit/local_setup.bash
[1.782s] -- Installing: /home/andrea/dobot_v3/install/cr7_moveit/share/cr7_moveit/local_setup.sh
[1.783s] -- Installing: /home/andrea/dobot_v3/install/cr7_moveit/share/cr7_moveit/local_setup.zsh
[1.783s] -- Installing: /home/andrea/dobot_v3/install/cr7_moveit/share/cr7_moveit/local_setup.dsv
[1.783s] -- Installing: /home/andrea/dobot_v3/install/cr7_moveit/share/cr7_moveit/package.dsv
[1.783s] -- Installing: /home/andrea/dobot_v3/install/cr7_moveit/share/ament_index/resource_index/packages/cr7_moveit
[1.783s] -- Installing: /home/andrea/dobot_v3/install/cr7_moveit/share/cr7_moveit/cmake/cr7_moveitConfig.cmake
[1.783s] -- Installing: /home/andrea/dobot_v3/install/cr7_moveit/share/cr7_moveit/cmake/cr7_moveitConfig-version.cmake
[1.783s] -- Installing: /home/andrea/dobot_v3/install/cr7_moveit/share/cr7_moveit/package.xml
[1.783s] -- Installing: /home/andrea/dobot_v3/install/cr7_moveit/share/cr7_moveit/launch
[1.783s] -- Installing: /home/andrea/dobot_v3/install/cr7_moveit/share/cr7_moveit/launch/static_virtual_joint_tfs.launch.py
[1.783s] -- Installing: /home/andrea/dobot_v3/install/cr7_moveit/share/cr7_moveit/launch/move_group.launch.py
[1.783s] -- Installing: /home/andrea/dobot_v3/install/cr7_moveit/share/cr7_moveit/launch/moveit_gazebo.launch.py
[1.783s] -- Installing: /home/andrea/dobot_v3/install/cr7_moveit/share/cr7_moveit/launch/setup_assistant.launch.py
[1.783s] -- Installing: /home/andrea/dobot_v3/install/cr7_moveit/share/cr7_moveit/launch/demo.launch.py
[1.783s] -- Installing: /home/andrea/dobot_v3/install/cr7_moveit/share/cr7_moveit/launch/moveit_rviz.launch.py
[1.783s] -- Installing: /home/andrea/dobot_v3/install/cr7_moveit/share/cr7_moveit/launch/spawn_controllers.launch.py
[1.783s] -- Installing: /home/andrea/dobot_v3/install/cr7_moveit/share/cr7_moveit/launch/warehouse_db.launch.py
[1.783s] -- Installing: /home/andrea/dobot_v3/install/cr7_moveit/share/cr7_moveit/launch/rsp.launch.py
[1.784s] -- Installing: /home/andrea/dobot_v3/install/cr7_moveit/share/cr7_moveit/config
[1.784s] -- Installing: /home/andrea/dobot_v3/install/cr7_moveit/share/cr7_moveit/config/cr7_robot.srdf
[1.784s] -- Installing: /home/andrea/dobot_v3/install/cr7_moveit/share/cr7_moveit/config/ros2_controllers.yaml
[1.784s] -- Installing: /home/andrea/dobot_v3/install/cr7_moveit/share/cr7_moveit/config/cr7_robot.ros2_control.xacro
[1.784s] -- Installing: /home/andrea/dobot_v3/install/cr7_moveit/share/cr7_moveit/config/joint_limits.yaml
[1.784s] -- Installing: /home/andrea/dobot_v3/install/cr7_moveit/share/cr7_moveit/config/initial_positions.yaml
[1.784s] -- Installing: /home/andrea/dobot_v3/install/cr7_moveit/share/cr7_moveit/config/kinematics.yaml
[1.784s] -- Installing: /home/andrea/dobot_v3/install/cr7_moveit/share/cr7_moveit/config/moveit_controllers.yaml
[1.784s] -- Installing: /home/andrea/dobot_v3/install/cr7_moveit/share/cr7_moveit/config/cr7_robot.urdf.xacro
[1.784s] -- Installing: /home/andrea/dobot_v3/install/cr7_moveit/share/cr7_moveit/config/pilz_cartesian_limits.yaml
[1.784s] -- Installing: /home/andrea/dobot_v3/install/cr7_moveit/share/cr7_moveit/config/moveit.rviz
[1.784s] -- Installing: /home/andrea/dobot_v3/install/cr7_moveit/share/cr7_moveit/.setup_assistant
[1.819s] Invoked command in '/home/andrea/dobot_v3/build/cr7_moveit' returned '0': CMAKE_PREFIX_PATH=/home/andrea/dobot_v3/install/dobot_rviz:/home/andrea/dobot_v3/install/nova5_moveit:/home/andrea/dobot_v3/install/nova2_moveit:/home/andrea/dobot_v3/install/cr7_moveit:/home/andrea/dobot_v3/install/cr5_moveit:/home/andrea/dobot_v3/install/cr3_moveit:/home/andrea/dobot_v3/install/cr16_moveit:/home/andrea/dobot_v3/install/cr12_moveit:/home/andrea/dobot_v3/install/cr10_moveit:/home/andrea/dobot_v3/install/dobot_msgs_v3:/home/andrea/dobot_v3/install/dobot_gazebo:/home/andrea/dobot_v3/install/cr5_moveit_cpp_demo:/home/andrea/dobot_v3/install/custom_messages:/home/andrea/dobot_v3/install/cra_description:/home/andrea/dobot_v3/install/servo_action:/home/andrea/dobot_v3/install/dobot_bringup_v3:/home/andrea/dobot_v3/install/dobot_moveit:/home/andrea/dobot_v3/install/dobot_demo:/opt/ros/humble /usr/bin/cmake --install /home/andrea/dobot_v3/build/cr7_moveit
