[1.095s] Invoking command in '/home/andrea/dobot_v3/src/DOBOT_6Axis_ROS2_V3/servo_action': PYTHONPATH=/home/andrea/dobot_v3/build/servo_action/prefix_override:/usr/lib/python3/dist-packages/colcon_core/task/python/colcon_distutils_commands:/home/andrea/dobot_v3/install/servo_action/lib/python3.10/site-packages:${PYTHONPATH} /usr/bin/python3 -W ignore:setup.py install is deprecated -W ignore:easy_install command is deprecated setup.py egg_info --egg-base ../../../build/servo_action build --build-base /home/andrea/dobot_v3/build/servo_action/build install --record /home/andrea/dobot_v3/build/servo_action/install.log --single-version-externally-managed install_data
[1.440s] running egg_info
[1.440s] writing ../../../build/servo_action/servo_action.egg-info/PKG-INFO
[1.440s] writing dependency_links to ../../../build/servo_action/servo_action.egg-info/dependency_links.txt
[1.441s] writing entry points to ../../../build/servo_action/servo_action.egg-info/entry_points.txt
[1.441s] writing requirements to ../../../build/servo_action/servo_action.egg-info/requires.txt
[1.441s] writing top-level names to ../../../build/servo_action/servo_action.egg-info/top_level.txt
[1.442s] reading manifest file '../../../build/servo_action/servo_action.egg-info/SOURCES.txt'
[1.442s] writing manifest file '../../../build/servo_action/servo_action.egg-info/SOURCES.txt'
[1.443s] running build
[1.443s] running build_py
[1.443s] running install
[1.443s] running install_lib
[1.444s] running install_data
[1.445s] running install_egg_info
[1.446s] removing '/home/andrea/dobot_v3/install/servo_action/lib/python3.10/site-packages/servo_action-0.0.0-py3.10.egg-info' (and everything under it)
[1.446s] Copying ../../../build/servo_action/servo_action.egg-info to /home/andrea/dobot_v3/install/servo_action/lib/python3.10/site-packages/servo_action-0.0.0-py3.10.egg-info
[1.446s] running install_scripts
[1.461s] Installing Joint_Position script to /home/andrea/dobot_v3/install/servo_action/lib/servo_action
[1.461s] Installing action_move_client script to /home/andrea/dobot_v3/install/servo_action/lib/servo_action
[1.461s] Installing action_move_client_reality script to /home/andrea/dobot_v3/install/servo_action/lib/servo_action
[1.462s] Installing action_move_server script to /home/andrea/dobot_v3/install/servo_action/lib/servo_action
[1.462s] Installing action_move_server_reality script to /home/andrea/dobot_v3/install/servo_action/lib/servo_action
[1.462s] writing list of installed files to '/home/andrea/dobot_v3/build/servo_action/install.log'
[1.601s] Invoked command in '/home/andrea/dobot_v3/src/DOBOT_6Axis_ROS2_V3/servo_action' returned '0': PYTHONPATH=/home/andrea/dobot_v3/build/servo_action/prefix_override:/usr/lib/python3/dist-packages/colcon_core/task/python/colcon_distutils_commands:/home/andrea/dobot_v3/install/servo_action/lib/python3.10/site-packages:${PYTHONPATH} /usr/bin/python3 -W ignore:setup.py install is deprecated -W ignore:easy_install command is deprecated setup.py egg_info --egg-base ../../../build/servo_action build --build-base /home/andrea/dobot_v3/build/servo_action/build install --record /home/andrea/dobot_v3/build/servo_action/install.log --single-version-externally-managed install_data
