[0.037s] Invoking command in '/home/andrea/dobot_v3/build/nova2_moveit': CMAKE_PREFIX_PATH=/home/andrea/dobot_v3/install/dobot_rviz:/home/andrea/dobot_v3/install/nova5_moveit:/home/andrea/dobot_v3/install/nova2_moveit:/home/andrea/dobot_v3/install/cr7_moveit:/home/andrea/dobot_v3/install/cr5_moveit:/home/andrea/dobot_v3/install/cr3_moveit:/home/andrea/dobot_v3/install/cr16_moveit:/home/andrea/dobot_v3/install/cr12_moveit:/home/andrea/dobot_v3/install/cr10_moveit:/home/andrea/dobot_v3/install/dobot_msgs_v3:/home/andrea/dobot_v3/install/dobot_gazebo:/home/andrea/dobot_v3/install/cr5_moveit_cpp_demo:/home/andrea/dobot_v3/install/custom_messages:/home/andrea/dobot_v3/install/cra_description:/home/andrea/dobot_v3/install/servo_action:/home/andrea/dobot_v3/install/dobot_bringup_v3:/home/andrea/dobot_v3/install/dobot_moveit:/home/andrea/dobot_v3/install/dobot_demo:/opt/ros/humble /usr/bin/cmake --build /home/andrea/dobot_v3/build/nova2_moveit -- -j12 -l12
[0.066s] Invoked command in '/home/andrea/dobot_v3/build/nova2_moveit' returned '0': CMAKE_PREFIX_PATH=/home/andrea/dobot_v3/install/dobot_rviz:/home/andrea/dobot_v3/install/nova5_moveit:/home/andrea/dobot_v3/install/nova2_moveit:/home/andrea/dobot_v3/install/cr7_moveit:/home/andrea/dobot_v3/install/cr5_moveit:/home/andrea/dobot_v3/install/cr3_moveit:/home/andrea/dobot_v3/install/cr16_moveit:/home/andrea/dobot_v3/install/cr12_moveit:/home/andrea/dobot_v3/install/cr10_moveit:/home/andrea/dobot_v3/install/dobot_msgs_v3:/home/andrea/dobot_v3/install/dobot_gazebo:/home/andrea/dobot_v3/install/cr5_moveit_cpp_demo:/home/andrea/dobot_v3/install/custom_messages:/home/andrea/dobot_v3/install/cra_description:/home/andrea/dobot_v3/install/servo_action:/home/andrea/dobot_v3/install/dobot_bringup_v3:/home/andrea/dobot_v3/install/dobot_moveit:/home/andrea/dobot_v3/install/dobot_demo:/opt/ros/humble /usr/bin/cmake --build /home/andrea/dobot_v3/build/nova2_moveit -- -j12 -l12
[0.067s] Invoking command in '/home/andrea/dobot_v3/build/nova2_moveit': CMAKE_PREFIX_PATH=/home/andrea/dobot_v3/install/dobot_rviz:/home/andrea/dobot_v3/install/nova5_moveit:/home/andrea/dobot_v3/install/nova2_moveit:/home/andrea/dobot_v3/install/cr7_moveit:/home/andrea/dobot_v3/install/cr5_moveit:/home/andrea/dobot_v3/install/cr3_moveit:/home/andrea/dobot_v3/install/cr16_moveit:/home/andrea/dobot_v3/install/cr12_moveit:/home/andrea/dobot_v3/install/cr10_moveit:/home/andrea/dobot_v3/install/dobot_msgs_v3:/home/andrea/dobot_v3/install/dobot_gazebo:/home/andrea/dobot_v3/install/cr5_moveit_cpp_demo:/home/andrea/dobot_v3/install/custom_messages:/home/andrea/dobot_v3/install/cra_description:/home/andrea/dobot_v3/install/servo_action:/home/andrea/dobot_v3/install/dobot_bringup_v3:/home/andrea/dobot_v3/install/dobot_moveit:/home/andrea/dobot_v3/install/dobot_demo:/opt/ros/humble /usr/bin/cmake --install /home/andrea/dobot_v3/build/nova2_moveit
[0.072s] -- Install configuration: ""
[0.072s] -- Up-to-date: /home/andrea/dobot_v3/install/nova2_moveit/share/ament_index/resource_index/package_run_dependencies/nova2_moveit
[0.072s] -- Up-to-date: /home/andrea/dobot_v3/install/nova2_moveit/share/ament_index/resource_index/parent_prefix_path/nova2_moveit
[0.072s] -- Up-to-date: /home/andrea/dobot_v3/install/nova2_moveit/share/nova2_moveit/environment/ament_prefix_path.sh
[0.072s] -- Up-to-date: /home/andrea/dobot_v3/install/nova2_moveit/share/nova2_moveit/environment/ament_prefix_path.dsv
[0.073s] -- Up-to-date: /home/andrea/dobot_v3/install/nova2_moveit/share/nova2_moveit/environment/path.sh
[0.073s] -- Up-to-date: /home/andrea/dobot_v3/install/nova2_moveit/share/nova2_moveit/environment/path.dsv
[0.073s] -- Up-to-date: /home/andrea/dobot_v3/install/nova2_moveit/share/nova2_moveit/local_setup.bash
[0.073s] -- Up-to-date: /home/andrea/dobot_v3/install/nova2_moveit/share/nova2_moveit/local_setup.sh
[0.073s] -- Up-to-date: /home/andrea/dobot_v3/install/nova2_moveit/share/nova2_moveit/local_setup.zsh
[0.073s] -- Up-to-date: /home/andrea/dobot_v3/install/nova2_moveit/share/nova2_moveit/local_setup.dsv
[0.073s] -- Installing: /home/andrea/dobot_v3/install/nova2_moveit/share/nova2_moveit/package.dsv
[0.073s] -- Up-to-date: /home/andrea/dobot_v3/install/nova2_moveit/share/ament_index/resource_index/packages/nova2_moveit
[0.073s] -- Up-to-date: /home/andrea/dobot_v3/install/nova2_moveit/share/nova2_moveit/cmake/nova2_moveitConfig.cmake
[0.074s] -- Up-to-date: /home/andrea/dobot_v3/install/nova2_moveit/share/nova2_moveit/cmake/nova2_moveitConfig-version.cmake
[0.074s] -- Up-to-date: /home/andrea/dobot_v3/install/nova2_moveit/share/nova2_moveit/package.xml
[0.074s] -- Up-to-date: /home/andrea/dobot_v3/install/nova2_moveit/share/nova2_moveit/launch
[0.075s] -- Up-to-date: /home/andrea/dobot_v3/install/nova2_moveit/share/nova2_moveit/launch/static_virtual_joint_tfs.launch.py
[0.075s] -- Up-to-date: /home/andrea/dobot_v3/install/nova2_moveit/share/nova2_moveit/launch/move_group.launch.py
[0.075s] -- Up-to-date: /home/andrea/dobot_v3/install/nova2_moveit/share/nova2_moveit/launch/setup_assistant.launch.py
[0.075s] -- Up-to-date: /home/andrea/dobot_v3/install/nova2_moveit/share/nova2_moveit/launch/demo.launch.py
[0.075s] -- Up-to-date: /home/andrea/dobot_v3/install/nova2_moveit/share/nova2_moveit/launch/moveit_rviz.launch.py
[0.075s] -- Up-to-date: /home/andrea/dobot_v3/install/nova2_moveit/share/nova2_moveit/launch/spawn_controllers.launch.py
[0.075s] -- Up-to-date: /home/andrea/dobot_v3/install/nova2_moveit/share/nova2_moveit/launch/warehouse_db.launch.py
[0.076s] -- Up-to-date: /home/andrea/dobot_v3/install/nova2_moveit/share/nova2_moveit/launch/rsp.launch.py
[0.076s] -- Up-to-date: /home/andrea/dobot_v3/install/nova2_moveit/share/nova2_moveit/config
[0.076s] -- Up-to-date: /home/andrea/dobot_v3/install/nova2_moveit/share/nova2_moveit/config/ros2_controllers.yaml
[0.076s] -- Up-to-date: /home/andrea/dobot_v3/install/nova2_moveit/share/nova2_moveit/config/nova2_robot.ros2_control.xacro
[0.077s] -- Up-to-date: /home/andrea/dobot_v3/install/nova2_moveit/share/nova2_moveit/config/nova2_robot.urdf.xacro
[0.077s] -- Up-to-date: /home/andrea/dobot_v3/install/nova2_moveit/share/nova2_moveit/config/joint_limits.yaml
[0.077s] -- Up-to-date: /home/andrea/dobot_v3/install/nova2_moveit/share/nova2_moveit/config/initial_positions.yaml
[0.077s] -- Up-to-date: /home/andrea/dobot_v3/install/nova2_moveit/share/nova2_moveit/config/kinematics.yaml
[0.077s] -- Up-to-date: /home/andrea/dobot_v3/install/nova2_moveit/share/nova2_moveit/config/moveit_controllers.yaml
[0.078s] -- Up-to-date: /home/andrea/dobot_v3/install/nova2_moveit/share/nova2_moveit/config/nova2_robot.srdf
[0.078s] -- Up-to-date: /home/andrea/dobot_v3/install/nova2_moveit/share/nova2_moveit/config/pilz_cartesian_limits.yaml
[0.079s] -- Up-to-date: /home/andrea/dobot_v3/install/nova2_moveit/share/nova2_moveit/config/moveit.rviz
[0.079s] -- Up-to-date: /home/andrea/dobot_v3/install/nova2_moveit/share/nova2_moveit/.setup_assistant
[0.079s] Invoked command in '/home/andrea/dobot_v3/build/nova2_moveit' returned '0': CMAKE_PREFIX_PATH=/home/andrea/dobot_v3/install/dobot_rviz:/home/andrea/dobot_v3/install/nova5_moveit:/home/andrea/dobot_v3/install/nova2_moveit:/home/andrea/dobot_v3/install/cr7_moveit:/home/andrea/dobot_v3/install/cr5_moveit:/home/andrea/dobot_v3/install/cr3_moveit:/home/andrea/dobot_v3/install/cr16_moveit:/home/andrea/dobot_v3/install/cr12_moveit:/home/andrea/dobot_v3/install/cr10_moveit:/home/andrea/dobot_v3/install/dobot_msgs_v3:/home/andrea/dobot_v3/install/dobot_gazebo:/home/andrea/dobot_v3/install/cr5_moveit_cpp_demo:/home/andrea/dobot_v3/install/custom_messages:/home/andrea/dobot_v3/install/cra_description:/home/andrea/dobot_v3/install/servo_action:/home/andrea/dobot_v3/install/dobot_bringup_v3:/home/andrea/dobot_v3/install/dobot_moveit:/home/andrea/dobot_v3/install/dobot_demo:/opt/ros/humble /usr/bin/cmake --install /home/andrea/dobot_v3/build/nova2_moveit
