[0.086s] Invoking command in '/home/andrea/dobot_v3/build/cr5_moveit_cpp_demo': CMAKE_PREFIX_PATH=/home/andrea/dobot_v3/install/custom_messages:/home/andrea/dobot_v3/install/nova5_moveit:/home/andrea/dobot_v3/install/nova2_moveit:/home/andrea/dobot_v3/install/cr7_moveit:/home/andrea/dobot_v3/install/cr5_moveit:/home/andrea/dobot_v3/install/cr3_moveit:/home/andrea/dobot_v3/install/cr16_moveit:/home/andrea/dobot_v3/install/cr12_moveit:/home/andrea/dobot_v3/install/cr10_moveit:/home/andrea/dobot_v3/install/dobot_rviz:/home/andrea/dobot_v3/install/dobot_msgs_v3:/home/andrea/dobot_v3/install/dobot_gazebo:/home/andrea/dobot_v3/install/cr5_moveit_cpp_demo:/home/andrea/dobot_v3/install/cra_description:/home/andrea/dobot_v3/install/servo_action:/home/andrea/dobot_v3/install/dobot_bringup_v3:/home/andrea/dobot_v3/install/dobot_moveit:/home/andrea/dobot_v3/install/dobot_demo:/opt/ros/humble LD_LIBRARY_PATH=/home/andrea/dobot_v3/install/custom_messages/lib:/home/andrea/dobot_v3/install/dobot_msgs_v3/lib:/usr/lib/x86_64-linux-gnu/gazebo-11/plugins:/opt/ros/humble/opt/rviz_ogre_vendor/lib:/opt/ros/humble/lib/x86_64-linux-gnu:/opt/ros/humble/lib /usr/bin/cmake --build /home/andrea/dobot_v3/build/cr5_moveit_cpp_demo -- -j12 -l12
[0.211s] [  6%] [32mBuilding CXX object CMakeFiles/move_cr5_node.dir/src/nodes/move_cr5_node.cpp.o[0m
[0.220s] [ 18%] Built target reworked_map_node
[0.225s] [ 31%] Built target fake_zed_node
[0.234s] [ 43%] Built target reconnaissance_node
[0.235s] [ 56%] Built target matlab_slave_node
[0.245s] [ 62%] [32mBuilding CXX object CMakeFiles/move_cr5_node_modular.dir/src/modules/movement_controller.cpp.o[0m
[10.295s] [ 68%] [32m[1mLinking CXX executable move_cr5_node_modular[0m
[11.286s] [ 93%] Built target move_cr5_node_modular
[11.609s] [100%] [32m[1mLinking CXX executable move_cr5_node[0m
[12.230s] [100%] Built target move_cr5_node
[12.243s] Invoked command in '/home/andrea/dobot_v3/build/cr5_moveit_cpp_demo' returned '0': CMAKE_PREFIX_PATH=/home/andrea/dobot_v3/install/custom_messages:/home/andrea/dobot_v3/install/nova5_moveit:/home/andrea/dobot_v3/install/nova2_moveit:/home/andrea/dobot_v3/install/cr7_moveit:/home/andrea/dobot_v3/install/cr5_moveit:/home/andrea/dobot_v3/install/cr3_moveit:/home/andrea/dobot_v3/install/cr16_moveit:/home/andrea/dobot_v3/install/cr12_moveit:/home/andrea/dobot_v3/install/cr10_moveit:/home/andrea/dobot_v3/install/dobot_rviz:/home/andrea/dobot_v3/install/dobot_msgs_v3:/home/andrea/dobot_v3/install/dobot_gazebo:/home/andrea/dobot_v3/install/cr5_moveit_cpp_demo:/home/andrea/dobot_v3/install/cra_description:/home/andrea/dobot_v3/install/servo_action:/home/andrea/dobot_v3/install/dobot_bringup_v3:/home/andrea/dobot_v3/install/dobot_moveit:/home/andrea/dobot_v3/install/dobot_demo:/opt/ros/humble LD_LIBRARY_PATH=/home/andrea/dobot_v3/install/custom_messages/lib:/home/andrea/dobot_v3/install/dobot_msgs_v3/lib:/usr/lib/x86_64-linux-gnu/gazebo-11/plugins:/opt/ros/humble/opt/rviz_ogre_vendor/lib:/opt/ros/humble/lib/x86_64-linux-gnu:/opt/ros/humble/lib /usr/bin/cmake --build /home/andrea/dobot_v3/build/cr5_moveit_cpp_demo -- -j12 -l12
[12.245s] Invoking command in '/home/andrea/dobot_v3/build/cr5_moveit_cpp_demo': CMAKE_PREFIX_PATH=/home/andrea/dobot_v3/install/custom_messages:/home/andrea/dobot_v3/install/nova5_moveit:/home/andrea/dobot_v3/install/nova2_moveit:/home/andrea/dobot_v3/install/cr7_moveit:/home/andrea/dobot_v3/install/cr5_moveit:/home/andrea/dobot_v3/install/cr3_moveit:/home/andrea/dobot_v3/install/cr16_moveit:/home/andrea/dobot_v3/install/cr12_moveit:/home/andrea/dobot_v3/install/cr10_moveit:/home/andrea/dobot_v3/install/dobot_rviz:/home/andrea/dobot_v3/install/dobot_msgs_v3:/home/andrea/dobot_v3/install/dobot_gazebo:/home/andrea/dobot_v3/install/cr5_moveit_cpp_demo:/home/andrea/dobot_v3/install/cra_description:/home/andrea/dobot_v3/install/servo_action:/home/andrea/dobot_v3/install/dobot_bringup_v3:/home/andrea/dobot_v3/install/dobot_moveit:/home/andrea/dobot_v3/install/dobot_demo:/opt/ros/humble LD_LIBRARY_PATH=/home/andrea/dobot_v3/install/custom_messages/lib:/home/andrea/dobot_v3/install/dobot_msgs_v3/lib:/usr/lib/x86_64-linux-gnu/gazebo-11/plugins:/opt/ros/humble/opt/rviz_ogre_vendor/lib:/opt/ros/humble/lib/x86_64-linux-gnu:/opt/ros/humble/lib /usr/bin/cmake --install /home/andrea/dobot_v3/build/cr5_moveit_cpp_demo
[12.256s] -- Install configuration: ""
[12.256s] -- Installing: /home/andrea/dobot_v3/install/cr5_moveit_cpp_demo/lib/cr5_moveit_cpp_demo/move_cr5_node
[12.260s] -- Set runtime path of "/home/andrea/dobot_v3/install/cr5_moveit_cpp_demo/lib/cr5_moveit_cpp_demo/move_cr5_node" to ""
[12.260s] -- Installing: /home/andrea/dobot_v3/install/cr5_moveit_cpp_demo/lib/cr5_moveit_cpp_demo/move_cr5_node_modular
[12.263s] -- Set runtime path of "/home/andrea/dobot_v3/install/cr5_moveit_cpp_demo/lib/cr5_moveit_cpp_demo/move_cr5_node_modular" to ""
[12.264s] -- Up-to-date: /home/andrea/dobot_v3/install/cr5_moveit_cpp_demo/lib/cr5_moveit_cpp_demo/reworked_map_node
[12.264s] -- Up-to-date: /home/andrea/dobot_v3/install/cr5_moveit_cpp_demo/lib/cr5_moveit_cpp_demo/fake_zed_node
[12.265s] -- Up-to-date: /home/andrea/dobot_v3/install/cr5_moveit_cpp_demo/lib/cr5_moveit_cpp_demo/reconnaissance_node
[12.265s] -- Up-to-date: /home/andrea/dobot_v3/install/cr5_moveit_cpp_demo/lib/cr5_moveit_cpp_demo/matlab_slave_node
[12.265s] -- Up-to-date: /home/andrea/dobot_v3/install/cr5_moveit_cpp_demo/share/cr5_moveit_cpp_demo/launch
[12.266s] -- Up-to-date: /home/andrea/dobot_v3/install/cr5_moveit_cpp_demo/share/cr5_moveit_cpp_demo/launch/scripts_launch.launch.py
[12.266s] -- Up-to-date: /home/andrea/dobot_v3/install/cr5_moveit_cpp_demo/share/ament_index/resource_index/package_run_dependencies/cr5_moveit_cpp_demo
[12.266s] -- Up-to-date: /home/andrea/dobot_v3/install/cr5_moveit_cpp_demo/share/ament_index/resource_index/parent_prefix_path/cr5_moveit_cpp_demo
[12.266s] -- Up-to-date: /home/andrea/dobot_v3/install/cr5_moveit_cpp_demo/share/cr5_moveit_cpp_demo/environment/ament_prefix_path.sh
[12.266s] -- Up-to-date: /home/andrea/dobot_v3/install/cr5_moveit_cpp_demo/share/cr5_moveit_cpp_demo/environment/ament_prefix_path.dsv
[12.266s] -- Up-to-date: /home/andrea/dobot_v3/install/cr5_moveit_cpp_demo/share/cr5_moveit_cpp_demo/environment/path.sh
[12.266s] -- Up-to-date: /home/andrea/dobot_v3/install/cr5_moveit_cpp_demo/share/cr5_moveit_cpp_demo/environment/path.dsv
[12.266s] -- Up-to-date: /home/andrea/dobot_v3/install/cr5_moveit_cpp_demo/share/cr5_moveit_cpp_demo/local_setup.bash
[12.266s] -- Up-to-date: /home/andrea/dobot_v3/install/cr5_moveit_cpp_demo/share/cr5_moveit_cpp_demo/local_setup.sh
[12.267s] -- Up-to-date: /home/andrea/dobot_v3/install/cr5_moveit_cpp_demo/share/cr5_moveit_cpp_demo/local_setup.zsh
[12.267s] -- Up-to-date: /home/andrea/dobot_v3/install/cr5_moveit_cpp_demo/share/cr5_moveit_cpp_demo/local_setup.dsv
[12.267s] -- Up-to-date: /home/andrea/dobot_v3/install/cr5_moveit_cpp_demo/share/cr5_moveit_cpp_demo/package.dsv
[12.267s] -- Up-to-date: /home/andrea/dobot_v3/install/cr5_moveit_cpp_demo/share/ament_index/resource_index/packages/cr5_moveit_cpp_demo
[12.267s] -- Up-to-date: /home/andrea/dobot_v3/install/cr5_moveit_cpp_demo/share/cr5_moveit_cpp_demo/cmake/cr5_moveit_cpp_demoConfig.cmake
[12.268s] -- Up-to-date: /home/andrea/dobot_v3/install/cr5_moveit_cpp_demo/share/cr5_moveit_cpp_demo/cmake/cr5_moveit_cpp_demoConfig-version.cmake
[12.269s] -- Up-to-date: /home/andrea/dobot_v3/install/cr5_moveit_cpp_demo/share/cr5_moveit_cpp_demo/package.xml
[12.270s] Invoked command in '/home/andrea/dobot_v3/build/cr5_moveit_cpp_demo' returned '0': CMAKE_PREFIX_PATH=/home/andrea/dobot_v3/install/custom_messages:/home/andrea/dobot_v3/install/nova5_moveit:/home/andrea/dobot_v3/install/nova2_moveit:/home/andrea/dobot_v3/install/cr7_moveit:/home/andrea/dobot_v3/install/cr5_moveit:/home/andrea/dobot_v3/install/cr3_moveit:/home/andrea/dobot_v3/install/cr16_moveit:/home/andrea/dobot_v3/install/cr12_moveit:/home/andrea/dobot_v3/install/cr10_moveit:/home/andrea/dobot_v3/install/dobot_rviz:/home/andrea/dobot_v3/install/dobot_msgs_v3:/home/andrea/dobot_v3/install/dobot_gazebo:/home/andrea/dobot_v3/install/cr5_moveit_cpp_demo:/home/andrea/dobot_v3/install/cra_description:/home/andrea/dobot_v3/install/servo_action:/home/andrea/dobot_v3/install/dobot_bringup_v3:/home/andrea/dobot_v3/install/dobot_moveit:/home/andrea/dobot_v3/install/dobot_demo:/opt/ros/humble LD_LIBRARY_PATH=/home/andrea/dobot_v3/install/custom_messages/lib:/home/andrea/dobot_v3/install/dobot_msgs_v3/lib:/usr/lib/x86_64-linux-gnu/gazebo-11/plugins:/opt/ros/humble/opt/rviz_ogre_vendor/lib:/opt/ros/humble/lib/x86_64-linux-gnu:/opt/ros/humble/lib /usr/bin/cmake --install /home/andrea/dobot_v3/build/cr5_moveit_cpp_demo
