[0.045s] Invoking command in '/home/andrea/dobot_v3/build/dobot_rviz': CMAKE_PREFIX_PATH=${CMAKE_PREFIX_PATH}:/home/andrea/dobot_v3/install/servo_action:/home/andrea/dobot_v3/install/dobot_bringup_v3:/home/andrea/dobot_v3/install/dobot_moveit:/home/andrea/dobot_v3/install/dobot_demo:/opt/ros/humble /usr/bin/cmake --build /home/andrea/dobot_v3/build/dobot_rviz -- -j12 -l12
[0.617s] Invoked command in '/home/andrea/dobot_v3/build/dobot_rviz' returned '0': CMAKE_PREFIX_PATH=${CMAKE_PREFIX_PATH}:/home/andrea/dobot_v3/install/servo_action:/home/andrea/dobot_v3/install/dobot_bringup_v3:/home/andrea/dobot_v3/install/dobot_moveit:/home/andrea/dobot_v3/install/dobot_demo:/opt/ros/humble /usr/bin/cmake --build /home/andrea/dobot_v3/build/dobot_rviz -- -j12 -l12
[0.619s] Invoking command in '/home/andrea/dobot_v3/build/dobot_rviz': CMAKE_PREFIX_PATH=${CMAKE_PREFIX_PATH}:/home/andrea/dobot_v3/install/servo_action:/home/andrea/dobot_v3/install/dobot_bringup_v3:/home/andrea/dobot_v3/install/dobot_moveit:/home/andrea/dobot_v3/install/dobot_demo:/opt/ros/humble /usr/bin/cmake --install /home/andrea/dobot_v3/build/dobot_rviz
[0.890s] -- Install configuration: ""
[0.890s] -- Up-to-date: /home/andrea/dobot_v3/install/dobot_rviz/share/dobot_rviz/launch
[0.890s] -- Up-to-date: /home/andrea/dobot_v3/install/dobot_rviz/share/dobot_rviz/launch/dobot_rviz.launch.py
[0.890s] -- Up-to-date: /home/andrea/dobot_v3/install/dobot_rviz/share/dobot_rviz/urdf
[0.890s] -- Installing: /home/andrea/dobot_v3/install/dobot_rviz/share/dobot_rviz/urdf/cr5_robot.urdf
[0.890s] -- Up-to-date: /home/andrea/dobot_v3/install/dobot_rviz/share/dobot_rviz/urdf/cr3_robot.urdf
[0.890s] -- Up-to-date: /home/andrea/dobot_v3/install/dobot_rviz/share/dobot_rviz/urdf/cr5_robot.pdf
[0.890s] -- Up-to-date: /home/andrea/dobot_v3/install/dobot_rviz/share/dobot_rviz/urdf/cr12_robot.urdf
[0.890s] -- Up-to-date: /home/andrea/dobot_v3/install/dobot_rviz/share/dobot_rviz/urdf/nova2_robot.urdf
[0.891s] -- Up-to-date: /home/andrea/dobot_v3/install/dobot_rviz/share/dobot_rviz/urdf/cr10_robot.urdf
[0.891s] -- Up-to-date: /home/andrea/dobot_v3/install/dobot_rviz/share/dobot_rviz/urdf/cr7_robot.urdf
[0.891s] -- Up-to-date: /home/andrea/dobot_v3/install/dobot_rviz/share/dobot_rviz/urdf/cr5_robot.gv
[0.891s] -- Up-to-date: /home/andrea/dobot_v3/install/dobot_rviz/share/dobot_rviz/urdf/nova5_robot.urdf
[0.891s] -- Up-to-date: /home/andrea/dobot_v3/install/dobot_rviz/share/dobot_rviz/urdf/cr16_robot.urdf
[0.891s] -- Up-to-date: /home/andrea/dobot_v3/install/dobot_rviz/share/dobot_rviz/rviz
[0.891s] -- Up-to-date: /home/andrea/dobot_v3/install/dobot_rviz/share/dobot_rviz/rviz/urdf.rviz
[0.891s] -- Up-to-date: /home/andrea/dobot_v3/install/dobot_rviz/share/dobot_rviz/meshes
[0.891s] -- Up-to-date: /home/andrea/dobot_v3/install/dobot_rviz/share/dobot_rviz/meshes/nova2
[0.892s] -- Up-to-date: /home/andrea/dobot_v3/install/dobot_rviz/share/dobot_rviz/meshes/nova2/Link6.STL
[0.892s] -- Up-to-date: /home/andrea/dobot_v3/install/dobot_rviz/share/dobot_rviz/meshes/nova2/Link1.STL
[0.892s] -- Up-to-date: /home/andrea/dobot_v3/install/dobot_rviz/share/dobot_rviz/meshes/nova2/Link2.STL
[0.892s] -- Up-to-date: /home/andrea/dobot_v3/install/dobot_rviz/share/dobot_rviz/meshes/nova2/Link5.STL
[0.892s] -- Up-to-date: /home/andrea/dobot_v3/install/dobot_rviz/share/dobot_rviz/meshes/nova2/base_link.STL
[0.892s] -- Up-to-date: /home/andrea/dobot_v3/install/dobot_rviz/share/dobot_rviz/meshes/nova2/Link4.STL
[0.892s] -- Up-to-date: /home/andrea/dobot_v3/install/dobot_rviz/share/dobot_rviz/meshes/nova2/Link3.STL
[0.892s] -- Up-to-date: /home/andrea/dobot_v3/install/dobot_rviz/share/dobot_rviz/meshes/nova5
[0.892s] -- Up-to-date: /home/andrea/dobot_v3/install/dobot_rviz/share/dobot_rviz/meshes/nova5/Link6.STL
[0.892s] -- Up-to-date: /home/andrea/dobot_v3/install/dobot_rviz/share/dobot_rviz/meshes/nova5/Link1.STL
[0.893s] -- Up-to-date: /home/andrea/dobot_v3/install/dobot_rviz/share/dobot_rviz/meshes/nova5/Link2.STL
[0.893s] -- Up-to-date: /home/andrea/dobot_v3/install/dobot_rviz/share/dobot_rviz/meshes/nova5/Link5.STL
[0.893s] -- Up-to-date: /home/andrea/dobot_v3/install/dobot_rviz/share/dobot_rviz/meshes/nova5/base_link.STL
[0.894s] -- Up-to-date: /home/andrea/dobot_v3/install/dobot_rviz/share/dobot_rviz/meshes/nova5/Link4.STL
[0.895s] -- Up-to-date: /home/andrea/dobot_v3/install/dobot_rviz/share/dobot_rviz/meshes/nova5/Link3.STL
[0.895s] -- Up-to-date: /home/andrea/dobot_v3/install/dobot_rviz/share/dobot_rviz/meshes/cr7
[0.895s] -- Up-to-date: /home/andrea/dobot_v3/install/dobot_rviz/share/dobot_rviz/meshes/cr7/J6.STL
[0.895s] -- Up-to-date: /home/andrea/dobot_v3/install/dobot_rviz/share/dobot_rviz/meshes/cr7/J5.STL
[0.895s] -- Up-to-date: /home/andrea/dobot_v3/install/dobot_rviz/share/dobot_rviz/meshes/cr7/J3.STL
[0.896s] -- Up-to-date: /home/andrea/dobot_v3/install/dobot_rviz/share/dobot_rviz/meshes/cr7/J2.STL
[0.897s] -- Up-to-date: /home/andrea/dobot_v3/install/dobot_rviz/share/dobot_rviz/meshes/cr7/J4.STL
[0.898s] -- Up-to-date: /home/andrea/dobot_v3/install/dobot_rviz/share/dobot_rviz/meshes/cr7/base_link0.STL
[0.899s] -- Up-to-date: /home/andrea/dobot_v3/install/dobot_rviz/share/dobot_rviz/meshes/cr7/J1.STL
[0.900s] -- Up-to-date: /home/andrea/dobot_v3/install/dobot_rviz/share/dobot_rviz/meshes/cr16
[0.901s] -- Up-to-date: /home/andrea/dobot_v3/install/dobot_rviz/share/dobot_rviz/meshes/cr16/Link6.STL
[0.901s] -- Up-to-date: /home/andrea/dobot_v3/install/dobot_rviz/share/dobot_rviz/meshes/cr16/Link1.STL
[0.902s] -- Up-to-date: /home/andrea/dobot_v3/install/dobot_rviz/share/dobot_rviz/meshes/cr16/Link2.STL
[0.902s] -- Up-to-date: /home/andrea/dobot_v3/install/dobot_rviz/share/dobot_rviz/meshes/cr16/Link5.STL
[0.902s] -- Up-to-date: /home/andrea/dobot_v3/install/dobot_rviz/share/dobot_rviz/meshes/cr16/base_link.STL
[0.902s] -- Up-to-date: /home/andrea/dobot_v3/install/dobot_rviz/share/dobot_rviz/meshes/cr16/Link4.STL
[0.903s] -- Up-to-date: /home/andrea/dobot_v3/install/dobot_rviz/share/dobot_rviz/meshes/cr16/Link3.STL
[0.903s] -- Up-to-date: /home/andrea/dobot_v3/install/dobot_rviz/share/dobot_rviz/meshes/cr10
[0.903s] -- Up-to-date: /home/andrea/dobot_v3/install/dobot_rviz/share/dobot_rviz/meshes/cr10/Link6.STL
[0.903s] -- Up-to-date: /home/andrea/dobot_v3/install/dobot_rviz/share/dobot_rviz/meshes/cr10/Link1.STL
[0.904s] -- Up-to-date: /home/andrea/dobot_v3/install/dobot_rviz/share/dobot_rviz/meshes/cr10/Link2.STL
[0.904s] -- Up-to-date: /home/andrea/dobot_v3/install/dobot_rviz/share/dobot_rviz/meshes/cr10/Link5.STL
[0.904s] -- Up-to-date: /home/andrea/dobot_v3/install/dobot_rviz/share/dobot_rviz/meshes/cr10/base_link.STL
[0.904s] -- Up-to-date: /home/andrea/dobot_v3/install/dobot_rviz/share/dobot_rviz/meshes/cr10/Link4.STL
[0.904s] -- Up-to-date: /home/andrea/dobot_v3/install/dobot_rviz/share/dobot_rviz/meshes/cr10/Link3.STL
[0.905s] -- Up-to-date: /home/andrea/dobot_v3/install/dobot_rviz/share/dobot_rviz/meshes/cr12
[0.905s] -- Up-to-date: /home/andrea/dobot_v3/install/dobot_rviz/share/dobot_rviz/meshes/cr12/J6.STL
[0.906s] -- Up-to-date: /home/andrea/dobot_v3/install/dobot_rviz/share/dobot_rviz/meshes/cr12/J5.STL
[0.907s] -- Up-to-date: /home/andrea/dobot_v3/install/dobot_rviz/share/dobot_rviz/meshes/cr12/J3.STL
[0.907s] -- Up-to-date: /home/andrea/dobot_v3/install/dobot_rviz/share/dobot_rviz/meshes/cr12/J2.STL
[0.907s] -- Up-to-date: /home/andrea/dobot_v3/install/dobot_rviz/share/dobot_rviz/meshes/cr12/J4.STL
[0.908s] -- Up-to-date: /home/andrea/dobot_v3/install/dobot_rviz/share/dobot_rviz/meshes/cr12/base_link0.STL
[0.908s] -- Up-to-date: /home/andrea/dobot_v3/install/dobot_rviz/share/dobot_rviz/meshes/cr12/J1.STL
[0.908s] -- Up-to-date: /home/andrea/dobot_v3/install/dobot_rviz/share/dobot_rviz/meshes/cr3
[0.908s] -- Up-to-date: /home/andrea/dobot_v3/install/dobot_rviz/share/dobot_rviz/meshes/cr3/Link6.STL
[0.908s] -- Up-to-date: /home/andrea/dobot_v3/install/dobot_rviz/share/dobot_rviz/meshes/cr3/Link1.STL
[0.909s] -- Up-to-date: /home/andrea/dobot_v3/install/dobot_rviz/share/dobot_rviz/meshes/cr3/Link2.STL
[0.909s] -- Up-to-date: /home/andrea/dobot_v3/install/dobot_rviz/share/dobot_rviz/meshes/cr3/Link5.STL
[0.909s] -- Up-to-date: /home/andrea/dobot_v3/install/dobot_rviz/share/dobot_rviz/meshes/cr3/base_link.STL
[0.909s] -- Up-to-date: /home/andrea/dobot_v3/install/dobot_rviz/share/dobot_rviz/meshes/cr3/Link4.STL
[0.909s] -- Up-to-date: /home/andrea/dobot_v3/install/dobot_rviz/share/dobot_rviz/meshes/cr3/Link3.STL
[0.910s] -- Up-to-date: /home/andrea/dobot_v3/install/dobot_rviz/share/dobot_rviz/meshes/cr5
[0.910s] -- Up-to-date: /home/andrea/dobot_v3/install/dobot_rviz/share/dobot_rviz/meshes/cr5/Link4.dae
[0.911s] -- Up-to-date: /home/andrea/dobot_v3/install/dobot_rviz/share/dobot_rviz/meshes/cr5/Link3.dae
[0.911s] -- Up-to-date: /home/andrea/dobot_v3/install/dobot_rviz/share/dobot_rviz/meshes/cr5/base_link.dae
[0.911s] -- Up-to-date: /home/andrea/dobot_v3/install/dobot_rviz/share/dobot_rviz/meshes/cr5/Link5.dae
[0.911s] -- Up-to-date: /home/andrea/dobot_v3/install/dobot_rviz/share/dobot_rviz/meshes/cr5/Link6.dae
[0.911s] -- Up-to-date: /home/andrea/dobot_v3/install/dobot_rviz/share/dobot_rviz/meshes/cr5/Link1.dae
[0.911s] -- Up-to-date: /home/andrea/dobot_v3/install/dobot_rviz/share/dobot_rviz/meshes/cr5/Link2.dae
[0.911s] -- Up-to-date: /home/andrea/dobot_v3/install/dobot_rviz/share/ament_index/resource_index/package_run_dependencies/dobot_rviz
[0.911s] -- Up-to-date: /home/andrea/dobot_v3/install/dobot_rviz/share/ament_index/resource_index/parent_prefix_path/dobot_rviz
[0.911s] -- Up-to-date: /home/andrea/dobot_v3/install/dobot_rviz/share/dobot_rviz/environment/ament_prefix_path.sh
[0.911s] -- Up-to-date: /home/andrea/dobot_v3/install/dobot_rviz/share/dobot_rviz/environment/ament_prefix_path.dsv
[0.912s] -- Up-to-date: /home/andrea/dobot_v3/install/dobot_rviz/share/dobot_rviz/environment/path.sh
[0.912s] -- Up-to-date: /home/andrea/dobot_v3/install/dobot_rviz/share/dobot_rviz/environment/path.dsv
[0.914s] -- Up-to-date: /home/andrea/dobot_v3/install/dobot_rviz/share/dobot_rviz/local_setup.bash
[0.915s] -- Up-to-date: /home/andrea/dobot_v3/install/dobot_rviz/share/dobot_rviz/local_setup.sh
[0.915s] -- Up-to-date: /home/andrea/dobot_v3/install/dobot_rviz/share/dobot_rviz/local_setup.zsh
[0.916s] -- Up-to-date: /home/andrea/dobot_v3/install/dobot_rviz/share/dobot_rviz/local_setup.dsv
[0.916s] -- Installing: /home/andrea/dobot_v3/install/dobot_rviz/share/dobot_rviz/package.dsv
[0.917s] -- Up-to-date: /home/andrea/dobot_v3/install/dobot_rviz/share/ament_index/resource_index/packages/dobot_rviz
[0.917s] -- Up-to-date: /home/andrea/dobot_v3/install/dobot_rviz/share/dobot_rviz/cmake/dobot_rvizConfig.cmake
[0.918s] -- Up-to-date: /home/andrea/dobot_v3/install/dobot_rviz/share/dobot_rviz/cmake/dobot_rvizConfig-version.cmake
[0.919s] -- Up-to-date: /home/andrea/dobot_v3/install/dobot_rviz/share/dobot_rviz/package.xml
[1.176s] Invoked command in '/home/andrea/dobot_v3/build/dobot_rviz' returned '0': CMAKE_PREFIX_PATH=${CMAKE_PREFIX_PATH}:/home/andrea/dobot_v3/install/servo_action:/home/andrea/dobot_v3/install/dobot_bringup_v3:/home/andrea/dobot_v3/install/dobot_moveit:/home/andrea/dobot_v3/install/dobot_demo:/opt/ros/humble /usr/bin/cmake --install /home/andrea/dobot_v3/build/dobot_rviz
