[0.013s] Invoking command in '/home/andrea/dobot_v3/build/cr5_moveit_cpp_demo': CMAKE_PREFIX_PATH=/home/andrea/dobot_v3/install/custom_messages:/home/andrea/dobot_v3/install/nova5_moveit:/home/andrea/dobot_v3/install/nova2_moveit:/home/andrea/dobot_v3/install/cr7_moveit:/home/andrea/dobot_v3/install/cr5_moveit:/home/andrea/dobot_v3/install/cr3_moveit:/home/andrea/dobot_v3/install/cr16_moveit:/home/andrea/dobot_v3/install/cr12_moveit:/home/andrea/dobot_v3/install/cr10_moveit:/home/andrea/dobot_v3/install/dobot_rviz:/home/andrea/dobot_v3/install/dobot_msgs_v3:/home/andrea/dobot_v3/install/dobot_gazebo:/home/andrea/dobot_v3/install/cr5_moveit_cpp_demo:/home/andrea/dobot_v3/install/cra_description:/home/andrea/dobot_v3/install/servo_action:/home/andrea/dobot_v3/install/dobot_bringup_v3:/home/andrea/dobot_v3/install/dobot_moveit:/home/andrea/dobot_v3/install/dobot_demo:/opt/ros/humble LD_LIBRARY_PATH=/home/andrea/dobot_v3/install/custom_messages/lib:/home/andrea/dobot_v3/install/dobot_msgs_v3/lib:/usr/lib/x86_64-linux-gnu/gazebo-11/plugins:/opt/ros/humble/opt/rviz_ogre_vendor/lib:/opt/ros/humble/lib/x86_64-linux-gnu:/opt/ros/humble/lib /usr/bin/cmake --build /home/andrea/dobot_v3/build/cr5_moveit_cpp_demo -- -j12 -l12
[0.050s] -- Found rclcpp: 16.0.12 (/opt/ros/humble/share/rclcpp/cmake)
[0.219s] -- Found rosidl_generator_c: 3.1.6 (/opt/ros/humble/share/rosidl_generator_c/cmake)
[0.222s] -- Found rosidl_adapter: 3.1.6 (/opt/ros/humble/share/rosidl_adapter/cmake)
[0.228s] -- Found rosidl_generator_cpp: 3.1.6 (/opt/ros/humble/share/rosidl_generator_cpp/cmake)
[0.238s] -- Using all available rosidl_typesupport_c: rosidl_typesupport_fastrtps_c;rosidl_typesupport_introspection_c
[0.249s] -- Using all available rosidl_typesupport_cpp: rosidl_typesupport_fastrtps_cpp;rosidl_typesupport_introspection_cpp
[0.280s] -- Found rmw_implementation_cmake: 6.1.2 (/opt/ros/humble/share/rmw_implementation_cmake/cmake)
[0.282s] -- Found rmw_fastrtps_cpp: 6.2.7 (/opt/ros/humble/share/rmw_fastrtps_cpp/cmake)
[0.400s] -- Using RMW implementation 'rmw_fastrtps_cpp' as default
[0.495s] -- Found moveit_core: 2.5.9 (/opt/ros/humble/share/moveit_core/cmake)
[0.516s] -- Found Boost: /usr/lib/x86_64-linux-gnu/cmake/Boost-1.74.0/BoostConfig.cmake (found version "1.74.0") found components: chrono date_time filesystem iostreams program_options regex serialization system thread 
[0.539s] -- Found parameter_traits: 0.4.0 (/opt/ros/humble/share/parameter_traits/cmake)
[0.548s] -- Found rclcpp_lifecycle: 16.0.12 (/opt/ros/humble/share/rclcpp_lifecycle/cmake)
[0.567s] -- Found Boost: /usr/lib/x86_64-linux-gnu/cmake/Boost-1.74.0/BoostConfig.cmake (found version "1.74.0") found components: filesystem 
[0.611s] -- library: /usr/lib/x86_64-linux-gnu/libcurl.so
[0.662s] -- Ensuring Eigen3 include directory is part of orocos-kdl CMake target
[0.859s] -- Found moveit_ros_planning_interface: 2.5.9 (/opt/ros/humble/share/moveit_ros_planning_interface/cmake)
[0.862s] -- Found Boost: /usr/lib/x86_64-linux-gnu/cmake/Boost-1.74.0/BoostConfig.cmake (found version "1.74.0") found components: date_time filesystem program_options system thread 
[0.872s] -- Found Boost: /usr/lib/x86_64-linux-gnu/cmake/Boost-1.74.0/BoostConfig.cmake (found version "1.74.0") found components: system filesystem date_time program_options thread chrono 
[0.894s] -- Found Boost: /usr/lib/x86_64-linux-gnu/cmake/Boost-1.74.0/BoostConfig.cmake (found version "1.74.0") found components: thread system filesystem regex date_time program_options 
[0.910s] -- Found Boost: /usr/lib/x86_64-linux-gnu/cmake/Boost-1.74.0/BoostConfig.cmake (found version "1.74.0") found components: system filesystem date_time program_options thread 
[0.933s] -- Found moveit_ros_robot_interaction: 2.5.9 (/opt/ros/humble/share/moveit_ros_robot_interaction/cmake)
[0.943s] -- Found custom_messages: 0.0.0 (/home/andrea/dobot_v3/install/custom_messages/share/custom_messages/cmake)
[0.967s] -- Found ament_lint_auto: 0.12.12 (/opt/ros/humble/share/ament_lint_auto/cmake)
[1.018s] -- Configuring done
[1.060s] -- Generating done
[1.071s] -- Build files have been written to: /home/andrea/dobot_v3/build/cr5_moveit_cpp_demo
[1.094s] [35m[1mConsolidate compiler generated dependencies of target reworked_map_node[0m
[1.096s] [35m[1mConsolidate compiler generated dependencies of target move_cr5_node[0m
[1.099s] [35m[1mConsolidate compiler generated dependencies of target fake_zed_node[0m
[1.113s] [ 33%] Built target reworked_map_node
[1.113s] [ 66%] Built target fake_zed_node
[1.118s] [ 83%] [32mBuilding CXX object CMakeFiles/move_cr5_node.dir/src/move_cr5_node.cpp.o[0m
[9.766s] [100%] [32m[1mLinking CXX executable move_cr5_node[0m
[10.353s] [100%] Built target move_cr5_node
[10.368s] Invoked command in '/home/andrea/dobot_v3/build/cr5_moveit_cpp_demo' returned '0': CMAKE_PREFIX_PATH=/home/andrea/dobot_v3/install/custom_messages:/home/andrea/dobot_v3/install/nova5_moveit:/home/andrea/dobot_v3/install/nova2_moveit:/home/andrea/dobot_v3/install/cr7_moveit:/home/andrea/dobot_v3/install/cr5_moveit:/home/andrea/dobot_v3/install/cr3_moveit:/home/andrea/dobot_v3/install/cr16_moveit:/home/andrea/dobot_v3/install/cr12_moveit:/home/andrea/dobot_v3/install/cr10_moveit:/home/andrea/dobot_v3/install/dobot_rviz:/home/andrea/dobot_v3/install/dobot_msgs_v3:/home/andrea/dobot_v3/install/dobot_gazebo:/home/andrea/dobot_v3/install/cr5_moveit_cpp_demo:/home/andrea/dobot_v3/install/cra_description:/home/andrea/dobot_v3/install/servo_action:/home/andrea/dobot_v3/install/dobot_bringup_v3:/home/andrea/dobot_v3/install/dobot_moveit:/home/andrea/dobot_v3/install/dobot_demo:/opt/ros/humble LD_LIBRARY_PATH=/home/andrea/dobot_v3/install/custom_messages/lib:/home/andrea/dobot_v3/install/dobot_msgs_v3/lib:/usr/lib/x86_64-linux-gnu/gazebo-11/plugins:/opt/ros/humble/opt/rviz_ogre_vendor/lib:/opt/ros/humble/lib/x86_64-linux-gnu:/opt/ros/humble/lib /usr/bin/cmake --build /home/andrea/dobot_v3/build/cr5_moveit_cpp_demo -- -j12 -l12
[10.386s] Invoking command in '/home/andrea/dobot_v3/build/cr5_moveit_cpp_demo': CMAKE_PREFIX_PATH=/home/andrea/dobot_v3/install/custom_messages:/home/andrea/dobot_v3/install/nova5_moveit:/home/andrea/dobot_v3/install/nova2_moveit:/home/andrea/dobot_v3/install/cr7_moveit:/home/andrea/dobot_v3/install/cr5_moveit:/home/andrea/dobot_v3/install/cr3_moveit:/home/andrea/dobot_v3/install/cr16_moveit:/home/andrea/dobot_v3/install/cr12_moveit:/home/andrea/dobot_v3/install/cr10_moveit:/home/andrea/dobot_v3/install/dobot_rviz:/home/andrea/dobot_v3/install/dobot_msgs_v3:/home/andrea/dobot_v3/install/dobot_gazebo:/home/andrea/dobot_v3/install/cr5_moveit_cpp_demo:/home/andrea/dobot_v3/install/cra_description:/home/andrea/dobot_v3/install/servo_action:/home/andrea/dobot_v3/install/dobot_bringup_v3:/home/andrea/dobot_v3/install/dobot_moveit:/home/andrea/dobot_v3/install/dobot_demo:/opt/ros/humble LD_LIBRARY_PATH=/home/andrea/dobot_v3/install/custom_messages/lib:/home/andrea/dobot_v3/install/dobot_msgs_v3/lib:/usr/lib/x86_64-linux-gnu/gazebo-11/plugins:/opt/ros/humble/opt/rviz_ogre_vendor/lib:/opt/ros/humble/lib/x86_64-linux-gnu:/opt/ros/humble/lib /usr/bin/cmake --install /home/andrea/dobot_v3/build/cr5_moveit_cpp_demo
[10.401s] -- Install configuration: ""
[10.401s] -- Installing: /home/andrea/dobot_v3/install/cr5_moveit_cpp_demo/lib/cr5_moveit_cpp_demo/move_cr5_node
[10.405s] -- Set runtime path of "/home/andrea/dobot_v3/install/cr5_moveit_cpp_demo/lib/cr5_moveit_cpp_demo/move_cr5_node" to ""
[10.405s] -- Up-to-date: /home/andrea/dobot_v3/install/cr5_moveit_cpp_demo/lib/cr5_moveit_cpp_demo/reworked_map_node
[10.405s] -- Up-to-date: /home/andrea/dobot_v3/install/cr5_moveit_cpp_demo/lib/cr5_moveit_cpp_demo/fake_zed_node
[10.406s] -- Up-to-date: /home/andrea/dobot_v3/install/cr5_moveit_cpp_demo/share/cr5_moveit_cpp_demo/launch
[10.406s] -- Up-to-date: /home/andrea/dobot_v3/install/cr5_moveit_cpp_demo/share/cr5_moveit_cpp_demo/launch/scripts_launch.launch.py
[10.406s] -- Up-to-date: /home/andrea/dobot_v3/install/cr5_moveit_cpp_demo/share/ament_index/resource_index/package_run_dependencies/cr5_moveit_cpp_demo
[10.406s] -- Up-to-date: /home/andrea/dobot_v3/install/cr5_moveit_cpp_demo/share/ament_index/resource_index/parent_prefix_path/cr5_moveit_cpp_demo
[10.406s] -- Up-to-date: /home/andrea/dobot_v3/install/cr5_moveit_cpp_demo/share/cr5_moveit_cpp_demo/environment/ament_prefix_path.sh
[10.406s] -- Installing: /home/andrea/dobot_v3/install/cr5_moveit_cpp_demo/share/cr5_moveit_cpp_demo/environment/ament_prefix_path.dsv
[10.406s] -- Up-to-date: /home/andrea/dobot_v3/install/cr5_moveit_cpp_demo/share/cr5_moveit_cpp_demo/environment/path.sh
[10.406s] -- Installing: /home/andrea/dobot_v3/install/cr5_moveit_cpp_demo/share/cr5_moveit_cpp_demo/environment/path.dsv
[10.406s] -- Up-to-date: /home/andrea/dobot_v3/install/cr5_moveit_cpp_demo/share/cr5_moveit_cpp_demo/local_setup.bash
[10.407s] -- Up-to-date: /home/andrea/dobot_v3/install/cr5_moveit_cpp_demo/share/cr5_moveit_cpp_demo/local_setup.sh
[10.407s] -- Up-to-date: /home/andrea/dobot_v3/install/cr5_moveit_cpp_demo/share/cr5_moveit_cpp_demo/local_setup.zsh
[10.407s] -- Installing: /home/andrea/dobot_v3/install/cr5_moveit_cpp_demo/share/cr5_moveit_cpp_demo/local_setup.dsv
[10.407s] -- Installing: /home/andrea/dobot_v3/install/cr5_moveit_cpp_demo/share/cr5_moveit_cpp_demo/package.dsv
[10.407s] -- Up-to-date: /home/andrea/dobot_v3/install/cr5_moveit_cpp_demo/share/ament_index/resource_index/packages/cr5_moveit_cpp_demo
[10.407s] -- Up-to-date: /home/andrea/dobot_v3/install/cr5_moveit_cpp_demo/share/cr5_moveit_cpp_demo/cmake/cr5_moveit_cpp_demoConfig.cmake
[10.407s] -- Up-to-date: /home/andrea/dobot_v3/install/cr5_moveit_cpp_demo/share/cr5_moveit_cpp_demo/cmake/cr5_moveit_cpp_demoConfig-version.cmake
[10.408s] -- Installing: /home/andrea/dobot_v3/install/cr5_moveit_cpp_demo/share/cr5_moveit_cpp_demo/package.xml
[10.409s] Invoked command in '/home/andrea/dobot_v3/build/cr5_moveit_cpp_demo' returned '0': CMAKE_PREFIX_PATH=/home/andrea/dobot_v3/install/custom_messages:/home/andrea/dobot_v3/install/nova5_moveit:/home/andrea/dobot_v3/install/nova2_moveit:/home/andrea/dobot_v3/install/cr7_moveit:/home/andrea/dobot_v3/install/cr5_moveit:/home/andrea/dobot_v3/install/cr3_moveit:/home/andrea/dobot_v3/install/cr16_moveit:/home/andrea/dobot_v3/install/cr12_moveit:/home/andrea/dobot_v3/install/cr10_moveit:/home/andrea/dobot_v3/install/dobot_rviz:/home/andrea/dobot_v3/install/dobot_msgs_v3:/home/andrea/dobot_v3/install/dobot_gazebo:/home/andrea/dobot_v3/install/cr5_moveit_cpp_demo:/home/andrea/dobot_v3/install/cra_description:/home/andrea/dobot_v3/install/servo_action:/home/andrea/dobot_v3/install/dobot_bringup_v3:/home/andrea/dobot_v3/install/dobot_moveit:/home/andrea/dobot_v3/install/dobot_demo:/opt/ros/humble LD_LIBRARY_PATH=/home/andrea/dobot_v3/install/custom_messages/lib:/home/andrea/dobot_v3/install/dobot_msgs_v3/lib:/usr/lib/x86_64-linux-gnu/gazebo-11/plugins:/opt/ros/humble/opt/rviz_ogre_vendor/lib:/opt/ros/humble/lib/x86_64-linux-gnu:/opt/ros/humble/lib /usr/bin/cmake --install /home/andrea/dobot_v3/build/cr5_moveit_cpp_demo
