[1.315s] Invoking command in '/home/andrea/dobot_v3/src/DOBOT_6Axis_ROS2_V3/dobot_moveit': PYTHONPATH=/home/andrea/dobot_v3/build/dobot_moveit/prefix_override:/usr/lib/python3/dist-packages/colcon_core/task/python/colcon_distutils_commands:/home/andrea/dobot_v3/install/dobot_moveit/lib/python3.10/site-packages:${PYTHONPATH} /usr/bin/python3 -W ignore:setup.py install is deprecated -W ignore:easy_install command is deprecated setup.py egg_info --egg-base ../../../build/dobot_moveit build --build-base /home/andrea/dobot_v3/build/dobot_moveit/build install --record /home/andrea/dobot_v3/build/dobot_moveit/install.log --single-version-externally-managed install_data
[1.547s] running egg_info
[1.547s] writing ../../../build/dobot_moveit/dobot_moveit.egg-info/PKG-INFO
[1.547s] writing dependency_links to ../../../build/dobot_moveit/dobot_moveit.egg-info/dependency_links.txt
[1.547s] writing entry points to ../../../build/dobot_moveit/dobot_moveit.egg-info/entry_points.txt
[1.547s] writing requirements to ../../../build/dobot_moveit/dobot_moveit.egg-info/requires.txt
[1.547s] writing top-level names to ../../../build/dobot_moveit/dobot_moveit.egg-info/top_level.txt
[1.549s] reading manifest file '../../../build/dobot_moveit/dobot_moveit.egg-info/SOURCES.txt'
[1.550s] writing manifest file '../../../build/dobot_moveit/dobot_moveit.egg-info/SOURCES.txt'
[1.550s] running build
[1.550s] running build_py
[1.550s] running install
[1.550s] running install_lib
[1.551s] running install_data
[1.551s] running install_egg_info
[1.552s] removing '/home/andrea/dobot_v3/install/dobot_moveit/lib/python3.10/site-packages/dobot_moveit-0.0.0-py3.10.egg-info' (and everything under it)
[1.552s] Copying ../../../build/dobot_moveit/dobot_moveit.egg-info to /home/andrea/dobot_v3/install/dobot_moveit/lib/python3.10/site-packages/dobot_moveit-0.0.0-py3.10.egg-info
[1.552s] running install_scripts
[1.557s] writing list of installed files to '/home/andrea/dobot_v3/build/dobot_moveit/install.log'
[1.626s] Invoked command in '/home/andrea/dobot_v3/src/DOBOT_6Axis_ROS2_V3/dobot_moveit' returned '0': PYTHONPATH=/home/andrea/dobot_v3/build/dobot_moveit/prefix_override:/usr/lib/python3/dist-packages/colcon_core/task/python/colcon_distutils_commands:/home/andrea/dobot_v3/install/dobot_moveit/lib/python3.10/site-packages:${PYTHONPATH} /usr/bin/python3 -W ignore:setup.py install is deprecated -W ignore:easy_install command is deprecated setup.py egg_info --egg-base ../../../build/dobot_moveit build --build-base /home/andrea/dobot_v3/build/dobot_moveit/build install --record /home/andrea/dobot_v3/build/dobot_moveit/install.log --single-version-externally-managed install_data
