[0.060s] Invoking command in '/home/andrea/dobot_v3/build/cr16_moveit': CMAKE_PREFIX_PATH=/home/andrea/dobot_v3/install/dobot_rviz:/home/andrea/dobot_v3/install/nova5_moveit:/home/andrea/dobot_v3/install/nova2_moveit:/home/andrea/dobot_v3/install/cr7_moveit:/home/andrea/dobot_v3/install/cr5_moveit:/home/andrea/dobot_v3/install/cr3_moveit:/home/andrea/dobot_v3/install/cr16_moveit:/home/andrea/dobot_v3/install/cr12_moveit:/home/andrea/dobot_v3/install/cr10_moveit:/home/andrea/dobot_v3/install/dobot_msgs_v3:/home/andrea/dobot_v3/install/dobot_gazebo:/home/andrea/dobot_v3/install/cr5_moveit_cpp_demo:/home/andrea/dobot_v3/install/custom_messages:/home/andrea/dobot_v3/install/cra_description:/home/andrea/dobot_v3/install/servo_action:/home/andrea/dobot_v3/install/dobot_bringup_v3:/home/andrea/dobot_v3/install/dobot_moveit:/home/andrea/dobot_v3/install/dobot_demo:/opt/ros/humble /usr/bin/cmake /home/andrea/dobot_v3/src/DOBOT_6Axis_ROS2_V3/cr16_moveit -DCMAKE_INSTALL_PREFIX=/home/andrea/dobot_v3/install/cr16_moveit
[0.132s] -- The C compiler identification is GNU 11.4.0
[0.214s] -- The CXX compiler identification is GNU 11.4.0
[0.236s] -- Detecting C compiler ABI info
[0.370s] -- Detecting C compiler ABI info - done
[0.391s] -- Check for working C compiler: /usr/bin/cc - skipped
[0.393s] -- Detecting C compile features
[0.393s] -- Detecting C compile features - done
[0.393s] -- Detecting CXX compiler ABI info
[0.571s] -- Detecting CXX compiler ABI info - done
[0.596s] -- Check for working CXX compiler: /usr/bin/c++ - skipped
[0.602s] -- Detecting CXX compile features
[0.602s] -- Detecting CXX compile features - done
[0.602s] -- Found ament_cmake: 1.3.12 (/opt/ros/humble/share/ament_cmake/cmake)
[0.831s] -- Found Python3: /usr/bin/python3 (found version "3.10.12") found components: Interpreter 
[1.300s] -- Configuring done
[1.305s] -- Generating done
[1.310s] -- Build files have been written to: /home/andrea/dobot_v3/build/cr16_moveit
[1.338s] Invoked command in '/home/andrea/dobot_v3/build/cr16_moveit' returned '0': CMAKE_PREFIX_PATH=/home/andrea/dobot_v3/install/dobot_rviz:/home/andrea/dobot_v3/install/nova5_moveit:/home/andrea/dobot_v3/install/nova2_moveit:/home/andrea/dobot_v3/install/cr7_moveit:/home/andrea/dobot_v3/install/cr5_moveit:/home/andrea/dobot_v3/install/cr3_moveit:/home/andrea/dobot_v3/install/cr16_moveit:/home/andrea/dobot_v3/install/cr12_moveit:/home/andrea/dobot_v3/install/cr10_moveit:/home/andrea/dobot_v3/install/dobot_msgs_v3:/home/andrea/dobot_v3/install/dobot_gazebo:/home/andrea/dobot_v3/install/cr5_moveit_cpp_demo:/home/andrea/dobot_v3/install/custom_messages:/home/andrea/dobot_v3/install/cra_description:/home/andrea/dobot_v3/install/servo_action:/home/andrea/dobot_v3/install/dobot_bringup_v3:/home/andrea/dobot_v3/install/dobot_moveit:/home/andrea/dobot_v3/install/dobot_demo:/opt/ros/humble /usr/bin/cmake /home/andrea/dobot_v3/src/DOBOT_6Axis_ROS2_V3/cr16_moveit -DCMAKE_INSTALL_PREFIX=/home/andrea/dobot_v3/install/cr16_moveit
[1.338s] Invoking command in '/home/andrea/dobot_v3/build/cr16_moveit': CMAKE_PREFIX_PATH=/home/andrea/dobot_v3/install/dobot_rviz:/home/andrea/dobot_v3/install/nova5_moveit:/home/andrea/dobot_v3/install/nova2_moveit:/home/andrea/dobot_v3/install/cr7_moveit:/home/andrea/dobot_v3/install/cr5_moveit:/home/andrea/dobot_v3/install/cr3_moveit:/home/andrea/dobot_v3/install/cr16_moveit:/home/andrea/dobot_v3/install/cr12_moveit:/home/andrea/dobot_v3/install/cr10_moveit:/home/andrea/dobot_v3/install/dobot_msgs_v3:/home/andrea/dobot_v3/install/dobot_gazebo:/home/andrea/dobot_v3/install/cr5_moveit_cpp_demo:/home/andrea/dobot_v3/install/custom_messages:/home/andrea/dobot_v3/install/cra_description:/home/andrea/dobot_v3/install/servo_action:/home/andrea/dobot_v3/install/dobot_bringup_v3:/home/andrea/dobot_v3/install/dobot_moveit:/home/andrea/dobot_v3/install/dobot_demo:/opt/ros/humble /usr/bin/cmake --build /home/andrea/dobot_v3/build/cr16_moveit -- -j12 -l12
[1.523s] Invoked command in '/home/andrea/dobot_v3/build/cr16_moveit' returned '0': CMAKE_PREFIX_PATH=/home/andrea/dobot_v3/install/dobot_rviz:/home/andrea/dobot_v3/install/nova5_moveit:/home/andrea/dobot_v3/install/nova2_moveit:/home/andrea/dobot_v3/install/cr7_moveit:/home/andrea/dobot_v3/install/cr5_moveit:/home/andrea/dobot_v3/install/cr3_moveit:/home/andrea/dobot_v3/install/cr16_moveit:/home/andrea/dobot_v3/install/cr12_moveit:/home/andrea/dobot_v3/install/cr10_moveit:/home/andrea/dobot_v3/install/dobot_msgs_v3:/home/andrea/dobot_v3/install/dobot_gazebo:/home/andrea/dobot_v3/install/cr5_moveit_cpp_demo:/home/andrea/dobot_v3/install/custom_messages:/home/andrea/dobot_v3/install/cra_description:/home/andrea/dobot_v3/install/servo_action:/home/andrea/dobot_v3/install/dobot_bringup_v3:/home/andrea/dobot_v3/install/dobot_moveit:/home/andrea/dobot_v3/install/dobot_demo:/opt/ros/humble /usr/bin/cmake --build /home/andrea/dobot_v3/build/cr16_moveit -- -j12 -l12
[1.529s] Invoking command in '/home/andrea/dobot_v3/build/cr16_moveit': CMAKE_PREFIX_PATH=/home/andrea/dobot_v3/install/dobot_rviz:/home/andrea/dobot_v3/install/nova5_moveit:/home/andrea/dobot_v3/install/nova2_moveit:/home/andrea/dobot_v3/install/cr7_moveit:/home/andrea/dobot_v3/install/cr5_moveit:/home/andrea/dobot_v3/install/cr3_moveit:/home/andrea/dobot_v3/install/cr16_moveit:/home/andrea/dobot_v3/install/cr12_moveit:/home/andrea/dobot_v3/install/cr10_moveit:/home/andrea/dobot_v3/install/dobot_msgs_v3:/home/andrea/dobot_v3/install/dobot_gazebo:/home/andrea/dobot_v3/install/cr5_moveit_cpp_demo:/home/andrea/dobot_v3/install/custom_messages:/home/andrea/dobot_v3/install/cra_description:/home/andrea/dobot_v3/install/servo_action:/home/andrea/dobot_v3/install/dobot_bringup_v3:/home/andrea/dobot_v3/install/dobot_moveit:/home/andrea/dobot_v3/install/dobot_demo:/opt/ros/humble /usr/bin/cmake --install /home/andrea/dobot_v3/build/cr16_moveit
[1.567s] -- Install configuration: ""
[1.567s] -- Installing: /home/andrea/dobot_v3/install/cr16_moveit/share/ament_index/resource_index/package_run_dependencies/cr16_moveit
[1.567s] -- Installing: /home/andrea/dobot_v3/install/cr16_moveit/share/ament_index/resource_index/parent_prefix_path/cr16_moveit
[1.567s] -- Installing: /home/andrea/dobot_v3/install/cr16_moveit/share/cr16_moveit/environment/ament_prefix_path.sh
[1.568s] -- Installing: /home/andrea/dobot_v3/install/cr16_moveit/share/cr16_moveit/environment/ament_prefix_path.dsv
[1.568s] -- Installing: /home/andrea/dobot_v3/install/cr16_moveit/share/cr16_moveit/environment/path.sh
[1.568s] -- Installing: /home/andrea/dobot_v3/install/cr16_moveit/share/cr16_moveit/environment/path.dsv
[1.568s] -- Installing: /home/andrea/dobot_v3/install/cr16_moveit/share/cr16_moveit/local_setup.bash
[1.568s] -- Installing: /home/andrea/dobot_v3/install/cr16_moveit/share/cr16_moveit/local_setup.sh
[1.568s] -- Installing: /home/andrea/dobot_v3/install/cr16_moveit/share/cr16_moveit/local_setup.zsh
[1.572s] -- Installing: /home/andrea/dobot_v3/install/cr16_moveit/share/cr16_moveit/local_setup.dsv
[1.576s] -- Installing: /home/andrea/dobot_v3/install/cr16_moveit/share/cr16_moveit/package.dsv
[1.576s] -- Installing: /home/andrea/dobot_v3/install/cr16_moveit/share/ament_index/resource_index/packages/cr16_moveit
[1.577s] -- Installing: /home/andrea/dobot_v3/install/cr16_moveit/share/cr16_moveit/cmake/cr16_moveitConfig.cmake
[1.577s] -- Installing: /home/andrea/dobot_v3/install/cr16_moveit/share/cr16_moveit/cmake/cr16_moveitConfig-version.cmake
[1.577s] -- Installing: /home/andrea/dobot_v3/install/cr16_moveit/share/cr16_moveit/package.xml
[1.577s] -- Installing: /home/andrea/dobot_v3/install/cr16_moveit/share/cr16_moveit/launch
[1.577s] -- Installing: /home/andrea/dobot_v3/install/cr16_moveit/share/cr16_moveit/launch/static_virtual_joint_tfs.launch.py
[1.577s] -- Installing: /home/andrea/dobot_v3/install/cr16_moveit/share/cr16_moveit/launch/move_group.launch.py
[1.577s] -- Installing: /home/andrea/dobot_v3/install/cr16_moveit/share/cr16_moveit/launch/moveit_gazebo.launch.py
[1.577s] -- Installing: /home/andrea/dobot_v3/install/cr16_moveit/share/cr16_moveit/launch/setup_assistant.launch.py
[1.577s] -- Installing: /home/andrea/dobot_v3/install/cr16_moveit/share/cr16_moveit/launch/demo.launch.py
[1.577s] -- Installing: /home/andrea/dobot_v3/install/cr16_moveit/share/cr16_moveit/launch/moveit_rviz.launch.py
[1.578s] -- Installing: /home/andrea/dobot_v3/install/cr16_moveit/share/cr16_moveit/launch/spawn_controllers.launch.py
[1.578s] -- Installing: /home/andrea/dobot_v3/install/cr16_moveit/share/cr16_moveit/launch/warehouse_db.launch.py
[1.578s] -- Installing: /home/andrea/dobot_v3/install/cr16_moveit/share/cr16_moveit/launch/rsp.launch.py
[1.578s] -- Installing: /home/andrea/dobot_v3/install/cr16_moveit/share/cr16_moveit/config
[1.578s] -- Installing: /home/andrea/dobot_v3/install/cr16_moveit/share/cr16_moveit/config/ros2_controllers.yaml
[1.578s] -- Installing: /home/andrea/dobot_v3/install/cr16_moveit/share/cr16_moveit/config/cr16_robot.srdf
[1.578s] -- Installing: /home/andrea/dobot_v3/install/cr16_moveit/share/cr16_moveit/config/joint_limits.yaml
[1.578s] -- Installing: /home/andrea/dobot_v3/install/cr16_moveit/share/cr16_moveit/config/initial_positions.yaml
[1.578s] -- Installing: /home/andrea/dobot_v3/install/cr16_moveit/share/cr16_moveit/config/cr16_robot.urdf.xacro
[1.578s] -- Installing: /home/andrea/dobot_v3/install/cr16_moveit/share/cr16_moveit/config/kinematics.yaml
[1.578s] -- Installing: /home/andrea/dobot_v3/install/cr16_moveit/share/cr16_moveit/config/moveit_controllers.yaml
[1.579s] -- Installing: /home/andrea/dobot_v3/install/cr16_moveit/share/cr16_moveit/config/cr16_robot.ros2_control.xacro
[1.579s] -- Installing: /home/andrea/dobot_v3/install/cr16_moveit/share/cr16_moveit/config/pilz_cartesian_limits.yaml
[1.579s] -- Installing: /home/andrea/dobot_v3/install/cr16_moveit/share/cr16_moveit/config/moveit.rviz
[1.579s] -- Installing: /home/andrea/dobot_v3/install/cr16_moveit/share/cr16_moveit/.setup_assistant
[1.585s] Invoked command in '/home/andrea/dobot_v3/build/cr16_moveit' returned '0': CMAKE_PREFIX_PATH=/home/andrea/dobot_v3/install/dobot_rviz:/home/andrea/dobot_v3/install/nova5_moveit:/home/andrea/dobot_v3/install/nova2_moveit:/home/andrea/dobot_v3/install/cr7_moveit:/home/andrea/dobot_v3/install/cr5_moveit:/home/andrea/dobot_v3/install/cr3_moveit:/home/andrea/dobot_v3/install/cr16_moveit:/home/andrea/dobot_v3/install/cr12_moveit:/home/andrea/dobot_v3/install/cr10_moveit:/home/andrea/dobot_v3/install/dobot_msgs_v3:/home/andrea/dobot_v3/install/dobot_gazebo:/home/andrea/dobot_v3/install/cr5_moveit_cpp_demo:/home/andrea/dobot_v3/install/custom_messages:/home/andrea/dobot_v3/install/cra_description:/home/andrea/dobot_v3/install/servo_action:/home/andrea/dobot_v3/install/dobot_bringup_v3:/home/andrea/dobot_v3/install/dobot_moveit:/home/andrea/dobot_v3/install/dobot_demo:/opt/ros/humble /usr/bin/cmake --install /home/andrea/dobot_v3/build/cr16_moveit
