[0.229s] Invoking command in '/home/andrea/dobot_v3/build/dobot_gazebo': CMAKE_PREFIX_PATH=/home/andrea/dobot_v3/install/cra_description:/home/andrea/dobot_v3/install/nova5_moveit:/home/andrea/dobot_v3/install/nova2_moveit:/home/andrea/dobot_v3/install/cr7_moveit:/home/andrea/dobot_v3/install/cr5_moveit:/home/andrea/dobot_v3/install/cr3_moveit:/home/andrea/dobot_v3/install/cr16_moveit:/home/andrea/dobot_v3/install/cr12_moveit:/home/andrea/dobot_v3/install/cr10_moveit:/home/andrea/dobot_v3/install/dobot_rviz:/home/andrea/dobot_v3/install/dobot_msgs_v3:/home/andrea/dobot_v3/install/dobot_gazebo:/home/andrea/dobot_v3/install/cr5_moveit_cpp_demo:/home/andrea/dobot_v3/install/custom_messages:/home/andrea/dobot_v3/install/servo_action:/home/andrea/dobot_v3/install/dobot_bringup_v3:/home/andrea/dobot_v3/install/dobot_moveit:/home/andrea/dobot_v3/install/dobot_demo:/opt/ros/humble /usr/bin/cmake --build /home/andrea/dobot_v3/build/dobot_gazebo -- -j12 -l12
[0.287s] Invoked command in '/home/andrea/dobot_v3/build/dobot_gazebo' returned '0': CMAKE_PREFIX_PATH=/home/andrea/dobot_v3/install/cra_description:/home/andrea/dobot_v3/install/nova5_moveit:/home/andrea/dobot_v3/install/nova2_moveit:/home/andrea/dobot_v3/install/cr7_moveit:/home/andrea/dobot_v3/install/cr5_moveit:/home/andrea/dobot_v3/install/cr3_moveit:/home/andrea/dobot_v3/install/cr16_moveit:/home/andrea/dobot_v3/install/cr12_moveit:/home/andrea/dobot_v3/install/cr10_moveit:/home/andrea/dobot_v3/install/dobot_rviz:/home/andrea/dobot_v3/install/dobot_msgs_v3:/home/andrea/dobot_v3/install/dobot_gazebo:/home/andrea/dobot_v3/install/cr5_moveit_cpp_demo:/home/andrea/dobot_v3/install/custom_messages:/home/andrea/dobot_v3/install/servo_action:/home/andrea/dobot_v3/install/dobot_bringup_v3:/home/andrea/dobot_v3/install/dobot_moveit:/home/andrea/dobot_v3/install/dobot_demo:/opt/ros/humble /usr/bin/cmake --build /home/andrea/dobot_v3/build/dobot_gazebo -- -j12 -l12
[0.288s] Invoking command in '/home/andrea/dobot_v3/build/dobot_gazebo': CMAKE_PREFIX_PATH=/home/andrea/dobot_v3/install/cra_description:/home/andrea/dobot_v3/install/nova5_moveit:/home/andrea/dobot_v3/install/nova2_moveit:/home/andrea/dobot_v3/install/cr7_moveit:/home/andrea/dobot_v3/install/cr5_moveit:/home/andrea/dobot_v3/install/cr3_moveit:/home/andrea/dobot_v3/install/cr16_moveit:/home/andrea/dobot_v3/install/cr12_moveit:/home/andrea/dobot_v3/install/cr10_moveit:/home/andrea/dobot_v3/install/dobot_rviz:/home/andrea/dobot_v3/install/dobot_msgs_v3:/home/andrea/dobot_v3/install/dobot_gazebo:/home/andrea/dobot_v3/install/cr5_moveit_cpp_demo:/home/andrea/dobot_v3/install/custom_messages:/home/andrea/dobot_v3/install/servo_action:/home/andrea/dobot_v3/install/dobot_bringup_v3:/home/andrea/dobot_v3/install/dobot_moveit:/home/andrea/dobot_v3/install/dobot_demo:/opt/ros/humble /usr/bin/cmake --install /home/andrea/dobot_v3/build/dobot_gazebo
[0.343s] -- Install configuration: ""
[0.343s] -- Up-to-date: /home/andrea/dobot_v3/install/dobot_gazebo/share/dobot_gazebo/launch
[0.344s] -- Up-to-date: /home/andrea/dobot_v3/install/dobot_gazebo/share/dobot_gazebo/launch/dobot_gazebo.launch.py
[0.344s] -- Up-to-date: /home/andrea/dobot_v3/install/dobot_gazebo/share/dobot_gazebo/launch/gazebo_moveit.launch.py
[0.344s] -- Up-to-date: /home/andrea/dobot_v3/install/dobot_gazebo/share/dobot_gazebo/worlds
[0.344s] -- Up-to-date: /home/andrea/dobot_v3/install/dobot_gazebo/share/dobot_gazebo/worlds/cr.world
[0.344s] -- Up-to-date: /home/andrea/dobot_v3/install/dobot_gazebo/share/dobot_gazebo/config
[0.344s] -- Up-to-date: /home/andrea/dobot_v3/install/dobot_gazebo/share/dobot_gazebo/config/moveitcpp.rviz
[0.344s] -- Up-to-date: /home/andrea/dobot_v3/install/dobot_gazebo/share/ament_index/resource_index/package_run_dependencies/dobot_gazebo
[0.344s] -- Up-to-date: /home/andrea/dobot_v3/install/dobot_gazebo/share/ament_index/resource_index/parent_prefix_path/dobot_gazebo
[0.344s] -- Up-to-date: /home/andrea/dobot_v3/install/dobot_gazebo/share/dobot_gazebo/environment/ament_prefix_path.sh
[0.344s] -- Up-to-date: /home/andrea/dobot_v3/install/dobot_gazebo/share/dobot_gazebo/environment/ament_prefix_path.dsv
[0.345s] -- Up-to-date: /home/andrea/dobot_v3/install/dobot_gazebo/share/dobot_gazebo/environment/path.sh
[0.345s] -- Up-to-date: /home/andrea/dobot_v3/install/dobot_gazebo/share/dobot_gazebo/environment/path.dsv
[0.345s] -- Up-to-date: /home/andrea/dobot_v3/install/dobot_gazebo/share/dobot_gazebo/local_setup.bash
[0.345s] -- Up-to-date: /home/andrea/dobot_v3/install/dobot_gazebo/share/dobot_gazebo/local_setup.sh
[0.345s] -- Up-to-date: /home/andrea/dobot_v3/install/dobot_gazebo/share/dobot_gazebo/local_setup.zsh
[0.345s] -- Up-to-date: /home/andrea/dobot_v3/install/dobot_gazebo/share/dobot_gazebo/local_setup.dsv
[0.345s] -- Installing: /home/andrea/dobot_v3/install/dobot_gazebo/share/dobot_gazebo/package.dsv
[0.345s] -- Up-to-date: /home/andrea/dobot_v3/install/dobot_gazebo/share/ament_index/resource_index/packages/dobot_gazebo
[0.345s] -- Up-to-date: /home/andrea/dobot_v3/install/dobot_gazebo/share/dobot_gazebo/cmake/dobot_gazeboConfig.cmake
[0.345s] -- Up-to-date: /home/andrea/dobot_v3/install/dobot_gazebo/share/dobot_gazebo/cmake/dobot_gazeboConfig-version.cmake
[0.345s] -- Up-to-date: /home/andrea/dobot_v3/install/dobot_gazebo/share/dobot_gazebo/package.xml
[0.445s] Invoked command in '/home/andrea/dobot_v3/build/dobot_gazebo' returned '0': CMAKE_PREFIX_PATH=/home/andrea/dobot_v3/install/cra_description:/home/andrea/dobot_v3/install/nova5_moveit:/home/andrea/dobot_v3/install/nova2_moveit:/home/andrea/dobot_v3/install/cr7_moveit:/home/andrea/dobot_v3/install/cr5_moveit:/home/andrea/dobot_v3/install/cr3_moveit:/home/andrea/dobot_v3/install/cr16_moveit:/home/andrea/dobot_v3/install/cr12_moveit:/home/andrea/dobot_v3/install/cr10_moveit:/home/andrea/dobot_v3/install/dobot_rviz:/home/andrea/dobot_v3/install/dobot_msgs_v3:/home/andrea/dobot_v3/install/dobot_gazebo:/home/andrea/dobot_v3/install/cr5_moveit_cpp_demo:/home/andrea/dobot_v3/install/custom_messages:/home/andrea/dobot_v3/install/servo_action:/home/andrea/dobot_v3/install/dobot_bringup_v3:/home/andrea/dobot_v3/install/dobot_moveit:/home/andrea/dobot_v3/install/dobot_demo:/opt/ros/humble /usr/bin/cmake --install /home/andrea/dobot_v3/build/dobot_gazebo
