[0.431s] Invoking command in '/home/andrea/dobot_v3/src/DOBOT_6Axis_ROS2_V3/dobot_bringup_v3': CMAKE_PREFIX_PATH=/home/andrea/dobot_v3/install/dobot_msgs_v3:/home/andrea/dobot_v3/install/nova5_moveit:/home/andrea/dobot_v3/install/nova2_moveit:/home/andrea/dobot_v3/install/cr7_moveit:/home/andrea/dobot_v3/install/cr5_moveit:/home/andrea/dobot_v3/install/cr3_moveit:/home/andrea/dobot_v3/install/cr16_moveit:/home/andrea/dobot_v3/install/cr12_moveit:/home/andrea/dobot_v3/install/cr10_moveit:/home/andrea/dobot_v3/install/dobot_rviz:/home/andrea/dobot_v3/install/dobot_gazebo:/home/andrea/dobot_v3/install/cr5_moveit_cpp_demo:/home/andrea/dobot_v3/install/custom_messages:/home/andrea/dobot_v3/install/cra_description PYTHONPATH=/home/andrea/dobot_v3/build/dobot_bringup_v3/prefix_override:/usr/lib/python3/dist-packages/colcon_core/task/python/colcon_distutils_commands:/home/andrea/dobot_v3/install/dobot_bringup_v3/lib/python3.10/site-packages:${PYTHONPATH} /usr/bin/python3 -W ignore:setup.py install is deprecated -W ignore:easy_install command is deprecated setup.py egg_info --egg-base ../../../build/dobot_bringup_v3 build --build-base /home/andrea/dobot_v3/build/dobot_bringup_v3/build install --record /home/andrea/dobot_v3/build/dobot_bringup_v3/install.log --single-version-externally-managed install_data
[0.592s] running egg_info
[0.592s] creating ../../../build/dobot_bringup_v3/dobot_bringup_v3.egg-info
[0.592s] writing ../../../build/dobot_bringup_v3/dobot_bringup_v3.egg-info/PKG-INFO
[0.593s] writing dependency_links to ../../../build/dobot_bringup_v3/dobot_bringup_v3.egg-info/dependency_links.txt
[0.593s] writing entry points to ../../../build/dobot_bringup_v3/dobot_bringup_v3.egg-info/entry_points.txt
[0.593s] writing requirements to ../../../build/dobot_bringup_v3/dobot_bringup_v3.egg-info/requires.txt
[0.593s] writing top-level names to ../../../build/dobot_bringup_v3/dobot_bringup_v3.egg-info/top_level.txt
[0.593s] writing manifest file '../../../build/dobot_bringup_v3/dobot_bringup_v3.egg-info/SOURCES.txt'
[0.594s] reading manifest file '../../../build/dobot_bringup_v3/dobot_bringup_v3.egg-info/SOURCES.txt'
[0.594s] writing manifest file '../../../build/dobot_bringup_v3/dobot_bringup_v3.egg-info/SOURCES.txt'
[0.594s] running build
[0.594s] running build_py
[0.594s] creating /home/andrea/dobot_v3/build/dobot_bringup_v3/build
[0.594s] creating /home/andrea/dobot_v3/build/dobot_bringup_v3/build/lib
[0.595s] creating /home/andrea/dobot_v3/build/dobot_bringup_v3/build/lib/dobot_bringup_v3
[0.595s] copying dobot_bringup_v3/dobot_bringup.py -> /home/andrea/dobot_v3/build/dobot_bringup_v3/build/lib/dobot_bringup_v3
[0.595s] copying dobot_bringup_v3/zed_listener.py -> /home/andrea/dobot_v3/build/dobot_bringup_v3/build/lib/dobot_bringup_v3
[0.595s] copying dobot_bringup_v3/joint_states_bridge.py -> /home/andrea/dobot_v3/build/dobot_bringup_v3/build/lib/dobot_bringup_v3
[0.595s] copying dobot_bringup_v3/translater.py -> /home/andrea/dobot_v3/build/dobot_bringup_v3/build/lib/dobot_bringup_v3
[0.595s] copying dobot_bringup_v3/dobot_api.py -> /home/andrea/dobot_v3/build/dobot_bringup_v3/build/lib/dobot_bringup_v3
[0.595s] copying dobot_bringup_v3/feedback.py -> /home/andrea/dobot_v3/build/dobot_bringup_v3/build/lib/dobot_bringup_v3
[0.595s] copying dobot_bringup_v3/__init__.py -> /home/andrea/dobot_v3/build/dobot_bringup_v3/build/lib/dobot_bringup_v3
[0.595s] running install
[0.595s] running install_lib
[0.596s] creating /home/andrea/dobot_v3/install/dobot_bringup_v3/lib/python3.10/site-packages/dobot_bringup_v3
[0.596s] copying /home/andrea/dobot_v3/build/dobot_bringup_v3/build/lib/dobot_bringup_v3/dobot_bringup.py -> /home/andrea/dobot_v3/install/dobot_bringup_v3/lib/python3.10/site-packages/dobot_bringup_v3
[0.596s] copying /home/andrea/dobot_v3/build/dobot_bringup_v3/build/lib/dobot_bringup_v3/zed_listener.py -> /home/andrea/dobot_v3/install/dobot_bringup_v3/lib/python3.10/site-packages/dobot_bringup_v3
[0.596s] copying /home/andrea/dobot_v3/build/dobot_bringup_v3/build/lib/dobot_bringup_v3/joint_states_bridge.py -> /home/andrea/dobot_v3/install/dobot_bringup_v3/lib/python3.10/site-packages/dobot_bringup_v3
[0.596s] copying /home/andrea/dobot_v3/build/dobot_bringup_v3/build/lib/dobot_bringup_v3/translater.py -> /home/andrea/dobot_v3/install/dobot_bringup_v3/lib/python3.10/site-packages/dobot_bringup_v3
[0.596s] copying /home/andrea/dobot_v3/build/dobot_bringup_v3/build/lib/dobot_bringup_v3/dobot_api.py -> /home/andrea/dobot_v3/install/dobot_bringup_v3/lib/python3.10/site-packages/dobot_bringup_v3
[0.596s] copying /home/andrea/dobot_v3/build/dobot_bringup_v3/build/lib/dobot_bringup_v3/feedback.py -> /home/andrea/dobot_v3/install/dobot_bringup_v3/lib/python3.10/site-packages/dobot_bringup_v3
[0.596s] copying /home/andrea/dobot_v3/build/dobot_bringup_v3/build/lib/dobot_bringup_v3/__init__.py -> /home/andrea/dobot_v3/install/dobot_bringup_v3/lib/python3.10/site-packages/dobot_bringup_v3
[0.596s] byte-compiling /home/andrea/dobot_v3/install/dobot_bringup_v3/lib/python3.10/site-packages/dobot_bringup_v3/dobot_bringup.py to dobot_bringup.cpython-310.pyc
[0.598s] byte-compiling /home/andrea/dobot_v3/install/dobot_bringup_v3/lib/python3.10/site-packages/dobot_bringup_v3/zed_listener.py to zed_listener.cpython-310.pyc
[0.598s] byte-compiling /home/andrea/dobot_v3/install/dobot_bringup_v3/lib/python3.10/site-packages/dobot_bringup_v3/joint_states_bridge.py to joint_states_bridge.cpython-310.pyc
[0.599s] byte-compiling /home/andrea/dobot_v3/install/dobot_bringup_v3/lib/python3.10/site-packages/dobot_bringup_v3/translater.py to translater.cpython-310.pyc
[0.599s] byte-compiling /home/andrea/dobot_v3/install/dobot_bringup_v3/lib/python3.10/site-packages/dobot_bringup_v3/dobot_api.py to dobot_api.cpython-310.pyc
[0.601s] byte-compiling /home/andrea/dobot_v3/install/dobot_bringup_v3/lib/python3.10/site-packages/dobot_bringup_v3/feedback.py to feedback.cpython-310.pyc
[0.602s] byte-compiling /home/andrea/dobot_v3/install/dobot_bringup_v3/lib/python3.10/site-packages/dobot_bringup_v3/__init__.py to __init__.cpython-310.pyc
[0.602s] running install_data
[0.602s] creating /home/andrea/dobot_v3/install/dobot_bringup_v3/share/ament_index
[0.602s] creating /home/andrea/dobot_v3/install/dobot_bringup_v3/share/ament_index/resource_index
[0.602s] creating /home/andrea/dobot_v3/install/dobot_bringup_v3/share/ament_index/resource_index/packages
[0.602s] copying resource/dobot_bringup_v3 -> /home/andrea/dobot_v3/install/dobot_bringup_v3/share/ament_index/resource_index/packages
[0.602s] copying package.xml -> /home/andrea/dobot_v3/install/dobot_bringup_v3/share/dobot_bringup_v3
[0.602s] creating /home/andrea/dobot_v3/install/dobot_bringup_v3/share/dobot_bringup_v3/launch
[0.602s] copying launch/dobot_bringup_ros2.launch.py -> /home/andrea/dobot_v3/install/dobot_bringup_v3/share/dobot_bringup_v3/launch
[0.603s] running install_egg_info
[0.603s] Copying ../../../build/dobot_bringup_v3/dobot_bringup_v3.egg-info to /home/andrea/dobot_v3/install/dobot_bringup_v3/lib/python3.10/site-packages/dobot_bringup_v3-0.0.0-py3.10.egg-info
[0.604s] running install_scripts
[0.618s] Installing dobot_bringup script to /home/andrea/dobot_v3/install/dobot_bringup_v3/lib/dobot_bringup_v3
[0.618s] Installing feedback script to /home/andrea/dobot_v3/install/dobot_bringup_v3/lib/dobot_bringup_v3
[0.618s] Installing joint_states_bridge script to /home/andrea/dobot_v3/install/dobot_bringup_v3/lib/dobot_bringup_v3
[0.618s] Installing listener_node script to /home/andrea/dobot_v3/install/dobot_bringup_v3/lib/dobot_bringup_v3
[0.618s] Installing translater_node script to /home/andrea/dobot_v3/install/dobot_bringup_v3/lib/dobot_bringup_v3
[0.618s] writing list of installed files to '/home/andrea/dobot_v3/build/dobot_bringup_v3/install.log'
[0.635s] Invoked command in '/home/andrea/dobot_v3/src/DOBOT_6Axis_ROS2_V3/dobot_bringup_v3' returned '0': CMAKE_PREFIX_PATH=/home/andrea/dobot_v3/install/dobot_msgs_v3:/home/andrea/dobot_v3/install/nova5_moveit:/home/andrea/dobot_v3/install/nova2_moveit:/home/andrea/dobot_v3/install/cr7_moveit:/home/andrea/dobot_v3/install/cr5_moveit:/home/andrea/dobot_v3/install/cr3_moveit:/home/andrea/dobot_v3/install/cr16_moveit:/home/andrea/dobot_v3/install/cr12_moveit:/home/andrea/dobot_v3/install/cr10_moveit:/home/andrea/dobot_v3/install/dobot_rviz:/home/andrea/dobot_v3/install/dobot_gazebo:/home/andrea/dobot_v3/install/cr5_moveit_cpp_demo:/home/andrea/dobot_v3/install/custom_messages:/home/andrea/dobot_v3/install/cra_description PYTHONPATH=/home/andrea/dobot_v3/build/dobot_bringup_v3/prefix_override:/usr/lib/python3/dist-packages/colcon_core/task/python/colcon_distutils_commands:/home/andrea/dobot_v3/install/dobot_bringup_v3/lib/python3.10/site-packages:${PYTHONPATH} /usr/bin/python3 -W ignore:setup.py install is deprecated -W ignore:easy_install command is deprecated setup.py egg_info --egg-base ../../../build/dobot_bringup_v3 build --build-base /home/andrea/dobot_v3/build/dobot_bringup_v3/build install --record /home/andrea/dobot_v3/build/dobot_bringup_v3/install.log --single-version-externally-managed install_data
