[0.037s] Invoking command in '/home/andrea/dobot_v3/build/nova2_moveit': CMAKE_PREFIX_PATH=/home/andrea/dobot_v3/install/dobot_rviz:/home/andrea/dobot_v3/install/nova5_moveit:/home/andrea/dobot_v3/install/nova2_moveit:/home/andrea/dobot_v3/install/cr7_moveit:/home/andrea/dobot_v3/install/cr5_moveit:/home/andrea/dobot_v3/install/cr3_moveit:/home/andrea/dobot_v3/install/cr16_moveit:/home/andrea/dobot_v3/install/cr12_moveit:/home/andrea/dobot_v3/install/cr10_moveit:/home/andrea/dobot_v3/install/dobot_msgs_v3:/home/andrea/dobot_v3/install/dobot_gazebo:/home/andrea/dobot_v3/install/cr5_moveit_cpp_demo:/home/andrea/dobot_v3/install/custom_messages:/home/andrea/dobot_v3/install/cra_description:/home/andrea/dobot_v3/install/servo_action:/home/andrea/dobot_v3/install/dobot_bringup_v3:/home/andrea/dobot_v3/install/dobot_moveit:/home/andrea/dobot_v3/install/dobot_demo:/opt/ros/humble /usr/bin/cmake /home/andrea/dobot_v3/src/DOBOT_6Axis_ROS2_V3/nova2_moveit -DCMAKE_INSTALL_PREFIX=/home/andrea/dobot_v3/install/nova2_moveit
[0.066s] -- Found ament_cmake: 1.3.12 (/opt/ros/humble/share/ament_cmake/cmake)
[0.340s] -- Configuring done
[0.344s] -- Generating done
[0.345s] -- Build files have been written to: /home/andrea/dobot_v3/build/nova2_moveit
[0.356s] Invoked command in '/home/andrea/dobot_v3/build/nova2_moveit' returned '0': CMAKE_PREFIX_PATH=/home/andrea/dobot_v3/install/dobot_rviz:/home/andrea/dobot_v3/install/nova5_moveit:/home/andrea/dobot_v3/install/nova2_moveit:/home/andrea/dobot_v3/install/cr7_moveit:/home/andrea/dobot_v3/install/cr5_moveit:/home/andrea/dobot_v3/install/cr3_moveit:/home/andrea/dobot_v3/install/cr16_moveit:/home/andrea/dobot_v3/install/cr12_moveit:/home/andrea/dobot_v3/install/cr10_moveit:/home/andrea/dobot_v3/install/dobot_msgs_v3:/home/andrea/dobot_v3/install/dobot_gazebo:/home/andrea/dobot_v3/install/cr5_moveit_cpp_demo:/home/andrea/dobot_v3/install/custom_messages:/home/andrea/dobot_v3/install/cra_description:/home/andrea/dobot_v3/install/servo_action:/home/andrea/dobot_v3/install/dobot_bringup_v3:/home/andrea/dobot_v3/install/dobot_moveit:/home/andrea/dobot_v3/install/dobot_demo:/opt/ros/humble /usr/bin/cmake /home/andrea/dobot_v3/src/DOBOT_6Axis_ROS2_V3/nova2_moveit -DCMAKE_INSTALL_PREFIX=/home/andrea/dobot_v3/install/nova2_moveit
[0.358s] Invoking command in '/home/andrea/dobot_v3/build/nova2_moveit': CMAKE_PREFIX_PATH=/home/andrea/dobot_v3/install/dobot_rviz:/home/andrea/dobot_v3/install/nova5_moveit:/home/andrea/dobot_v3/install/nova2_moveit:/home/andrea/dobot_v3/install/cr7_moveit:/home/andrea/dobot_v3/install/cr5_moveit:/home/andrea/dobot_v3/install/cr3_moveit:/home/andrea/dobot_v3/install/cr16_moveit:/home/andrea/dobot_v3/install/cr12_moveit:/home/andrea/dobot_v3/install/cr10_moveit:/home/andrea/dobot_v3/install/dobot_msgs_v3:/home/andrea/dobot_v3/install/dobot_gazebo:/home/andrea/dobot_v3/install/cr5_moveit_cpp_demo:/home/andrea/dobot_v3/install/custom_messages:/home/andrea/dobot_v3/install/cra_description:/home/andrea/dobot_v3/install/servo_action:/home/andrea/dobot_v3/install/dobot_bringup_v3:/home/andrea/dobot_v3/install/dobot_moveit:/home/andrea/dobot_v3/install/dobot_demo:/opt/ros/humble /usr/bin/cmake --build /home/andrea/dobot_v3/build/nova2_moveit -- -j12 -l12
[0.391s] Invoked command in '/home/andrea/dobot_v3/build/nova2_moveit' returned '0': CMAKE_PREFIX_PATH=/home/andrea/dobot_v3/install/dobot_rviz:/home/andrea/dobot_v3/install/nova5_moveit:/home/andrea/dobot_v3/install/nova2_moveit:/home/andrea/dobot_v3/install/cr7_moveit:/home/andrea/dobot_v3/install/cr5_moveit:/home/andrea/dobot_v3/install/cr3_moveit:/home/andrea/dobot_v3/install/cr16_moveit:/home/andrea/dobot_v3/install/cr12_moveit:/home/andrea/dobot_v3/install/cr10_moveit:/home/andrea/dobot_v3/install/dobot_msgs_v3:/home/andrea/dobot_v3/install/dobot_gazebo:/home/andrea/dobot_v3/install/cr5_moveit_cpp_demo:/home/andrea/dobot_v3/install/custom_messages:/home/andrea/dobot_v3/install/cra_description:/home/andrea/dobot_v3/install/servo_action:/home/andrea/dobot_v3/install/dobot_bringup_v3:/home/andrea/dobot_v3/install/dobot_moveit:/home/andrea/dobot_v3/install/dobot_demo:/opt/ros/humble /usr/bin/cmake --build /home/andrea/dobot_v3/build/nova2_moveit -- -j12 -l12
[0.393s] Invoking command in '/home/andrea/dobot_v3/build/nova2_moveit': CMAKE_PREFIX_PATH=/home/andrea/dobot_v3/install/dobot_rviz:/home/andrea/dobot_v3/install/nova5_moveit:/home/andrea/dobot_v3/install/nova2_moveit:/home/andrea/dobot_v3/install/cr7_moveit:/home/andrea/dobot_v3/install/cr5_moveit:/home/andrea/dobot_v3/install/cr3_moveit:/home/andrea/dobot_v3/install/cr16_moveit:/home/andrea/dobot_v3/install/cr12_moveit:/home/andrea/dobot_v3/install/cr10_moveit:/home/andrea/dobot_v3/install/dobot_msgs_v3:/home/andrea/dobot_v3/install/dobot_gazebo:/home/andrea/dobot_v3/install/cr5_moveit_cpp_demo:/home/andrea/dobot_v3/install/custom_messages:/home/andrea/dobot_v3/install/cra_description:/home/andrea/dobot_v3/install/servo_action:/home/andrea/dobot_v3/install/dobot_bringup_v3:/home/andrea/dobot_v3/install/dobot_moveit:/home/andrea/dobot_v3/install/dobot_demo:/opt/ros/humble /usr/bin/cmake --install /home/andrea/dobot_v3/build/nova2_moveit
[0.404s] -- Install configuration: ""
[0.404s] -- Up-to-date: /home/andrea/dobot_v3/install/nova2_moveit/share/ament_index/resource_index/package_run_dependencies/nova2_moveit
[0.404s] -- Up-to-date: /home/andrea/dobot_v3/install/nova2_moveit/share/ament_index/resource_index/parent_prefix_path/nova2_moveit
[0.404s] -- Up-to-date: /home/andrea/dobot_v3/install/nova2_moveit/share/nova2_moveit/environment/ament_prefix_path.sh
[0.405s] -- Installing: /home/andrea/dobot_v3/install/nova2_moveit/share/nova2_moveit/environment/ament_prefix_path.dsv
[0.405s] -- Up-to-date: /home/andrea/dobot_v3/install/nova2_moveit/share/nova2_moveit/environment/path.sh
[0.405s] -- Installing: /home/andrea/dobot_v3/install/nova2_moveit/share/nova2_moveit/environment/path.dsv
[0.405s] -- Up-to-date: /home/andrea/dobot_v3/install/nova2_moveit/share/nova2_moveit/local_setup.bash
[0.405s] -- Up-to-date: /home/andrea/dobot_v3/install/nova2_moveit/share/nova2_moveit/local_setup.sh
[0.405s] -- Up-to-date: /home/andrea/dobot_v3/install/nova2_moveit/share/nova2_moveit/local_setup.zsh
[0.405s] -- Installing: /home/andrea/dobot_v3/install/nova2_moveit/share/nova2_moveit/local_setup.dsv
[0.405s] -- Installing: /home/andrea/dobot_v3/install/nova2_moveit/share/nova2_moveit/package.dsv
[0.406s] -- Up-to-date: /home/andrea/dobot_v3/install/nova2_moveit/share/ament_index/resource_index/packages/nova2_moveit
[0.406s] -- Up-to-date: /home/andrea/dobot_v3/install/nova2_moveit/share/nova2_moveit/cmake/nova2_moveitConfig.cmake
[0.406s] -- Up-to-date: /home/andrea/dobot_v3/install/nova2_moveit/share/nova2_moveit/cmake/nova2_moveitConfig-version.cmake
[0.406s] -- Up-to-date: /home/andrea/dobot_v3/install/nova2_moveit/share/nova2_moveit/package.xml
[0.406s] -- Up-to-date: /home/andrea/dobot_v3/install/nova2_moveit/share/nova2_moveit/launch
[0.406s] -- Up-to-date: /home/andrea/dobot_v3/install/nova2_moveit/share/nova2_moveit/launch/static_virtual_joint_tfs.launch.py
[0.406s] -- Up-to-date: /home/andrea/dobot_v3/install/nova2_moveit/share/nova2_moveit/launch/move_group.launch.py
[0.406s] -- Up-to-date: /home/andrea/dobot_v3/install/nova2_moveit/share/nova2_moveit/launch/setup_assistant.launch.py
[0.406s] -- Up-to-date: /home/andrea/dobot_v3/install/nova2_moveit/share/nova2_moveit/launch/demo.launch.py
[0.406s] -- Up-to-date: /home/andrea/dobot_v3/install/nova2_moveit/share/nova2_moveit/launch/moveit_rviz.launch.py
[0.406s] -- Up-to-date: /home/andrea/dobot_v3/install/nova2_moveit/share/nova2_moveit/launch/spawn_controllers.launch.py
[0.406s] -- Up-to-date: /home/andrea/dobot_v3/install/nova2_moveit/share/nova2_moveit/launch/warehouse_db.launch.py
[0.406s] -- Up-to-date: /home/andrea/dobot_v3/install/nova2_moveit/share/nova2_moveit/launch/rsp.launch.py
[0.406s] -- Up-to-date: /home/andrea/dobot_v3/install/nova2_moveit/share/nova2_moveit/config
[0.406s] -- Up-to-date: /home/andrea/dobot_v3/install/nova2_moveit/share/nova2_moveit/config/ros2_controllers.yaml
[0.406s] -- Up-to-date: /home/andrea/dobot_v3/install/nova2_moveit/share/nova2_moveit/config/nova2_robot.ros2_control.xacro
[0.407s] -- Up-to-date: /home/andrea/dobot_v3/install/nova2_moveit/share/nova2_moveit/config/nova2_robot.urdf.xacro
[0.407s] -- Up-to-date: /home/andrea/dobot_v3/install/nova2_moveit/share/nova2_moveit/config/joint_limits.yaml
[0.407s] -- Up-to-date: /home/andrea/dobot_v3/install/nova2_moveit/share/nova2_moveit/config/initial_positions.yaml
[0.407s] -- Up-to-date: /home/andrea/dobot_v3/install/nova2_moveit/share/nova2_moveit/config/kinematics.yaml
[0.407s] -- Up-to-date: /home/andrea/dobot_v3/install/nova2_moveit/share/nova2_moveit/config/moveit_controllers.yaml
[0.407s] -- Up-to-date: /home/andrea/dobot_v3/install/nova2_moveit/share/nova2_moveit/config/nova2_robot.srdf
[0.407s] -- Up-to-date: /home/andrea/dobot_v3/install/nova2_moveit/share/nova2_moveit/config/pilz_cartesian_limits.yaml
[0.407s] -- Up-to-date: /home/andrea/dobot_v3/install/nova2_moveit/share/nova2_moveit/config/moveit.rviz
[0.407s] -- Up-to-date: /home/andrea/dobot_v3/install/nova2_moveit/share/nova2_moveit/.setup_assistant
[0.409s] Invoked command in '/home/andrea/dobot_v3/build/nova2_moveit' returned '0': CMAKE_PREFIX_PATH=/home/andrea/dobot_v3/install/dobot_rviz:/home/andrea/dobot_v3/install/nova5_moveit:/home/andrea/dobot_v3/install/nova2_moveit:/home/andrea/dobot_v3/install/cr7_moveit:/home/andrea/dobot_v3/install/cr5_moveit:/home/andrea/dobot_v3/install/cr3_moveit:/home/andrea/dobot_v3/install/cr16_moveit:/home/andrea/dobot_v3/install/cr12_moveit:/home/andrea/dobot_v3/install/cr10_moveit:/home/andrea/dobot_v3/install/dobot_msgs_v3:/home/andrea/dobot_v3/install/dobot_gazebo:/home/andrea/dobot_v3/install/cr5_moveit_cpp_demo:/home/andrea/dobot_v3/install/custom_messages:/home/andrea/dobot_v3/install/cra_description:/home/andrea/dobot_v3/install/servo_action:/home/andrea/dobot_v3/install/dobot_bringup_v3:/home/andrea/dobot_v3/install/dobot_moveit:/home/andrea/dobot_v3/install/dobot_demo:/opt/ros/humble /usr/bin/cmake --install /home/andrea/dobot_v3/build/nova2_moveit
