[0.047s] Invoking command in '/home/andrea/dobot_v3/build/cr5_moveit_cpp_demo': CMAKE_PREFIX_PATH=/home/andrea/dobot_v3/install/custom_messages:/home/andrea/dobot_v3/install/nova5_moveit:/home/andrea/dobot_v3/install/nova2_moveit:/home/andrea/dobot_v3/install/cr7_moveit:/home/andrea/dobot_v3/install/cr5_moveit:/home/andrea/dobot_v3/install/cr3_moveit:/home/andrea/dobot_v3/install/cr16_moveit:/home/andrea/dobot_v3/install/cr12_moveit:/home/andrea/dobot_v3/install/cr10_moveit:/home/andrea/dobot_v3/install/dobot_rviz:/home/andrea/dobot_v3/install/dobot_msgs_v3:/home/andrea/dobot_v3/install/dobot_gazebo:/home/andrea/dobot_v3/install/cr5_moveit_cpp_demo:/home/andrea/dobot_v3/install/cra_description:/home/andrea/dobot_v3/install/servo_action:/home/andrea/dobot_v3/install/dobot_bringup_v3:/home/andrea/dobot_v3/install/dobot_moveit:/home/andrea/dobot_v3/install/dobot_demo:/opt/ros/humble LD_LIBRARY_PATH=/home/andrea/dobot_v3/install/custom_messages/lib:/home/andrea/dobot_v3/install/dobot_msgs_v3/lib:/usr/lib/x86_64-linux-gnu/gazebo-11/plugins:/opt/ros/humble/opt/rviz_ogre_vendor/lib:/opt/ros/humble/lib/x86_64-linux-gnu:/opt/ros/humble/lib /usr/bin/cmake --build /home/andrea/dobot_v3/build/cr5_moveit_cpp_demo -- -j12 -l12
[0.329s] [ 12%] [32mBuilding CXX object CMakeFiles/move_cr5_node.dir/src/move_cr5_node.cpp.o[0m
[0.336s] [ 25%] [32mBuilding CXX object CMakeFiles/fake_zed_node.dir/src/fake_zed.cpp.o[0m
[0.338s] [ 37%] [32mBuilding CXX object CMakeFiles/reworked_map_node.dir/src/reworked_map.cpp.o[0m
[0.367s] [ 50%] [32mBuilding CXX object CMakeFiles/follow_target_node.dir/src/follow_target.cpp.o[0m
[14.419s] [ 62%] [32m[1mLinking CXX executable fake_zed_node[0m
[15.518s] [01m[K/home/andrea/dobot_v3/src/cr5_moveit_cpp_demo/src/follow_target.cpp:56:2:[m[K [01;31m[Kerror: [m[Kexpected ‘[01m[K;[m[K’ after class definition
[15.518s]    56 | }
[15.518s]       |  [01;31m[K^[m[K
[15.518s]       |  [32m[K;[m[K
[17.008s] [ 62%] Built target fake_zed_node
[22.762s] [ 75%] [32m[1mLinking CXX executable reworked_map_node[0m
[23.836s] gmake[2]: *** [CMakeFiles/follow_target_node.dir/build.make:76: CMakeFiles/follow_target_node.dir/src/follow_target.cpp.o] Error 1
[23.836s] gmake[1]: *** [CMakeFiles/Makefile2:221: CMakeFiles/follow_target_node.dir/all] Error 2
[23.836s] gmake[1]: *** Waiting for unfinished jobs....
[24.304s] [ 87%] [32m[1mLinking CXX executable move_cr5_node[0m
[24.736s] [ 87%] Built target reworked_map_node
[25.176s] [ 87%] Built target move_cr5_node
[25.178s] gmake: *** [Makefile:146: all] Error 2
[25.184s] Invoked command in '/home/andrea/dobot_v3/build/cr5_moveit_cpp_demo' returned '2': CMAKE_PREFIX_PATH=/home/andrea/dobot_v3/install/custom_messages:/home/andrea/dobot_v3/install/nova5_moveit:/home/andrea/dobot_v3/install/nova2_moveit:/home/andrea/dobot_v3/install/cr7_moveit:/home/andrea/dobot_v3/install/cr5_moveit:/home/andrea/dobot_v3/install/cr3_moveit:/home/andrea/dobot_v3/install/cr16_moveit:/home/andrea/dobot_v3/install/cr12_moveit:/home/andrea/dobot_v3/install/cr10_moveit:/home/andrea/dobot_v3/install/dobot_rviz:/home/andrea/dobot_v3/install/dobot_msgs_v3:/home/andrea/dobot_v3/install/dobot_gazebo:/home/andrea/dobot_v3/install/cr5_moveit_cpp_demo:/home/andrea/dobot_v3/install/cra_description:/home/andrea/dobot_v3/install/servo_action:/home/andrea/dobot_v3/install/dobot_bringup_v3:/home/andrea/dobot_v3/install/dobot_moveit:/home/andrea/dobot_v3/install/dobot_demo:/opt/ros/humble LD_LIBRARY_PATH=/home/andrea/dobot_v3/install/custom_messages/lib:/home/andrea/dobot_v3/install/dobot_msgs_v3/lib:/usr/lib/x86_64-linux-gnu/gazebo-11/plugins:/opt/ros/humble/opt/rviz_ogre_vendor/lib:/opt/ros/humble/lib/x86_64-linux-gnu:/opt/ros/humble/lib /usr/bin/cmake --build /home/andrea/dobot_v3/build/cr5_moveit_cpp_demo -- -j12 -l12
