[0.039s] Invoking command in '/home/andrea/dobot_v3/build/dobot_rviz': CMAKE_PREFIX_PATH=${CMAKE_PREFIX_PATH}:/home/andrea/dobot_v3/install/servo_action:/home/andrea/dobot_v3/install/dobot_bringup_v3:/home/andrea/dobot_v3/install/dobot_moveit:/home/andrea/dobot_v3/install/dobot_demo:/opt/ros/humble /usr/bin/cmake --build /home/andrea/dobot_v3/build/dobot_rviz -- -j12 -l12
[3.634s] Invoked command in '/home/andrea/dobot_v3/build/dobot_rviz' returned '0': CMAKE_PREFIX_PATH=${CMAKE_PREFIX_PATH}:/home/andrea/dobot_v3/install/servo_action:/home/andrea/dobot_v3/install/dobot_bringup_v3:/home/andrea/dobot_v3/install/dobot_moveit:/home/andrea/dobot_v3/install/dobot_demo:/opt/ros/humble /usr/bin/cmake --build /home/andrea/dobot_v3/build/dobot_rviz -- -j12 -l12
[3.666s] Invoking command in '/home/andrea/dobot_v3/build/dobot_rviz': CMAKE_PREFIX_PATH=${CMAKE_PREFIX_PATH}:/home/andrea/dobot_v3/install/servo_action:/home/andrea/dobot_v3/install/dobot_bringup_v3:/home/andrea/dobot_v3/install/dobot_moveit:/home/andrea/dobot_v3/install/dobot_demo:/opt/ros/humble /usr/bin/cmake --install /home/andrea/dobot_v3/build/dobot_rviz
[3.697s] -- Install configuration: ""
[3.697s] -- Up-to-date: /home/andrea/dobot_v3/install/dobot_rviz/share/dobot_rviz/launch
[3.697s] -- Up-to-date: /home/andrea/dobot_v3/install/dobot_rviz/share/dobot_rviz/launch/dobot_rviz.launch.py
[3.698s] -- Up-to-date: /home/andrea/dobot_v3/install/dobot_rviz/share/dobot_rviz/urdf
[3.699s] -- Up-to-date: /home/andrea/dobot_v3/install/dobot_rviz/share/dobot_rviz/urdf/cr5_robot.urdf
[3.700s] -- Up-to-date: /home/andrea/dobot_v3/install/dobot_rviz/share/dobot_rviz/urdf/cr3_robot.urdf
[3.700s] -- Up-to-date: /home/andrea/dobot_v3/install/dobot_rviz/share/dobot_rviz/urdf/cr5_robot.pdf
[3.700s] -- Up-to-date: /home/andrea/dobot_v3/install/dobot_rviz/share/dobot_rviz/urdf/cr12_robot.urdf
[3.700s] -- Up-to-date: /home/andrea/dobot_v3/install/dobot_rviz/share/dobot_rviz/urdf/nova2_robot.urdf
[3.700s] -- Up-to-date: /home/andrea/dobot_v3/install/dobot_rviz/share/dobot_rviz/urdf/cr10_robot.urdf
[3.700s] -- Up-to-date: /home/andrea/dobot_v3/install/dobot_rviz/share/dobot_rviz/urdf/cr7_robot.urdf
[3.700s] -- Up-to-date: /home/andrea/dobot_v3/install/dobot_rviz/share/dobot_rviz/urdf/cr5_robot.gv
[3.706s] -- Up-to-date: /home/andrea/dobot_v3/install/dobot_rviz/share/dobot_rviz/urdf/nova5_robot.urdf
[3.706s] -- Up-to-date: /home/andrea/dobot_v3/install/dobot_rviz/share/dobot_rviz/urdf/cr16_robot.urdf
[3.706s] -- Up-to-date: /home/andrea/dobot_v3/install/dobot_rviz/share/dobot_rviz/rviz
[3.706s] -- Up-to-date: /home/andrea/dobot_v3/install/dobot_rviz/share/dobot_rviz/rviz/urdf.rviz
[3.706s] -- Up-to-date: /home/andrea/dobot_v3/install/dobot_rviz/share/dobot_rviz/meshes
[3.706s] -- Up-to-date: /home/andrea/dobot_v3/install/dobot_rviz/share/dobot_rviz/meshes/nova2
[3.706s] -- Up-to-date: /home/andrea/dobot_v3/install/dobot_rviz/share/dobot_rviz/meshes/nova2/Link6.STL
[3.706s] -- Up-to-date: /home/andrea/dobot_v3/install/dobot_rviz/share/dobot_rviz/meshes/nova2/Link1.STL
[3.706s] -- Up-to-date: /home/andrea/dobot_v3/install/dobot_rviz/share/dobot_rviz/meshes/nova2/Link2.STL
[3.707s] -- Up-to-date: /home/andrea/dobot_v3/install/dobot_rviz/share/dobot_rviz/meshes/nova2/Link5.STL
[3.707s] -- Up-to-date: /home/andrea/dobot_v3/install/dobot_rviz/share/dobot_rviz/meshes/nova2/base_link.STL
[3.709s] -- Up-to-date: /home/andrea/dobot_v3/install/dobot_rviz/share/dobot_rviz/meshes/nova2/Link4.STL
[3.717s] -- Up-to-date: /home/andrea/dobot_v3/install/dobot_rviz/share/dobot_rviz/meshes/nova2/Link3.STL
[3.718s] -- Up-to-date: /home/andrea/dobot_v3/install/dobot_rviz/share/dobot_rviz/meshes/nova5
[3.718s] -- Up-to-date: /home/andrea/dobot_v3/install/dobot_rviz/share/dobot_rviz/meshes/nova5/Link6.STL
[3.718s] -- Up-to-date: /home/andrea/dobot_v3/install/dobot_rviz/share/dobot_rviz/meshes/nova5/Link1.STL
[3.718s] -- Up-to-date: /home/andrea/dobot_v3/install/dobot_rviz/share/dobot_rviz/meshes/nova5/Link2.STL
[3.718s] -- Up-to-date: /home/andrea/dobot_v3/install/dobot_rviz/share/dobot_rviz/meshes/nova5/Link5.STL
[3.718s] -- Up-to-date: /home/andrea/dobot_v3/install/dobot_rviz/share/dobot_rviz/meshes/nova5/base_link.STL
[3.718s] -- Up-to-date: /home/andrea/dobot_v3/install/dobot_rviz/share/dobot_rviz/meshes/nova5/Link4.STL
[3.718s] -- Up-to-date: /home/andrea/dobot_v3/install/dobot_rviz/share/dobot_rviz/meshes/nova5/Link3.STL
[3.718s] -- Up-to-date: /home/andrea/dobot_v3/install/dobot_rviz/share/dobot_rviz/meshes/cr7
[3.718s] -- Up-to-date: /home/andrea/dobot_v3/install/dobot_rviz/share/dobot_rviz/meshes/cr7/J6.STL
[3.719s] -- Up-to-date: /home/andrea/dobot_v3/install/dobot_rviz/share/dobot_rviz/meshes/cr7/J5.STL
[3.719s] -- Up-to-date: /home/andrea/dobot_v3/install/dobot_rviz/share/dobot_rviz/meshes/cr7/J3.STL
[3.719s] -- Up-to-date: /home/andrea/dobot_v3/install/dobot_rviz/share/dobot_rviz/meshes/cr7/J2.STL
[3.719s] -- Up-to-date: /home/andrea/dobot_v3/install/dobot_rviz/share/dobot_rviz/meshes/cr7/J4.STL
[3.719s] -- Up-to-date: /home/andrea/dobot_v3/install/dobot_rviz/share/dobot_rviz/meshes/cr7/base_link0.STL
[3.719s] -- Up-to-date: /home/andrea/dobot_v3/install/dobot_rviz/share/dobot_rviz/meshes/cr7/J1.STL
[3.719s] -- Up-to-date: /home/andrea/dobot_v3/install/dobot_rviz/share/dobot_rviz/meshes/cr16
[3.719s] -- Up-to-date: /home/andrea/dobot_v3/install/dobot_rviz/share/dobot_rviz/meshes/cr16/Link6.STL
[3.719s] -- Up-to-date: /home/andrea/dobot_v3/install/dobot_rviz/share/dobot_rviz/meshes/cr16/Link1.STL
[3.719s] -- Up-to-date: /home/andrea/dobot_v3/install/dobot_rviz/share/dobot_rviz/meshes/cr16/Link2.STL
[3.719s] -- Up-to-date: /home/andrea/dobot_v3/install/dobot_rviz/share/dobot_rviz/meshes/cr16/Link5.STL
[3.721s] -- Up-to-date: /home/andrea/dobot_v3/install/dobot_rviz/share/dobot_rviz/meshes/cr16/base_link.STL
[3.721s] -- Up-to-date: /home/andrea/dobot_v3/install/dobot_rviz/share/dobot_rviz/meshes/cr16/Link4.STL
[3.721s] -- Up-to-date: /home/andrea/dobot_v3/install/dobot_rviz/share/dobot_rviz/meshes/cr16/Link3.STL
[3.721s] -- Up-to-date: /home/andrea/dobot_v3/install/dobot_rviz/share/dobot_rviz/meshes/cr10
[3.722s] -- Up-to-date: /home/andrea/dobot_v3/install/dobot_rviz/share/dobot_rviz/meshes/cr10/Link6.STL
[3.722s] -- Up-to-date: /home/andrea/dobot_v3/install/dobot_rviz/share/dobot_rviz/meshes/cr10/Link1.STL
[3.722s] -- Up-to-date: /home/andrea/dobot_v3/install/dobot_rviz/share/dobot_rviz/meshes/cr10/Link2.STL
[3.722s] -- Up-to-date: /home/andrea/dobot_v3/install/dobot_rviz/share/dobot_rviz/meshes/cr10/Link5.STL
[3.722s] -- Up-to-date: /home/andrea/dobot_v3/install/dobot_rviz/share/dobot_rviz/meshes/cr10/base_link.STL
[3.722s] -- Up-to-date: /home/andrea/dobot_v3/install/dobot_rviz/share/dobot_rviz/meshes/cr10/Link4.STL
[3.722s] -- Up-to-date: /home/andrea/dobot_v3/install/dobot_rviz/share/dobot_rviz/meshes/cr10/Link3.STL
[3.722s] -- Up-to-date: /home/andrea/dobot_v3/install/dobot_rviz/share/dobot_rviz/meshes/cr12
[3.722s] -- Up-to-date: /home/andrea/dobot_v3/install/dobot_rviz/share/dobot_rviz/meshes/cr12/J6.STL
[3.726s] -- Up-to-date: /home/andrea/dobot_v3/install/dobot_rviz/share/dobot_rviz/meshes/cr12/J5.STL
[3.727s] -- Up-to-date: /home/andrea/dobot_v3/install/dobot_rviz/share/dobot_rviz/meshes/cr12/J3.STL
[3.729s] -- Up-to-date: /home/andrea/dobot_v3/install/dobot_rviz/share/dobot_rviz/meshes/cr12/J2.STL
[3.729s] -- Up-to-date: /home/andrea/dobot_v3/install/dobot_rviz/share/dobot_rviz/meshes/cr12/J4.STL
[3.729s] -- Up-to-date: /home/andrea/dobot_v3/install/dobot_rviz/share/dobot_rviz/meshes/cr12/base_link0.STL
[3.729s] -- Up-to-date: /home/andrea/dobot_v3/install/dobot_rviz/share/dobot_rviz/meshes/cr12/J1.STL
[3.729s] -- Up-to-date: /home/andrea/dobot_v3/install/dobot_rviz/share/dobot_rviz/meshes/cr3
[3.730s] -- Up-to-date: /home/andrea/dobot_v3/install/dobot_rviz/share/dobot_rviz/meshes/cr3/Link6.STL
[3.730s] -- Up-to-date: /home/andrea/dobot_v3/install/dobot_rviz/share/dobot_rviz/meshes/cr3/Link1.STL
[3.730s] -- Up-to-date: /home/andrea/dobot_v3/install/dobot_rviz/share/dobot_rviz/meshes/cr3/Link2.STL
[3.730s] -- Up-to-date: /home/andrea/dobot_v3/install/dobot_rviz/share/dobot_rviz/meshes/cr3/Link5.STL
[3.730s] -- Up-to-date: /home/andrea/dobot_v3/install/dobot_rviz/share/dobot_rviz/meshes/cr3/base_link.STL
[3.730s] -- Up-to-date: /home/andrea/dobot_v3/install/dobot_rviz/share/dobot_rviz/meshes/cr3/Link4.STL
[3.730s] -- Up-to-date: /home/andrea/dobot_v3/install/dobot_rviz/share/dobot_rviz/meshes/cr3/Link3.STL
[3.730s] -- Up-to-date: /home/andrea/dobot_v3/install/dobot_rviz/share/dobot_rviz/meshes/cr5
[3.730s] -- Up-to-date: /home/andrea/dobot_v3/install/dobot_rviz/share/dobot_rviz/meshes/cr5/Link4.dae
[3.731s] -- Up-to-date: /home/andrea/dobot_v3/install/dobot_rviz/share/dobot_rviz/meshes/cr5/Link3.dae
[3.731s] -- Up-to-date: /home/andrea/dobot_v3/install/dobot_rviz/share/dobot_rviz/meshes/cr5/base_link.dae
[3.731s] -- Up-to-date: /home/andrea/dobot_v3/install/dobot_rviz/share/dobot_rviz/meshes/cr5/Link5.dae
[3.731s] -- Up-to-date: /home/andrea/dobot_v3/install/dobot_rviz/share/dobot_rviz/meshes/cr5/Link6.dae
[3.731s] -- Up-to-date: /home/andrea/dobot_v3/install/dobot_rviz/share/dobot_rviz/meshes/cr5/Link1.dae
[3.731s] -- Up-to-date: /home/andrea/dobot_v3/install/dobot_rviz/share/dobot_rviz/meshes/cr5/Link2.dae
[3.731s] -- Up-to-date: /home/andrea/dobot_v3/install/dobot_rviz/share/ament_index/resource_index/package_run_dependencies/dobot_rviz
[3.731s] -- Up-to-date: /home/andrea/dobot_v3/install/dobot_rviz/share/ament_index/resource_index/parent_prefix_path/dobot_rviz
[3.731s] -- Up-to-date: /home/andrea/dobot_v3/install/dobot_rviz/share/dobot_rviz/environment/ament_prefix_path.sh
[3.731s] -- Up-to-date: /home/andrea/dobot_v3/install/dobot_rviz/share/dobot_rviz/environment/ament_prefix_path.dsv
[3.731s] -- Up-to-date: /home/andrea/dobot_v3/install/dobot_rviz/share/dobot_rviz/environment/path.sh
[3.732s] -- Up-to-date: /home/andrea/dobot_v3/install/dobot_rviz/share/dobot_rviz/environment/path.dsv
[3.732s] -- Up-to-date: /home/andrea/dobot_v3/install/dobot_rviz/share/dobot_rviz/local_setup.bash
[3.732s] -- Up-to-date: /home/andrea/dobot_v3/install/dobot_rviz/share/dobot_rviz/local_setup.sh
[3.732s] -- Up-to-date: /home/andrea/dobot_v3/install/dobot_rviz/share/dobot_rviz/local_setup.zsh
[3.732s] -- Up-to-date: /home/andrea/dobot_v3/install/dobot_rviz/share/dobot_rviz/local_setup.dsv
[3.732s] -- Installing: /home/andrea/dobot_v3/install/dobot_rviz/share/dobot_rviz/package.dsv
[3.732s] -- Up-to-date: /home/andrea/dobot_v3/install/dobot_rviz/share/ament_index/resource_index/packages/dobot_rviz
[3.732s] -- Up-to-date: /home/andrea/dobot_v3/install/dobot_rviz/share/dobot_rviz/cmake/dobot_rvizConfig.cmake
[3.732s] -- Up-to-date: /home/andrea/dobot_v3/install/dobot_rviz/share/dobot_rviz/cmake/dobot_rvizConfig-version.cmake
[3.732s] -- Up-to-date: /home/andrea/dobot_v3/install/dobot_rviz/share/dobot_rviz/package.xml
[3.845s] Invoked command in '/home/andrea/dobot_v3/build/dobot_rviz' returned '0': CMAKE_PREFIX_PATH=${CMAKE_PREFIX_PATH}:/home/andrea/dobot_v3/install/servo_action:/home/andrea/dobot_v3/install/dobot_bringup_v3:/home/andrea/dobot_v3/install/dobot_moveit:/home/andrea/dobot_v3/install/dobot_demo:/opt/ros/humble /usr/bin/cmake --install /home/andrea/dobot_v3/build/dobot_rviz
