[0.740s] Invoking command in '/home/andrea/dobot_v3/src/DOBOT_6Axis_ROS2_V3/dobot_bringup_v3': CMAKE_PREFIX_PATH=/home/andrea/dobot_v3/install/dobot_msgs_v3:/home/andrea/dobot_v3/install/nova5_moveit:/home/andrea/dobot_v3/install/nova2_moveit:/home/andrea/dobot_v3/install/cr7_moveit:/home/andrea/dobot_v3/install/cr5_moveit:/home/andrea/dobot_v3/install/cr3_moveit:/home/andrea/dobot_v3/install/cr16_moveit:/home/andrea/dobot_v3/install/cr12_moveit:/home/andrea/dobot_v3/install/cr10_moveit:/home/andrea/dobot_v3/install/dobot_rviz:/home/andrea/dobot_v3/install/dobot_gazebo:/home/andrea/dobot_v3/install/cr5_moveit_cpp_demo:/home/andrea/dobot_v3/install/custom_messages:/home/andrea/dobot_v3/install/cra_description PYTHONPATH=/home/andrea/dobot_v3/build/dobot_bringup_v3/prefix_override:/usr/lib/python3/dist-packages/colcon_core/task/python/colcon_distutils_commands:/home/andrea/dobot_v3/install/dobot_bringup_v3/lib/python3.10/site-packages:${PYTHONPATH} /usr/bin/python3 -W ignore:setup.py install is deprecated -W ignore:easy_install command is deprecated setup.py egg_info --egg-base ../../../build/dobot_bringup_v3 build --build-base /home/andrea/dobot_v3/build/dobot_bringup_v3/build install --record /home/andrea/dobot_v3/build/dobot_bringup_v3/install.log --single-version-externally-managed install_data
[0.909s] running egg_info
[0.910s] writing ../../../build/dobot_bringup_v3/dobot_bringup_v3.egg-info/PKG-INFO
[0.910s] writing dependency_links to ../../../build/dobot_bringup_v3/dobot_bringup_v3.egg-info/dependency_links.txt
[0.911s] writing entry points to ../../../build/dobot_bringup_v3/dobot_bringup_v3.egg-info/entry_points.txt
[0.911s] writing requirements to ../../../build/dobot_bringup_v3/dobot_bringup_v3.egg-info/requires.txt
[0.911s] writing top-level names to ../../../build/dobot_bringup_v3/dobot_bringup_v3.egg-info/top_level.txt
[0.912s] reading manifest file '../../../build/dobot_bringup_v3/dobot_bringup_v3.egg-info/SOURCES.txt'
[0.912s] writing manifest file '../../../build/dobot_bringup_v3/dobot_bringup_v3.egg-info/SOURCES.txt'
[0.913s] running build
[0.913s] running build_py
[0.913s] copying dobot_bringup_v3/feedback.py -> /home/andrea/dobot_v3/build/dobot_bringup_v3/build/lib/dobot_bringup_v3
[0.913s] running install
[0.913s] running install_lib
[0.914s] copying /home/andrea/dobot_v3/build/dobot_bringup_v3/build/lib/dobot_bringup_v3/feedback.py -> /home/andrea/dobot_v3/install/dobot_bringup_v3/lib/python3.10/site-packages/dobot_bringup_v3
[0.914s] byte-compiling /home/andrea/dobot_v3/install/dobot_bringup_v3/lib/python3.10/site-packages/dobot_bringup_v3/feedback.py to feedback.cpython-310.pyc
[0.915s] running install_data
[0.915s] running install_egg_info
[0.917s] removing '/home/andrea/dobot_v3/install/dobot_bringup_v3/lib/python3.10/site-packages/dobot_bringup_v3-0.0.0-py3.10.egg-info' (and everything under it)
[0.917s] Copying ../../../build/dobot_bringup_v3/dobot_bringup_v3.egg-info to /home/andrea/dobot_v3/install/dobot_bringup_v3/lib/python3.10/site-packages/dobot_bringup_v3-0.0.0-py3.10.egg-info
[0.917s] running install_scripts
[0.936s] Installing dobot_bringup script to /home/andrea/dobot_v3/install/dobot_bringup_v3/lib/dobot_bringup_v3
[0.936s] Installing feedback script to /home/andrea/dobot_v3/install/dobot_bringup_v3/lib/dobot_bringup_v3
[0.936s] Installing joint_states_bridge script to /home/andrea/dobot_v3/install/dobot_bringup_v3/lib/dobot_bringup_v3
[0.936s] Installing listener_node script to /home/andrea/dobot_v3/install/dobot_bringup_v3/lib/dobot_bringup_v3
[0.936s] Installing translater_node script to /home/andrea/dobot_v3/install/dobot_bringup_v3/lib/dobot_bringup_v3
[0.936s] writing list of installed files to '/home/andrea/dobot_v3/build/dobot_bringup_v3/install.log'
[0.961s] Invoked command in '/home/andrea/dobot_v3/src/DOBOT_6Axis_ROS2_V3/dobot_bringup_v3' returned '0': CMAKE_PREFIX_PATH=/home/andrea/dobot_v3/install/dobot_msgs_v3:/home/andrea/dobot_v3/install/nova5_moveit:/home/andrea/dobot_v3/install/nova2_moveit:/home/andrea/dobot_v3/install/cr7_moveit:/home/andrea/dobot_v3/install/cr5_moveit:/home/andrea/dobot_v3/install/cr3_moveit:/home/andrea/dobot_v3/install/cr16_moveit:/home/andrea/dobot_v3/install/cr12_moveit:/home/andrea/dobot_v3/install/cr10_moveit:/home/andrea/dobot_v3/install/dobot_rviz:/home/andrea/dobot_v3/install/dobot_gazebo:/home/andrea/dobot_v3/install/cr5_moveit_cpp_demo:/home/andrea/dobot_v3/install/custom_messages:/home/andrea/dobot_v3/install/cra_description PYTHONPATH=/home/andrea/dobot_v3/build/dobot_bringup_v3/prefix_override:/usr/lib/python3/dist-packages/colcon_core/task/python/colcon_distutils_commands:/home/andrea/dobot_v3/install/dobot_bringup_v3/lib/python3.10/site-packages:${PYTHONPATH} /usr/bin/python3 -W ignore:setup.py install is deprecated -W ignore:easy_install command is deprecated setup.py egg_info --egg-base ../../../build/dobot_bringup_v3 build --build-base /home/andrea/dobot_v3/build/dobot_bringup_v3/build install --record /home/andrea/dobot_v3/build/dobot_bringup_v3/install.log --single-version-externally-managed install_data
