[5.890s] Invoking command in '/home/andrea/dobot_v3/src/DOBOT_6Axis_ROS2_V3/dobot_moveit': PYTHONPATH=/home/andrea/dobot_v3/build/dobot_moveit/prefix_override:/usr/lib/python3/dist-packages/colcon_core/task/python/colcon_distutils_commands:/home/andrea/dobot_v3/install/dobot_moveit/lib/python3.10/site-packages:${PYTHONPATH} /usr/bin/python3 -W ignore:setup.py install is deprecated -W ignore:easy_install command is deprecated setup.py egg_info --egg-base ../../../build/dobot_moveit build --build-base /home/andrea/dobot_v3/build/dobot_moveit/build install --record /home/andrea/dobot_v3/build/dobot_moveit/install.log --single-version-externally-managed install_data
[6.751s] running egg_info
[6.751s] writing ../../../build/dobot_moveit/dobot_moveit.egg-info/PKG-INFO
[6.751s] writing dependency_links to ../../../build/dobot_moveit/dobot_moveit.egg-info/dependency_links.txt
[6.751s] writing entry points to ../../../build/dobot_moveit/dobot_moveit.egg-info/entry_points.txt
[6.751s] writing requirements to ../../../build/dobot_moveit/dobot_moveit.egg-info/requires.txt
[6.751s] writing top-level names to ../../../build/dobot_moveit/dobot_moveit.egg-info/top_level.txt
[6.762s] reading manifest file '../../../build/dobot_moveit/dobot_moveit.egg-info/SOURCES.txt'
[6.769s] writing manifest file '../../../build/dobot_moveit/dobot_moveit.egg-info/SOURCES.txt'
[6.771s] running build
[6.771s] running build_py
[6.771s] running install
[6.772s] running install_lib
[6.780s] running install_data
[6.784s] running install_egg_info
[6.793s] removing '/home/andrea/dobot_v3/install/dobot_moveit/lib/python3.10/site-packages/dobot_moveit-0.0.0-py3.10.egg-info' (and everything under it)
[6.801s] Copying ../../../build/dobot_moveit/dobot_moveit.egg-info to /home/andrea/dobot_v3/install/dobot_moveit/lib/python3.10/site-packages/dobot_moveit-0.0.0-py3.10.egg-info
[6.811s] running install_scripts
[6.867s] writing list of installed files to '/home/andrea/dobot_v3/build/dobot_moveit/install.log'
[7.101s] Invoked command in '/home/andrea/dobot_v3/src/DOBOT_6Axis_ROS2_V3/dobot_moveit' returned '0': PYTHONPATH=/home/andrea/dobot_v3/build/dobot_moveit/prefix_override:/usr/lib/python3/dist-packages/colcon_core/task/python/colcon_distutils_commands:/home/andrea/dobot_v3/install/dobot_moveit/lib/python3.10/site-packages:${PYTHONPATH} /usr/bin/python3 -W ignore:setup.py install is deprecated -W ignore:easy_install command is deprecated setup.py egg_info --egg-base ../../../build/dobot_moveit build --build-base /home/andrea/dobot_v3/build/dobot_moveit/build install --record /home/andrea/dobot_v3/build/dobot_moveit/install.log --single-version-externally-managed install_data
