[0.030s] Invoking command in '/home/andrea/dobot_v3/build/custom_messages': CMAKE_PREFIX_PATH=${CMAKE_PREFIX_PATH}:/home/andrea/dobot_v3/install/servo_action:/home/andrea/dobot_v3/install/dobot_bringup_v3:/home/andrea/dobot_v3/install/dobot_moveit:/home/andrea/dobot_v3/install/dobot_demo:/opt/ros/humble /usr/bin/cmake --build /home/andrea/dobot_v3/build/custom_messages -- -j12 -l12
[0.886s] [  1%] Built target custom_messages__cpp
[0.886s] [ 12%] Built target custom_messages__rosidl_generator_c
[0.886s] [ 12%] Built target ament_cmake_python_copy_custom_messages
[0.887s] [ 25%] Built target custom_messages__rosidl_typesupport_cpp
[0.887s] [ 38%] Built target custom_messages__rosidl_typesupport_introspection_c
[0.887s] [ 57%] Built target custom_messages__rosidl_typesupport_c
[0.887s] [ 57%] Built target custom_messages__rosidl_typesupport_fastrtps_cpp
[0.887s] [ 69%] Built target custom_messages__rosidl_typesupport_introspection_cpp
[0.887s] [ 80%] Built target custom_messages__rosidl_typesupport_fastrtps_c
[0.887s] [ 80%] Built target custom_messages
[0.887s] [ 81%] Built target custom_messages__py
[0.887s] [ 91%] Built target custom_messages__rosidl_generator_py
[0.887s] [ 94%] Built target custom_messages__rosidl_typesupport_introspection_c__pyext
[0.888s] [100%] Built target custom_messages__rosidl_typesupport_c__pyext
[0.888s] [100%] Built target custom_messages__rosidl_typesupport_fastrtps_c__pyext
[0.888s] running egg_info
[0.888s] writing custom_messages.egg-info/PKG-INFO
[0.889s] writing dependency_links to custom_messages.egg-info/dependency_links.txt
[0.890s] writing top-level names to custom_messages.egg-info/top_level.txt
[0.890s] reading manifest file 'custom_messages.egg-info/SOURCES.txt'
[0.891s] writing manifest file 'custom_messages.egg-info/SOURCES.txt'
[0.891s] [100%] Built target ament_cmake_python_build_custom_messages_egg
[1.147s] Invoked command in '/home/andrea/dobot_v3/build/custom_messages' returned '0': CMAKE_PREFIX_PATH=${CMAKE_PREFIX_PATH}:/home/andrea/dobot_v3/install/servo_action:/home/andrea/dobot_v3/install/dobot_bringup_v3:/home/andrea/dobot_v3/install/dobot_moveit:/home/andrea/dobot_v3/install/dobot_demo:/opt/ros/humble /usr/bin/cmake --build /home/andrea/dobot_v3/build/custom_messages -- -j12 -l12
[1.149s] Invoking command in '/home/andrea/dobot_v3/build/custom_messages': CMAKE_PREFIX_PATH=${CMAKE_PREFIX_PATH}:/home/andrea/dobot_v3/install/servo_action:/home/andrea/dobot_v3/install/dobot_bringup_v3:/home/andrea/dobot_v3/install/dobot_moveit:/home/andrea/dobot_v3/install/dobot_demo:/opt/ros/humble /usr/bin/cmake --install /home/andrea/dobot_v3/build/custom_messages
[1.283s] -- Install configuration: ""
[1.283s] -- Up-to-date: /home/andrea/dobot_v3/install/custom_messages/share/ament_index/resource_index/rosidl_interfaces/custom_messages
[1.283s] -- Up-to-date: /home/andrea/dobot_v3/install/custom_messages/include/custom_messages/custom_messages
[1.283s] -- Up-to-date: /home/andrea/dobot_v3/install/custom_messages/include/custom_messages/custom_messages/msg
[1.283s] -- Up-to-date: /home/andrea/dobot_v3/install/custom_messages/include/custom_messages/custom_messages/msg/circumference.h
[1.283s] -- Up-to-date: /home/andrea/dobot_v3/install/custom_messages/include/custom_messages/custom_messages/msg/detail
[1.283s] -- Up-to-date: /home/andrea/dobot_v3/install/custom_messages/include/custom_messages/custom_messages/msg/detail/point__functions.c
[1.283s] -- Up-to-date: /home/andrea/dobot_v3/install/custom_messages/include/custom_messages/custom_messages/msg/detail/circumference__functions.h
[1.283s] -- Up-to-date: /home/andrea/dobot_v3/install/custom_messages/include/custom_messages/custom_messages/msg/detail/optimal_point__functions.c
[1.284s] -- Up-to-date: /home/andrea/dobot_v3/install/custom_messages/include/custom_messages/custom_messages/msg/detail/optimal_point__type_support.h
[1.284s] -- Up-to-date: /home/andrea/dobot_v3/install/custom_messages/include/custom_messages/custom_messages/msg/detail/optimal_point__functions.h
[1.284s] -- Up-to-date: /home/andrea/dobot_v3/install/custom_messages/include/custom_messages/custom_messages/msg/detail/point__type_support.h
[1.284s] -- Up-to-date: /home/andrea/dobot_v3/install/custom_messages/include/custom_messages/custom_messages/msg/detail/object__struct.h
[1.284s] -- Up-to-date: /home/andrea/dobot_v3/install/custom_messages/include/custom_messages/custom_messages/msg/detail/point__functions.h
[1.284s] -- Up-to-date: /home/andrea/dobot_v3/install/custom_messages/include/custom_messages/custom_messages/msg/detail/object__functions.c
[1.284s] -- Up-to-date: /home/andrea/dobot_v3/install/custom_messages/include/custom_messages/custom_messages/msg/detail/map__functions.c
[1.285s] -- Up-to-date: /home/andrea/dobot_v3/install/custom_messages/include/custom_messages/custom_messages/msg/detail/map__struct.h
[1.285s] -- Up-to-date: /home/andrea/dobot_v3/install/custom_messages/include/custom_messages/custom_messages/msg/detail/bounding_box__functions.c
[1.285s] -- Up-to-date: /home/andrea/dobot_v3/install/custom_messages/include/custom_messages/custom_messages/msg/detail/bounding_box__type_support.h
[1.285s] -- Up-to-date: /home/andrea/dobot_v3/install/custom_messages/include/custom_messages/custom_messages/msg/detail/bounding_box__struct.h
[1.286s] -- Up-to-date: /home/andrea/dobot_v3/install/custom_messages/include/custom_messages/custom_messages/msg/detail/object__functions.h
[1.286s] -- Up-to-date: /home/andrea/dobot_v3/install/custom_messages/include/custom_messages/custom_messages/msg/detail/circumference__struct.h
[1.286s] -- Up-to-date: /home/andrea/dobot_v3/install/custom_messages/include/custom_messages/custom_messages/msg/detail/optimal_point__struct.h
[1.286s] -- Up-to-date: /home/andrea/dobot_v3/install/custom_messages/include/custom_messages/custom_messages/msg/detail/bounding_box__functions.h
[1.286s] -- Up-to-date: /home/andrea/dobot_v3/install/custom_messages/include/custom_messages/custom_messages/msg/detail/circumference__functions.c
[1.286s] -- Up-to-date: /home/andrea/dobot_v3/install/custom_messages/include/custom_messages/custom_messages/msg/detail/point__struct.h
[1.286s] -- Up-to-date: /home/andrea/dobot_v3/install/custom_messages/include/custom_messages/custom_messages/msg/detail/map__functions.h
[1.287s] -- Up-to-date: /home/andrea/dobot_v3/install/custom_messages/include/custom_messages/custom_messages/msg/detail/circumference__type_support.h
[1.287s] -- Up-to-date: /home/andrea/dobot_v3/install/custom_messages/include/custom_messages/custom_messages/msg/detail/object__type_support.h
[1.287s] -- Up-to-date: /home/andrea/dobot_v3/install/custom_messages/include/custom_messages/custom_messages/msg/detail/map__type_support.h
[1.287s] -- Up-to-date: /home/andrea/dobot_v3/install/custom_messages/include/custom_messages/custom_messages/msg/point.h
[1.287s] -- Up-to-date: /home/andrea/dobot_v3/install/custom_messages/include/custom_messages/custom_messages/msg/object.h
[1.291s] -- Up-to-date: /home/andrea/dobot_v3/install/custom_messages/include/custom_messages/custom_messages/msg/optimal_point.h
[1.291s] -- Up-to-date: /home/andrea/dobot_v3/install/custom_messages/include/custom_messages/custom_messages/msg/rosidl_generator_c__visibility_control.h
[1.291s] -- Up-to-date: /home/andrea/dobot_v3/install/custom_messages/include/custom_messages/custom_messages/msg/bounding_box.h
[1.291s] -- Up-to-date: /home/andrea/dobot_v3/install/custom_messages/include/custom_messages/custom_messages/msg/map.h
[1.291s] -- Up-to-date: /home/andrea/dobot_v3/install/custom_messages/share/custom_messages/environment/library_path.sh
[1.291s] -- Up-to-date: /home/andrea/dobot_v3/install/custom_messages/share/custom_messages/environment/library_path.dsv
[1.292s] -- Up-to-date: /home/andrea/dobot_v3/install/custom_messages/lib/libcustom_messages__rosidl_generator_c.so
[1.292s] -- Up-to-date: /home/andrea/dobot_v3/install/custom_messages/include/custom_messages/custom_messages
[1.292s] -- Up-to-date: /home/andrea/dobot_v3/install/custom_messages/include/custom_messages/custom_messages/msg
[1.292s] -- Up-to-date: /home/andrea/dobot_v3/install/custom_messages/include/custom_messages/custom_messages/msg/detail
[1.292s] -- Up-to-date: /home/andrea/dobot_v3/install/custom_messages/include/custom_messages/custom_messages/msg/detail/bounding_box__rosidl_typesupport_fastrtps_c.h
[1.292s] -- Up-to-date: /home/andrea/dobot_v3/install/custom_messages/include/custom_messages/custom_messages/msg/detail/object__rosidl_typesupport_fastrtps_c.h
[1.292s] -- Up-to-date: /home/andrea/dobot_v3/install/custom_messages/include/custom_messages/custom_messages/msg/detail/optimal_point__rosidl_typesupport_fastrtps_c.h
[1.293s] -- Up-to-date: /home/andrea/dobot_v3/install/custom_messages/include/custom_messages/custom_messages/msg/detail/circumference__rosidl_typesupport_fastrtps_c.h
[1.293s] -- Up-to-date: /home/andrea/dobot_v3/install/custom_messages/include/custom_messages/custom_messages/msg/detail/map__rosidl_typesupport_fastrtps_c.h
[1.293s] -- Up-to-date: /home/andrea/dobot_v3/install/custom_messages/include/custom_messages/custom_messages/msg/detail/point__rosidl_typesupport_fastrtps_c.h
[1.294s] -- Up-to-date: /home/andrea/dobot_v3/install/custom_messages/include/custom_messages/custom_messages/msg/rosidl_typesupport_fastrtps_c__visibility_control.h
[1.294s] -- Up-to-date: /home/andrea/dobot_v3/install/custom_messages/lib/libcustom_messages__rosidl_typesupport_fastrtps_c.so
[1.295s] -- Up-to-date: /home/andrea/dobot_v3/install/custom_messages/include/custom_messages/custom_messages
[1.295s] -- Up-to-date: /home/andrea/dobot_v3/install/custom_messages/include/custom_messages/custom_messages/msg
[1.295s] -- Up-to-date: /home/andrea/dobot_v3/install/custom_messages/include/custom_messages/custom_messages/msg/point.hpp
[1.295s] -- Up-to-date: /home/andrea/dobot_v3/install/custom_messages/include/custom_messages/custom_messages/msg/detail
[1.295s] -- Up-to-date: /home/andrea/dobot_v3/install/custom_messages/include/custom_messages/custom_messages/msg/detail/optimal_point__struct.hpp
[1.295s] -- Up-to-date: /home/andrea/dobot_v3/install/custom_messages/include/custom_messages/custom_messages/msg/detail/object__type_support.hpp
[1.295s] -- Up-to-date: /home/andrea/dobot_v3/install/custom_messages/include/custom_messages/custom_messages/msg/detail/map__type_support.hpp
[1.295s] -- Up-to-date: /home/andrea/dobot_v3/install/custom_messages/include/custom_messages/custom_messages/msg/detail/point__traits.hpp
[1.296s] -- Up-to-date: /home/andrea/dobot_v3/install/custom_messages/include/custom_messages/custom_messages/msg/detail/bounding_box__builder.hpp
[1.296s] -- Up-to-date: /home/andrea/dobot_v3/install/custom_messages/include/custom_messages/custom_messages/msg/detail/bounding_box__struct.hpp
[1.296s] -- Up-to-date: /home/andrea/dobot_v3/install/custom_messages/include/custom_messages/custom_messages/msg/detail/point__type_support.hpp
[1.296s] -- Up-to-date: /home/andrea/dobot_v3/install/custom_messages/include/custom_messages/custom_messages/msg/detail/circumference__builder.hpp
[1.296s] -- Up-to-date: /home/andrea/dobot_v3/install/custom_messages/include/custom_messages/custom_messages/msg/detail/point__builder.hpp
[1.296s] -- Up-to-date: /home/andrea/dobot_v3/install/custom_messages/include/custom_messages/custom_messages/msg/detail/bounding_box__type_support.hpp
[1.296s] -- Up-to-date: /home/andrea/dobot_v3/install/custom_messages/include/custom_messages/custom_messages/msg/detail/map__traits.hpp
[1.296s] -- Up-to-date: /home/andrea/dobot_v3/install/custom_messages/include/custom_messages/custom_messages/msg/detail/object__traits.hpp
[1.297s] -- Up-to-date: /home/andrea/dobot_v3/install/custom_messages/include/custom_messages/custom_messages/msg/detail/optimal_point__builder.hpp
[1.297s] -- Up-to-date: /home/andrea/dobot_v3/install/custom_messages/include/custom_messages/custom_messages/msg/detail/map__struct.hpp
[1.297s] -- Up-to-date: /home/andrea/dobot_v3/install/custom_messages/include/custom_messages/custom_messages/msg/detail/circumference__struct.hpp
[1.297s] -- Up-to-date: /home/andrea/dobot_v3/install/custom_messages/include/custom_messages/custom_messages/msg/detail/circumference__traits.hpp
[1.297s] -- Up-to-date: /home/andrea/dobot_v3/install/custom_messages/include/custom_messages/custom_messages/msg/detail/map__builder.hpp
[1.297s] -- Up-to-date: /home/andrea/dobot_v3/install/custom_messages/include/custom_messages/custom_messages/msg/detail/bounding_box__traits.hpp
[1.297s] -- Up-to-date: /home/andrea/dobot_v3/install/custom_messages/include/custom_messages/custom_messages/msg/detail/optimal_point__type_support.hpp
[1.297s] -- Up-to-date: /home/andrea/dobot_v3/install/custom_messages/include/custom_messages/custom_messages/msg/detail/circumference__type_support.hpp
[1.297s] -- Up-to-date: /home/andrea/dobot_v3/install/custom_messages/include/custom_messages/custom_messages/msg/detail/object__builder.hpp
[1.298s] -- Up-to-date: /home/andrea/dobot_v3/install/custom_messages/include/custom_messages/custom_messages/msg/detail/point__struct.hpp
[1.298s] -- Up-to-date: /home/andrea/dobot_v3/install/custom_messages/include/custom_messages/custom_messages/msg/detail/object__struct.hpp
[1.298s] -- Up-to-date: /home/andrea/dobot_v3/install/custom_messages/include/custom_messages/custom_messages/msg/detail/optimal_point__traits.hpp
[1.298s] -- Up-to-date: /home/andrea/dobot_v3/install/custom_messages/include/custom_messages/custom_messages/msg/bounding_box.hpp
[1.298s] -- Up-to-date: /home/andrea/dobot_v3/install/custom_messages/include/custom_messages/custom_messages/msg/rosidl_generator_cpp__visibility_control.hpp
[1.298s] -- Up-to-date: /home/andrea/dobot_v3/install/custom_messages/include/custom_messages/custom_messages/msg/object.hpp
[1.298s] -- Up-to-date: /home/andrea/dobot_v3/install/custom_messages/include/custom_messages/custom_messages/msg/map.hpp
[1.298s] -- Up-to-date: /home/andrea/dobot_v3/install/custom_messages/include/custom_messages/custom_messages/msg/optimal_point.hpp
[1.299s] -- Up-to-date: /home/andrea/dobot_v3/install/custom_messages/include/custom_messages/custom_messages/msg/circumference.hpp
[1.299s] -- Up-to-date: /home/andrea/dobot_v3/install/custom_messages/include/custom_messages/custom_messages
[1.299s] -- Up-to-date: /home/andrea/dobot_v3/install/custom_messages/include/custom_messages/custom_messages/msg
[1.300s] -- Up-to-date: /home/andrea/dobot_v3/install/custom_messages/include/custom_messages/custom_messages/msg/detail
[1.300s] -- Up-to-date: /home/andrea/dobot_v3/install/custom_messages/include/custom_messages/custom_messages/msg/detail/object__rosidl_typesupport_fastrtps_cpp.hpp
[1.300s] -- Up-to-date: /home/andrea/dobot_v3/install/custom_messages/include/custom_messages/custom_messages/msg/detail/map__rosidl_typesupport_fastrtps_cpp.hpp
[1.300s] -- Up-to-date: /home/andrea/dobot_v3/install/custom_messages/include/custom_messages/custom_messages/msg/detail/circumference__rosidl_typesupport_fastrtps_cpp.hpp
[1.300s] -- Up-to-date: /home/andrea/dobot_v3/install/custom_messages/include/custom_messages/custom_messages/msg/detail/optimal_point__rosidl_typesupport_fastrtps_cpp.hpp
[1.300s] -- Up-to-date: /home/andrea/dobot_v3/install/custom_messages/include/custom_messages/custom_messages/msg/detail/point__rosidl_typesupport_fastrtps_cpp.hpp
[1.301s] -- Up-to-date: /home/andrea/dobot_v3/install/custom_messages/include/custom_messages/custom_messages/msg/detail/dds_fastrtps
[1.301s] -- Up-to-date: /home/andrea/dobot_v3/install/custom_messages/include/custom_messages/custom_messages/msg/detail/bounding_box__rosidl_typesupport_fastrtps_cpp.hpp
[1.302s] -- Up-to-date: /home/andrea/dobot_v3/install/custom_messages/include/custom_messages/custom_messages/msg/rosidl_typesupport_fastrtps_cpp__visibility_control.h
[1.307s] -- Up-to-date: /home/andrea/dobot_v3/install/custom_messages/lib/libcustom_messages__rosidl_typesupport_fastrtps_cpp.so
[1.308s] -- Up-to-date: /home/andrea/dobot_v3/install/custom_messages/include/custom_messages/custom_messages
[1.309s] -- Up-to-date: /home/andrea/dobot_v3/install/custom_messages/include/custom_messages/custom_messages/msg
[1.309s] -- Up-to-date: /home/andrea/dobot_v3/install/custom_messages/include/custom_messages/custom_messages/msg/detail
[1.310s] -- Up-to-date: /home/andrea/dobot_v3/install/custom_messages/include/custom_messages/custom_messages/msg/detail/optimal_point__rosidl_typesupport_introspection_c.h
[1.310s] -- Up-to-date: /home/andrea/dobot_v3/install/custom_messages/include/custom_messages/custom_messages/msg/detail/object__type_support.c
[1.310s] -- Up-to-date: /home/andrea/dobot_v3/install/custom_messages/include/custom_messages/custom_messages/msg/detail/map__type_support.c
[1.310s] -- Up-to-date: /home/andrea/dobot_v3/install/custom_messages/include/custom_messages/custom_messages/msg/detail/bounding_box__type_support.c
[1.310s] -- Up-to-date: /home/andrea/dobot_v3/install/custom_messages/include/custom_messages/custom_messages/msg/detail/map__rosidl_typesupport_introspection_c.h
[1.310s] -- Up-to-date: /home/andrea/dobot_v3/install/custom_messages/include/custom_messages/custom_messages/msg/detail/optimal_point__type_support.c
[1.310s] -- Up-to-date: /home/andrea/dobot_v3/install/custom_messages/include/custom_messages/custom_messages/msg/detail/bounding_box__rosidl_typesupport_introspection_c.h
[1.310s] -- Up-to-date: /home/andrea/dobot_v3/install/custom_messages/include/custom_messages/custom_messages/msg/detail/point__type_support.c
[1.310s] -- Up-to-date: /home/andrea/dobot_v3/install/custom_messages/include/custom_messages/custom_messages/msg/detail/circumference__rosidl_typesupport_introspection_c.h
[1.311s] -- Up-to-date: /home/andrea/dobot_v3/install/custom_messages/include/custom_messages/custom_messages/msg/detail/object__rosidl_typesupport_introspection_c.h
[1.311s] -- Up-to-date: /home/andrea/dobot_v3/install/custom_messages/include/custom_messages/custom_messages/msg/detail/point__rosidl_typesupport_introspection_c.h
[1.311s] -- Up-to-date: /home/andrea/dobot_v3/install/custom_messages/include/custom_messages/custom_messages/msg/detail/circumference__type_support.c
[1.311s] -- Up-to-date: /home/andrea/dobot_v3/install/custom_messages/include/custom_messages/custom_messages/msg/rosidl_typesupport_introspection_c__visibility_control.h
[1.311s] -- Up-to-date: /home/andrea/dobot_v3/install/custom_messages/lib/libcustom_messages__rosidl_typesupport_introspection_c.so
[1.311s] -- Up-to-date: /home/andrea/dobot_v3/install/custom_messages/lib/libcustom_messages__rosidl_typesupport_c.so
[1.311s] -- Up-to-date: /home/andrea/dobot_v3/install/custom_messages/include/custom_messages/custom_messages
[1.311s] -- Up-to-date: /home/andrea/dobot_v3/install/custom_messages/include/custom_messages/custom_messages/msg
[1.311s] -- Up-to-date: /home/andrea/dobot_v3/install/custom_messages/include/custom_messages/custom_messages/msg/detail
[1.311s] -- Up-to-date: /home/andrea/dobot_v3/install/custom_messages/include/custom_messages/custom_messages/msg/detail/object__type_support.cpp
[1.311s] -- Up-to-date: /home/andrea/dobot_v3/install/custom_messages/include/custom_messages/custom_messages/msg/detail/optimal_point__rosidl_typesupport_introspection_cpp.hpp
[1.312s] -- Up-to-date: /home/andrea/dobot_v3/install/custom_messages/include/custom_messages/custom_messages/msg/detail/point__type_support.cpp
[1.312s] -- Up-to-date: /home/andrea/dobot_v3/install/custom_messages/include/custom_messages/custom_messages/msg/detail/point__rosidl_typesupport_introspection_cpp.hpp
[1.312s] -- Up-to-date: /home/andrea/dobot_v3/install/custom_messages/include/custom_messages/custom_messages/msg/detail/bounding_box__rosidl_typesupport_introspection_cpp.hpp
[1.312s] -- Up-to-date: /home/andrea/dobot_v3/install/custom_messages/include/custom_messages/custom_messages/msg/detail/bounding_box__type_support.cpp
[1.312s] -- Up-to-date: /home/andrea/dobot_v3/install/custom_messages/include/custom_messages/custom_messages/msg/detail/object__rosidl_typesupport_introspection_cpp.hpp
[1.312s] -- Up-to-date: /home/andrea/dobot_v3/install/custom_messages/include/custom_messages/custom_messages/msg/detail/optimal_point__type_support.cpp
[1.312s] -- Up-to-date: /home/andrea/dobot_v3/install/custom_messages/include/custom_messages/custom_messages/msg/detail/circumference__type_support.cpp
[1.312s] -- Up-to-date: /home/andrea/dobot_v3/install/custom_messages/include/custom_messages/custom_messages/msg/detail/map__type_support.cpp
[1.312s] -- Up-to-date: /home/andrea/dobot_v3/install/custom_messages/include/custom_messages/custom_messages/msg/detail/circumference__rosidl_typesupport_introspection_cpp.hpp
[1.313s] -- Up-to-date: /home/andrea/dobot_v3/install/custom_messages/include/custom_messages/custom_messages/msg/detail/map__rosidl_typesupport_introspection_cpp.hpp
[1.313s] -- Up-to-date: /home/andrea/dobot_v3/install/custom_messages/lib/libcustom_messages__rosidl_typesupport_introspection_cpp.so
[1.313s] -- Up-to-date: /home/andrea/dobot_v3/install/custom_messages/lib/libcustom_messages__rosidl_typesupport_cpp.so
[1.313s] -- Up-to-date: /home/andrea/dobot_v3/install/custom_messages/share/custom_messages/environment/pythonpath.sh
[1.313s] -- Up-to-date: /home/andrea/dobot_v3/install/custom_messages/share/custom_messages/environment/pythonpath.dsv
[1.313s] -- Up-to-date: /home/andrea/dobot_v3/install/custom_messages/local/lib/python3.10/dist-packages/custom_messages-0.0.0-py3.10.egg-info
[1.313s] -- Installing: /home/andrea/dobot_v3/install/custom_messages/local/lib/python3.10/dist-packages/custom_messages-0.0.0-py3.10.egg-info/PKG-INFO
[1.313s] -- Installing: /home/andrea/dobot_v3/install/custom_messages/local/lib/python3.10/dist-packages/custom_messages-0.0.0-py3.10.egg-info/top_level.txt
[1.313s] -- Installing: /home/andrea/dobot_v3/install/custom_messages/local/lib/python3.10/dist-packages/custom_messages-0.0.0-py3.10.egg-info/SOURCES.txt
[1.313s] -- Installing: /home/andrea/dobot_v3/install/custom_messages/local/lib/python3.10/dist-packages/custom_messages-0.0.0-py3.10.egg-info/dependency_links.txt
[1.313s] -- Up-to-date: /home/andrea/dobot_v3/install/custom_messages/local/lib/python3.10/dist-packages/custom_messages
[1.313s] -- Up-to-date: /home/andrea/dobot_v3/install/custom_messages/local/lib/python3.10/dist-packages/custom_messages/_custom_messages_s.ep.rosidl_typesupport_c.c
[1.313s] -- Up-to-date: /home/andrea/dobot_v3/install/custom_messages/local/lib/python3.10/dist-packages/custom_messages/custom_messages_s__rosidl_typesupport_introspection_c.cpython-310-x86_64-linux-gnu.so
[1.313s] -- Up-to-date: /home/andrea/dobot_v3/install/custom_messages/local/lib/python3.10/dist-packages/custom_messages/libcustom_messages__rosidl_generator_py.so
[1.313s] -- Up-to-date: /home/andrea/dobot_v3/install/custom_messages/local/lib/python3.10/dist-packages/custom_messages/msg
[1.313s] -- Up-to-date: /home/andrea/dobot_v3/install/custom_messages/local/lib/python3.10/dist-packages/custom_messages/msg/_optimal_point.py
[1.313s] -- Up-to-date: /home/andrea/dobot_v3/install/custom_messages/local/lib/python3.10/dist-packages/custom_messages/msg/_circumference_s.c
[1.313s] -- Up-to-date: /home/andrea/dobot_v3/install/custom_messages/local/lib/python3.10/dist-packages/custom_messages/msg/_circumference.py
[1.313s] -- Up-to-date: /home/andrea/dobot_v3/install/custom_messages/local/lib/python3.10/dist-packages/custom_messages/msg/_object_s.c
[1.313s] -- Up-to-date: /home/andrea/dobot_v3/install/custom_messages/local/lib/python3.10/dist-packages/custom_messages/msg/_map_s.c
[1.313s] -- Up-to-date: /home/andrea/dobot_v3/install/custom_messages/local/lib/python3.10/dist-packages/custom_messages/msg/_object.py
[1.313s] -- Up-to-date: /home/andrea/dobot_v3/install/custom_messages/local/lib/python3.10/dist-packages/custom_messages/msg/_point.py
[1.313s] -- Up-to-date: /home/andrea/dobot_v3/install/custom_messages/local/lib/python3.10/dist-packages/custom_messages/msg/_point_s.c
[1.314s] -- Up-to-date: /home/andrea/dobot_v3/install/custom_messages/local/lib/python3.10/dist-packages/custom_messages/msg/_map.py
[1.316s] -- Up-to-date: /home/andrea/dobot_v3/install/custom_messages/local/lib/python3.10/dist-packages/custom_messages/msg/_optimal_point_s.c
[1.316s] -- Up-to-date: /home/andrea/dobot_v3/install/custom_messages/local/lib/python3.10/dist-packages/custom_messages/msg/_bounding_box.py
[1.316s] -- Up-to-date: /home/andrea/dobot_v3/install/custom_messages/local/lib/python3.10/dist-packages/custom_messages/msg/_bounding_box_s.c
[1.316s] -- Up-to-date: /home/andrea/dobot_v3/install/custom_messages/local/lib/python3.10/dist-packages/custom_messages/msg/__init__.py
[1.316s] -- Up-to-date: /home/andrea/dobot_v3/install/custom_messages/local/lib/python3.10/dist-packages/custom_messages/_custom_messages_s.ep.rosidl_typesupport_introspection_c.c
[1.316s] -- Up-to-date: /home/andrea/dobot_v3/install/custom_messages/local/lib/python3.10/dist-packages/custom_messages/custom_messages_s__rosidl_typesupport_fastrtps_c.cpython-310-x86_64-linux-gnu.so
[1.316s] -- Up-to-date: /home/andrea/dobot_v3/install/custom_messages/local/lib/python3.10/dist-packages/custom_messages/custom_messages_s__rosidl_typesupport_c.cpython-310-x86_64-linux-gnu.so
[1.316s] -- Up-to-date: /home/andrea/dobot_v3/install/custom_messages/local/lib/python3.10/dist-packages/custom_messages/__init__.py
[1.316s] -- Up-to-date: /home/andrea/dobot_v3/install/custom_messages/local/lib/python3.10/dist-packages/custom_messages/_custom_messages_s.ep.rosidl_typesupport_fastrtps_c.c
[1.362s] Listing '/home/andrea/dobot_v3/install/custom_messages/local/lib/python3.10/dist-packages/custom_messages'...
[1.362s] Listing '/home/andrea/dobot_v3/install/custom_messages/local/lib/python3.10/dist-packages/custom_messages/msg'...
[1.362s] -- Up-to-date: /home/andrea/dobot_v3/install/custom_messages/local/lib/python3.10/dist-packages/custom_messages/custom_messages_s__rosidl_typesupport_fastrtps_c.cpython-310-x86_64-linux-gnu.so
[1.362s] -- Up-to-date: /home/andrea/dobot_v3/install/custom_messages/local/lib/python3.10/dist-packages/custom_messages/custom_messages_s__rosidl_typesupport_introspection_c.cpython-310-x86_64-linux-gnu.so
[1.362s] -- Up-to-date: /home/andrea/dobot_v3/install/custom_messages/local/lib/python3.10/dist-packages/custom_messages/custom_messages_s__rosidl_typesupport_c.cpython-310-x86_64-linux-gnu.so
[1.362s] -- Up-to-date: /home/andrea/dobot_v3/install/custom_messages/lib/libcustom_messages__rosidl_generator_py.so
[1.362s] -- Up-to-date: /home/andrea/dobot_v3/install/custom_messages/share/custom_messages/msg/BoundingBox.idl
[1.362s] -- Up-to-date: /home/andrea/dobot_v3/install/custom_messages/share/custom_messages/msg/Circumference.idl
[1.362s] -- Up-to-date: /home/andrea/dobot_v3/install/custom_messages/share/custom_messages/msg/Map.idl
[1.362s] -- Up-to-date: /home/andrea/dobot_v3/install/custom_messages/share/custom_messages/msg/Object.idl
[1.362s] -- Up-to-date: /home/andrea/dobot_v3/install/custom_messages/share/custom_messages/msg/OptimalPoint.idl
[1.362s] -- Up-to-date: /home/andrea/dobot_v3/install/custom_messages/share/custom_messages/msg/Point.idl
[1.362s] -- Up-to-date: /home/andrea/dobot_v3/install/custom_messages/share/custom_messages/msg/BoundingBox.msg
[1.362s] -- Up-to-date: /home/andrea/dobot_v3/install/custom_messages/share/custom_messages/msg/Circumference.msg
[1.363s] -- Up-to-date: /home/andrea/dobot_v3/install/custom_messages/share/custom_messages/msg/Map.msg
[1.363s] -- Up-to-date: /home/andrea/dobot_v3/install/custom_messages/share/custom_messages/msg/Object.msg
[1.363s] -- Up-to-date: /home/andrea/dobot_v3/install/custom_messages/share/custom_messages/msg/OptimalPoint.msg
[1.363s] -- Up-to-date: /home/andrea/dobot_v3/install/custom_messages/share/custom_messages/msg/Point.msg
[1.363s] -- Up-to-date: /home/andrea/dobot_v3/install/custom_messages/share/ament_index/resource_index/package_run_dependencies/custom_messages
[1.363s] -- Up-to-date: /home/andrea/dobot_v3/install/custom_messages/share/ament_index/resource_index/parent_prefix_path/custom_messages
[1.363s] -- Up-to-date: /home/andrea/dobot_v3/install/custom_messages/share/custom_messages/environment/ament_prefix_path.sh
[1.363s] -- Up-to-date: /home/andrea/dobot_v3/install/custom_messages/share/custom_messages/environment/ament_prefix_path.dsv
[1.363s] -- Up-to-date: /home/andrea/dobot_v3/install/custom_messages/share/custom_messages/environment/path.sh
[1.363s] -- Up-to-date: /home/andrea/dobot_v3/install/custom_messages/share/custom_messages/environment/path.dsv
[1.363s] -- Up-to-date: /home/andrea/dobot_v3/install/custom_messages/share/custom_messages/local_setup.bash
[1.363s] -- Up-to-date: /home/andrea/dobot_v3/install/custom_messages/share/custom_messages/local_setup.sh
[1.363s] -- Up-to-date: /home/andrea/dobot_v3/install/custom_messages/share/custom_messages/local_setup.zsh
[1.363s] -- Up-to-date: /home/andrea/dobot_v3/install/custom_messages/share/custom_messages/local_setup.dsv
[1.363s] -- Installing: /home/andrea/dobot_v3/install/custom_messages/share/custom_messages/package.dsv
[1.363s] -- Up-to-date: /home/andrea/dobot_v3/install/custom_messages/share/ament_index/resource_index/packages/custom_messages
[1.363s] -- Up-to-date: /home/andrea/dobot_v3/install/custom_messages/share/custom_messages/cmake/export_custom_messages__rosidl_generator_cExport.cmake
[1.363s] -- Up-to-date: /home/andrea/dobot_v3/install/custom_messages/share/custom_messages/cmake/export_custom_messages__rosidl_generator_cExport-noconfig.cmake
[1.363s] -- Up-to-date: /home/andrea/dobot_v3/install/custom_messages/share/custom_messages/cmake/export_custom_messages__rosidl_typesupport_fastrtps_cExport.cmake
[1.363s] -- Up-to-date: /home/andrea/dobot_v3/install/custom_messages/share/custom_messages/cmake/export_custom_messages__rosidl_typesupport_fastrtps_cExport-noconfig.cmake
[1.363s] -- Up-to-date: /home/andrea/dobot_v3/install/custom_messages/share/custom_messages/cmake/export_custom_messages__rosidl_generator_cppExport.cmake
[1.363s] -- Up-to-date: /home/andrea/dobot_v3/install/custom_messages/share/custom_messages/cmake/export_custom_messages__rosidl_typesupport_fastrtps_cppExport.cmake
[1.363s] -- Up-to-date: /home/andrea/dobot_v3/install/custom_messages/share/custom_messages/cmake/export_custom_messages__rosidl_typesupport_fastrtps_cppExport-noconfig.cmake
[1.363s] -- Up-to-date: /home/andrea/dobot_v3/install/custom_messages/share/custom_messages/cmake/custom_messages__rosidl_typesupport_introspection_cExport.cmake
[1.363s] -- Up-to-date: /home/andrea/dobot_v3/install/custom_messages/share/custom_messages/cmake/custom_messages__rosidl_typesupport_introspection_cExport-noconfig.cmake
[1.363s] -- Up-to-date: /home/andrea/dobot_v3/install/custom_messages/share/custom_messages/cmake/custom_messages__rosidl_typesupport_cExport.cmake
[1.363s] -- Up-to-date: /home/andrea/dobot_v3/install/custom_messages/share/custom_messages/cmake/custom_messages__rosidl_typesupport_cExport-noconfig.cmake
[1.363s] -- Up-to-date: /home/andrea/dobot_v3/install/custom_messages/share/custom_messages/cmake/custom_messages__rosidl_typesupport_introspection_cppExport.cmake
[1.363s] -- Up-to-date: /home/andrea/dobot_v3/install/custom_messages/share/custom_messages/cmake/custom_messages__rosidl_typesupport_introspection_cppExport-noconfig.cmake
[1.363s] -- Up-to-date: /home/andrea/dobot_v3/install/custom_messages/share/custom_messages/cmake/custom_messages__rosidl_typesupport_cppExport.cmake
[1.363s] -- Up-to-date: /home/andrea/dobot_v3/install/custom_messages/share/custom_messages/cmake/custom_messages__rosidl_typesupport_cppExport-noconfig.cmake
[1.364s] -- Up-to-date: /home/andrea/dobot_v3/install/custom_messages/share/custom_messages/cmake/export_custom_messages__rosidl_generator_pyExport.cmake
[1.364s] -- Up-to-date: /home/andrea/dobot_v3/install/custom_messages/share/custom_messages/cmake/export_custom_messages__rosidl_generator_pyExport-noconfig.cmake
[1.364s] -- Up-to-date: /home/andrea/dobot_v3/install/custom_messages/share/custom_messages/cmake/rosidl_cmake-extras.cmake
[1.364s] -- Up-to-date: /home/andrea/dobot_v3/install/custom_messages/share/custom_messages/cmake/ament_cmake_export_include_directories-extras.cmake
[1.364s] -- Up-to-date: /home/andrea/dobot_v3/install/custom_messages/share/custom_messages/cmake/ament_cmake_export_libraries-extras.cmake
[1.364s] -- Up-to-date: /home/andrea/dobot_v3/install/custom_messages/share/custom_messages/cmake/ament_cmake_export_targets-extras.cmake
[1.364s] -- Up-to-date: /home/andrea/dobot_v3/install/custom_messages/share/custom_messages/cmake/rosidl_cmake_export_typesupport_targets-extras.cmake
[1.364s] -- Up-to-date: /home/andrea/dobot_v3/install/custom_messages/share/custom_messages/cmake/ament_cmake_export_dependencies-extras.cmake
[1.364s] -- Up-to-date: /home/andrea/dobot_v3/install/custom_messages/share/custom_messages/cmake/rosidl_cmake_export_typesupport_libraries-extras.cmake
[1.364s] -- Up-to-date: /home/andrea/dobot_v3/install/custom_messages/share/custom_messages/cmake/custom_messagesConfig.cmake
[1.364s] -- Up-to-date: /home/andrea/dobot_v3/install/custom_messages/share/custom_messages/cmake/custom_messagesConfig-version.cmake
[1.364s] -- Up-to-date: /home/andrea/dobot_v3/install/custom_messages/share/custom_messages/package.xml
[1.419s] Invoked command in '/home/andrea/dobot_v3/build/custom_messages' returned '0': CMAKE_PREFIX_PATH=${CMAKE_PREFIX_PATH}:/home/andrea/dobot_v3/install/servo_action:/home/andrea/dobot_v3/install/dobot_bringup_v3:/home/andrea/dobot_v3/install/dobot_moveit:/home/andrea/dobot_v3/install/dobot_demo:/opt/ros/humble /usr/bin/cmake --install /home/andrea/dobot_v3/build/custom_messages
