[0.060s] Invoking command in '/home/andrea/dobot_v3/build/cr12_moveit': CMAKE_PREFIX_PATH=/home/andrea/dobot_v3/install/dobot_rviz:/home/andrea/dobot_v3/install/nova5_moveit:/home/andrea/dobot_v3/install/nova2_moveit:/home/andrea/dobot_v3/install/cr7_moveit:/home/andrea/dobot_v3/install/cr5_moveit:/home/andrea/dobot_v3/install/cr3_moveit:/home/andrea/dobot_v3/install/cr16_moveit:/home/andrea/dobot_v3/install/cr12_moveit:/home/andrea/dobot_v3/install/cr10_moveit:/home/andrea/dobot_v3/install/dobot_msgs_v3:/home/andrea/dobot_v3/install/dobot_gazebo:/home/andrea/dobot_v3/install/cr5_moveit_cpp_demo:/home/andrea/dobot_v3/install/custom_messages:/home/andrea/dobot_v3/install/cra_description:/home/andrea/dobot_v3/install/servo_action:/home/andrea/dobot_v3/install/dobot_bringup_v3:/home/andrea/dobot_v3/install/dobot_moveit:/home/andrea/dobot_v3/install/dobot_demo:/opt/ros/humble /usr/bin/cmake /home/andrea/dobot_v3/src/DOBOT_6Axis_ROS2_V3/cr12_moveit -DCMAKE_INSTALL_PREFIX=/home/andrea/dobot_v3/install/cr12_moveit
[0.143s] -- The C compiler identification is GNU 11.4.0
[0.265s] -- The CXX compiler identification is GNU 11.4.0
[0.285s] -- Detecting C compiler ABI info
[0.455s] -- Detecting C compiler ABI info - done
[0.464s] -- Check for working C compiler: /usr/bin/cc - skipped
[0.465s] -- Detecting C compile features
[0.466s] -- Detecting C compile features - done
[0.471s] -- Detecting CXX compiler ABI info
[0.668s] -- Detecting CXX compiler ABI info - done
[0.692s] -- Check for working CXX compiler: /usr/bin/c++ - skipped
[0.693s] -- Detecting CXX compile features
[0.693s] -- Detecting CXX compile features - done
[0.703s] -- Found ament_cmake: 1.3.12 (/opt/ros/humble/share/ament_cmake/cmake)
[1.121s] -- Found Python3: /usr/bin/python3 (found version "3.10.12") found components: Interpreter 
[1.481s] -- Configuring done
[1.510s] -- Generating done
[1.510s] -- Build files have been written to: /home/andrea/dobot_v3/build/cr12_moveit
[1.570s] Invoked command in '/home/andrea/dobot_v3/build/cr12_moveit' returned '0': CMAKE_PREFIX_PATH=/home/andrea/dobot_v3/install/dobot_rviz:/home/andrea/dobot_v3/install/nova5_moveit:/home/andrea/dobot_v3/install/nova2_moveit:/home/andrea/dobot_v3/install/cr7_moveit:/home/andrea/dobot_v3/install/cr5_moveit:/home/andrea/dobot_v3/install/cr3_moveit:/home/andrea/dobot_v3/install/cr16_moveit:/home/andrea/dobot_v3/install/cr12_moveit:/home/andrea/dobot_v3/install/cr10_moveit:/home/andrea/dobot_v3/install/dobot_msgs_v3:/home/andrea/dobot_v3/install/dobot_gazebo:/home/andrea/dobot_v3/install/cr5_moveit_cpp_demo:/home/andrea/dobot_v3/install/custom_messages:/home/andrea/dobot_v3/install/cra_description:/home/andrea/dobot_v3/install/servo_action:/home/andrea/dobot_v3/install/dobot_bringup_v3:/home/andrea/dobot_v3/install/dobot_moveit:/home/andrea/dobot_v3/install/dobot_demo:/opt/ros/humble /usr/bin/cmake /home/andrea/dobot_v3/src/DOBOT_6Axis_ROS2_V3/cr12_moveit -DCMAKE_INSTALL_PREFIX=/home/andrea/dobot_v3/install/cr12_moveit
[1.573s] Invoking command in '/home/andrea/dobot_v3/build/cr12_moveit': CMAKE_PREFIX_PATH=/home/andrea/dobot_v3/install/dobot_rviz:/home/andrea/dobot_v3/install/nova5_moveit:/home/andrea/dobot_v3/install/nova2_moveit:/home/andrea/dobot_v3/install/cr7_moveit:/home/andrea/dobot_v3/install/cr5_moveit:/home/andrea/dobot_v3/install/cr3_moveit:/home/andrea/dobot_v3/install/cr16_moveit:/home/andrea/dobot_v3/install/cr12_moveit:/home/andrea/dobot_v3/install/cr10_moveit:/home/andrea/dobot_v3/install/dobot_msgs_v3:/home/andrea/dobot_v3/install/dobot_gazebo:/home/andrea/dobot_v3/install/cr5_moveit_cpp_demo:/home/andrea/dobot_v3/install/custom_messages:/home/andrea/dobot_v3/install/cra_description:/home/andrea/dobot_v3/install/servo_action:/home/andrea/dobot_v3/install/dobot_bringup_v3:/home/andrea/dobot_v3/install/dobot_moveit:/home/andrea/dobot_v3/install/dobot_demo:/opt/ros/humble /usr/bin/cmake --build /home/andrea/dobot_v3/build/cr12_moveit -- -j12 -l12
[1.687s] Invoked command in '/home/andrea/dobot_v3/build/cr12_moveit' returned '0': CMAKE_PREFIX_PATH=/home/andrea/dobot_v3/install/dobot_rviz:/home/andrea/dobot_v3/install/nova5_moveit:/home/andrea/dobot_v3/install/nova2_moveit:/home/andrea/dobot_v3/install/cr7_moveit:/home/andrea/dobot_v3/install/cr5_moveit:/home/andrea/dobot_v3/install/cr3_moveit:/home/andrea/dobot_v3/install/cr16_moveit:/home/andrea/dobot_v3/install/cr12_moveit:/home/andrea/dobot_v3/install/cr10_moveit:/home/andrea/dobot_v3/install/dobot_msgs_v3:/home/andrea/dobot_v3/install/dobot_gazebo:/home/andrea/dobot_v3/install/cr5_moveit_cpp_demo:/home/andrea/dobot_v3/install/custom_messages:/home/andrea/dobot_v3/install/cra_description:/home/andrea/dobot_v3/install/servo_action:/home/andrea/dobot_v3/install/dobot_bringup_v3:/home/andrea/dobot_v3/install/dobot_moveit:/home/andrea/dobot_v3/install/dobot_demo:/opt/ros/humble /usr/bin/cmake --build /home/andrea/dobot_v3/build/cr12_moveit -- -j12 -l12
[1.687s] Invoking command in '/home/andrea/dobot_v3/build/cr12_moveit': CMAKE_PREFIX_PATH=/home/andrea/dobot_v3/install/dobot_rviz:/home/andrea/dobot_v3/install/nova5_moveit:/home/andrea/dobot_v3/install/nova2_moveit:/home/andrea/dobot_v3/install/cr7_moveit:/home/andrea/dobot_v3/install/cr5_moveit:/home/andrea/dobot_v3/install/cr3_moveit:/home/andrea/dobot_v3/install/cr16_moveit:/home/andrea/dobot_v3/install/cr12_moveit:/home/andrea/dobot_v3/install/cr10_moveit:/home/andrea/dobot_v3/install/dobot_msgs_v3:/home/andrea/dobot_v3/install/dobot_gazebo:/home/andrea/dobot_v3/install/cr5_moveit_cpp_demo:/home/andrea/dobot_v3/install/custom_messages:/home/andrea/dobot_v3/install/cra_description:/home/andrea/dobot_v3/install/servo_action:/home/andrea/dobot_v3/install/dobot_bringup_v3:/home/andrea/dobot_v3/install/dobot_moveit:/home/andrea/dobot_v3/install/dobot_demo:/opt/ros/humble /usr/bin/cmake --install /home/andrea/dobot_v3/build/cr12_moveit
[1.699s] -- Install configuration: ""
[1.700s] -- Installing: /home/andrea/dobot_v3/install/cr12_moveit/share/ament_index/resource_index/package_run_dependencies/cr12_moveit
[1.702s] -- Installing: /home/andrea/dobot_v3/install/cr12_moveit/share/ament_index/resource_index/parent_prefix_path/cr12_moveit
[1.702s] -- Installing: /home/andrea/dobot_v3/install/cr12_moveit/share/cr12_moveit/environment/ament_prefix_path.sh
[1.704s] -- Installing: /home/andrea/dobot_v3/install/cr12_moveit/share/cr12_moveit/environment/ament_prefix_path.dsv
[1.706s] -- Installing: /home/andrea/dobot_v3/install/cr12_moveit/share/cr12_moveit/environment/path.sh
[1.706s] -- Installing: /home/andrea/dobot_v3/install/cr12_moveit/share/cr12_moveit/environment/path.dsv
[1.707s] -- Installing: /home/andrea/dobot_v3/install/cr12_moveit/share/cr12_moveit/local_setup.bash
[1.707s] -- Installing: /home/andrea/dobot_v3/install/cr12_moveit/share/cr12_moveit/local_setup.sh
[1.707s] -- Installing: /home/andrea/dobot_v3/install/cr12_moveit/share/cr12_moveit/local_setup.zsh
[1.707s] -- Installing: /home/andrea/dobot_v3/install/cr12_moveit/share/cr12_moveit/local_setup.dsv
[1.707s] -- Installing: /home/andrea/dobot_v3/install/cr12_moveit/share/cr12_moveit/package.dsv
[1.707s] -- Installing: /home/andrea/dobot_v3/install/cr12_moveit/share/ament_index/resource_index/packages/cr12_moveit
[1.707s] -- Installing: /home/andrea/dobot_v3/install/cr12_moveit/share/cr12_moveit/cmake/cr12_moveitConfig.cmake
[1.707s] -- Installing: /home/andrea/dobot_v3/install/cr12_moveit/share/cr12_moveit/cmake/cr12_moveitConfig-version.cmake
[1.707s] -- Installing: /home/andrea/dobot_v3/install/cr12_moveit/share/cr12_moveit/package.xml
[1.707s] -- Installing: /home/andrea/dobot_v3/install/cr12_moveit/share/cr12_moveit/launch
[1.707s] -- Installing: /home/andrea/dobot_v3/install/cr12_moveit/share/cr12_moveit/launch/static_virtual_joint_tfs.launch.py
[1.708s] -- Installing: /home/andrea/dobot_v3/install/cr12_moveit/share/cr12_moveit/launch/move_group.launch.py
[1.708s] -- Installing: /home/andrea/dobot_v3/install/cr12_moveit/share/cr12_moveit/launch/moveit_gazebo.launch.py
[1.709s] -- Installing: /home/andrea/dobot_v3/install/cr12_moveit/share/cr12_moveit/launch/setup_assistant.launch.py
[1.709s] -- Installing: /home/andrea/dobot_v3/install/cr12_moveit/share/cr12_moveit/launch/demo.launch.py
[1.709s] -- Installing: /home/andrea/dobot_v3/install/cr12_moveit/share/cr12_moveit/launch/moveit_rviz.launch.py
[1.709s] -- Installing: /home/andrea/dobot_v3/install/cr12_moveit/share/cr12_moveit/launch/spawn_controllers.launch.py
[1.709s] -- Installing: /home/andrea/dobot_v3/install/cr12_moveit/share/cr12_moveit/launch/warehouse_db.launch.py
[1.709s] -- Installing: /home/andrea/dobot_v3/install/cr12_moveit/share/cr12_moveit/launch/rsp.launch.py
[1.709s] -- Installing: /home/andrea/dobot_v3/install/cr12_moveit/share/cr12_moveit/config
[1.709s] -- Installing: /home/andrea/dobot_v3/install/cr12_moveit/share/cr12_moveit/config/ros2_controllers.yaml
[1.712s] -- Installing: /home/andrea/dobot_v3/install/cr12_moveit/share/cr12_moveit/config/cr12_robot.urdf.xacro
[1.713s] -- Installing: /home/andrea/dobot_v3/install/cr12_moveit/share/cr12_moveit/config/cr12_robot.srdf
[1.713s] -- Installing: /home/andrea/dobot_v3/install/cr12_moveit/share/cr12_moveit/config/joint_limits.yaml
[1.713s] -- Installing: /home/andrea/dobot_v3/install/cr12_moveit/share/cr12_moveit/config/initial_positions.yaml
[1.713s] -- Installing: /home/andrea/dobot_v3/install/cr12_moveit/share/cr12_moveit/config/kinematics.yaml
[1.714s] -- Installing: /home/andrea/dobot_v3/install/cr12_moveit/share/cr12_moveit/config/moveit_controllers.yaml
[1.714s] -- Installing: /home/andrea/dobot_v3/install/cr12_moveit/share/cr12_moveit/config/cr12_robot.ros2_control.xacro
[1.714s] -- Installing: /home/andrea/dobot_v3/install/cr12_moveit/share/cr12_moveit/config/pilz_cartesian_limits.yaml
[1.714s] -- Installing: /home/andrea/dobot_v3/install/cr12_moveit/share/cr12_moveit/config/moveit.rviz
[1.715s] -- Installing: /home/andrea/dobot_v3/install/cr12_moveit/share/cr12_moveit/.setup_assistant
[1.723s] Invoked command in '/home/andrea/dobot_v3/build/cr12_moveit' returned '0': CMAKE_PREFIX_PATH=/home/andrea/dobot_v3/install/dobot_rviz:/home/andrea/dobot_v3/install/nova5_moveit:/home/andrea/dobot_v3/install/nova2_moveit:/home/andrea/dobot_v3/install/cr7_moveit:/home/andrea/dobot_v3/install/cr5_moveit:/home/andrea/dobot_v3/install/cr3_moveit:/home/andrea/dobot_v3/install/cr16_moveit:/home/andrea/dobot_v3/install/cr12_moveit:/home/andrea/dobot_v3/install/cr10_moveit:/home/andrea/dobot_v3/install/dobot_msgs_v3:/home/andrea/dobot_v3/install/dobot_gazebo:/home/andrea/dobot_v3/install/cr5_moveit_cpp_demo:/home/andrea/dobot_v3/install/custom_messages:/home/andrea/dobot_v3/install/cra_description:/home/andrea/dobot_v3/install/servo_action:/home/andrea/dobot_v3/install/dobot_bringup_v3:/home/andrea/dobot_v3/install/dobot_moveit:/home/andrea/dobot_v3/install/dobot_demo:/opt/ros/humble /usr/bin/cmake --install /home/andrea/dobot_v3/build/cr12_moveit
