[0.013s] Invoking command in '/home/andrea/dobot_v3/build/cr10_moveit': CMAKE_PREFIX_PATH=/home/andrea/dobot_v3/install/dobot_rviz:/home/andrea/dobot_v3/install/nova5_moveit:/home/andrea/dobot_v3/install/nova2_moveit:/home/andrea/dobot_v3/install/cr7_moveit:/home/andrea/dobot_v3/install/cr5_moveit:/home/andrea/dobot_v3/install/cr3_moveit:/home/andrea/dobot_v3/install/cr16_moveit:/home/andrea/dobot_v3/install/cr12_moveit:/home/andrea/dobot_v3/install/cr10_moveit:/home/andrea/dobot_v3/install/dobot_msgs_v3:/home/andrea/dobot_v3/install/dobot_gazebo:/home/andrea/dobot_v3/install/cra_description:/home/andrea/dobot_v3/install/cr5_moveit_cpp_demo:/home/andrea/dobot_v3/install/servo_action:/home/andrea/dobot_v3/install/dobot_bringup_v3:/home/andrea/dobot_v3/install/dobot_moveit:/home/andrea/dobot_v3/install/dobot_demo:/opt/ros/humble /usr/bin/cmake /home/andrea/dobot_v3/src/DOBOT_6Axis_ROS2_V3/cr10_moveit -DCMAKE_INSTALL_PREFIX=/home/andrea/dobot_v3/install/cr10_moveit
[0.073s] -- The C compiler identification is GNU 11.4.0
[0.126s] -- The CXX compiler identification is GNU 11.4.0
[0.133s] -- Detecting C compiler ABI info
[0.207s] -- Detecting C compiler ABI info - done
[0.214s] -- Check for working C compiler: /usr/bin/cc - skipped
[0.214s] -- Detecting C compile features
[0.214s] -- Detecting C compile features - done
[0.216s] -- Detecting CXX compiler ABI info
[0.299s] -- Detecting CXX compiler ABI info - done
[0.309s] -- Check for working CXX compiler: /usr/bin/c++ - skipped
[0.309s] -- Detecting CXX compile features
[0.310s] -- Detecting CXX compile features - done
[0.313s] -- Found ament_cmake: 1.3.11 (/opt/ros/humble/share/ament_cmake/cmake)
[0.474s] -- Found Python3: /usr/bin/python3 (found version "3.10.12") found components: Interpreter 
[0.605s] -- Configuring done
[0.607s] -- Generating done
[0.608s] -- Build files have been written to: /home/andrea/dobot_v3/build/cr10_moveit
[0.611s] Invoked command in '/home/andrea/dobot_v3/build/cr10_moveit' returned '0': CMAKE_PREFIX_PATH=/home/andrea/dobot_v3/install/dobot_rviz:/home/andrea/dobot_v3/install/nova5_moveit:/home/andrea/dobot_v3/install/nova2_moveit:/home/andrea/dobot_v3/install/cr7_moveit:/home/andrea/dobot_v3/install/cr5_moveit:/home/andrea/dobot_v3/install/cr3_moveit:/home/andrea/dobot_v3/install/cr16_moveit:/home/andrea/dobot_v3/install/cr12_moveit:/home/andrea/dobot_v3/install/cr10_moveit:/home/andrea/dobot_v3/install/dobot_msgs_v3:/home/andrea/dobot_v3/install/dobot_gazebo:/home/andrea/dobot_v3/install/cra_description:/home/andrea/dobot_v3/install/cr5_moveit_cpp_demo:/home/andrea/dobot_v3/install/servo_action:/home/andrea/dobot_v3/install/dobot_bringup_v3:/home/andrea/dobot_v3/install/dobot_moveit:/home/andrea/dobot_v3/install/dobot_demo:/opt/ros/humble /usr/bin/cmake /home/andrea/dobot_v3/src/DOBOT_6Axis_ROS2_V3/cr10_moveit -DCMAKE_INSTALL_PREFIX=/home/andrea/dobot_v3/install/cr10_moveit
[0.613s] Invoking command in '/home/andrea/dobot_v3/build/cr10_moveit': CMAKE_PREFIX_PATH=/home/andrea/dobot_v3/install/dobot_rviz:/home/andrea/dobot_v3/install/nova5_moveit:/home/andrea/dobot_v3/install/nova2_moveit:/home/andrea/dobot_v3/install/cr7_moveit:/home/andrea/dobot_v3/install/cr5_moveit:/home/andrea/dobot_v3/install/cr3_moveit:/home/andrea/dobot_v3/install/cr16_moveit:/home/andrea/dobot_v3/install/cr12_moveit:/home/andrea/dobot_v3/install/cr10_moveit:/home/andrea/dobot_v3/install/dobot_msgs_v3:/home/andrea/dobot_v3/install/dobot_gazebo:/home/andrea/dobot_v3/install/cra_description:/home/andrea/dobot_v3/install/cr5_moveit_cpp_demo:/home/andrea/dobot_v3/install/servo_action:/home/andrea/dobot_v3/install/dobot_bringup_v3:/home/andrea/dobot_v3/install/dobot_moveit:/home/andrea/dobot_v3/install/dobot_demo:/opt/ros/humble /usr/bin/cmake --build /home/andrea/dobot_v3/build/cr10_moveit -- -j12 -l12
[0.656s] Invoked command in '/home/andrea/dobot_v3/build/cr10_moveit' returned '0': CMAKE_PREFIX_PATH=/home/andrea/dobot_v3/install/dobot_rviz:/home/andrea/dobot_v3/install/nova5_moveit:/home/andrea/dobot_v3/install/nova2_moveit:/home/andrea/dobot_v3/install/cr7_moveit:/home/andrea/dobot_v3/install/cr5_moveit:/home/andrea/dobot_v3/install/cr3_moveit:/home/andrea/dobot_v3/install/cr16_moveit:/home/andrea/dobot_v3/install/cr12_moveit:/home/andrea/dobot_v3/install/cr10_moveit:/home/andrea/dobot_v3/install/dobot_msgs_v3:/home/andrea/dobot_v3/install/dobot_gazebo:/home/andrea/dobot_v3/install/cra_description:/home/andrea/dobot_v3/install/cr5_moveit_cpp_demo:/home/andrea/dobot_v3/install/servo_action:/home/andrea/dobot_v3/install/dobot_bringup_v3:/home/andrea/dobot_v3/install/dobot_moveit:/home/andrea/dobot_v3/install/dobot_demo:/opt/ros/humble /usr/bin/cmake --build /home/andrea/dobot_v3/build/cr10_moveit -- -j12 -l12
[0.669s] Invoking command in '/home/andrea/dobot_v3/build/cr10_moveit': CMAKE_PREFIX_PATH=/home/andrea/dobot_v3/install/dobot_rviz:/home/andrea/dobot_v3/install/nova5_moveit:/home/andrea/dobot_v3/install/nova2_moveit:/home/andrea/dobot_v3/install/cr7_moveit:/home/andrea/dobot_v3/install/cr5_moveit:/home/andrea/dobot_v3/install/cr3_moveit:/home/andrea/dobot_v3/install/cr16_moveit:/home/andrea/dobot_v3/install/cr12_moveit:/home/andrea/dobot_v3/install/cr10_moveit:/home/andrea/dobot_v3/install/dobot_msgs_v3:/home/andrea/dobot_v3/install/dobot_gazebo:/home/andrea/dobot_v3/install/cra_description:/home/andrea/dobot_v3/install/cr5_moveit_cpp_demo:/home/andrea/dobot_v3/install/servo_action:/home/andrea/dobot_v3/install/dobot_bringup_v3:/home/andrea/dobot_v3/install/dobot_moveit:/home/andrea/dobot_v3/install/dobot_demo:/opt/ros/humble /usr/bin/cmake --install /home/andrea/dobot_v3/build/cr10_moveit
[0.677s] -- Install configuration: ""
[0.677s] -- Installing: /home/andrea/dobot_v3/install/cr10_moveit/share/ament_index/resource_index/package_run_dependencies/cr10_moveit
[0.678s] -- Installing: /home/andrea/dobot_v3/install/cr10_moveit/share/ament_index/resource_index/parent_prefix_path/cr10_moveit
[0.678s] -- Installing: /home/andrea/dobot_v3/install/cr10_moveit/share/cr10_moveit/environment/ament_prefix_path.sh
[0.678s] -- Installing: /home/andrea/dobot_v3/install/cr10_moveit/share/cr10_moveit/environment/ament_prefix_path.dsv
[0.678s] -- Installing: /home/andrea/dobot_v3/install/cr10_moveit/share/cr10_moveit/environment/path.sh
[0.678s] -- Installing: /home/andrea/dobot_v3/install/cr10_moveit/share/cr10_moveit/environment/path.dsv
[0.678s] -- Installing: /home/andrea/dobot_v3/install/cr10_moveit/share/cr10_moveit/local_setup.bash
[0.679s] -- Installing: /home/andrea/dobot_v3/install/cr10_moveit/share/cr10_moveit/local_setup.sh
[0.679s] -- Installing: /home/andrea/dobot_v3/install/cr10_moveit/share/cr10_moveit/local_setup.zsh
[0.679s] -- Installing: /home/andrea/dobot_v3/install/cr10_moveit/share/cr10_moveit/local_setup.dsv
[0.679s] -- Installing: /home/andrea/dobot_v3/install/cr10_moveit/share/cr10_moveit/package.dsv
[0.679s] -- Installing: /home/andrea/dobot_v3/install/cr10_moveit/share/ament_index/resource_index/packages/cr10_moveit
[0.679s] -- Installing: /home/andrea/dobot_v3/install/cr10_moveit/share/cr10_moveit/cmake/cr10_moveitConfig.cmake
[0.679s] -- Installing: /home/andrea/dobot_v3/install/cr10_moveit/share/cr10_moveit/cmake/cr10_moveitConfig-version.cmake
[0.680s] -- Installing: /home/andrea/dobot_v3/install/cr10_moveit/share/cr10_moveit/package.xml
[0.680s] -- Installing: /home/andrea/dobot_v3/install/cr10_moveit/share/cr10_moveit/launch
[0.680s] -- Installing: /home/andrea/dobot_v3/install/cr10_moveit/share/cr10_moveit/launch/static_virtual_joint_tfs.launch.py
[0.680s] -- Installing: /home/andrea/dobot_v3/install/cr10_moveit/share/cr10_moveit/launch/move_group.launch.py
[0.680s] -- Installing: /home/andrea/dobot_v3/install/cr10_moveit/share/cr10_moveit/launch/moveit_gazebo.launch.py
[0.680s] -- Installing: /home/andrea/dobot_v3/install/cr10_moveit/share/cr10_moveit/launch/setup_assistant.launch.py
[0.680s] -- Installing: /home/andrea/dobot_v3/install/cr10_moveit/share/cr10_moveit/launch/demo.launch.py
[0.680s] -- Installing: /home/andrea/dobot_v3/install/cr10_moveit/share/cr10_moveit/launch/moveit_rviz.launch.py
[0.680s] -- Installing: /home/andrea/dobot_v3/install/cr10_moveit/share/cr10_moveit/launch/spawn_controllers.launch.py
[0.681s] -- Installing: /home/andrea/dobot_v3/install/cr10_moveit/share/cr10_moveit/launch/warehouse_db.launch.py
[0.681s] -- Installing: /home/andrea/dobot_v3/install/cr10_moveit/share/cr10_moveit/launch/rsp.launch.py
[0.681s] -- Installing: /home/andrea/dobot_v3/install/cr10_moveit/share/cr10_moveit/config
[0.681s] -- Installing: /home/andrea/dobot_v3/install/cr10_moveit/share/cr10_moveit/config/ros2_controllers.yaml
[0.681s] -- Installing: /home/andrea/dobot_v3/install/cr10_moveit/share/cr10_moveit/config/cr10_robot.urdf.xacro
[0.681s] -- Installing: /home/andrea/dobot_v3/install/cr10_moveit/share/cr10_moveit/config/cr10_robot.ros2_control.xacro
[0.681s] -- Installing: /home/andrea/dobot_v3/install/cr10_moveit/share/cr10_moveit/config/joint_limits.yaml
[0.681s] -- Installing: /home/andrea/dobot_v3/install/cr10_moveit/share/cr10_moveit/config/initial_positions.yaml
[0.682s] -- Installing: /home/andrea/dobot_v3/install/cr10_moveit/share/cr10_moveit/config/kinematics.yaml
[0.682s] -- Installing: /home/andrea/dobot_v3/install/cr10_moveit/share/cr10_moveit/config/moveit_controllers.yaml
[0.682s] -- Installing: /home/andrea/dobot_v3/install/cr10_moveit/share/cr10_moveit/config/cr10_robot.srdf
[0.682s] -- Installing: /home/andrea/dobot_v3/install/cr10_moveit/share/cr10_moveit/config/pilz_cartesian_limits.yaml
[0.682s] -- Installing: /home/andrea/dobot_v3/install/cr10_moveit/share/cr10_moveit/config/moveit.rviz
[0.682s] -- Installing: /home/andrea/dobot_v3/install/cr10_moveit/share/cr10_moveit/.setup_assistant
[0.684s] Invoked command in '/home/andrea/dobot_v3/build/cr10_moveit' returned '0': CMAKE_PREFIX_PATH=/home/andrea/dobot_v3/install/dobot_rviz:/home/andrea/dobot_v3/install/nova5_moveit:/home/andrea/dobot_v3/install/nova2_moveit:/home/andrea/dobot_v3/install/cr7_moveit:/home/andrea/dobot_v3/install/cr5_moveit:/home/andrea/dobot_v3/install/cr3_moveit:/home/andrea/dobot_v3/install/cr16_moveit:/home/andrea/dobot_v3/install/cr12_moveit:/home/andrea/dobot_v3/install/cr10_moveit:/home/andrea/dobot_v3/install/dobot_msgs_v3:/home/andrea/dobot_v3/install/dobot_gazebo:/home/andrea/dobot_v3/install/cra_description:/home/andrea/dobot_v3/install/cr5_moveit_cpp_demo:/home/andrea/dobot_v3/install/servo_action:/home/andrea/dobot_v3/install/dobot_bringup_v3:/home/andrea/dobot_v3/install/dobot_moveit:/home/andrea/dobot_v3/install/dobot_demo:/opt/ros/humble /usr/bin/cmake --install /home/andrea/dobot_v3/build/cr10_moveit
