[0.041s] Invoking command in '/home/andrea/dobot_v3/build/cra_description': CMAKE_PREFIX_PATH=${CMAKE_PREFIX_PATH}:/home/andrea/dobot_v3/install/servo_action:/home/andrea/dobot_v3/install/dobot_bringup_v3:/home/andrea/dobot_v3/install/dobot_moveit:/home/andrea/dobot_v3/install/dobot_demo:/opt/ros/humble /usr/bin/cmake --build /home/andrea/dobot_v3/build/cra_description -- -j12 -l12
[3.677s] Invoked command in '/home/andrea/dobot_v3/build/cra_description' returned '0': CMAKE_PREFIX_PATH=${CMAKE_PREFIX_PATH}:/home/andrea/dobot_v3/install/servo_action:/home/andrea/dobot_v3/install/dobot_bringup_v3:/home/andrea/dobot_v3/install/dobot_moveit:/home/andrea/dobot_v3/install/dobot_demo:/opt/ros/humble /usr/bin/cmake --build /home/andrea/dobot_v3/build/cra_description -- -j12 -l12
[3.679s] Invoking command in '/home/andrea/dobot_v3/build/cra_description': CMAKE_PREFIX_PATH=${CMAKE_PREFIX_PATH}:/home/andrea/dobot_v3/install/servo_action:/home/andrea/dobot_v3/install/dobot_bringup_v3:/home/andrea/dobot_v3/install/dobot_moveit:/home/andrea/dobot_v3/install/dobot_demo:/opt/ros/humble /usr/bin/cmake --install /home/andrea/dobot_v3/build/cra_description
[3.733s] -- Install configuration: ""
[3.733s] -- Up-to-date: /home/andrea/dobot_v3/install/cra_description/share/ament_index/resource_index/package_run_dependencies/cra_description
[3.733s] -- Up-to-date: /home/andrea/dobot_v3/install/cra_description/share/ament_index/resource_index/parent_prefix_path/cra_description
[3.733s] -- Up-to-date: /home/andrea/dobot_v3/install/cra_description/share/cra_description/environment/ament_prefix_path.sh
[3.733s] -- Up-to-date: /home/andrea/dobot_v3/install/cra_description/share/cra_description/environment/ament_prefix_path.dsv
[3.733s] -- Up-to-date: /home/andrea/dobot_v3/install/cra_description/share/cra_description/environment/path.sh
[3.733s] -- Up-to-date: /home/andrea/dobot_v3/install/cra_description/share/cra_description/environment/path.dsv
[3.734s] -- Up-to-date: /home/andrea/dobot_v3/install/cra_description/share/cra_description/local_setup.bash
[3.734s] -- Up-to-date: /home/andrea/dobot_v3/install/cra_description/share/cra_description/local_setup.sh
[3.734s] -- Up-to-date: /home/andrea/dobot_v3/install/cra_description/share/cra_description/local_setup.zsh
[3.734s] -- Up-to-date: /home/andrea/dobot_v3/install/cra_description/share/cra_description/local_setup.dsv
[3.734s] -- Installing: /home/andrea/dobot_v3/install/cra_description/share/cra_description/package.dsv
[3.734s] -- Up-to-date: /home/andrea/dobot_v3/install/cra_description/share/ament_index/resource_index/packages/cra_description
[3.734s] -- Up-to-date: /home/andrea/dobot_v3/install/cra_description/share/cra_description/cmake/cra_descriptionConfig.cmake
[3.734s] -- Up-to-date: /home/andrea/dobot_v3/install/cra_description/share/cra_description/cmake/cra_descriptionConfig-version.cmake
[3.739s] -- Up-to-date: /home/andrea/dobot_v3/install/cra_description/share/cra_description/package.xml
[3.739s] -- Up-to-date: /home/andrea/dobot_v3/install/cra_description/share/cra_description/urdf
[3.739s] -- Up-to-date: /home/andrea/dobot_v3/install/cra_description/share/cra_description/urdf/cr12_robot.xacro
[3.739s] -- Up-to-date: /home/andrea/dobot_v3/install/cra_description/share/cra_description/urdf/cr3_robot.xacro
[3.739s] -- Up-to-date: /home/andrea/dobot_v3/install/cra_description/share/cra_description/urdf/cr7_robot.xacro
[3.739s] -- Up-to-date: /home/andrea/dobot_v3/install/cra_description/share/cra_description/urdf/cr16_robot.xacro
[3.739s] -- Up-to-date: /home/andrea/dobot_v3/install/cra_description/share/cra_description/urdf/nova2_robot.xacro
[3.739s] -- Up-to-date: /home/andrea/dobot_v3/install/cra_description/share/cra_description/urdf/cr5_robot.xacro
[3.739s] -- Up-to-date: /home/andrea/dobot_v3/install/cra_description/share/cra_description/urdf/nova5_robot.xacro
[3.739s] -- Up-to-date: /home/andrea/dobot_v3/install/cra_description/share/cra_description/urdf/cr10_robot.xacro
[3.740s] -- Up-to-date: /home/andrea/dobot_v3/install/cra_description/share/cra_description/meshes
[3.740s] -- Up-to-date: /home/andrea/dobot_v3/install/cra_description/share/cra_description/meshes/nova2
[3.740s] -- Up-to-date: /home/andrea/dobot_v3/install/cra_description/share/cra_description/meshes/nova2/Link6.STL
[3.740s] -- Up-to-date: /home/andrea/dobot_v3/install/cra_description/share/cra_description/meshes/nova2/Link1.STL
[3.740s] -- Up-to-date: /home/andrea/dobot_v3/install/cra_description/share/cra_description/meshes/nova2/Link2.STL
[3.740s] -- Up-to-date: /home/andrea/dobot_v3/install/cra_description/share/cra_description/meshes/nova2/Link5.STL
[3.740s] -- Up-to-date: /home/andrea/dobot_v3/install/cra_description/share/cra_description/meshes/nova2/base_link.STL
[3.740s] -- Up-to-date: /home/andrea/dobot_v3/install/cra_description/share/cra_description/meshes/nova2/Link4.STL
[3.741s] -- Up-to-date: /home/andrea/dobot_v3/install/cra_description/share/cra_description/meshes/nova2/Link3.STL
[3.741s] -- Up-to-date: /home/andrea/dobot_v3/install/cra_description/share/cra_description/meshes/nova5
[3.741s] -- Up-to-date: /home/andrea/dobot_v3/install/cra_description/share/cra_description/meshes/nova5/Link6.STL
[3.741s] -- Up-to-date: /home/andrea/dobot_v3/install/cra_description/share/cra_description/meshes/nova5/Link1.STL
[3.741s] -- Up-to-date: /home/andrea/dobot_v3/install/cra_description/share/cra_description/meshes/nova5/Link2.STL
[3.741s] -- Up-to-date: /home/andrea/dobot_v3/install/cra_description/share/cra_description/meshes/nova5/Link5.STL
[3.742s] -- Up-to-date: /home/andrea/dobot_v3/install/cra_description/share/cra_description/meshes/nova5/base_link.STL
[3.742s] -- Up-to-date: /home/andrea/dobot_v3/install/cra_description/share/cra_description/meshes/nova5/Link4.STL
[3.742s] -- Up-to-date: /home/andrea/dobot_v3/install/cra_description/share/cra_description/meshes/nova5/Link3.STL
[3.742s] -- Up-to-date: /home/andrea/dobot_v3/install/cra_description/share/cra_description/meshes/cr7
[3.742s] -- Up-to-date: /home/andrea/dobot_v3/install/cra_description/share/cra_description/meshes/cr7/J6.STL
[3.742s] -- Up-to-date: /home/andrea/dobot_v3/install/cra_description/share/cra_description/meshes/cr7/J5.STL
[3.742s] -- Up-to-date: /home/andrea/dobot_v3/install/cra_description/share/cra_description/meshes/cr7/J3.STL
[3.742s] -- Up-to-date: /home/andrea/dobot_v3/install/cra_description/share/cra_description/meshes/cr7/J2.STL
[3.742s] -- Up-to-date: /home/andrea/dobot_v3/install/cra_description/share/cra_description/meshes/cr7/J4.STL
[3.742s] -- Up-to-date: /home/andrea/dobot_v3/install/cra_description/share/cra_description/meshes/cr7/base_link0.STL
[3.742s] -- Up-to-date: /home/andrea/dobot_v3/install/cra_description/share/cra_description/meshes/cr7/J1.STL
[3.743s] -- Up-to-date: /home/andrea/dobot_v3/install/cra_description/share/cra_description/meshes/cr16
[3.743s] -- Up-to-date: /home/andrea/dobot_v3/install/cra_description/share/cra_description/meshes/cr16/Link6.STL
[3.743s] -- Up-to-date: /home/andrea/dobot_v3/install/cra_description/share/cra_description/meshes/cr16/Link1.STL
[3.743s] -- Up-to-date: /home/andrea/dobot_v3/install/cra_description/share/cra_description/meshes/cr16/Link2.STL
[3.743s] -- Up-to-date: /home/andrea/dobot_v3/install/cra_description/share/cra_description/meshes/cr16/Link5.STL
[3.743s] -- Up-to-date: /home/andrea/dobot_v3/install/cra_description/share/cra_description/meshes/cr16/base_link.STL
[3.743s] -- Up-to-date: /home/andrea/dobot_v3/install/cra_description/share/cra_description/meshes/cr16/Link4.STL
[3.743s] -- Up-to-date: /home/andrea/dobot_v3/install/cra_description/share/cra_description/meshes/cr16/Link3.STL
[3.743s] -- Up-to-date: /home/andrea/dobot_v3/install/cra_description/share/cra_description/meshes/cr10
[3.743s] -- Up-to-date: /home/andrea/dobot_v3/install/cra_description/share/cra_description/meshes/cr10/Link6.STL
[3.743s] -- Up-to-date: /home/andrea/dobot_v3/install/cra_description/share/cra_description/meshes/cr10/Link1.STL
[3.744s] -- Up-to-date: /home/andrea/dobot_v3/install/cra_description/share/cra_description/meshes/cr10/Link2.STL
[3.744s] -- Up-to-date: /home/andrea/dobot_v3/install/cra_description/share/cra_description/meshes/cr10/Link5.STL
[3.744s] -- Up-to-date: /home/andrea/dobot_v3/install/cra_description/share/cra_description/meshes/cr10/base_link.STL
[3.744s] -- Up-to-date: /home/andrea/dobot_v3/install/cra_description/share/cra_description/meshes/cr10/Link4.STL
[3.744s] -- Up-to-date: /home/andrea/dobot_v3/install/cra_description/share/cra_description/meshes/cr10/Link3.STL
[3.744s] -- Up-to-date: /home/andrea/dobot_v3/install/cra_description/share/cra_description/meshes/cr12
[3.744s] -- Up-to-date: /home/andrea/dobot_v3/install/cra_description/share/cra_description/meshes/cr12/J6.STL
[3.744s] -- Up-to-date: /home/andrea/dobot_v3/install/cra_description/share/cra_description/meshes/cr12/J5.STL
[3.753s] -- Up-to-date: /home/andrea/dobot_v3/install/cra_description/share/cra_description/meshes/cr12/J3.STL
[3.754s] -- Up-to-date: /home/andrea/dobot_v3/install/cra_description/share/cra_description/meshes/cr12/J2.STL
[3.755s] -- Up-to-date: /home/andrea/dobot_v3/install/cra_description/share/cra_description/meshes/cr12/J4.STL
[3.755s] -- Up-to-date: /home/andrea/dobot_v3/install/cra_description/share/cra_description/meshes/cr12/base_link0.STL
[3.755s] -- Up-to-date: /home/andrea/dobot_v3/install/cra_description/share/cra_description/meshes/cr12/J1.STL
[3.755s] -- Up-to-date: /home/andrea/dobot_v3/install/cra_description/share/cra_description/meshes/cr3
[3.755s] -- Up-to-date: /home/andrea/dobot_v3/install/cra_description/share/cra_description/meshes/cr3/Link6.STL
[3.755s] -- Up-to-date: /home/andrea/dobot_v3/install/cra_description/share/cra_description/meshes/cr3/Link1.STL
[3.755s] -- Up-to-date: /home/andrea/dobot_v3/install/cra_description/share/cra_description/meshes/cr3/Link2.STL
[3.755s] -- Up-to-date: /home/andrea/dobot_v3/install/cra_description/share/cra_description/meshes/cr3/Link5.STL
[3.755s] -- Up-to-date: /home/andrea/dobot_v3/install/cra_description/share/cra_description/meshes/cr3/base_link.STL
[3.755s] -- Up-to-date: /home/andrea/dobot_v3/install/cra_description/share/cra_description/meshes/cr3/Link4.STL
[3.756s] -- Up-to-date: /home/andrea/dobot_v3/install/cra_description/share/cra_description/meshes/cr3/Link3.STL
[3.756s] -- Up-to-date: /home/andrea/dobot_v3/install/cra_description/share/cra_description/meshes/cr5
[3.756s] -- Up-to-date: /home/andrea/dobot_v3/install/cra_description/share/cra_description/meshes/cr5/Link4.dae
[3.756s] -- Up-to-date: /home/andrea/dobot_v3/install/cra_description/share/cra_description/meshes/cr5/Link3.dae
[3.756s] -- Up-to-date: /home/andrea/dobot_v3/install/cra_description/share/cra_description/meshes/cr5/base_link.dae
[3.756s] -- Up-to-date: /home/andrea/dobot_v3/install/cra_description/share/cra_description/meshes/cr5/Link5.dae
[3.756s] -- Up-to-date: /home/andrea/dobot_v3/install/cra_description/share/cra_description/meshes/cr5/Link6.dae
[3.756s] -- Up-to-date: /home/andrea/dobot_v3/install/cra_description/share/cra_description/meshes/cr5/Link1.dae
[3.756s] -- Up-to-date: /home/andrea/dobot_v3/install/cra_description/share/cra_description/meshes/cr5/Link2.dae
[3.756s] Invoked command in '/home/andrea/dobot_v3/build/cra_description' returned '0': CMAKE_PREFIX_PATH=${CMAKE_PREFIX_PATH}:/home/andrea/dobot_v3/install/servo_action:/home/andrea/dobot_v3/install/dobot_bringup_v3:/home/andrea/dobot_v3/install/dobot_moveit:/home/andrea/dobot_v3/install/dobot_demo:/opt/ros/humble /usr/bin/cmake --install /home/andrea/dobot_v3/build/cra_description
