[0.030s] Invoking command in '/home/andrea/dobot_v3/build/cra_description': CMAKE_PREFIX_PATH=${CMAKE_PREFIX_PATH}:/home/andrea/dobot_v3/install/servo_action:/home/andrea/dobot_v3/install/dobot_bringup_v3:/home/andrea/dobot_v3/install/dobot_moveit:/home/andrea/dobot_v3/install/dobot_demo:/opt/ros/humble /usr/bin/cmake --build /home/andrea/dobot_v3/build/cra_description -- -j12 -l12
[0.722s] Invoked command in '/home/andrea/dobot_v3/build/cra_description' returned '0': CMAKE_PREFIX_PATH=${CMAKE_PREFIX_PATH}:/home/andrea/dobot_v3/install/servo_action:/home/andrea/dobot_v3/install/dobot_bringup_v3:/home/andrea/dobot_v3/install/dobot_moveit:/home/andrea/dobot_v3/install/dobot_demo:/opt/ros/humble /usr/bin/cmake --build /home/andrea/dobot_v3/build/cra_description -- -j12 -l12
[0.739s] Invoking command in '/home/andrea/dobot_v3/build/cra_description': CMAKE_PREFIX_PATH=${CMAKE_PREFIX_PATH}:/home/andrea/dobot_v3/install/servo_action:/home/andrea/dobot_v3/install/dobot_bringup_v3:/home/andrea/dobot_v3/install/dobot_moveit:/home/andrea/dobot_v3/install/dobot_demo:/opt/ros/humble /usr/bin/cmake --install /home/andrea/dobot_v3/build/cra_description
[0.944s] -- Install configuration: ""
[0.944s] -- Up-to-date: /home/andrea/dobot_v3/install/cra_description/share/ament_index/resource_index/package_run_dependencies/cra_description
[0.946s] -- Up-to-date: /home/andrea/dobot_v3/install/cra_description/share/ament_index/resource_index/parent_prefix_path/cra_description
[0.947s] -- Up-to-date: /home/andrea/dobot_v3/install/cra_description/share/cra_description/environment/ament_prefix_path.sh
[0.948s] -- Up-to-date: /home/andrea/dobot_v3/install/cra_description/share/cra_description/environment/ament_prefix_path.dsv
[0.948s] -- Up-to-date: /home/andrea/dobot_v3/install/cra_description/share/cra_description/environment/path.sh
[0.948s] -- Up-to-date: /home/andrea/dobot_v3/install/cra_description/share/cra_description/environment/path.dsv
[0.949s] -- Up-to-date: /home/andrea/dobot_v3/install/cra_description/share/cra_description/local_setup.bash
[0.949s] -- Up-to-date: /home/andrea/dobot_v3/install/cra_description/share/cra_description/local_setup.sh
[0.949s] -- Up-to-date: /home/andrea/dobot_v3/install/cra_description/share/cra_description/local_setup.zsh
[0.950s] -- Up-to-date: /home/andrea/dobot_v3/install/cra_description/share/cra_description/local_setup.dsv
[0.951s] -- Installing: /home/andrea/dobot_v3/install/cra_description/share/cra_description/package.dsv
[0.952s] -- Up-to-date: /home/andrea/dobot_v3/install/cra_description/share/ament_index/resource_index/packages/cra_description
[0.953s] -- Up-to-date: /home/andrea/dobot_v3/install/cra_description/share/cra_description/cmake/cra_descriptionConfig.cmake
[0.955s] -- Up-to-date: /home/andrea/dobot_v3/install/cra_description/share/cra_description/cmake/cra_descriptionConfig-version.cmake
[0.956s] -- Up-to-date: /home/andrea/dobot_v3/install/cra_description/share/cra_description/package.xml
[0.958s] -- Up-to-date: /home/andrea/dobot_v3/install/cra_description/share/cra_description/urdf
[0.959s] -- Up-to-date: /home/andrea/dobot_v3/install/cra_description/share/cra_description/urdf/cr12_robot.xacro
[0.960s] -- Up-to-date: /home/andrea/dobot_v3/install/cra_description/share/cra_description/urdf/cr3_robot.xacro
[0.960s] -- Up-to-date: /home/andrea/dobot_v3/install/cra_description/share/cra_description/urdf/cr7_robot.xacro
[0.960s] -- Up-to-date: /home/andrea/dobot_v3/install/cra_description/share/cra_description/urdf/cr16_robot.xacro
[0.960s] -- Up-to-date: /home/andrea/dobot_v3/install/cra_description/share/cra_description/urdf/nova2_robot.xacro
[0.960s] -- Up-to-date: /home/andrea/dobot_v3/install/cra_description/share/cra_description/urdf/cr5_robot.xacro
[0.961s] -- Up-to-date: /home/andrea/dobot_v3/install/cra_description/share/cra_description/urdf/nova5_robot.xacro
[0.961s] -- Up-to-date: /home/andrea/dobot_v3/install/cra_description/share/cra_description/urdf/cr10_robot.xacro
[0.961s] -- Up-to-date: /home/andrea/dobot_v3/install/cra_description/share/cra_description/meshes
[0.962s] -- Up-to-date: /home/andrea/dobot_v3/install/cra_description/share/cra_description/meshes/nova2
[0.962s] -- Up-to-date: /home/andrea/dobot_v3/install/cra_description/share/cra_description/meshes/nova2/Link6.STL
[0.963s] -- Up-to-date: /home/andrea/dobot_v3/install/cra_description/share/cra_description/meshes/nova2/Link1.STL
[0.963s] -- Up-to-date: /home/andrea/dobot_v3/install/cra_description/share/cra_description/meshes/nova2/Link2.STL
[0.963s] -- Up-to-date: /home/andrea/dobot_v3/install/cra_description/share/cra_description/meshes/nova2/Link5.STL
[0.963s] -- Up-to-date: /home/andrea/dobot_v3/install/cra_description/share/cra_description/meshes/nova2/base_link.STL
[0.964s] -- Up-to-date: /home/andrea/dobot_v3/install/cra_description/share/cra_description/meshes/nova2/Link4.STL
[0.964s] -- Up-to-date: /home/andrea/dobot_v3/install/cra_description/share/cra_description/meshes/nova2/Link3.STL
[0.964s] -- Up-to-date: /home/andrea/dobot_v3/install/cra_description/share/cra_description/meshes/nova5
[0.964s] -- Up-to-date: /home/andrea/dobot_v3/install/cra_description/share/cra_description/meshes/nova5/Link6.STL
[0.964s] -- Up-to-date: /home/andrea/dobot_v3/install/cra_description/share/cra_description/meshes/nova5/Link1.STL
[0.964s] -- Up-to-date: /home/andrea/dobot_v3/install/cra_description/share/cra_description/meshes/nova5/Link2.STL
[1.019s] -- Up-to-date: /home/andrea/dobot_v3/install/cra_description/share/cra_description/meshes/nova5/Link5.STL
[1.019s] -- Up-to-date: /home/andrea/dobot_v3/install/cra_description/share/cra_description/meshes/nova5/base_link.STL
[1.019s] -- Up-to-date: /home/andrea/dobot_v3/install/cra_description/share/cra_description/meshes/nova5/Link4.STL
[1.019s] -- Up-to-date: /home/andrea/dobot_v3/install/cra_description/share/cra_description/meshes/nova5/Link3.STL
[1.019s] -- Up-to-date: /home/andrea/dobot_v3/install/cra_description/share/cra_description/meshes/cr7
[1.019s] -- Up-to-date: /home/andrea/dobot_v3/install/cra_description/share/cra_description/meshes/cr7/J6.STL
[1.019s] -- Up-to-date: /home/andrea/dobot_v3/install/cra_description/share/cra_description/meshes/cr7/J5.STL
[1.019s] -- Up-to-date: /home/andrea/dobot_v3/install/cra_description/share/cra_description/meshes/cr7/J3.STL
[1.019s] -- Up-to-date: /home/andrea/dobot_v3/install/cra_description/share/cra_description/meshes/cr7/J2.STL
[1.019s] -- Up-to-date: /home/andrea/dobot_v3/install/cra_description/share/cra_description/meshes/cr7/J4.STL
[1.019s] -- Up-to-date: /home/andrea/dobot_v3/install/cra_description/share/cra_description/meshes/cr7/base_link0.STL
[1.019s] -- Up-to-date: /home/andrea/dobot_v3/install/cra_description/share/cra_description/meshes/cr7/J1.STL
[1.019s] -- Up-to-date: /home/andrea/dobot_v3/install/cra_description/share/cra_description/meshes/cr16
[1.019s] -- Up-to-date: /home/andrea/dobot_v3/install/cra_description/share/cra_description/meshes/cr16/Link6.STL
[1.019s] -- Up-to-date: /home/andrea/dobot_v3/install/cra_description/share/cra_description/meshes/cr16/Link1.STL
[1.020s] -- Up-to-date: /home/andrea/dobot_v3/install/cra_description/share/cra_description/meshes/cr16/Link2.STL
[1.020s] -- Up-to-date: /home/andrea/dobot_v3/install/cra_description/share/cra_description/meshes/cr16/Link5.STL
[1.020s] -- Up-to-date: /home/andrea/dobot_v3/install/cra_description/share/cra_description/meshes/cr16/base_link.STL
[1.020s] -- Up-to-date: /home/andrea/dobot_v3/install/cra_description/share/cra_description/meshes/cr16/Link4.STL
[1.020s] -- Up-to-date: /home/andrea/dobot_v3/install/cra_description/share/cra_description/meshes/cr16/Link3.STL
[1.020s] -- Up-to-date: /home/andrea/dobot_v3/install/cra_description/share/cra_description/meshes/cr10
[1.020s] -- Up-to-date: /home/andrea/dobot_v3/install/cra_description/share/cra_description/meshes/cr10/Link6.STL
[1.020s] -- Up-to-date: /home/andrea/dobot_v3/install/cra_description/share/cra_description/meshes/cr10/Link1.STL
[1.020s] -- Up-to-date: /home/andrea/dobot_v3/install/cra_description/share/cra_description/meshes/cr10/Link2.STL
[1.020s] -- Up-to-date: /home/andrea/dobot_v3/install/cra_description/share/cra_description/meshes/cr10/Link5.STL
[1.020s] -- Up-to-date: /home/andrea/dobot_v3/install/cra_description/share/cra_description/meshes/cr10/base_link.STL
[1.020s] -- Up-to-date: /home/andrea/dobot_v3/install/cra_description/share/cra_description/meshes/cr10/Link4.STL
[1.020s] -- Up-to-date: /home/andrea/dobot_v3/install/cra_description/share/cra_description/meshes/cr10/Link3.STL
[1.021s] -- Up-to-date: /home/andrea/dobot_v3/install/cra_description/share/cra_description/meshes/cr12
[1.021s] -- Up-to-date: /home/andrea/dobot_v3/install/cra_description/share/cra_description/meshes/cr12/J6.STL
[1.021s] -- Up-to-date: /home/andrea/dobot_v3/install/cra_description/share/cra_description/meshes/cr12/J5.STL
[1.021s] -- Up-to-date: /home/andrea/dobot_v3/install/cra_description/share/cra_description/meshes/cr12/J3.STL
[1.021s] -- Up-to-date: /home/andrea/dobot_v3/install/cra_description/share/cra_description/meshes/cr12/J2.STL
[1.021s] -- Up-to-date: /home/andrea/dobot_v3/install/cra_description/share/cra_description/meshes/cr12/J4.STL
[1.021s] -- Up-to-date: /home/andrea/dobot_v3/install/cra_description/share/cra_description/meshes/cr12/base_link0.STL
[1.022s] -- Up-to-date: /home/andrea/dobot_v3/install/cra_description/share/cra_description/meshes/cr12/J1.STL
[1.022s] -- Up-to-date: /home/andrea/dobot_v3/install/cra_description/share/cra_description/meshes/cr3
[1.022s] -- Up-to-date: /home/andrea/dobot_v3/install/cra_description/share/cra_description/meshes/cr3/Link6.STL
[1.022s] -- Up-to-date: /home/andrea/dobot_v3/install/cra_description/share/cra_description/meshes/cr3/Link1.STL
[1.022s] -- Up-to-date: /home/andrea/dobot_v3/install/cra_description/share/cra_description/meshes/cr3/Link2.STL
[1.037s] -- Up-to-date: /home/andrea/dobot_v3/install/cra_description/share/cra_description/meshes/cr3/Link5.STL
[1.038s] -- Up-to-date: /home/andrea/dobot_v3/install/cra_description/share/cra_description/meshes/cr3/base_link.STL
[1.038s] -- Up-to-date: /home/andrea/dobot_v3/install/cra_description/share/cra_description/meshes/cr3/Link4.STL
[1.038s] -- Up-to-date: /home/andrea/dobot_v3/install/cra_description/share/cra_description/meshes/cr3/Link3.STL
[1.038s] -- Up-to-date: /home/andrea/dobot_v3/install/cra_description/share/cra_description/meshes/cr5
[1.038s] -- Up-to-date: /home/andrea/dobot_v3/install/cra_description/share/cra_description/meshes/cr5/Link4.dae
[1.039s] -- Up-to-date: /home/andrea/dobot_v3/install/cra_description/share/cra_description/meshes/cr5/Link3.dae
[1.039s] -- Up-to-date: /home/andrea/dobot_v3/install/cra_description/share/cra_description/meshes/cr5/base_link.dae
[1.039s] -- Up-to-date: /home/andrea/dobot_v3/install/cra_description/share/cra_description/meshes/cr5/Link5.dae
[1.039s] -- Up-to-date: /home/andrea/dobot_v3/install/cra_description/share/cra_description/meshes/cr5/Link6.dae
[1.039s] -- Up-to-date: /home/andrea/dobot_v3/install/cra_description/share/cra_description/meshes/cr5/Link1.dae
[1.039s] -- Up-to-date: /home/andrea/dobot_v3/install/cra_description/share/cra_description/meshes/cr5/Link2.dae
[1.223s] Invoked command in '/home/andrea/dobot_v3/build/cra_description' returned '0': CMAKE_PREFIX_PATH=${CMAKE_PREFIX_PATH}:/home/andrea/dobot_v3/install/servo_action:/home/andrea/dobot_v3/install/dobot_bringup_v3:/home/andrea/dobot_v3/install/dobot_moveit:/home/andrea/dobot_v3/install/dobot_demo:/opt/ros/humble /usr/bin/cmake --install /home/andrea/dobot_v3/build/cra_description
