[0.045s] Invoking command in '/home/andrea/dobot_v3/build/dobot_gazebo': CMAKE_PREFIX_PATH=/home/andrea/dobot_v3/install/cra_description:/home/andrea/dobot_v3/install/nova5_moveit:/home/andrea/dobot_v3/install/nova2_moveit:/home/andrea/dobot_v3/install/cr7_moveit:/home/andrea/dobot_v3/install/cr5_moveit:/home/andrea/dobot_v3/install/cr3_moveit:/home/andrea/dobot_v3/install/cr16_moveit:/home/andrea/dobot_v3/install/cr12_moveit:/home/andrea/dobot_v3/install/cr10_moveit:/home/andrea/dobot_v3/install/dobot_rviz:/home/andrea/dobot_v3/install/dobot_msgs_v3:/home/andrea/dobot_v3/install/dobot_gazebo:/home/andrea/dobot_v3/install/cr5_moveit_cpp_demo:/home/andrea/dobot_v3/install/custom_messages:/home/andrea/dobot_v3/install/servo_action:/home/andrea/dobot_v3/install/dobot_bringup_v3:/home/andrea/dobot_v3/install/dobot_moveit:/home/andrea/dobot_v3/install/dobot_demo:/opt/ros/humble /usr/bin/cmake /home/andrea/dobot_v3/src/DOBOT_6Axis_ROS2_V3/dobot_gazebo -DCMAKE_INSTALL_PREFIX=/home/andrea/dobot_v3/install/dobot_gazebo
[1.293s] -- The C compiler identification is GNU 11.4.0
[1.293s] -- The CXX compiler identification is GNU 11.4.0
[1.293s] -- Detecting C compiler ABI info
[1.293s] -- Detecting C compiler ABI info - done
[1.293s] -- Check for working C compiler: /usr/bin/cc - skipped
[1.294s] -- Detecting C compile features
[1.294s] -- Detecting C compile features - done
[1.295s] -- Detecting CXX compiler ABI info
[1.295s] -- Detecting CXX compiler ABI info - done
[1.295s] -- Check for working CXX compiler: /usr/bin/c++ - skipped
[1.295s] -- Detecting CXX compile features
[1.295s] -- Detecting CXX compile features - done
[1.295s] -- Found ament_cmake: 1.3.12 (/opt/ros/humble/share/ament_cmake/cmake)
[1.295s] -- Found Python3: /usr/bin/python3 (found version "3.10.12") found components: Interpreter 
[1.545s] -- Configuring done
[1.551s] -- Generating done
[1.557s] -- Build files have been written to: /home/andrea/dobot_v3/build/dobot_gazebo
[1.630s] Invoked command in '/home/andrea/dobot_v3/build/dobot_gazebo' returned '0': CMAKE_PREFIX_PATH=/home/andrea/dobot_v3/install/cra_description:/home/andrea/dobot_v3/install/nova5_moveit:/home/andrea/dobot_v3/install/nova2_moveit:/home/andrea/dobot_v3/install/cr7_moveit:/home/andrea/dobot_v3/install/cr5_moveit:/home/andrea/dobot_v3/install/cr3_moveit:/home/andrea/dobot_v3/install/cr16_moveit:/home/andrea/dobot_v3/install/cr12_moveit:/home/andrea/dobot_v3/install/cr10_moveit:/home/andrea/dobot_v3/install/dobot_rviz:/home/andrea/dobot_v3/install/dobot_msgs_v3:/home/andrea/dobot_v3/install/dobot_gazebo:/home/andrea/dobot_v3/install/cr5_moveit_cpp_demo:/home/andrea/dobot_v3/install/custom_messages:/home/andrea/dobot_v3/install/servo_action:/home/andrea/dobot_v3/install/dobot_bringup_v3:/home/andrea/dobot_v3/install/dobot_moveit:/home/andrea/dobot_v3/install/dobot_demo:/opt/ros/humble /usr/bin/cmake /home/andrea/dobot_v3/src/DOBOT_6Axis_ROS2_V3/dobot_gazebo -DCMAKE_INSTALL_PREFIX=/home/andrea/dobot_v3/install/dobot_gazebo
[1.632s] Invoking command in '/home/andrea/dobot_v3/build/dobot_gazebo': CMAKE_PREFIX_PATH=/home/andrea/dobot_v3/install/cra_description:/home/andrea/dobot_v3/install/nova5_moveit:/home/andrea/dobot_v3/install/nova2_moveit:/home/andrea/dobot_v3/install/cr7_moveit:/home/andrea/dobot_v3/install/cr5_moveit:/home/andrea/dobot_v3/install/cr3_moveit:/home/andrea/dobot_v3/install/cr16_moveit:/home/andrea/dobot_v3/install/cr12_moveit:/home/andrea/dobot_v3/install/cr10_moveit:/home/andrea/dobot_v3/install/dobot_rviz:/home/andrea/dobot_v3/install/dobot_msgs_v3:/home/andrea/dobot_v3/install/dobot_gazebo:/home/andrea/dobot_v3/install/cr5_moveit_cpp_demo:/home/andrea/dobot_v3/install/custom_messages:/home/andrea/dobot_v3/install/servo_action:/home/andrea/dobot_v3/install/dobot_bringup_v3:/home/andrea/dobot_v3/install/dobot_moveit:/home/andrea/dobot_v3/install/dobot_demo:/opt/ros/humble /usr/bin/cmake --build /home/andrea/dobot_v3/build/dobot_gazebo -- -j12 -l12
[1.732s] Invoked command in '/home/andrea/dobot_v3/build/dobot_gazebo' returned '0': CMAKE_PREFIX_PATH=/home/andrea/dobot_v3/install/cra_description:/home/andrea/dobot_v3/install/nova5_moveit:/home/andrea/dobot_v3/install/nova2_moveit:/home/andrea/dobot_v3/install/cr7_moveit:/home/andrea/dobot_v3/install/cr5_moveit:/home/andrea/dobot_v3/install/cr3_moveit:/home/andrea/dobot_v3/install/cr16_moveit:/home/andrea/dobot_v3/install/cr12_moveit:/home/andrea/dobot_v3/install/cr10_moveit:/home/andrea/dobot_v3/install/dobot_rviz:/home/andrea/dobot_v3/install/dobot_msgs_v3:/home/andrea/dobot_v3/install/dobot_gazebo:/home/andrea/dobot_v3/install/cr5_moveit_cpp_demo:/home/andrea/dobot_v3/install/custom_messages:/home/andrea/dobot_v3/install/servo_action:/home/andrea/dobot_v3/install/dobot_bringup_v3:/home/andrea/dobot_v3/install/dobot_moveit:/home/andrea/dobot_v3/install/dobot_demo:/opt/ros/humble /usr/bin/cmake --build /home/andrea/dobot_v3/build/dobot_gazebo -- -j12 -l12
[1.738s] Invoking command in '/home/andrea/dobot_v3/build/dobot_gazebo': CMAKE_PREFIX_PATH=/home/andrea/dobot_v3/install/cra_description:/home/andrea/dobot_v3/install/nova5_moveit:/home/andrea/dobot_v3/install/nova2_moveit:/home/andrea/dobot_v3/install/cr7_moveit:/home/andrea/dobot_v3/install/cr5_moveit:/home/andrea/dobot_v3/install/cr3_moveit:/home/andrea/dobot_v3/install/cr16_moveit:/home/andrea/dobot_v3/install/cr12_moveit:/home/andrea/dobot_v3/install/cr10_moveit:/home/andrea/dobot_v3/install/dobot_rviz:/home/andrea/dobot_v3/install/dobot_msgs_v3:/home/andrea/dobot_v3/install/dobot_gazebo:/home/andrea/dobot_v3/install/cr5_moveit_cpp_demo:/home/andrea/dobot_v3/install/custom_messages:/home/andrea/dobot_v3/install/servo_action:/home/andrea/dobot_v3/install/dobot_bringup_v3:/home/andrea/dobot_v3/install/dobot_moveit:/home/andrea/dobot_v3/install/dobot_demo:/opt/ros/humble /usr/bin/cmake --install /home/andrea/dobot_v3/build/dobot_gazebo
[1.748s] -- Install configuration: ""
[1.748s] -- Installing: /home/andrea/dobot_v3/install/dobot_gazebo/share/dobot_gazebo/launch
[1.748s] -- Installing: /home/andrea/dobot_v3/install/dobot_gazebo/share/dobot_gazebo/launch/dobot_gazebo.launch.py
[1.748s] -- Installing: /home/andrea/dobot_v3/install/dobot_gazebo/share/dobot_gazebo/launch/gazebo_moveit.launch.py
[1.748s] -- Installing: /home/andrea/dobot_v3/install/dobot_gazebo/share/dobot_gazebo/worlds
[1.748s] -- Installing: /home/andrea/dobot_v3/install/dobot_gazebo/share/dobot_gazebo/worlds/cr.world
[1.748s] -- Installing: /home/andrea/dobot_v3/install/dobot_gazebo/share/dobot_gazebo/config
[1.748s] -- Installing: /home/andrea/dobot_v3/install/dobot_gazebo/share/dobot_gazebo/config/moveitcpp.rviz
[1.749s] -- Installing: /home/andrea/dobot_v3/install/dobot_gazebo/share/ament_index/resource_index/package_run_dependencies/dobot_gazebo
[1.749s] -- Installing: /home/andrea/dobot_v3/install/dobot_gazebo/share/ament_index/resource_index/parent_prefix_path/dobot_gazebo
[1.749s] -- Installing: /home/andrea/dobot_v3/install/dobot_gazebo/share/dobot_gazebo/environment/ament_prefix_path.sh
[1.749s] -- Installing: /home/andrea/dobot_v3/install/dobot_gazebo/share/dobot_gazebo/environment/ament_prefix_path.dsv
[1.750s] -- Installing: /home/andrea/dobot_v3/install/dobot_gazebo/share/dobot_gazebo/environment/path.sh
[1.750s] -- Installing: /home/andrea/dobot_v3/install/dobot_gazebo/share/dobot_gazebo/environment/path.dsv
[1.750s] -- Installing: /home/andrea/dobot_v3/install/dobot_gazebo/share/dobot_gazebo/local_setup.bash
[1.751s] -- Installing: /home/andrea/dobot_v3/install/dobot_gazebo/share/dobot_gazebo/local_setup.sh
[1.751s] -- Installing: /home/andrea/dobot_v3/install/dobot_gazebo/share/dobot_gazebo/local_setup.zsh
[1.751s] -- Installing: /home/andrea/dobot_v3/install/dobot_gazebo/share/dobot_gazebo/local_setup.dsv
[1.752s] -- Installing: /home/andrea/dobot_v3/install/dobot_gazebo/share/dobot_gazebo/package.dsv
[1.752s] -- Installing: /home/andrea/dobot_v3/install/dobot_gazebo/share/ament_index/resource_index/packages/dobot_gazebo
[1.752s] -- Installing: /home/andrea/dobot_v3/install/dobot_gazebo/share/dobot_gazebo/cmake/dobot_gazeboConfig.cmake
[1.752s] -- Installing: /home/andrea/dobot_v3/install/dobot_gazebo/share/dobot_gazebo/cmake/dobot_gazeboConfig-version.cmake
[1.753s] -- Installing: /home/andrea/dobot_v3/install/dobot_gazebo/share/dobot_gazebo/package.xml
[1.757s] Invoked command in '/home/andrea/dobot_v3/build/dobot_gazebo' returned '0': CMAKE_PREFIX_PATH=/home/andrea/dobot_v3/install/cra_description:/home/andrea/dobot_v3/install/nova5_moveit:/home/andrea/dobot_v3/install/nova2_moveit:/home/andrea/dobot_v3/install/cr7_moveit:/home/andrea/dobot_v3/install/cr5_moveit:/home/andrea/dobot_v3/install/cr3_moveit:/home/andrea/dobot_v3/install/cr16_moveit:/home/andrea/dobot_v3/install/cr12_moveit:/home/andrea/dobot_v3/install/cr10_moveit:/home/andrea/dobot_v3/install/dobot_rviz:/home/andrea/dobot_v3/install/dobot_msgs_v3:/home/andrea/dobot_v3/install/dobot_gazebo:/home/andrea/dobot_v3/install/cr5_moveit_cpp_demo:/home/andrea/dobot_v3/install/custom_messages:/home/andrea/dobot_v3/install/servo_action:/home/andrea/dobot_v3/install/dobot_bringup_v3:/home/andrea/dobot_v3/install/dobot_moveit:/home/andrea/dobot_v3/install/dobot_demo:/opt/ros/humble /usr/bin/cmake --install /home/andrea/dobot_v3/build/dobot_gazebo
