[0.064s] Invoking command in '/home/andrea/dobot_v3/build/cr10_moveit': CMAKE_PREFIX_PATH=/home/andrea/dobot_v3/install/dobot_rviz:/home/andrea/dobot_v3/install/nova5_moveit:/home/andrea/dobot_v3/install/nova2_moveit:/home/andrea/dobot_v3/install/cr7_moveit:/home/andrea/dobot_v3/install/cr5_moveit:/home/andrea/dobot_v3/install/cr3_moveit:/home/andrea/dobot_v3/install/cr16_moveit:/home/andrea/dobot_v3/install/cr12_moveit:/home/andrea/dobot_v3/install/cr10_moveit:/home/andrea/dobot_v3/install/dobot_msgs_v3:/home/andrea/dobot_v3/install/dobot_gazebo:/home/andrea/dobot_v3/install/cr5_moveit_cpp_demo:/home/andrea/dobot_v3/install/custom_messages:/home/andrea/dobot_v3/install/cra_description:/home/andrea/dobot_v3/install/servo_action:/home/andrea/dobot_v3/install/dobot_bringup_v3:/home/andrea/dobot_v3/install/dobot_moveit:/home/andrea/dobot_v3/install/dobot_demo:/opt/ros/humble /usr/bin/cmake /home/andrea/dobot_v3/src/DOBOT_6Axis_ROS2_V3/cr10_moveit -DCMAKE_INSTALL_PREFIX=/home/andrea/dobot_v3/install/cr10_moveit
[0.123s] -- The C compiler identification is GNU 11.4.0
[0.197s] -- The CXX compiler identification is GNU 11.4.0
[0.210s] -- Detecting C compiler ABI info
[0.376s] -- Detecting C compiler ABI info - done
[0.404s] -- Check for working C compiler: /usr/bin/cc - skipped
[0.404s] -- Detecting C compile features
[0.406s] -- Detecting C compile features - done
[0.406s] -- Detecting CXX compiler ABI info
[0.602s] -- Detecting CXX compiler ABI info - done
[0.635s] -- Check for working CXX compiler: /usr/bin/c++ - skipped
[0.636s] -- Detecting CXX compile features
[0.637s] -- Detecting CXX compile features - done
[0.650s] -- Found ament_cmake: 1.3.12 (/opt/ros/humble/share/ament_cmake/cmake)
[1.065s] -- Found Python3: /usr/bin/python3 (found version "3.10.12") found components: Interpreter 
[1.486s] -- Configuring done
[1.486s] -- Generating done
[1.488s] -- Build files have been written to: /home/andrea/dobot_v3/build/cr10_moveit
[1.494s] Invoked command in '/home/andrea/dobot_v3/build/cr10_moveit' returned '0': CMAKE_PREFIX_PATH=/home/andrea/dobot_v3/install/dobot_rviz:/home/andrea/dobot_v3/install/nova5_moveit:/home/andrea/dobot_v3/install/nova2_moveit:/home/andrea/dobot_v3/install/cr7_moveit:/home/andrea/dobot_v3/install/cr5_moveit:/home/andrea/dobot_v3/install/cr3_moveit:/home/andrea/dobot_v3/install/cr16_moveit:/home/andrea/dobot_v3/install/cr12_moveit:/home/andrea/dobot_v3/install/cr10_moveit:/home/andrea/dobot_v3/install/dobot_msgs_v3:/home/andrea/dobot_v3/install/dobot_gazebo:/home/andrea/dobot_v3/install/cr5_moveit_cpp_demo:/home/andrea/dobot_v3/install/custom_messages:/home/andrea/dobot_v3/install/cra_description:/home/andrea/dobot_v3/install/servo_action:/home/andrea/dobot_v3/install/dobot_bringup_v3:/home/andrea/dobot_v3/install/dobot_moveit:/home/andrea/dobot_v3/install/dobot_demo:/opt/ros/humble /usr/bin/cmake /home/andrea/dobot_v3/src/DOBOT_6Axis_ROS2_V3/cr10_moveit -DCMAKE_INSTALL_PREFIX=/home/andrea/dobot_v3/install/cr10_moveit
[1.514s] Invoking command in '/home/andrea/dobot_v3/build/cr10_moveit': CMAKE_PREFIX_PATH=/home/andrea/dobot_v3/install/dobot_rviz:/home/andrea/dobot_v3/install/nova5_moveit:/home/andrea/dobot_v3/install/nova2_moveit:/home/andrea/dobot_v3/install/cr7_moveit:/home/andrea/dobot_v3/install/cr5_moveit:/home/andrea/dobot_v3/install/cr3_moveit:/home/andrea/dobot_v3/install/cr16_moveit:/home/andrea/dobot_v3/install/cr12_moveit:/home/andrea/dobot_v3/install/cr10_moveit:/home/andrea/dobot_v3/install/dobot_msgs_v3:/home/andrea/dobot_v3/install/dobot_gazebo:/home/andrea/dobot_v3/install/cr5_moveit_cpp_demo:/home/andrea/dobot_v3/install/custom_messages:/home/andrea/dobot_v3/install/cra_description:/home/andrea/dobot_v3/install/servo_action:/home/andrea/dobot_v3/install/dobot_bringup_v3:/home/andrea/dobot_v3/install/dobot_moveit:/home/andrea/dobot_v3/install/dobot_demo:/opt/ros/humble /usr/bin/cmake --build /home/andrea/dobot_v3/build/cr10_moveit -- -j12 -l12
[1.593s] Invoked command in '/home/andrea/dobot_v3/build/cr10_moveit' returned '0': CMAKE_PREFIX_PATH=/home/andrea/dobot_v3/install/dobot_rviz:/home/andrea/dobot_v3/install/nova5_moveit:/home/andrea/dobot_v3/install/nova2_moveit:/home/andrea/dobot_v3/install/cr7_moveit:/home/andrea/dobot_v3/install/cr5_moveit:/home/andrea/dobot_v3/install/cr3_moveit:/home/andrea/dobot_v3/install/cr16_moveit:/home/andrea/dobot_v3/install/cr12_moveit:/home/andrea/dobot_v3/install/cr10_moveit:/home/andrea/dobot_v3/install/dobot_msgs_v3:/home/andrea/dobot_v3/install/dobot_gazebo:/home/andrea/dobot_v3/install/cr5_moveit_cpp_demo:/home/andrea/dobot_v3/install/custom_messages:/home/andrea/dobot_v3/install/cra_description:/home/andrea/dobot_v3/install/servo_action:/home/andrea/dobot_v3/install/dobot_bringup_v3:/home/andrea/dobot_v3/install/dobot_moveit:/home/andrea/dobot_v3/install/dobot_demo:/opt/ros/humble /usr/bin/cmake --build /home/andrea/dobot_v3/build/cr10_moveit -- -j12 -l12
[1.598s] Invoking command in '/home/andrea/dobot_v3/build/cr10_moveit': CMAKE_PREFIX_PATH=/home/andrea/dobot_v3/install/dobot_rviz:/home/andrea/dobot_v3/install/nova5_moveit:/home/andrea/dobot_v3/install/nova2_moveit:/home/andrea/dobot_v3/install/cr7_moveit:/home/andrea/dobot_v3/install/cr5_moveit:/home/andrea/dobot_v3/install/cr3_moveit:/home/andrea/dobot_v3/install/cr16_moveit:/home/andrea/dobot_v3/install/cr12_moveit:/home/andrea/dobot_v3/install/cr10_moveit:/home/andrea/dobot_v3/install/dobot_msgs_v3:/home/andrea/dobot_v3/install/dobot_gazebo:/home/andrea/dobot_v3/install/cr5_moveit_cpp_demo:/home/andrea/dobot_v3/install/custom_messages:/home/andrea/dobot_v3/install/cra_description:/home/andrea/dobot_v3/install/servo_action:/home/andrea/dobot_v3/install/dobot_bringup_v3:/home/andrea/dobot_v3/install/dobot_moveit:/home/andrea/dobot_v3/install/dobot_demo:/opt/ros/humble /usr/bin/cmake --install /home/andrea/dobot_v3/build/cr10_moveit
[1.620s] -- Install configuration: ""
[1.620s] -- Installing: /home/andrea/dobot_v3/install/cr10_moveit/share/ament_index/resource_index/package_run_dependencies/cr10_moveit
[1.620s] -- Installing: /home/andrea/dobot_v3/install/cr10_moveit/share/ament_index/resource_index/parent_prefix_path/cr10_moveit
[1.620s] -- Installing: /home/andrea/dobot_v3/install/cr10_moveit/share/cr10_moveit/environment/ament_prefix_path.sh
[1.620s] -- Installing: /home/andrea/dobot_v3/install/cr10_moveit/share/cr10_moveit/environment/ament_prefix_path.dsv
[1.620s] -- Installing: /home/andrea/dobot_v3/install/cr10_moveit/share/cr10_moveit/environment/path.sh
[1.620s] -- Installing: /home/andrea/dobot_v3/install/cr10_moveit/share/cr10_moveit/environment/path.dsv
[1.620s] -- Installing: /home/andrea/dobot_v3/install/cr10_moveit/share/cr10_moveit/local_setup.bash
[1.621s] -- Installing: /home/andrea/dobot_v3/install/cr10_moveit/share/cr10_moveit/local_setup.sh
[1.621s] -- Installing: /home/andrea/dobot_v3/install/cr10_moveit/share/cr10_moveit/local_setup.zsh
[1.621s] -- Installing: /home/andrea/dobot_v3/install/cr10_moveit/share/cr10_moveit/local_setup.dsv
[1.621s] -- Installing: /home/andrea/dobot_v3/install/cr10_moveit/share/cr10_moveit/package.dsv
[1.621s] -- Installing: /home/andrea/dobot_v3/install/cr10_moveit/share/ament_index/resource_index/packages/cr10_moveit
[1.621s] -- Installing: /home/andrea/dobot_v3/install/cr10_moveit/share/cr10_moveit/cmake/cr10_moveitConfig.cmake
[1.621s] -- Installing: /home/andrea/dobot_v3/install/cr10_moveit/share/cr10_moveit/cmake/cr10_moveitConfig-version.cmake
[1.621s] -- Installing: /home/andrea/dobot_v3/install/cr10_moveit/share/cr10_moveit/package.xml
[1.621s] -- Installing: /home/andrea/dobot_v3/install/cr10_moveit/share/cr10_moveit/launch
[1.621s] -- Installing: /home/andrea/dobot_v3/install/cr10_moveit/share/cr10_moveit/launch/static_virtual_joint_tfs.launch.py
[1.622s] -- Installing: /home/andrea/dobot_v3/install/cr10_moveit/share/cr10_moveit/launch/move_group.launch.py
[1.622s] -- Installing: /home/andrea/dobot_v3/install/cr10_moveit/share/cr10_moveit/launch/moveit_gazebo.launch.py
[1.622s] -- Installing: /home/andrea/dobot_v3/install/cr10_moveit/share/cr10_moveit/launch/setup_assistant.launch.py
[1.622s] -- Installing: /home/andrea/dobot_v3/install/cr10_moveit/share/cr10_moveit/launch/demo.launch.py
[1.622s] -- Installing: /home/andrea/dobot_v3/install/cr10_moveit/share/cr10_moveit/launch/moveit_rviz.launch.py
[1.622s] -- Installing: /home/andrea/dobot_v3/install/cr10_moveit/share/cr10_moveit/launch/spawn_controllers.launch.py
[1.622s] -- Installing: /home/andrea/dobot_v3/install/cr10_moveit/share/cr10_moveit/launch/warehouse_db.launch.py
[1.622s] -- Installing: /home/andrea/dobot_v3/install/cr10_moveit/share/cr10_moveit/launch/rsp.launch.py
[1.622s] -- Installing: /home/andrea/dobot_v3/install/cr10_moveit/share/cr10_moveit/config
[1.623s] -- Installing: /home/andrea/dobot_v3/install/cr10_moveit/share/cr10_moveit/config/ros2_controllers.yaml
[1.623s] -- Installing: /home/andrea/dobot_v3/install/cr10_moveit/share/cr10_moveit/config/cr10_robot.urdf.xacro
[1.623s] -- Installing: /home/andrea/dobot_v3/install/cr10_moveit/share/cr10_moveit/config/cr10_robot.ros2_control.xacro
[1.623s] -- Installing: /home/andrea/dobot_v3/install/cr10_moveit/share/cr10_moveit/config/joint_limits.yaml
[1.623s] -- Installing: /home/andrea/dobot_v3/install/cr10_moveit/share/cr10_moveit/config/initial_positions.yaml
[1.623s] -- Installing: /home/andrea/dobot_v3/install/cr10_moveit/share/cr10_moveit/config/kinematics.yaml
[1.636s] -- Installing: /home/andrea/dobot_v3/install/cr10_moveit/share/cr10_moveit/config/moveit_controllers.yaml
[1.636s] -- Installing: /home/andrea/dobot_v3/install/cr10_moveit/share/cr10_moveit/config/cr10_robot.srdf
[1.636s] -- Installing: /home/andrea/dobot_v3/install/cr10_moveit/share/cr10_moveit/config/pilz_cartesian_limits.yaml
[1.637s] -- Installing: /home/andrea/dobot_v3/install/cr10_moveit/share/cr10_moveit/config/moveit.rviz
[1.637s] -- Installing: /home/andrea/dobot_v3/install/cr10_moveit/share/cr10_moveit/.setup_assistant
[1.651s] Invoked command in '/home/andrea/dobot_v3/build/cr10_moveit' returned '0': CMAKE_PREFIX_PATH=/home/andrea/dobot_v3/install/dobot_rviz:/home/andrea/dobot_v3/install/nova5_moveit:/home/andrea/dobot_v3/install/nova2_moveit:/home/andrea/dobot_v3/install/cr7_moveit:/home/andrea/dobot_v3/install/cr5_moveit:/home/andrea/dobot_v3/install/cr3_moveit:/home/andrea/dobot_v3/install/cr16_moveit:/home/andrea/dobot_v3/install/cr12_moveit:/home/andrea/dobot_v3/install/cr10_moveit:/home/andrea/dobot_v3/install/dobot_msgs_v3:/home/andrea/dobot_v3/install/dobot_gazebo:/home/andrea/dobot_v3/install/cr5_moveit_cpp_demo:/home/andrea/dobot_v3/install/custom_messages:/home/andrea/dobot_v3/install/cra_description:/home/andrea/dobot_v3/install/servo_action:/home/andrea/dobot_v3/install/dobot_bringup_v3:/home/andrea/dobot_v3/install/dobot_moveit:/home/andrea/dobot_v3/install/dobot_demo:/opt/ros/humble /usr/bin/cmake --install /home/andrea/dobot_v3/build/cr10_moveit
