[0.223s] DEBUG:colcon:Command line arguments: ['/usr/bin/colcon', 'build', '--packages-select', 'cr5_moveit_cpp_demo']
[0.223s] DEBUG:colcon:Parsed command line arguments: Namespace(log_base=None, log_level=None, verb_name='build', build_base='build', install_base='install', merge_install=False, symlink_install=False, test_result_base=None, continue_on_error=False, executor='parallel', parallel_workers=12, event_handlers=None, ignore_user_meta=False, metas=['./colcon.meta'], base_paths=['.'], packages_ignore=None, packages_ignore_regex=None, paths=None, packages_up_to=None, packages_up_to_regex=None, packages_above=None, packages_above_and_dependencies=None, packages_above_depth=None, packages_select_by_dep=None, packages_skip_by_dep=None, packages_skip_up_to=None, packages_select_build_failed=False, packages_skip_build_finished=False, packages_select_test_failures=False, packages_skip_test_passed=False, packages_select=['cr5_moveit_cpp_demo'], packages_skip=None, packages_select_regex=None, packages_skip_regex=None, packages_start=None, packages_end=None, allow_overriding=[], cmake_args=None, cmake_target=None, cmake_target_skip_unavailable=False, cmake_clean_cache=False, cmake_clean_first=False, cmake_force_configure=False, ament_cmake_args=None, catkin_cmake_args=None, catkin_skip_building_tests=False, mixin_files=None, mixin=None, verb_parser=<colcon_mixin.mixin.mixin_argument.MixinArgumentDecorator object at 0x751ed92145e0>, verb_extension=<colcon_core.verb.build.BuildVerb object at 0x751ed93b14e0>, main=<bound method BuildVerb.main of <colcon_core.verb.build.BuildVerb object at 0x751ed93b14e0>>, mixin_verb=('build',))
[0.424s] Level 1:colcon.colcon_core.package_discovery:discover_packages(colcon_meta) check parameters
[0.425s] Level 1:colcon.colcon_core.package_discovery:discover_packages(recursive) check parameters
[0.425s] Level 1:colcon.colcon_core.package_discovery:discover_packages(ignore) check parameters
[0.425s] Level 1:colcon.colcon_core.package_discovery:discover_packages(path) check parameters
[0.425s] Level 1:colcon.colcon_core.package_discovery:discover_packages(colcon_meta) discover
[0.425s] Level 1:colcon.colcon_core.package_discovery:discover_packages(recursive) discover
[0.425s] INFO:colcon.colcon_core.package_discovery:Crawling recursively for packages in '/home/andrea/dobot_v3'
[0.425s] Level 1:colcon.colcon_core.package_identification:_identify(.) by extensions ['ignore', 'ignore_ament_install']
[0.425s] Level 1:colcon.colcon_core.package_identification:_identify(.) by extension 'ignore'
[0.425s] Level 1:colcon.colcon_core.package_identification:_identify(.) by extension 'ignore_ament_install'
[0.425s] Level 1:colcon.colcon_core.package_identification:_identify(.) by extensions ['colcon_pkg']
[0.425s] Level 1:colcon.colcon_core.package_identification:_identify(.) by extension 'colcon_pkg'
[0.425s] Level 1:colcon.colcon_core.package_identification:_identify(.) by extensions ['colcon_meta']
[0.425s] Level 1:colcon.colcon_core.package_identification:_identify(.) by extension 'colcon_meta'
[0.425s] Level 1:colcon.colcon_core.package_identification:_identify(.) by extensions ['ros']
[0.425s] Level 1:colcon.colcon_core.package_identification:_identify(.) by extension 'ros'
[0.434s] Level 1:colcon.colcon_core.package_identification:_identify(.) by extensions ['cmake', 'python']
[0.434s] Level 1:colcon.colcon_core.package_identification:_identify(.) by extension 'cmake'
[0.434s] Level 1:colcon.colcon_core.package_identification:_identify(.) by extension 'python'
[0.435s] Level 1:colcon.colcon_core.package_identification:_identify(.) by extensions ['python_setup_py']
[0.435s] Level 1:colcon.colcon_core.package_identification:_identify(.) by extension 'python_setup_py'
[0.435s] Level 1:colcon.colcon_core.package_identification:_identify(build) by extensions ['ignore', 'ignore_ament_install']
[0.435s] Level 1:colcon.colcon_core.package_identification:_identify(build) by extension 'ignore'
[0.435s] Level 1:colcon.colcon_core.package_identification:_identify(build) ignored
[0.435s] Level 1:colcon.colcon_core.package_identification:_identify(install) by extensions ['ignore', 'ignore_ament_install']
[0.435s] Level 1:colcon.colcon_core.package_identification:_identify(install) by extension 'ignore'
[0.435s] Level 1:colcon.colcon_core.package_identification:_identify(install) ignored
[0.435s] Level 1:colcon.colcon_core.package_identification:_identify(log) by extensions ['ignore', 'ignore_ament_install']
[0.435s] Level 1:colcon.colcon_core.package_identification:_identify(log) by extension 'ignore'
[0.435s] Level 1:colcon.colcon_core.package_identification:_identify(log) ignored
[0.435s] Level 1:colcon.colcon_core.package_identification:_identify(src) by extensions ['ignore', 'ignore_ament_install']
[0.435s] Level 1:colcon.colcon_core.package_identification:_identify(src) by extension 'ignore'
[0.435s] Level 1:colcon.colcon_core.package_identification:_identify(src) by extension 'ignore_ament_install'
[0.435s] Level 1:colcon.colcon_core.package_identification:_identify(src) by extensions ['colcon_pkg']
[0.435s] Level 1:colcon.colcon_core.package_identification:_identify(src) by extension 'colcon_pkg'
[0.435s] Level 1:colcon.colcon_core.package_identification:_identify(src) by extensions ['colcon_meta']
[0.435s] Level 1:colcon.colcon_core.package_identification:_identify(src) by extension 'colcon_meta'
[0.435s] Level 1:colcon.colcon_core.package_identification:_identify(src) by extensions ['ros']
[0.435s] Level 1:colcon.colcon_core.package_identification:_identify(src) by extension 'ros'
[0.435s] Level 1:colcon.colcon_core.package_identification:_identify(src) by extensions ['cmake', 'python']
[0.435s] Level 1:colcon.colcon_core.package_identification:_identify(src) by extension 'cmake'
[0.435s] Level 1:colcon.colcon_core.package_identification:_identify(src) by extension 'python'
[0.435s] Level 1:colcon.colcon_core.package_identification:_identify(src) by extensions ['python_setup_py']
[0.435s] Level 1:colcon.colcon_core.package_identification:_identify(src) by extension 'python_setup_py'
[0.435s] Level 1:colcon.colcon_core.package_identification:_identify(src/DOBOT_6Axis_ROS2_V3) by extensions ['ignore', 'ignore_ament_install']
[0.435s] Level 1:colcon.colcon_core.package_identification:_identify(src/DOBOT_6Axis_ROS2_V3) by extension 'ignore'
[0.436s] Level 1:colcon.colcon_core.package_identification:_identify(src/DOBOT_6Axis_ROS2_V3) by extension 'ignore_ament_install'
[0.436s] Level 1:colcon.colcon_core.package_identification:_identify(src/DOBOT_6Axis_ROS2_V3) by extensions ['colcon_pkg']
[0.436s] Level 1:colcon.colcon_core.package_identification:_identify(src/DOBOT_6Axis_ROS2_V3) by extension 'colcon_pkg'
[0.436s] Level 1:colcon.colcon_core.package_identification:_identify(src/DOBOT_6Axis_ROS2_V3) by extensions ['colcon_meta']
[0.436s] Level 1:colcon.colcon_core.package_identification:_identify(src/DOBOT_6Axis_ROS2_V3) by extension 'colcon_meta'
[0.436s] Level 1:colcon.colcon_core.package_identification:_identify(src/DOBOT_6Axis_ROS2_V3) by extensions ['ros']
[0.436s] Level 1:colcon.colcon_core.package_identification:_identify(src/DOBOT_6Axis_ROS2_V3) by extension 'ros'
[0.436s] Level 1:colcon.colcon_core.package_identification:_identify(src/DOBOT_6Axis_ROS2_V3) by extensions ['cmake', 'python']
[0.436s] Level 1:colcon.colcon_core.package_identification:_identify(src/DOBOT_6Axis_ROS2_V3) by extension 'cmake'
[0.436s] Level 1:colcon.colcon_core.package_identification:_identify(src/DOBOT_6Axis_ROS2_V3) by extension 'python'
[0.436s] Level 1:colcon.colcon_core.package_identification:_identify(src/DOBOT_6Axis_ROS2_V3) by extensions ['python_setup_py']
[0.436s] Level 1:colcon.colcon_core.package_identification:_identify(src/DOBOT_6Axis_ROS2_V3) by extension 'python_setup_py'
[0.436s] Level 1:colcon.colcon_core.package_identification:_identify(src/DOBOT_6Axis_ROS2_V3/cr10_moveit) by extensions ['ignore', 'ignore_ament_install']
[0.436s] Level 1:colcon.colcon_core.package_identification:_identify(src/DOBOT_6Axis_ROS2_V3/cr10_moveit) by extension 'ignore'
[0.436s] Level 1:colcon.colcon_core.package_identification:_identify(src/DOBOT_6Axis_ROS2_V3/cr10_moveit) by extension 'ignore_ament_install'
[0.436s] Level 1:colcon.colcon_core.package_identification:_identify(src/DOBOT_6Axis_ROS2_V3/cr10_moveit) by extensions ['colcon_pkg']
[0.436s] Level 1:colcon.colcon_core.package_identification:_identify(src/DOBOT_6Axis_ROS2_V3/cr10_moveit) by extension 'colcon_pkg'
[0.436s] Level 1:colcon.colcon_core.package_identification:_identify(src/DOBOT_6Axis_ROS2_V3/cr10_moveit) by extensions ['colcon_meta']
[0.436s] Level 1:colcon.colcon_core.package_identification:_identify(src/DOBOT_6Axis_ROS2_V3/cr10_moveit) by extension 'colcon_meta'
[0.436s] Level 1:colcon.colcon_core.package_identification:_identify(src/DOBOT_6Axis_ROS2_V3/cr10_moveit) by extensions ['ros']
[0.436s] Level 1:colcon.colcon_core.package_identification:_identify(src/DOBOT_6Axis_ROS2_V3/cr10_moveit) by extension 'ros'
[0.440s] DEBUG:colcon.colcon_core.package_identification:Package 'src/DOBOT_6Axis_ROS2_V3/cr10_moveit' with type 'ros.ament_cmake' and name 'cr10_moveit'
[0.440s] Level 1:colcon.colcon_core.package_identification:_identify(src/DOBOT_6Axis_ROS2_V3/cr12_moveit) by extensions ['ignore', 'ignore_ament_install']
[0.440s] Level 1:colcon.colcon_core.package_identification:_identify(src/DOBOT_6Axis_ROS2_V3/cr12_moveit) by extension 'ignore'
[0.440s] Level 1:colcon.colcon_core.package_identification:_identify(src/DOBOT_6Axis_ROS2_V3/cr12_moveit) by extension 'ignore_ament_install'
[0.440s] Level 1:colcon.colcon_core.package_identification:_identify(src/DOBOT_6Axis_ROS2_V3/cr12_moveit) by extensions ['colcon_pkg']
[0.440s] Level 1:colcon.colcon_core.package_identification:_identify(src/DOBOT_6Axis_ROS2_V3/cr12_moveit) by extension 'colcon_pkg'
[0.440s] Level 1:colcon.colcon_core.package_identification:_identify(src/DOBOT_6Axis_ROS2_V3/cr12_moveit) by extensions ['colcon_meta']
[0.440s] Level 1:colcon.colcon_core.package_identification:_identify(src/DOBOT_6Axis_ROS2_V3/cr12_moveit) by extension 'colcon_meta'
[0.440s] Level 1:colcon.colcon_core.package_identification:_identify(src/DOBOT_6Axis_ROS2_V3/cr12_moveit) by extensions ['ros']
[0.440s] Level 1:colcon.colcon_core.package_identification:_identify(src/DOBOT_6Axis_ROS2_V3/cr12_moveit) by extension 'ros'
[0.447s] DEBUG:colcon.colcon_core.package_identification:Package 'src/DOBOT_6Axis_ROS2_V3/cr12_moveit' with type 'ros.ament_cmake' and name 'cr12_moveit'
[0.447s] Level 1:colcon.colcon_core.package_identification:_identify(src/DOBOT_6Axis_ROS2_V3/cr16_moveit) by extensions ['ignore', 'ignore_ament_install']
[0.447s] Level 1:colcon.colcon_core.package_identification:_identify(src/DOBOT_6Axis_ROS2_V3/cr16_moveit) by extension 'ignore'
[0.447s] Level 1:colcon.colcon_core.package_identification:_identify(src/DOBOT_6Axis_ROS2_V3/cr16_moveit) by extension 'ignore_ament_install'
[0.447s] Level 1:colcon.colcon_core.package_identification:_identify(src/DOBOT_6Axis_ROS2_V3/cr16_moveit) by extensions ['colcon_pkg']
[0.447s] Level 1:colcon.colcon_core.package_identification:_identify(src/DOBOT_6Axis_ROS2_V3/cr16_moveit) by extension 'colcon_pkg'
[0.447s] Level 1:colcon.colcon_core.package_identification:_identify(src/DOBOT_6Axis_ROS2_V3/cr16_moveit) by extensions ['colcon_meta']
[0.447s] Level 1:colcon.colcon_core.package_identification:_identify(src/DOBOT_6Axis_ROS2_V3/cr16_moveit) by extension 'colcon_meta'
[0.447s] Level 1:colcon.colcon_core.package_identification:_identify(src/DOBOT_6Axis_ROS2_V3/cr16_moveit) by extensions ['ros']
[0.447s] Level 1:colcon.colcon_core.package_identification:_identify(src/DOBOT_6Axis_ROS2_V3/cr16_moveit) by extension 'ros'
[0.448s] DEBUG:colcon.colcon_core.package_identification:Package 'src/DOBOT_6Axis_ROS2_V3/cr16_moveit' with type 'ros.ament_cmake' and name 'cr16_moveit'
[0.448s] Level 1:colcon.colcon_core.package_identification:_identify(src/DOBOT_6Axis_ROS2_V3/cr3_moveit) by extensions ['ignore', 'ignore_ament_install']
[0.448s] Level 1:colcon.colcon_core.package_identification:_identify(src/DOBOT_6Axis_ROS2_V3/cr3_moveit) by extension 'ignore'
[0.448s] Level 1:colcon.colcon_core.package_identification:_identify(src/DOBOT_6Axis_ROS2_V3/cr3_moveit) by extension 'ignore_ament_install'
[0.448s] Level 1:colcon.colcon_core.package_identification:_identify(src/DOBOT_6Axis_ROS2_V3/cr3_moveit) by extensions ['colcon_pkg']
[0.448s] Level 1:colcon.colcon_core.package_identification:_identify(src/DOBOT_6Axis_ROS2_V3/cr3_moveit) by extension 'colcon_pkg'
[0.448s] Level 1:colcon.colcon_core.package_identification:_identify(src/DOBOT_6Axis_ROS2_V3/cr3_moveit) by extensions ['colcon_meta']
[0.448s] Level 1:colcon.colcon_core.package_identification:_identify(src/DOBOT_6Axis_ROS2_V3/cr3_moveit) by extension 'colcon_meta'
[0.449s] Level 1:colcon.colcon_core.package_identification:_identify(src/DOBOT_6Axis_ROS2_V3/cr3_moveit) by extensions ['ros']
[0.449s] Level 1:colcon.colcon_core.package_identification:_identify(src/DOBOT_6Axis_ROS2_V3/cr3_moveit) by extension 'ros'
[0.449s] DEBUG:colcon.colcon_core.package_identification:Package 'src/DOBOT_6Axis_ROS2_V3/cr3_moveit' with type 'ros.ament_cmake' and name 'cr3_moveit'
[0.450s] Level 1:colcon.colcon_core.package_identification:_identify(src/DOBOT_6Axis_ROS2_V3/cr5_moveit) by extensions ['ignore', 'ignore_ament_install']
[0.450s] Level 1:colcon.colcon_core.package_identification:_identify(src/DOBOT_6Axis_ROS2_V3/cr5_moveit) by extension 'ignore'
[0.450s] Level 1:colcon.colcon_core.package_identification:_identify(src/DOBOT_6Axis_ROS2_V3/cr5_moveit) by extension 'ignore_ament_install'
[0.450s] Level 1:colcon.colcon_core.package_identification:_identify(src/DOBOT_6Axis_ROS2_V3/cr5_moveit) by extensions ['colcon_pkg']
[0.450s] Level 1:colcon.colcon_core.package_identification:_identify(src/DOBOT_6Axis_ROS2_V3/cr5_moveit) by extension 'colcon_pkg'
[0.450s] Level 1:colcon.colcon_core.package_identification:_identify(src/DOBOT_6Axis_ROS2_V3/cr5_moveit) by extensions ['colcon_meta']
[0.450s] Level 1:colcon.colcon_core.package_identification:_identify(src/DOBOT_6Axis_ROS2_V3/cr5_moveit) by extension 'colcon_meta'
[0.450s] Level 1:colcon.colcon_core.package_identification:_identify(src/DOBOT_6Axis_ROS2_V3/cr5_moveit) by extensions ['ros']
[0.450s] Level 1:colcon.colcon_core.package_identification:_identify(src/DOBOT_6Axis_ROS2_V3/cr5_moveit) by extension 'ros'
[0.451s] DEBUG:colcon.colcon_core.package_identification:Package 'src/DOBOT_6Axis_ROS2_V3/cr5_moveit' with type 'ros.ament_cmake' and name 'cr5_moveit'
[0.451s] Level 1:colcon.colcon_core.package_identification:_identify(src/DOBOT_6Axis_ROS2_V3/cr7_moveit) by extensions ['ignore', 'ignore_ament_install']
[0.451s] Level 1:colcon.colcon_core.package_identification:_identify(src/DOBOT_6Axis_ROS2_V3/cr7_moveit) by extension 'ignore'
[0.451s] Level 1:colcon.colcon_core.package_identification:_identify(src/DOBOT_6Axis_ROS2_V3/cr7_moveit) by extension 'ignore_ament_install'
[0.451s] Level 1:colcon.colcon_core.package_identification:_identify(src/DOBOT_6Axis_ROS2_V3/cr7_moveit) by extensions ['colcon_pkg']
[0.451s] Level 1:colcon.colcon_core.package_identification:_identify(src/DOBOT_6Axis_ROS2_V3/cr7_moveit) by extension 'colcon_pkg'
[0.451s] Level 1:colcon.colcon_core.package_identification:_identify(src/DOBOT_6Axis_ROS2_V3/cr7_moveit) by extensions ['colcon_meta']
[0.451s] Level 1:colcon.colcon_core.package_identification:_identify(src/DOBOT_6Axis_ROS2_V3/cr7_moveit) by extension 'colcon_meta'
[0.451s] Level 1:colcon.colcon_core.package_identification:_identify(src/DOBOT_6Axis_ROS2_V3/cr7_moveit) by extensions ['ros']
[0.451s] Level 1:colcon.colcon_core.package_identification:_identify(src/DOBOT_6Axis_ROS2_V3/cr7_moveit) by extension 'ros'
[0.452s] DEBUG:colcon.colcon_core.package_identification:Package 'src/DOBOT_6Axis_ROS2_V3/cr7_moveit' with type 'ros.ament_cmake' and name 'cr7_moveit'
[0.452s] Level 1:colcon.colcon_core.package_identification:_identify(src/DOBOT_6Axis_ROS2_V3/cra_description) by extensions ['ignore', 'ignore_ament_install']
[0.452s] Level 1:colcon.colcon_core.package_identification:_identify(src/DOBOT_6Axis_ROS2_V3/cra_description) by extension 'ignore'
[0.452s] Level 1:colcon.colcon_core.package_identification:_identify(src/DOBOT_6Axis_ROS2_V3/cra_description) by extension 'ignore_ament_install'
[0.452s] Level 1:colcon.colcon_core.package_identification:_identify(src/DOBOT_6Axis_ROS2_V3/cra_description) by extensions ['colcon_pkg']
[0.452s] Level 1:colcon.colcon_core.package_identification:_identify(src/DOBOT_6Axis_ROS2_V3/cra_description) by extension 'colcon_pkg'
[0.452s] Level 1:colcon.colcon_core.package_identification:_identify(src/DOBOT_6Axis_ROS2_V3/cra_description) by extensions ['colcon_meta']
[0.452s] Level 1:colcon.colcon_core.package_identification:_identify(src/DOBOT_6Axis_ROS2_V3/cra_description) by extension 'colcon_meta'
[0.452s] Level 1:colcon.colcon_core.package_identification:_identify(src/DOBOT_6Axis_ROS2_V3/cra_description) by extensions ['ros']
[0.452s] Level 1:colcon.colcon_core.package_identification:_identify(src/DOBOT_6Axis_ROS2_V3/cra_description) by extension 'ros'
[0.452s] DEBUG:colcon.colcon_core.package_identification:Package 'src/DOBOT_6Axis_ROS2_V3/cra_description' with type 'ros.ament_cmake' and name 'cra_description'
[0.453s] Level 1:colcon.colcon_core.package_identification:_identify(src/DOBOT_6Axis_ROS2_V3/dobot_bringup_v3) by extensions ['ignore', 'ignore_ament_install']
[0.453s] Level 1:colcon.colcon_core.package_identification:_identify(src/DOBOT_6Axis_ROS2_V3/dobot_bringup_v3) by extension 'ignore'
[0.453s] Level 1:colcon.colcon_core.package_identification:_identify(src/DOBOT_6Axis_ROS2_V3/dobot_bringup_v3) by extension 'ignore_ament_install'
[0.453s] Level 1:colcon.colcon_core.package_identification:_identify(src/DOBOT_6Axis_ROS2_V3/dobot_bringup_v3) by extensions ['colcon_pkg']
[0.453s] Level 1:colcon.colcon_core.package_identification:_identify(src/DOBOT_6Axis_ROS2_V3/dobot_bringup_v3) by extension 'colcon_pkg'
[0.453s] Level 1:colcon.colcon_core.package_identification:_identify(src/DOBOT_6Axis_ROS2_V3/dobot_bringup_v3) by extensions ['colcon_meta']
[0.453s] Level 1:colcon.colcon_core.package_identification:_identify(src/DOBOT_6Axis_ROS2_V3/dobot_bringup_v3) by extension 'colcon_meta'
[0.453s] Level 1:colcon.colcon_core.package_identification:_identify(src/DOBOT_6Axis_ROS2_V3/dobot_bringup_v3) by extensions ['ros']
[0.453s] Level 1:colcon.colcon_core.package_identification:_identify(src/DOBOT_6Axis_ROS2_V3/dobot_bringup_v3) by extension 'ros'
[0.454s] DEBUG:colcon.colcon_core.package_identification:Package 'src/DOBOT_6Axis_ROS2_V3/dobot_bringup_v3' with type 'ros.ament_python' and name 'dobot_bringup_v3'
[0.454s] Level 1:colcon.colcon_core.package_identification:_identify(src/DOBOT_6Axis_ROS2_V3/dobot_demo) by extensions ['ignore', 'ignore_ament_install']
[0.454s] Level 1:colcon.colcon_core.package_identification:_identify(src/DOBOT_6Axis_ROS2_V3/dobot_demo) by extension 'ignore'
[0.454s] Level 1:colcon.colcon_core.package_identification:_identify(src/DOBOT_6Axis_ROS2_V3/dobot_demo) by extension 'ignore_ament_install'
[0.454s] Level 1:colcon.colcon_core.package_identification:_identify(src/DOBOT_6Axis_ROS2_V3/dobot_demo) by extensions ['colcon_pkg']
[0.454s] Level 1:colcon.colcon_core.package_identification:_identify(src/DOBOT_6Axis_ROS2_V3/dobot_demo) by extension 'colcon_pkg'
[0.454s] Level 1:colcon.colcon_core.package_identification:_identify(src/DOBOT_6Axis_ROS2_V3/dobot_demo) by extensions ['colcon_meta']
[0.454s] Level 1:colcon.colcon_core.package_identification:_identify(src/DOBOT_6Axis_ROS2_V3/dobot_demo) by extension 'colcon_meta'
[0.454s] Level 1:colcon.colcon_core.package_identification:_identify(src/DOBOT_6Axis_ROS2_V3/dobot_demo) by extensions ['ros']
[0.454s] Level 1:colcon.colcon_core.package_identification:_identify(src/DOBOT_6Axis_ROS2_V3/dobot_demo) by extension 'ros'
[0.454s] DEBUG:colcon.colcon_core.package_identification:Package 'src/DOBOT_6Axis_ROS2_V3/dobot_demo' with type 'ros.ament_python' and name 'dobot_demo'
[0.454s] Level 1:colcon.colcon_core.package_identification:_identify(src/DOBOT_6Axis_ROS2_V3/dobot_gazebo) by extensions ['ignore', 'ignore_ament_install']
[0.454s] Level 1:colcon.colcon_core.package_identification:_identify(src/DOBOT_6Axis_ROS2_V3/dobot_gazebo) by extension 'ignore'
[0.454s] Level 1:colcon.colcon_core.package_identification:_identify(src/DOBOT_6Axis_ROS2_V3/dobot_gazebo) by extension 'ignore_ament_install'
[0.455s] Level 1:colcon.colcon_core.package_identification:_identify(src/DOBOT_6Axis_ROS2_V3/dobot_gazebo) by extensions ['colcon_pkg']
[0.455s] Level 1:colcon.colcon_core.package_identification:_identify(src/DOBOT_6Axis_ROS2_V3/dobot_gazebo) by extension 'colcon_pkg'
[0.455s] Level 1:colcon.colcon_core.package_identification:_identify(src/DOBOT_6Axis_ROS2_V3/dobot_gazebo) by extensions ['colcon_meta']
[0.455s] Level 1:colcon.colcon_core.package_identification:_identify(src/DOBOT_6Axis_ROS2_V3/dobot_gazebo) by extension 'colcon_meta'
[0.455s] Level 1:colcon.colcon_core.package_identification:_identify(src/DOBOT_6Axis_ROS2_V3/dobot_gazebo) by extensions ['ros']
[0.455s] Level 1:colcon.colcon_core.package_identification:_identify(src/DOBOT_6Axis_ROS2_V3/dobot_gazebo) by extension 'ros'
[0.455s] DEBUG:colcon.colcon_core.package_identification:Package 'src/DOBOT_6Axis_ROS2_V3/dobot_gazebo' with type 'ros.ament_cmake' and name 'dobot_gazebo'
[0.455s] Level 1:colcon.colcon_core.package_identification:_identify(src/DOBOT_6Axis_ROS2_V3/dobot_moveit) by extensions ['ignore', 'ignore_ament_install']
[0.455s] Level 1:colcon.colcon_core.package_identification:_identify(src/DOBOT_6Axis_ROS2_V3/dobot_moveit) by extension 'ignore'
[0.455s] Level 1:colcon.colcon_core.package_identification:_identify(src/DOBOT_6Axis_ROS2_V3/dobot_moveit) by extension 'ignore_ament_install'
[0.455s] Level 1:colcon.colcon_core.package_identification:_identify(src/DOBOT_6Axis_ROS2_V3/dobot_moveit) by extensions ['colcon_pkg']
[0.455s] Level 1:colcon.colcon_core.package_identification:_identify(src/DOBOT_6Axis_ROS2_V3/dobot_moveit) by extension 'colcon_pkg'
[0.455s] Level 1:colcon.colcon_core.package_identification:_identify(src/DOBOT_6Axis_ROS2_V3/dobot_moveit) by extensions ['colcon_meta']
[0.455s] Level 1:colcon.colcon_core.package_identification:_identify(src/DOBOT_6Axis_ROS2_V3/dobot_moveit) by extension 'colcon_meta'
[0.455s] Level 1:colcon.colcon_core.package_identification:_identify(src/DOBOT_6Axis_ROS2_V3/dobot_moveit) by extensions ['ros']
[0.455s] Level 1:colcon.colcon_core.package_identification:_identify(src/DOBOT_6Axis_ROS2_V3/dobot_moveit) by extension 'ros'
[0.456s] DEBUG:colcon.colcon_core.package_identification:Package 'src/DOBOT_6Axis_ROS2_V3/dobot_moveit' with type 'ros.ament_python' and name 'dobot_moveit'
[0.456s] Level 1:colcon.colcon_core.package_identification:_identify(src/DOBOT_6Axis_ROS2_V3/dobot_msgs_v3) by extensions ['ignore', 'ignore_ament_install']
[0.456s] Level 1:colcon.colcon_core.package_identification:_identify(src/DOBOT_6Axis_ROS2_V3/dobot_msgs_v3) by extension 'ignore'
[0.456s] Level 1:colcon.colcon_core.package_identification:_identify(src/DOBOT_6Axis_ROS2_V3/dobot_msgs_v3) by extension 'ignore_ament_install'
[0.456s] Level 1:colcon.colcon_core.package_identification:_identify(src/DOBOT_6Axis_ROS2_V3/dobot_msgs_v3) by extensions ['colcon_pkg']
[0.456s] Level 1:colcon.colcon_core.package_identification:_identify(src/DOBOT_6Axis_ROS2_V3/dobot_msgs_v3) by extension 'colcon_pkg'
[0.456s] Level 1:colcon.colcon_core.package_identification:_identify(src/DOBOT_6Axis_ROS2_V3/dobot_msgs_v3) by extensions ['colcon_meta']
[0.456s] Level 1:colcon.colcon_core.package_identification:_identify(src/DOBOT_6Axis_ROS2_V3/dobot_msgs_v3) by extension 'colcon_meta'
[0.456s] Level 1:colcon.colcon_core.package_identification:_identify(src/DOBOT_6Axis_ROS2_V3/dobot_msgs_v3) by extensions ['ros']
[0.456s] Level 1:colcon.colcon_core.package_identification:_identify(src/DOBOT_6Axis_ROS2_V3/dobot_msgs_v3) by extension 'ros'
[0.457s] DEBUG:colcon.colcon_core.package_identification:Package 'src/DOBOT_6Axis_ROS2_V3/dobot_msgs_v3' with type 'ros.ament_cmake' and name 'dobot_msgs_v3'
[0.457s] Level 1:colcon.colcon_core.package_identification:_identify(src/DOBOT_6Axis_ROS2_V3/dobot_rviz) by extensions ['ignore', 'ignore_ament_install']
[0.457s] Level 1:colcon.colcon_core.package_identification:_identify(src/DOBOT_6Axis_ROS2_V3/dobot_rviz) by extension 'ignore'
[0.457s] Level 1:colcon.colcon_core.package_identification:_identify(src/DOBOT_6Axis_ROS2_V3/dobot_rviz) by extension 'ignore_ament_install'
[0.457s] Level 1:colcon.colcon_core.package_identification:_identify(src/DOBOT_6Axis_ROS2_V3/dobot_rviz) by extensions ['colcon_pkg']
[0.457s] Level 1:colcon.colcon_core.package_identification:_identify(src/DOBOT_6Axis_ROS2_V3/dobot_rviz) by extension 'colcon_pkg'
[0.457s] Level 1:colcon.colcon_core.package_identification:_identify(src/DOBOT_6Axis_ROS2_V3/dobot_rviz) by extensions ['colcon_meta']
[0.457s] Level 1:colcon.colcon_core.package_identification:_identify(src/DOBOT_6Axis_ROS2_V3/dobot_rviz) by extension 'colcon_meta'
[0.457s] Level 1:colcon.colcon_core.package_identification:_identify(src/DOBOT_6Axis_ROS2_V3/dobot_rviz) by extensions ['ros']
[0.457s] Level 1:colcon.colcon_core.package_identification:_identify(src/DOBOT_6Axis_ROS2_V3/dobot_rviz) by extension 'ros'
[0.457s] DEBUG:colcon.colcon_core.package_identification:Package 'src/DOBOT_6Axis_ROS2_V3/dobot_rviz' with type 'ros.ament_cmake' and name 'dobot_rviz'
[0.458s] Level 1:colcon.colcon_core.package_identification:_identify(src/DOBOT_6Axis_ROS2_V3/image) by extensions ['ignore', 'ignore_ament_install']
[0.458s] Level 1:colcon.colcon_core.package_identification:_identify(src/DOBOT_6Axis_ROS2_V3/image) by extension 'ignore'
[0.458s] Level 1:colcon.colcon_core.package_identification:_identify(src/DOBOT_6Axis_ROS2_V3/image) by extension 'ignore_ament_install'
[0.458s] Level 1:colcon.colcon_core.package_identification:_identify(src/DOBOT_6Axis_ROS2_V3/image) by extensions ['colcon_pkg']
[0.458s] Level 1:colcon.colcon_core.package_identification:_identify(src/DOBOT_6Axis_ROS2_V3/image) by extension 'colcon_pkg'
[0.458s] Level 1:colcon.colcon_core.package_identification:_identify(src/DOBOT_6Axis_ROS2_V3/image) by extensions ['colcon_meta']
[0.458s] Level 1:colcon.colcon_core.package_identification:_identify(src/DOBOT_6Axis_ROS2_V3/image) by extension 'colcon_meta'
[0.458s] Level 1:colcon.colcon_core.package_identification:_identify(src/DOBOT_6Axis_ROS2_V3/image) by extensions ['ros']
[0.458s] Level 1:colcon.colcon_core.package_identification:_identify(src/DOBOT_6Axis_ROS2_V3/image) by extension 'ros'
[0.458s] Level 1:colcon.colcon_core.package_identification:_identify(src/DOBOT_6Axis_ROS2_V3/image) by extensions ['cmake', 'python']
[0.458s] Level 1:colcon.colcon_core.package_identification:_identify(src/DOBOT_6Axis_ROS2_V3/image) by extension 'cmake'
[0.458s] Level 1:colcon.colcon_core.package_identification:_identify(src/DOBOT_6Axis_ROS2_V3/image) by extension 'python'
[0.458s] Level 1:colcon.colcon_core.package_identification:_identify(src/DOBOT_6Axis_ROS2_V3/image) by extensions ['python_setup_py']
[0.458s] Level 1:colcon.colcon_core.package_identification:_identify(src/DOBOT_6Axis_ROS2_V3/image) by extension 'python_setup_py'
[0.458s] Level 1:colcon.colcon_core.package_identification:_identify(src/DOBOT_6Axis_ROS2_V3/nova2_moveit) by extensions ['ignore', 'ignore_ament_install']
[0.458s] Level 1:colcon.colcon_core.package_identification:_identify(src/DOBOT_6Axis_ROS2_V3/nova2_moveit) by extension 'ignore'
[0.458s] Level 1:colcon.colcon_core.package_identification:_identify(src/DOBOT_6Axis_ROS2_V3/nova2_moveit) by extension 'ignore_ament_install'
[0.458s] Level 1:colcon.colcon_core.package_identification:_identify(src/DOBOT_6Axis_ROS2_V3/nova2_moveit) by extensions ['colcon_pkg']
[0.458s] Level 1:colcon.colcon_core.package_identification:_identify(src/DOBOT_6Axis_ROS2_V3/nova2_moveit) by extension 'colcon_pkg'
[0.458s] Level 1:colcon.colcon_core.package_identification:_identify(src/DOBOT_6Axis_ROS2_V3/nova2_moveit) by extensions ['colcon_meta']
[0.458s] Level 1:colcon.colcon_core.package_identification:_identify(src/DOBOT_6Axis_ROS2_V3/nova2_moveit) by extension 'colcon_meta'
[0.458s] Level 1:colcon.colcon_core.package_identification:_identify(src/DOBOT_6Axis_ROS2_V3/nova2_moveit) by extensions ['ros']
[0.458s] Level 1:colcon.colcon_core.package_identification:_identify(src/DOBOT_6Axis_ROS2_V3/nova2_moveit) by extension 'ros'
[0.459s] DEBUG:colcon.colcon_core.package_identification:Package 'src/DOBOT_6Axis_ROS2_V3/nova2_moveit' with type 'ros.ament_cmake' and name 'nova2_moveit'
[0.459s] Level 1:colcon.colcon_core.package_identification:_identify(src/DOBOT_6Axis_ROS2_V3/nova5_moveit) by extensions ['ignore', 'ignore_ament_install']
[0.459s] Level 1:colcon.colcon_core.package_identification:_identify(src/DOBOT_6Axis_ROS2_V3/nova5_moveit) by extension 'ignore'
[0.459s] Level 1:colcon.colcon_core.package_identification:_identify(src/DOBOT_6Axis_ROS2_V3/nova5_moveit) by extension 'ignore_ament_install'
[0.459s] Level 1:colcon.colcon_core.package_identification:_identify(src/DOBOT_6Axis_ROS2_V3/nova5_moveit) by extensions ['colcon_pkg']
[0.459s] Level 1:colcon.colcon_core.package_identification:_identify(src/DOBOT_6Axis_ROS2_V3/nova5_moveit) by extension 'colcon_pkg'
[0.459s] Level 1:colcon.colcon_core.package_identification:_identify(src/DOBOT_6Axis_ROS2_V3/nova5_moveit) by extensions ['colcon_meta']
[0.459s] Level 1:colcon.colcon_core.package_identification:_identify(src/DOBOT_6Axis_ROS2_V3/nova5_moveit) by extension 'colcon_meta'
[0.459s] Level 1:colcon.colcon_core.package_identification:_identify(src/DOBOT_6Axis_ROS2_V3/nova5_moveit) by extensions ['ros']
[0.459s] Level 1:colcon.colcon_core.package_identification:_identify(src/DOBOT_6Axis_ROS2_V3/nova5_moveit) by extension 'ros'
[0.460s] DEBUG:colcon.colcon_core.package_identification:Package 'src/DOBOT_6Axis_ROS2_V3/nova5_moveit' with type 'ros.ament_cmake' and name 'nova5_moveit'
[0.460s] Level 1:colcon.colcon_core.package_identification:_identify(src/DOBOT_6Axis_ROS2_V3/servo_action) by extensions ['ignore', 'ignore_ament_install']
[0.460s] Level 1:colcon.colcon_core.package_identification:_identify(src/DOBOT_6Axis_ROS2_V3/servo_action) by extension 'ignore'
[0.460s] Level 1:colcon.colcon_core.package_identification:_identify(src/DOBOT_6Axis_ROS2_V3/servo_action) by extension 'ignore_ament_install'
[0.460s] Level 1:colcon.colcon_core.package_identification:_identify(src/DOBOT_6Axis_ROS2_V3/servo_action) by extensions ['colcon_pkg']
[0.460s] Level 1:colcon.colcon_core.package_identification:_identify(src/DOBOT_6Axis_ROS2_V3/servo_action) by extension 'colcon_pkg'
[0.460s] Level 1:colcon.colcon_core.package_identification:_identify(src/DOBOT_6Axis_ROS2_V3/servo_action) by extensions ['colcon_meta']
[0.460s] Level 1:colcon.colcon_core.package_identification:_identify(src/DOBOT_6Axis_ROS2_V3/servo_action) by extension 'colcon_meta'
[0.460s] Level 1:colcon.colcon_core.package_identification:_identify(src/DOBOT_6Axis_ROS2_V3/servo_action) by extensions ['ros']
[0.460s] Level 1:colcon.colcon_core.package_identification:_identify(src/DOBOT_6Axis_ROS2_V3/servo_action) by extension 'ros'
[0.460s] DEBUG:colcon.colcon_core.package_identification:Package 'src/DOBOT_6Axis_ROS2_V3/servo_action' with type 'ros.ament_python' and name 'servo_action'
[0.461s] Level 1:colcon.colcon_core.package_identification:_identify(src/cr5_moveit_cpp_demo) by extensions ['ignore', 'ignore_ament_install']
[0.461s] Level 1:colcon.colcon_core.package_identification:_identify(src/cr5_moveit_cpp_demo) by extension 'ignore'
[0.461s] Level 1:colcon.colcon_core.package_identification:_identify(src/cr5_moveit_cpp_demo) by extension 'ignore_ament_install'
[0.461s] Level 1:colcon.colcon_core.package_identification:_identify(src/cr5_moveit_cpp_demo) by extensions ['colcon_pkg']
[0.461s] Level 1:colcon.colcon_core.package_identification:_identify(src/cr5_moveit_cpp_demo) by extension 'colcon_pkg'
[0.461s] Level 1:colcon.colcon_core.package_identification:_identify(src/cr5_moveit_cpp_demo) by extensions ['colcon_meta']
[0.461s] Level 1:colcon.colcon_core.package_identification:_identify(src/cr5_moveit_cpp_demo) by extension 'colcon_meta'
[0.461s] Level 1:colcon.colcon_core.package_identification:_identify(src/cr5_moveit_cpp_demo) by extensions ['ros']
[0.461s] Level 1:colcon.colcon_core.package_identification:_identify(src/cr5_moveit_cpp_demo) by extension 'ros'
[0.462s] DEBUG:colcon.colcon_core.package_identification:Package 'src/cr5_moveit_cpp_demo' with type 'ros.ament_cmake' and name 'cr5_moveit_cpp_demo'
[0.462s] Level 1:colcon.colcon_core.package_identification:_identify(src/custom_messages) by extensions ['ignore', 'ignore_ament_install']
[0.462s] Level 1:colcon.colcon_core.package_identification:_identify(src/custom_messages) by extension 'ignore'
[0.462s] Level 1:colcon.colcon_core.package_identification:_identify(src/custom_messages) by extension 'ignore_ament_install'
[0.462s] Level 1:colcon.colcon_core.package_identification:_identify(src/custom_messages) by extensions ['colcon_pkg']
[0.462s] Level 1:colcon.colcon_core.package_identification:_identify(src/custom_messages) by extension 'colcon_pkg'
[0.462s] Level 1:colcon.colcon_core.package_identification:_identify(src/custom_messages) by extensions ['colcon_meta']
[0.462s] Level 1:colcon.colcon_core.package_identification:_identify(src/custom_messages) by extension 'colcon_meta'
[0.462s] Level 1:colcon.colcon_core.package_identification:_identify(src/custom_messages) by extensions ['ros']
[0.462s] Level 1:colcon.colcon_core.package_identification:_identify(src/custom_messages) by extension 'ros'
[0.462s] Level 1:colcon.colcon_core.package_identification:_identify(src/custom_messages) by extensions ['cmake', 'python']
[0.462s] Level 1:colcon.colcon_core.package_identification:_identify(src/custom_messages) by extension 'cmake'
[0.462s] Level 1:colcon.colcon_core.package_identification:_identify(src/custom_messages) by extension 'python'
[0.462s] Level 1:colcon.colcon_core.package_identification:_identify(src/custom_messages) by extensions ['python_setup_py']
[0.462s] Level 1:colcon.colcon_core.package_identification:_identify(src/custom_messages) by extension 'python_setup_py'
[0.462s] Level 1:colcon.colcon_core.package_identification:_identify(src/custom_messages/custom_messages) by extensions ['ignore', 'ignore_ament_install']
[0.462s] Level 1:colcon.colcon_core.package_identification:_identify(src/custom_messages/custom_messages) by extension 'ignore'
[0.462s] Level 1:colcon.colcon_core.package_identification:_identify(src/custom_messages/custom_messages) by extension 'ignore_ament_install'
[0.462s] Level 1:colcon.colcon_core.package_identification:_identify(src/custom_messages/custom_messages) by extensions ['colcon_pkg']
[0.462s] Level 1:colcon.colcon_core.package_identification:_identify(src/custom_messages/custom_messages) by extension 'colcon_pkg'
[0.462s] Level 1:colcon.colcon_core.package_identification:_identify(src/custom_messages/custom_messages) by extensions ['colcon_meta']
[0.462s] Level 1:colcon.colcon_core.package_identification:_identify(src/custom_messages/custom_messages) by extension 'colcon_meta'
[0.462s] Level 1:colcon.colcon_core.package_identification:_identify(src/custom_messages/custom_messages) by extensions ['ros']
[0.462s] Level 1:colcon.colcon_core.package_identification:_identify(src/custom_messages/custom_messages) by extension 'ros'
[0.463s] DEBUG:colcon.colcon_core.package_identification:Package 'src/custom_messages/custom_messages' with type 'ros.ament_cmake' and name 'custom_messages'
[0.463s] Level 1:colcon.colcon_core.package_discovery:discover_packages(recursive) using defaults
[0.463s] Level 1:colcon.colcon_core.package_discovery:discover_packages(ignore) discover
[0.463s] Level 1:colcon.colcon_core.package_discovery:discover_packages(ignore) using defaults
[0.463s] Level 1:colcon.colcon_core.package_discovery:discover_packages(path) discover
[0.463s] Level 1:colcon.colcon_core.package_discovery:discover_packages(path) using defaults
[0.495s] INFO:colcon.colcon_core.package_selection:Skipping not selected package 'cra_description' in 'src/DOBOT_6Axis_ROS2_V3/cra_description'
[0.495s] INFO:colcon.colcon_core.package_selection:Skipping not selected package 'custom_messages' in 'src/custom_messages/custom_messages'
[0.495s] INFO:colcon.colcon_core.package_selection:Skipping not selected package 'dobot_demo' in 'src/DOBOT_6Axis_ROS2_V3/dobot_demo'
[0.496s] INFO:colcon.colcon_core.package_selection:Skipping not selected package 'dobot_moveit' in 'src/DOBOT_6Axis_ROS2_V3/dobot_moveit'
[0.496s] INFO:colcon.colcon_core.package_selection:Skipping not selected package 'dobot_msgs_v3' in 'src/DOBOT_6Axis_ROS2_V3/dobot_msgs_v3'
[0.496s] INFO:colcon.colcon_core.package_selection:Skipping not selected package 'dobot_rviz' in 'src/DOBOT_6Axis_ROS2_V3/dobot_rviz'
[0.496s] INFO:colcon.colcon_core.package_selection:Skipping not selected package 'servo_action' in 'src/DOBOT_6Axis_ROS2_V3/servo_action'
[0.496s] INFO:colcon.colcon_core.package_selection:Skipping not selected package 'cr10_moveit' in 'src/DOBOT_6Axis_ROS2_V3/cr10_moveit'
[0.496s] INFO:colcon.colcon_core.package_selection:Skipping not selected package 'cr12_moveit' in 'src/DOBOT_6Axis_ROS2_V3/cr12_moveit'
[0.496s] INFO:colcon.colcon_core.package_selection:Skipping not selected package 'cr16_moveit' in 'src/DOBOT_6Axis_ROS2_V3/cr16_moveit'
[0.496s] INFO:colcon.colcon_core.package_selection:Skipping not selected package 'cr3_moveit' in 'src/DOBOT_6Axis_ROS2_V3/cr3_moveit'
[0.496s] INFO:colcon.colcon_core.package_selection:Skipping not selected package 'cr5_moveit' in 'src/DOBOT_6Axis_ROS2_V3/cr5_moveit'
[0.496s] INFO:colcon.colcon_core.package_selection:Skipping not selected package 'cr7_moveit' in 'src/DOBOT_6Axis_ROS2_V3/cr7_moveit'
[0.496s] INFO:colcon.colcon_core.package_selection:Skipping not selected package 'dobot_bringup_v3' in 'src/DOBOT_6Axis_ROS2_V3/dobot_bringup_v3'
[0.496s] INFO:colcon.colcon_core.package_selection:Skipping not selected package 'dobot_gazebo' in 'src/DOBOT_6Axis_ROS2_V3/dobot_gazebo'
[0.496s] INFO:colcon.colcon_core.package_selection:Skipping not selected package 'nova2_moveit' in 'src/DOBOT_6Axis_ROS2_V3/nova2_moveit'
[0.496s] INFO:colcon.colcon_core.package_selection:Skipping not selected package 'nova5_moveit' in 'src/DOBOT_6Axis_ROS2_V3/nova5_moveit'
[0.497s] Level 1:colcon.colcon_core.package_discovery:discover_packages(prefix_path) check parameters
[0.497s] Level 1:colcon.colcon_core.package_discovery:discover_packages(prefix_path) discover
[0.502s] DEBUG:colcon.colcon_installed_package_information.package_discovery:Found 18 installed packages in /home/andrea/dobot_v3/install
[0.505s] DEBUG:colcon.colcon_installed_package_information.package_discovery:Found 429 installed packages in /opt/ros/humble
[0.508s] Level 1:colcon.colcon_core.package_discovery:discover_packages(prefix_path) using defaults
[0.548s] Level 5:colcon.colcon_core.verb:set package 'cr5_moveit_cpp_demo' build argument 'cmake_args' from command line to 'None'
[0.548s] Level 5:colcon.colcon_core.verb:set package 'cr5_moveit_cpp_demo' build argument 'cmake_target' from command line to 'None'
[0.548s] Level 5:colcon.colcon_core.verb:set package 'cr5_moveit_cpp_demo' build argument 'cmake_target_skip_unavailable' from command line to 'False'
[0.548s] Level 5:colcon.colcon_core.verb:set package 'cr5_moveit_cpp_demo' build argument 'cmake_clean_cache' from command line to 'False'
[0.548s] Level 5:colcon.colcon_core.verb:set package 'cr5_moveit_cpp_demo' build argument 'cmake_clean_first' from command line to 'False'
[0.548s] Level 5:colcon.colcon_core.verb:set package 'cr5_moveit_cpp_demo' build argument 'cmake_force_configure' from command line to 'False'
[0.548s] Level 5:colcon.colcon_core.verb:set package 'cr5_moveit_cpp_demo' build argument 'ament_cmake_args' from command line to 'None'
[0.548s] Level 5:colcon.colcon_core.verb:set package 'cr5_moveit_cpp_demo' build argument 'catkin_cmake_args' from command line to 'None'
[0.548s] Level 5:colcon.colcon_core.verb:set package 'cr5_moveit_cpp_demo' build argument 'catkin_skip_building_tests' from command line to 'False'
[0.548s] DEBUG:colcon.colcon_core.verb:Building package 'cr5_moveit_cpp_demo' with the following arguments: {'ament_cmake_args': None, 'build_base': '/home/andrea/dobot_v3/build/cr5_moveit_cpp_demo', 'catkin_cmake_args': None, 'catkin_skip_building_tests': False, 'cmake_args': None, 'cmake_clean_cache': False, 'cmake_clean_first': False, 'cmake_force_configure': False, 'cmake_target': None, 'cmake_target_skip_unavailable': False, 'install_base': '/home/andrea/dobot_v3/install/cr5_moveit_cpp_demo', 'merge_install': False, 'path': '/home/andrea/dobot_v3/src/cr5_moveit_cpp_demo', 'symlink_install': False, 'test_result_base': None}
[0.548s] INFO:colcon.colcon_core.executor:Executing jobs using 'parallel' executor
[0.549s] DEBUG:colcon.colcon_parallel_executor.executor.parallel:run_until_complete
[0.550s] INFO:colcon.colcon_ros.task.ament_cmake.build:Building ROS package in '/home/andrea/dobot_v3/src/cr5_moveit_cpp_demo' with build type 'ament_cmake'
[0.550s] INFO:colcon.colcon_cmake.task.cmake.build:Building CMake package in '/home/andrea/dobot_v3/src/cr5_moveit_cpp_demo'
[0.553s] INFO:colcon.colcon_core.plugin_system:Skipping extension 'colcon_core.shell.bat': Not used on non-Windows systems
[0.554s] INFO:colcon.colcon_core.shell:Skip shell extension 'powershell' for command environment: Not usable outside of PowerShell
[0.554s] DEBUG:colcon.colcon_core.shell:Skip shell extension 'dsv' for command environment
[0.569s] DEBUG:colcon.colcon_core.event_handler.log_command:Invoking command in '/home/andrea/dobot_v3/build/cr5_moveit_cpp_demo': CMAKE_PREFIX_PATH=/home/andrea/dobot_v3/install/custom_messages:/home/andrea/dobot_v3/install/nova5_moveit:/home/andrea/dobot_v3/install/nova2_moveit:/home/andrea/dobot_v3/install/cr7_moveit:/home/andrea/dobot_v3/install/cr5_moveit:/home/andrea/dobot_v3/install/cr3_moveit:/home/andrea/dobot_v3/install/cr16_moveit:/home/andrea/dobot_v3/install/cr12_moveit:/home/andrea/dobot_v3/install/cr10_moveit:/home/andrea/dobot_v3/install/dobot_rviz:/home/andrea/dobot_v3/install/dobot_msgs_v3:/home/andrea/dobot_v3/install/dobot_gazebo:/home/andrea/dobot_v3/install/cr5_moveit_cpp_demo:/home/andrea/dobot_v3/install/cra_description:/home/andrea/dobot_v3/install/servo_action:/home/andrea/dobot_v3/install/dobot_bringup_v3:/home/andrea/dobot_v3/install/dobot_moveit:/home/andrea/dobot_v3/install/dobot_demo:/opt/ros/humble LD_LIBRARY_PATH=/home/andrea/dobot_v3/install/custom_messages/lib:/home/andrea/dobot_v3/install/dobot_msgs_v3/lib:/usr/lib/x86_64-linux-gnu/gazebo-11/plugins:/opt/ros/humble/opt/rviz_ogre_vendor/lib:/opt/ros/humble/lib/x86_64-linux-gnu:/opt/ros/humble/lib /usr/bin/cmake --build /home/andrea/dobot_v3/build/cr5_moveit_cpp_demo -- -j12 -l12
[21.044s] DEBUG:colcon.colcon_core.event_handler.log_command:Invoked command in '/home/andrea/dobot_v3/build/cr5_moveit_cpp_demo' returned '0': CMAKE_PREFIX_PATH=/home/andrea/dobot_v3/install/custom_messages:/home/andrea/dobot_v3/install/nova5_moveit:/home/andrea/dobot_v3/install/nova2_moveit:/home/andrea/dobot_v3/install/cr7_moveit:/home/andrea/dobot_v3/install/cr5_moveit:/home/andrea/dobot_v3/install/cr3_moveit:/home/andrea/dobot_v3/install/cr16_moveit:/home/andrea/dobot_v3/install/cr12_moveit:/home/andrea/dobot_v3/install/cr10_moveit:/home/andrea/dobot_v3/install/dobot_rviz:/home/andrea/dobot_v3/install/dobot_msgs_v3:/home/andrea/dobot_v3/install/dobot_gazebo:/home/andrea/dobot_v3/install/cr5_moveit_cpp_demo:/home/andrea/dobot_v3/install/cra_description:/home/andrea/dobot_v3/install/servo_action:/home/andrea/dobot_v3/install/dobot_bringup_v3:/home/andrea/dobot_v3/install/dobot_moveit:/home/andrea/dobot_v3/install/dobot_demo:/opt/ros/humble LD_LIBRARY_PATH=/home/andrea/dobot_v3/install/custom_messages/lib:/home/andrea/dobot_v3/install/dobot_msgs_v3/lib:/usr/lib/x86_64-linux-gnu/gazebo-11/plugins:/opt/ros/humble/opt/rviz_ogre_vendor/lib:/opt/ros/humble/lib/x86_64-linux-gnu:/opt/ros/humble/lib /usr/bin/cmake --build /home/andrea/dobot_v3/build/cr5_moveit_cpp_demo -- -j12 -l12
[21.053s] DEBUG:colcon.colcon_core.event_handler.log_command:Invoking command in '/home/andrea/dobot_v3/build/cr5_moveit_cpp_demo': CMAKE_PREFIX_PATH=/home/andrea/dobot_v3/install/custom_messages:/home/andrea/dobot_v3/install/nova5_moveit:/home/andrea/dobot_v3/install/nova2_moveit:/home/andrea/dobot_v3/install/cr7_moveit:/home/andrea/dobot_v3/install/cr5_moveit:/home/andrea/dobot_v3/install/cr3_moveit:/home/andrea/dobot_v3/install/cr16_moveit:/home/andrea/dobot_v3/install/cr12_moveit:/home/andrea/dobot_v3/install/cr10_moveit:/home/andrea/dobot_v3/install/dobot_rviz:/home/andrea/dobot_v3/install/dobot_msgs_v3:/home/andrea/dobot_v3/install/dobot_gazebo:/home/andrea/dobot_v3/install/cr5_moveit_cpp_demo:/home/andrea/dobot_v3/install/cra_description:/home/andrea/dobot_v3/install/servo_action:/home/andrea/dobot_v3/install/dobot_bringup_v3:/home/andrea/dobot_v3/install/dobot_moveit:/home/andrea/dobot_v3/install/dobot_demo:/opt/ros/humble LD_LIBRARY_PATH=/home/andrea/dobot_v3/install/custom_messages/lib:/home/andrea/dobot_v3/install/dobot_msgs_v3/lib:/usr/lib/x86_64-linux-gnu/gazebo-11/plugins:/opt/ros/humble/opt/rviz_ogre_vendor/lib:/opt/ros/humble/lib/x86_64-linux-gnu:/opt/ros/humble/lib /usr/bin/cmake --install /home/andrea/dobot_v3/build/cr5_moveit_cpp_demo
[21.083s] Level 1:colcon.colcon_core.environment:create_environment_scripts_only(cr5_moveit_cpp_demo)
[21.084s] DEBUG:colcon.colcon_core.event_handler.log_command:Invoked command in '/home/andrea/dobot_v3/build/cr5_moveit_cpp_demo' returned '0': CMAKE_PREFIX_PATH=/home/andrea/dobot_v3/install/custom_messages:/home/andrea/dobot_v3/install/nova5_moveit:/home/andrea/dobot_v3/install/nova2_moveit:/home/andrea/dobot_v3/install/cr7_moveit:/home/andrea/dobot_v3/install/cr5_moveit:/home/andrea/dobot_v3/install/cr3_moveit:/home/andrea/dobot_v3/install/cr16_moveit:/home/andrea/dobot_v3/install/cr12_moveit:/home/andrea/dobot_v3/install/cr10_moveit:/home/andrea/dobot_v3/install/dobot_rviz:/home/andrea/dobot_v3/install/dobot_msgs_v3:/home/andrea/dobot_v3/install/dobot_gazebo:/home/andrea/dobot_v3/install/cr5_moveit_cpp_demo:/home/andrea/dobot_v3/install/cra_description:/home/andrea/dobot_v3/install/servo_action:/home/andrea/dobot_v3/install/dobot_bringup_v3:/home/andrea/dobot_v3/install/dobot_moveit:/home/andrea/dobot_v3/install/dobot_demo:/opt/ros/humble LD_LIBRARY_PATH=/home/andrea/dobot_v3/install/custom_messages/lib:/home/andrea/dobot_v3/install/dobot_msgs_v3/lib:/usr/lib/x86_64-linux-gnu/gazebo-11/plugins:/opt/ros/humble/opt/rviz_ogre_vendor/lib:/opt/ros/humble/lib/x86_64-linux-gnu:/opt/ros/humble/lib /usr/bin/cmake --install /home/andrea/dobot_v3/build/cr5_moveit_cpp_demo
[21.088s] Level 1:colcon.colcon_core.environment:checking '/home/andrea/dobot_v3/install/cr5_moveit_cpp_demo' for CMake module files
[21.088s] Level 1:colcon.colcon_core.environment:checking '/home/andrea/dobot_v3/install/cr5_moveit_cpp_demo' for CMake config files
[21.088s] Level 1:colcon.colcon_core.shell:create_environment_hook('cr5_moveit_cpp_demo', 'cmake_prefix_path')
[21.088s] INFO:colcon.colcon_core.shell:Creating environment hook '/home/andrea/dobot_v3/install/cr5_moveit_cpp_demo/share/cr5_moveit_cpp_demo/hook/cmake_prefix_path.ps1'
[21.089s] INFO:colcon.colcon_core.shell:Creating environment descriptor '/home/andrea/dobot_v3/install/cr5_moveit_cpp_demo/share/cr5_moveit_cpp_demo/hook/cmake_prefix_path.dsv'
[21.090s] INFO:colcon.colcon_core.shell:Creating environment hook '/home/andrea/dobot_v3/install/cr5_moveit_cpp_demo/share/cr5_moveit_cpp_demo/hook/cmake_prefix_path.sh'
[21.091s] Level 1:colcon.colcon_core.environment:checking '/home/andrea/dobot_v3/install/cr5_moveit_cpp_demo/lib'
[21.091s] Level 1:colcon.colcon_core.environment:checking '/home/andrea/dobot_v3/install/cr5_moveit_cpp_demo/bin'
[21.091s] Level 1:colcon.colcon_core.environment:checking '/home/andrea/dobot_v3/install/cr5_moveit_cpp_demo/lib/pkgconfig/cr5_moveit_cpp_demo.pc'
[21.091s] Level 1:colcon.colcon_core.environment:checking '/home/andrea/dobot_v3/install/cr5_moveit_cpp_demo/lib/python3.10/site-packages'
[21.091s] Level 1:colcon.colcon_core.environment:checking '/home/andrea/dobot_v3/install/cr5_moveit_cpp_demo/bin'
[21.092s] INFO:colcon.colcon_core.shell:Creating package script '/home/andrea/dobot_v3/install/cr5_moveit_cpp_demo/share/cr5_moveit_cpp_demo/package.ps1'
[21.093s] INFO:colcon.colcon_core.shell:Creating package descriptor '/home/andrea/dobot_v3/install/cr5_moveit_cpp_demo/share/cr5_moveit_cpp_demo/package.dsv'
[21.093s] INFO:colcon.colcon_core.shell:Creating package script '/home/andrea/dobot_v3/install/cr5_moveit_cpp_demo/share/cr5_moveit_cpp_demo/package.sh'
[21.094s] INFO:colcon.colcon_core.shell:Creating package script '/home/andrea/dobot_v3/install/cr5_moveit_cpp_demo/share/cr5_moveit_cpp_demo/package.bash'
[21.095s] INFO:colcon.colcon_core.shell:Creating package script '/home/andrea/dobot_v3/install/cr5_moveit_cpp_demo/share/cr5_moveit_cpp_demo/package.zsh'
[21.096s] Level 1:colcon.colcon_core.environment:create_file_with_runtime_dependencies(/home/andrea/dobot_v3/install/cr5_moveit_cpp_demo/share/colcon-core/packages/cr5_moveit_cpp_demo)
[21.098s] Level 1:colcon.colcon_core.environment:create_environment_scripts_only(cr5_moveit_cpp_demo)
[21.098s] Level 1:colcon.colcon_core.environment:checking '/home/andrea/dobot_v3/install/cr5_moveit_cpp_demo' for CMake module files
[21.099s] Level 1:colcon.colcon_core.environment:checking '/home/andrea/dobot_v3/install/cr5_moveit_cpp_demo' for CMake config files
[21.100s] Level 1:colcon.colcon_core.shell:create_environment_hook('cr5_moveit_cpp_demo', 'cmake_prefix_path')
[21.100s] INFO:colcon.colcon_core.shell:Creating environment hook '/home/andrea/dobot_v3/install/cr5_moveit_cpp_demo/share/cr5_moveit_cpp_demo/hook/cmake_prefix_path.ps1'
[21.101s] INFO:colcon.colcon_core.shell:Creating environment descriptor '/home/andrea/dobot_v3/install/cr5_moveit_cpp_demo/share/cr5_moveit_cpp_demo/hook/cmake_prefix_path.dsv'
[21.102s] INFO:colcon.colcon_core.shell:Creating environment hook '/home/andrea/dobot_v3/install/cr5_moveit_cpp_demo/share/cr5_moveit_cpp_demo/hook/cmake_prefix_path.sh'
[21.104s] Level 1:colcon.colcon_core.environment:checking '/home/andrea/dobot_v3/install/cr5_moveit_cpp_demo/lib'
[21.104s] Level 1:colcon.colcon_core.environment:checking '/home/andrea/dobot_v3/install/cr5_moveit_cpp_demo/bin'
[21.104s] Level 1:colcon.colcon_core.environment:checking '/home/andrea/dobot_v3/install/cr5_moveit_cpp_demo/lib/pkgconfig/cr5_moveit_cpp_demo.pc'
[21.105s] Level 1:colcon.colcon_core.environment:checking '/home/andrea/dobot_v3/install/cr5_moveit_cpp_demo/lib/python3.10/site-packages'
[21.106s] Level 1:colcon.colcon_core.environment:checking '/home/andrea/dobot_v3/install/cr5_moveit_cpp_demo/bin'
[21.107s] INFO:colcon.colcon_core.shell:Creating package script '/home/andrea/dobot_v3/install/cr5_moveit_cpp_demo/share/cr5_moveit_cpp_demo/package.ps1'
[21.108s] INFO:colcon.colcon_core.shell:Creating package descriptor '/home/andrea/dobot_v3/install/cr5_moveit_cpp_demo/share/cr5_moveit_cpp_demo/package.dsv'
[21.109s] INFO:colcon.colcon_core.shell:Creating package script '/home/andrea/dobot_v3/install/cr5_moveit_cpp_demo/share/cr5_moveit_cpp_demo/package.sh'
[21.111s] INFO:colcon.colcon_core.shell:Creating package script '/home/andrea/dobot_v3/install/cr5_moveit_cpp_demo/share/cr5_moveit_cpp_demo/package.bash'
[21.112s] INFO:colcon.colcon_core.shell:Creating package script '/home/andrea/dobot_v3/install/cr5_moveit_cpp_demo/share/cr5_moveit_cpp_demo/package.zsh'
[21.113s] Level 1:colcon.colcon_core.environment:create_file_with_runtime_dependencies(/home/andrea/dobot_v3/install/cr5_moveit_cpp_demo/share/colcon-core/packages/cr5_moveit_cpp_demo)
[21.114s] DEBUG:colcon.colcon_parallel_executor.executor.parallel:closing loop
[21.114s] DEBUG:colcon.colcon_parallel_executor.executor.parallel:loop closed
[21.114s] DEBUG:colcon.colcon_parallel_executor.executor.parallel:run_until_complete finished with '0'
[21.114s] DEBUG:colcon.colcon_core.event_reactor:joining thread
[21.122s] INFO:colcon.colcon_core.plugin_system:Skipping extension 'colcon_notification.desktop_notification.terminal_notifier': Not used on non-Darwin systems
[21.122s] INFO:colcon.colcon_core.plugin_system:Skipping extension 'colcon_notification.desktop_notification.win32': Not used on non-Windows systems
[21.122s] INFO:colcon.colcon_notification.desktop_notification:Sending desktop notification using 'notify2'
[21.138s] DEBUG:colcon.colcon_core.event_reactor:joined thread
[21.138s] INFO:colcon.colcon_core.shell:Creating prefix script '/home/andrea/dobot_v3/install/local_setup.ps1'
[21.139s] INFO:colcon.colcon_core.shell:Creating prefix util module '/home/andrea/dobot_v3/install/_local_setup_util_ps1.py'
[21.140s] INFO:colcon.colcon_core.shell:Creating prefix chain script '/home/andrea/dobot_v3/install/setup.ps1'
[21.142s] INFO:colcon.colcon_core.shell:Creating prefix script '/home/andrea/dobot_v3/install/local_setup.sh'
[21.142s] INFO:colcon.colcon_core.shell:Creating prefix util module '/home/andrea/dobot_v3/install/_local_setup_util_sh.py'
[21.143s] INFO:colcon.colcon_core.shell:Creating prefix chain script '/home/andrea/dobot_v3/install/setup.sh'
[21.144s] INFO:colcon.colcon_core.shell:Creating prefix script '/home/andrea/dobot_v3/install/local_setup.bash'
[21.145s] INFO:colcon.colcon_core.shell:Creating prefix chain script '/home/andrea/dobot_v3/install/setup.bash'
[21.146s] INFO:colcon.colcon_core.shell:Creating prefix script '/home/andrea/dobot_v3/install/local_setup.zsh'
[21.147s] INFO:colcon.colcon_core.shell:Creating prefix chain script '/home/andrea/dobot_v3/install/setup.zsh'
