[0.012s] Invoking command in '/home/andrea/dobot_v3/build/custom_messages': CMAKE_PREFIX_PATH=${CMAKE_PREFIX_PATH}:/home/andrea/dobot_v3/install/servo_action:/home/andrea/dobot_v3/install/dobot_bringup_v3:/home/andrea/dobot_v3/install/dobot_moveit:/home/andrea/dobot_v3/install/dobot_demo:/opt/ros/humble /usr/bin/cmake /home/andrea/dobot_v3/src/custom_messages/custom_messages -DCMAKE_INSTALL_PREFIX=/home/andrea/dobot_v3/install/custom_messages
[0.082s] -- The C compiler identification is GNU 11.4.0
[0.147s] -- The CXX compiler identification is GNU 11.4.0
[0.156s] -- Detecting C compiler ABI info
[0.238s] -- Detecting C compiler ABI info - done
[0.246s] -- Check for working C compiler: /usr/bin/cc - skipped
[0.246s] -- Detecting C compile features
[0.246s] -- Detecting C compile features - done
[0.248s] -- Detecting CXX compiler ABI info
[0.340s] -- Detecting CXX compiler ABI info - done
[0.347s] -- Check for working CXX compiler: /usr/bin/c++ - skipped
[0.347s] -- Detecting CXX compile features
[0.347s] -- Detecting CXX compile features - done
[0.349s] -- Found ament_cmake: 1.3.11 (/opt/ros/humble/share/ament_cmake/cmake)
[0.501s] -- Found Python3: /usr/bin/python3 (found version "3.10.12") found components: Interpreter 
[0.583s] -- Found rclcpp: 16.0.12 (/opt/ros/humble/share/rclcpp/cmake)
[0.614s] -- Found rosidl_generator_c: 3.1.6 (/opt/ros/humble/share/rosidl_generator_c/cmake)
[0.617s] -- Found rosidl_adapter: 3.1.6 (/opt/ros/humble/share/rosidl_adapter/cmake)
[0.623s] -- Found rosidl_generator_cpp: 3.1.6 (/opt/ros/humble/share/rosidl_generator_cpp/cmake)
[0.634s] -- Using all available rosidl_typesupport_c: rosidl_typesupport_fastrtps_c;rosidl_typesupport_introspection_c
[0.646s] -- Using all available rosidl_typesupport_cpp: rosidl_typesupport_fastrtps_cpp;rosidl_typesupport_introspection_cpp
[0.676s] -- Found rmw_implementation_cmake: 6.1.2 (/opt/ros/humble/share/rmw_implementation_cmake/cmake)
[0.679s] -- Found rmw_fastrtps_cpp: 6.2.7 (/opt/ros/humble/share/rmw_fastrtps_cpp/cmake)
[0.763s] -- Found OpenSSL: /usr/lib/x86_64-linux-gnu/libcrypto.so (found version "3.0.2")  
[0.789s] -- Found FastRTPS: /opt/ros/humble/include  
[0.827s] -- Using RMW implementation 'rmw_fastrtps_cpp' as default
[0.834s] -- Looking for pthread.h
[0.908s] -- Looking for pthread.h - found
[0.909s] -- Performing Test CMAKE_HAVE_LIBC_PTHREAD
[0.982s] -- Performing Test CMAKE_HAVE_LIBC_PTHREAD - Success
[0.983s] -- Found Threads: TRUE  
[1.024s] -- Found rclpy: 3.3.16 (/opt/ros/humble/share/rclpy/cmake)
[1.025s] -- Found sensor_msgs: 4.8.0 (/opt/ros/humble/share/sensor_msgs/cmake)
[1.048s] -- Found rosidl_default_generators: 1.2.0 (/opt/ros/humble/share/rosidl_default_generators/cmake)
[1.280s] -- Found ament_cmake_ros: 0.10.0 (/opt/ros/humble/share/ament_cmake_ros/cmake)
[1.581s] -- Using all available rosidl_typesupport_c: rosidl_typesupport_fastrtps_c;rosidl_typesupport_introspection_c
[1.695s] -- Using all available rosidl_typesupport_cpp: rosidl_typesupport_fastrtps_cpp;rosidl_typesupport_introspection_cpp
[1.718s] -- Found PythonInterp: /usr/bin/python3 (found suitable version "3.10.12", minimum required is "3.6") 
[1.719s] -- Found python_cmake_module: 0.10.0 (/opt/ros/humble/share/python_cmake_module/cmake)
[1.739s] -- Found PythonLibs: /usr/lib/x86_64-linux-gnu/libpython3.10.so (found suitable version "3.10.12", minimum required is "3.5") 
[1.739s] -- Using PYTHON_EXECUTABLE: /usr/bin/python3
[1.739s] -- Using PYTHON_INCLUDE_DIRS: /usr/include/python3.10
[1.739s] -- Using PYTHON_LIBRARIES: /usr/lib/x86_64-linux-gnu/libpython3.10.so
[1.763s] -- Found PythonExtra: .so  
[1.792s] -- Found ament_lint_auto: 0.12.12 (/opt/ros/humble/share/ament_lint_auto/cmake)
[1.803s] -- Added test 'lint_cmake' to check CMake code style
[1.804s] -- Added test 'xmllint' to check XML markup files
[1.806s] -- Configuring done
[1.827s] -- Generating done
[1.834s] -- Build files have been written to: /home/andrea/dobot_v3/build/custom_messages
[1.845s] Invoked command in '/home/andrea/dobot_v3/build/custom_messages' returned '0': CMAKE_PREFIX_PATH=${CMAKE_PREFIX_PATH}:/home/andrea/dobot_v3/install/servo_action:/home/andrea/dobot_v3/install/dobot_bringup_v3:/home/andrea/dobot_v3/install/dobot_moveit:/home/andrea/dobot_v3/install/dobot_demo:/opt/ros/humble /usr/bin/cmake /home/andrea/dobot_v3/src/custom_messages/custom_messages -DCMAKE_INSTALL_PREFIX=/home/andrea/dobot_v3/install/custom_messages
[1.848s] Invoking command in '/home/andrea/dobot_v3/build/custom_messages': CMAKE_PREFIX_PATH=${CMAKE_PREFIX_PATH}:/home/andrea/dobot_v3/install/servo_action:/home/andrea/dobot_v3/install/dobot_bringup_v3:/home/andrea/dobot_v3/install/dobot_moveit:/home/andrea/dobot_v3/install/dobot_demo:/opt/ros/humble /usr/bin/cmake --build /home/andrea/dobot_v3/build/custom_messages -- -j12 -l12
[1.895s] [  1%] [34m[1mGenerating C code for ROS interfaces[0m
[1.907s] [  2%] [34m[1mGenerating C++ code for ROS interfaces[0m
[1.917s] [  2%] Built target ament_cmake_python_copy_custom_messages
[2.131s] running egg_info
[2.132s] creating custom_messages.egg-info
[2.132s] writing custom_messages.egg-info/PKG-INFO
[2.132s] writing dependency_links to custom_messages.egg-info/dependency_links.txt
[2.132s] writing top-level names to custom_messages.egg-info/top_level.txt
[2.132s] writing manifest file 'custom_messages.egg-info/SOURCES.txt'
[2.134s] reading manifest file 'custom_messages.egg-info/SOURCES.txt'
[2.134s] writing manifest file 'custom_messages.egg-info/SOURCES.txt'
[2.162s] [  2%] Built target ament_cmake_python_build_custom_messages_egg
[2.322s] [  2%] Built target custom_messages__cpp
[2.331s] [  4%] [34m[1mGenerating C++ introspection for ROS interfaces[0m
[2.332s] [  5%] [34m[1mGenerating C++ type support dispatch for ROS interfaces[0m
[2.333s] [  7%] [34m[1mGenerating C++ type support for eProsima Fast-RTPS[0m
[2.553s] [  9%] [32mBuilding C object CMakeFiles/custom_messages__rosidl_generator_c.dir/rosidl_generator_c/custom_messages/msg/detail/circumference__functions.c.o[0m
[2.554s] [  9%] [32mBuilding C object CMakeFiles/custom_messages__rosidl_generator_c.dir/rosidl_generator_c/custom_messages/msg/detail/bounding_box__functions.c.o[0m
[2.554s] [ 12%] [32mBuilding C object CMakeFiles/custom_messages__rosidl_generator_c.dir/rosidl_generator_c/custom_messages/msg/detail/map__functions.c.o[0m
[2.554s] [ 12%] [32mBuilding C object CMakeFiles/custom_messages__rosidl_generator_c.dir/rosidl_generator_c/custom_messages/msg/detail/object__functions.c.o[0m
[2.554s] [ 14%] [32mBuilding C object CMakeFiles/custom_messages__rosidl_generator_c.dir/rosidl_generator_c/custom_messages/msg/detail/optimal_point__functions.c.o[0m
[2.554s] [ 15%] [32mBuilding C object CMakeFiles/custom_messages__rosidl_generator_c.dir/rosidl_generator_c/custom_messages/msg/detail/point__functions.c.o[0m
[2.615s] [ 16%] [32m[1mLinking C shared library libcustom_messages__rosidl_generator_c.so[0m
[2.631s] [ 18%] [32mBuilding CXX object CMakeFiles/custom_messages__rosidl_typesupport_introspection_cpp.dir/rosidl_typesupport_introspection_cpp/custom_messages/msg/detail/optimal_point__type_support.cpp.o[0m
[2.633s] [ 23%] [32mBuilding CXX object CMakeFiles/custom_messages__rosidl_typesupport_introspection_cpp.dir/rosidl_typesupport_introspection_cpp/custom_messages/msg/detail/point__type_support.cpp.o[0m
[2.635s] [ 23%] [32mBuilding CXX object CMakeFiles/custom_messages__rosidl_typesupport_introspection_cpp.dir/rosidl_typesupport_introspection_cpp/custom_messages/msg/detail/bounding_box__type_support.cpp.o[0m
[2.635s] [ 23%] [32mBuilding CXX object CMakeFiles/custom_messages__rosidl_typesupport_introspection_cpp.dir/rosidl_typesupport_introspection_cpp/custom_messages/msg/detail/circumference__type_support.cpp.o[0m
[2.635s] [ 25%] [32mBuilding CXX object CMakeFiles/custom_messages__rosidl_typesupport_introspection_cpp.dir/rosidl_typesupport_introspection_cpp/custom_messages/msg/detail/map__type_support.cpp.o[0m
[2.635s] [ 25%] [32mBuilding CXX object CMakeFiles/custom_messages__rosidl_typesupport_introspection_cpp.dir/rosidl_typesupport_introspection_cpp/custom_messages/msg/detail/object__type_support.cpp.o[0m
[2.661s] [ 25%] Built target custom_messages__rosidl_generator_c
[2.675s] [ 28%] [34m[1mGenerating C type support dispatch for ROS interfaces[0m
[2.675s] [ 28%] [34m[1mGenerating C type support for eProsima Fast-RTPS[0m
[2.675s] [ 29%] [34m[1mGenerating C introspection for ROS interfaces[0m
[2.893s] [ 30%] [32mBuilding CXX object CMakeFiles/custom_messages__rosidl_typesupport_cpp.dir/rosidl_typesupport_cpp/custom_messages/msg/circumference__type_support.cpp.o[0m
[2.898s] [ 32%] [32mBuilding CXX object CMakeFiles/custom_messages__rosidl_typesupport_cpp.dir/rosidl_typesupport_cpp/custom_messages/msg/bounding_box__type_support.cpp.o[0m
[3.107s] [ 33%] [32mBuilding CXX object CMakeFiles/custom_messages__rosidl_typesupport_cpp.dir/rosidl_typesupport_cpp/custom_messages/msg/map__type_support.cpp.o[0m
[3.185s] [ 35%] [32mBuilding CXX object CMakeFiles/custom_messages__rosidl_typesupport_fastrtps_cpp.dir/rosidl_typesupport_fastrtps_cpp/custom_messages/msg/detail/dds_fastrtps/bounding_box__type_support.cpp.o[0m
[3.250s] [ 36%] [32mBuilding CXX object CMakeFiles/custom_messages__rosidl_typesupport_cpp.dir/rosidl_typesupport_cpp/custom_messages/msg/object__type_support.cpp.o[0m
[3.273s] [ 38%] [32mBuilding CXX object CMakeFiles/custom_messages__rosidl_typesupport_fastrtps_cpp.dir/rosidl_typesupport_fastrtps_cpp/custom_messages/msg/detail/dds_fastrtps/circumference__type_support.cpp.o[0m
[3.276s] [ 39%] [32mBuilding CXX object CMakeFiles/custom_messages__rosidl_typesupport_c.dir/rosidl_typesupport_c/custom_messages/msg/bounding_box__type_support.cpp.o[0m
[3.286s] [ 40%] [32mBuilding CXX object CMakeFiles/custom_messages__rosidl_typesupport_fastrtps_cpp.dir/rosidl_typesupport_fastrtps_cpp/custom_messages/msg/detail/dds_fastrtps/map__type_support.cpp.o[0m
[3.321s] [ 42%] [32mBuilding CXX object CMakeFiles/custom_messages__rosidl_typesupport_c.dir/rosidl_typesupport_c/custom_messages/msg/map__type_support.cpp.o[0m
[3.326s] [ 43%] [32mBuilding CXX object CMakeFiles/custom_messages__rosidl_typesupport_c.dir/rosidl_typesupport_c/custom_messages/msg/circumference__type_support.cpp.o[0m
[3.371s] [ 45%] [32mBuilding CXX object CMakeFiles/custom_messages__rosidl_typesupport_cpp.dir/rosidl_typesupport_cpp/custom_messages/msg/optimal_point__type_support.cpp.o[0m
[3.388s] [ 46%] [32mBuilding CXX object CMakeFiles/custom_messages__rosidl_typesupport_fastrtps_cpp.dir/rosidl_typesupport_fastrtps_cpp/custom_messages/msg/detail/dds_fastrtps/object__type_support.cpp.o[0m
[3.409s] [ 47%] [32mBuilding CXX object CMakeFiles/custom_messages__rosidl_typesupport_c.dir/rosidl_typesupport_c/custom_messages/msg/object__type_support.cpp.o[0m
[3.428s] [ 49%] [32mBuilding C object CMakeFiles/custom_messages__rosidl_typesupport_introspection_c.dir/rosidl_typesupport_introspection_c/custom_messages/msg/detail/bounding_box__type_support.c.o[0m
[3.432s] [ 50%] [32mBuilding CXX object CMakeFiles/custom_messages__rosidl_typesupport_c.dir/rosidl_typesupport_c/custom_messages/msg/optimal_point__type_support.cpp.o[0m
[3.463s] [ 52%] [32mBuilding C object CMakeFiles/custom_messages__rosidl_typesupport_introspection_c.dir/rosidl_typesupport_introspection_c/custom_messages/msg/detail/circumference__type_support.c.o[0m
[3.473s] [ 53%] [32mBuilding CXX object CMakeFiles/custom_messages__rosidl_typesupport_c.dir/rosidl_typesupport_c/custom_messages/msg/point__type_support.cpp.o[0m
[3.485s] [ 54%] [32mBuilding CXX object CMakeFiles/custom_messages__rosidl_typesupport_fastrtps_cpp.dir/rosidl_typesupport_fastrtps_cpp/custom_messages/msg/detail/dds_fastrtps/optimal_point__type_support.cpp.o[0m
[3.506s] [ 56%] [32m[1mLinking CXX shared library libcustom_messages__rosidl_typesupport_c.so[0m
[3.510s] [ 57%] [32mBuilding CXX object CMakeFiles/custom_messages__rosidl_typesupport_fastrtps_cpp.dir/rosidl_typesupport_fastrtps_cpp/custom_messages/msg/detail/dds_fastrtps/point__type_support.cpp.o[0m
[3.529s] [ 59%] [32mBuilding C object CMakeFiles/custom_messages__rosidl_typesupport_introspection_c.dir/rosidl_typesupport_introspection_c/custom_messages/msg/detail/map__type_support.c.o[0m
[3.558s] [ 60%] [32m[1mLinking CXX shared library libcustom_messages__rosidl_typesupport_introspection_cpp.so[0m
[3.565s] [ 60%] Built target custom_messages__rosidl_typesupport_c
[3.574s] [ 61%] [32mBuilding CXX object CMakeFiles/custom_messages__rosidl_typesupport_cpp.dir/rosidl_typesupport_cpp/custom_messages/msg/point__type_support.cpp.o[0m
[3.588s] [ 63%] [32mBuilding CXX object CMakeFiles/custom_messages__rosidl_typesupport_fastrtps_c.dir/rosidl_typesupport_fastrtps_c/custom_messages/msg/detail/bounding_box__type_support_c.cpp.o[0m
[3.606s] [ 64%] [32mBuilding C object CMakeFiles/custom_messages__rosidl_typesupport_introspection_c.dir/rosidl_typesupport_introspection_c/custom_messages/msg/detail/object__type_support.c.o[0m
[3.712s] [ 66%] [32mBuilding C object CMakeFiles/custom_messages__rosidl_typesupport_introspection_c.dir/rosidl_typesupport_introspection_c/custom_messages/msg/detail/optimal_point__type_support.c.o[0m
[3.721s] [ 66%] Built target custom_messages__rosidl_typesupport_introspection_cpp
[3.724s] [ 67%] [32mBuilding CXX object CMakeFiles/custom_messages__rosidl_typesupport_fastrtps_c.dir/rosidl_typesupport_fastrtps_c/custom_messages/msg/detail/circumference__type_support_c.cpp.o[0m
[3.740s] [ 69%] [32mBuilding CXX object CMakeFiles/custom_messages__rosidl_typesupport_fastrtps_c.dir/rosidl_typesupport_fastrtps_c/custom_messages/msg/detail/map__type_support_c.cpp.o[0m
[3.760s] [ 70%] [32mBuilding C object CMakeFiles/custom_messages__rosidl_typesupport_introspection_c.dir/rosidl_typesupport_introspection_c/custom_messages/msg/detail/point__type_support.c.o[0m
[3.800s] [ 71%] [32m[1mLinking C shared library libcustom_messages__rosidl_typesupport_introspection_c.so[0m
[3.845s] [ 71%] Built target custom_messages__rosidl_typesupport_introspection_c
[3.860s] [ 73%] [32mBuilding CXX object CMakeFiles/custom_messages__rosidl_typesupport_fastrtps_c.dir/rosidl_typesupport_fastrtps_c/custom_messages/msg/detail/object__type_support_c.cpp.o[0m
[3.880s] [ 74%] [32mBuilding CXX object CMakeFiles/custom_messages__rosidl_typesupport_fastrtps_c.dir/rosidl_typesupport_fastrtps_c/custom_messages/msg/detail/optimal_point__type_support_c.cpp.o[0m
[3.929s] [ 76%] [32mBuilding CXX object CMakeFiles/custom_messages__rosidl_typesupport_fastrtps_c.dir/rosidl_typesupport_fastrtps_c/custom_messages/msg/detail/point__type_support_c.cpp.o[0m
[4.080s] [ 77%] [32m[1mLinking CXX shared library libcustom_messages__rosidl_typesupport_cpp.so[0m
[4.137s] [ 77%] Built target custom_messages__rosidl_typesupport_cpp
[4.185s] [ 78%] [32m[1mLinking CXX shared library libcustom_messages__rosidl_typesupport_fastrtps_cpp.so[0m
[4.314s] [ 78%] Built target custom_messages__rosidl_typesupport_fastrtps_cpp
[4.470s] [ 80%] [32m[1mLinking CXX shared library libcustom_messages__rosidl_typesupport_fastrtps_c.so[0m
[4.574s] [ 80%] Built target custom_messages__rosidl_typesupport_fastrtps_c
[4.600s] [ 80%] Built target custom_messages
[4.626s] [ 81%] [34m[1mGenerating Python code for ROS interfaces[0m
[5.252s] [ 81%] Built target custom_messages__py
[5.272s] [ 83%] [32mBuilding C object CMakeFiles/custom_messages__rosidl_generator_py.dir/rosidl_generator_py/custom_messages/msg/_point_s.c.o[0m
[5.275s] [ 84%] [32mBuilding C object CMakeFiles/custom_messages__rosidl_generator_py.dir/rosidl_generator_py/custom_messages/msg/_map_s.c.o[0m
[5.276s] [ 90%] [32mBuilding C object CMakeFiles/custom_messages__rosidl_generator_py.dir/rosidl_generator_py/custom_messages/msg/_object_s.c.o[0m
[5.276s] [ 90%] [32mBuilding C object CMakeFiles/custom_messages__rosidl_generator_py.dir/rosidl_generator_py/custom_messages/msg/_circumference_s.c.o[0m
[5.276s] [ 90%] [32mBuilding C object CMakeFiles/custom_messages__rosidl_generator_py.dir/rosidl_generator_py/custom_messages/msg/_bounding_box_s.c.o[0m
[5.276s] [ 90%] [32mBuilding C object CMakeFiles/custom_messages__rosidl_generator_py.dir/rosidl_generator_py/custom_messages/msg/_optimal_point_s.c.o[0m
[5.408s] [ 91%] [32m[1mLinking C shared library rosidl_generator_py/custom_messages/libcustom_messages__rosidl_generator_py.so[0m
[5.447s] [ 91%] Built target custom_messages__rosidl_generator_py
[5.469s] [ 92%] [32mBuilding C object CMakeFiles/custom_messages__rosidl_typesupport_c__pyext.dir/rosidl_generator_py/custom_messages/_custom_messages_s.ep.rosidl_typesupport_c.c.o[0m
[5.471s] [ 95%] [32mBuilding C object CMakeFiles/custom_messages__rosidl_typesupport_fastrtps_c__pyext.dir/rosidl_generator_py/custom_messages/_custom_messages_s.ep.rosidl_typesupport_fastrtps_c.c.o[0m
[5.471s] [ 95%] [32mBuilding C object CMakeFiles/custom_messages__rosidl_typesupport_introspection_c__pyext.dir/rosidl_generator_py/custom_messages/_custom_messages_s.ep.rosidl_typesupport_introspection_c.c.o[0m
[5.537s] [ 97%] [32m[1mLinking C shared library rosidl_generator_py/custom_messages/custom_messages_s__rosidl_typesupport_c.cpython-310-x86_64-linux-gnu.so[0m
[5.554s] [ 98%] [32m[1mLinking C shared library rosidl_generator_py/custom_messages/custom_messages_s__rosidl_typesupport_fastrtps_c.cpython-310-x86_64-linux-gnu.so[0m
[5.575s] [ 98%] Built target custom_messages__rosidl_typesupport_c__pyext
[5.584s] [ 98%] Built target custom_messages__rosidl_typesupport_fastrtps_c__pyext
[5.601s] [100%] [32m[1mLinking C shared library rosidl_generator_py/custom_messages/custom_messages_s__rosidl_typesupport_introspection_c.cpython-310-x86_64-linux-gnu.so[0m
[5.642s] [100%] Built target custom_messages__rosidl_typesupport_introspection_c__pyext
[5.655s] Invoked command in '/home/andrea/dobot_v3/build/custom_messages' returned '0': CMAKE_PREFIX_PATH=${CMAKE_PREFIX_PATH}:/home/andrea/dobot_v3/install/servo_action:/home/andrea/dobot_v3/install/dobot_bringup_v3:/home/andrea/dobot_v3/install/dobot_moveit:/home/andrea/dobot_v3/install/dobot_demo:/opt/ros/humble /usr/bin/cmake --build /home/andrea/dobot_v3/build/custom_messages -- -j12 -l12
[5.667s] Invoking command in '/home/andrea/dobot_v3/build/custom_messages': CMAKE_PREFIX_PATH=${CMAKE_PREFIX_PATH}:/home/andrea/dobot_v3/install/servo_action:/home/andrea/dobot_v3/install/dobot_bringup_v3:/home/andrea/dobot_v3/install/dobot_moveit:/home/andrea/dobot_v3/install/dobot_demo:/opt/ros/humble /usr/bin/cmake --install /home/andrea/dobot_v3/build/custom_messages
[5.677s] -- Install configuration: ""
[5.677s] -- Installing: /home/andrea/dobot_v3/install/custom_messages/share/ament_index/resource_index/rosidl_interfaces/custom_messages
[5.677s] -- Installing: /home/andrea/dobot_v3/install/custom_messages/include/custom_messages/custom_messages
[5.677s] -- Installing: /home/andrea/dobot_v3/install/custom_messages/include/custom_messages/custom_messages/msg
[5.677s] -- Installing: /home/andrea/dobot_v3/install/custom_messages/include/custom_messages/custom_messages/msg/circumference.h
[5.677s] -- Installing: /home/andrea/dobot_v3/install/custom_messages/include/custom_messages/custom_messages/msg/detail
[5.677s] -- Installing: /home/andrea/dobot_v3/install/custom_messages/include/custom_messages/custom_messages/msg/detail/point__functions.c
[5.678s] -- Installing: /home/andrea/dobot_v3/install/custom_messages/include/custom_messages/custom_messages/msg/detail/circumference__functions.h
[5.678s] -- Installing: /home/andrea/dobot_v3/install/custom_messages/include/custom_messages/custom_messages/msg/detail/optimal_point__functions.c
[5.678s] -- Installing: /home/andrea/dobot_v3/install/custom_messages/include/custom_messages/custom_messages/msg/detail/optimal_point__type_support.h
[5.678s] -- Installing: /home/andrea/dobot_v3/install/custom_messages/include/custom_messages/custom_messages/msg/detail/optimal_point__functions.h
[5.678s] -- Installing: /home/andrea/dobot_v3/install/custom_messages/include/custom_messages/custom_messages/msg/detail/point__type_support.h
[5.678s] -- Installing: /home/andrea/dobot_v3/install/custom_messages/include/custom_messages/custom_messages/msg/detail/object__struct.h
[5.678s] -- Installing: /home/andrea/dobot_v3/install/custom_messages/include/custom_messages/custom_messages/msg/detail/point__functions.h
[5.678s] -- Installing: /home/andrea/dobot_v3/install/custom_messages/include/custom_messages/custom_messages/msg/detail/object__functions.c
[5.679s] -- Installing: /home/andrea/dobot_v3/install/custom_messages/include/custom_messages/custom_messages/msg/detail/map__functions.c
[5.679s] -- Installing: /home/andrea/dobot_v3/install/custom_messages/include/custom_messages/custom_messages/msg/detail/map__struct.h
[5.679s] -- Installing: /home/andrea/dobot_v3/install/custom_messages/include/custom_messages/custom_messages/msg/detail/bounding_box__functions.c
[5.679s] -- Installing: /home/andrea/dobot_v3/install/custom_messages/include/custom_messages/custom_messages/msg/detail/bounding_box__type_support.h
[5.679s] -- Installing: /home/andrea/dobot_v3/install/custom_messages/include/custom_messages/custom_messages/msg/detail/bounding_box__struct.h
[5.679s] -- Installing: /home/andrea/dobot_v3/install/custom_messages/include/custom_messages/custom_messages/msg/detail/object__functions.h
[5.679s] -- Installing: /home/andrea/dobot_v3/install/custom_messages/include/custom_messages/custom_messages/msg/detail/circumference__struct.h
[5.679s] -- Installing: /home/andrea/dobot_v3/install/custom_messages/include/custom_messages/custom_messages/msg/detail/optimal_point__struct.h
[5.679s] -- Installing: /home/andrea/dobot_v3/install/custom_messages/include/custom_messages/custom_messages/msg/detail/bounding_box__functions.h
[5.679s] -- Installing: /home/andrea/dobot_v3/install/custom_messages/include/custom_messages/custom_messages/msg/detail/circumference__functions.c
[5.679s] -- Installing: /home/andrea/dobot_v3/install/custom_messages/include/custom_messages/custom_messages/msg/detail/point__struct.h
[5.680s] -- Installing: /home/andrea/dobot_v3/install/custom_messages/include/custom_messages/custom_messages/msg/detail/map__functions.h
[5.680s] -- Installing: /home/andrea/dobot_v3/install/custom_messages/include/custom_messages/custom_messages/msg/detail/circumference__type_support.h
[5.680s] -- Installing: /home/andrea/dobot_v3/install/custom_messages/include/custom_messages/custom_messages/msg/detail/object__type_support.h
[5.680s] -- Installing: /home/andrea/dobot_v3/install/custom_messages/include/custom_messages/custom_messages/msg/detail/map__type_support.h
[5.680s] -- Installing: /home/andrea/dobot_v3/install/custom_messages/include/custom_messages/custom_messages/msg/point.h
[5.680s] -- Installing: /home/andrea/dobot_v3/install/custom_messages/include/custom_messages/custom_messages/msg/object.h
[5.680s] -- Installing: /home/andrea/dobot_v3/install/custom_messages/include/custom_messages/custom_messages/msg/optimal_point.h
[5.680s] -- Installing: /home/andrea/dobot_v3/install/custom_messages/include/custom_messages/custom_messages/msg/rosidl_generator_c__visibility_control.h
[5.680s] -- Installing: /home/andrea/dobot_v3/install/custom_messages/include/custom_messages/custom_messages/msg/bounding_box.h
[5.681s] -- Installing: /home/andrea/dobot_v3/install/custom_messages/include/custom_messages/custom_messages/msg/map.h
[5.681s] -- Installing: /home/andrea/dobot_v3/install/custom_messages/share/custom_messages/environment/library_path.sh
[5.681s] -- Installing: /home/andrea/dobot_v3/install/custom_messages/share/custom_messages/environment/library_path.dsv
[5.681s] -- Installing: /home/andrea/dobot_v3/install/custom_messages/lib/libcustom_messages__rosidl_generator_c.so
[5.681s] -- Set runtime path of "/home/andrea/dobot_v3/install/custom_messages/lib/libcustom_messages__rosidl_generator_c.so" to ""
[5.681s] -- Up-to-date: /home/andrea/dobot_v3/install/custom_messages/include/custom_messages/custom_messages
[5.681s] -- Up-to-date: /home/andrea/dobot_v3/install/custom_messages/include/custom_messages/custom_messages/msg
[5.681s] -- Up-to-date: /home/andrea/dobot_v3/install/custom_messages/include/custom_messages/custom_messages/msg/detail
[5.682s] -- Installing: /home/andrea/dobot_v3/install/custom_messages/include/custom_messages/custom_messages/msg/detail/bounding_box__rosidl_typesupport_fastrtps_c.h
[5.682s] -- Installing: /home/andrea/dobot_v3/install/custom_messages/include/custom_messages/custom_messages/msg/detail/object__rosidl_typesupport_fastrtps_c.h
[5.682s] -- Installing: /home/andrea/dobot_v3/install/custom_messages/include/custom_messages/custom_messages/msg/detail/optimal_point__rosidl_typesupport_fastrtps_c.h
[5.682s] -- Installing: /home/andrea/dobot_v3/install/custom_messages/include/custom_messages/custom_messages/msg/detail/circumference__rosidl_typesupport_fastrtps_c.h
[5.682s] -- Installing: /home/andrea/dobot_v3/install/custom_messages/include/custom_messages/custom_messages/msg/detail/map__rosidl_typesupport_fastrtps_c.h
[5.682s] -- Installing: /home/andrea/dobot_v3/install/custom_messages/include/custom_messages/custom_messages/msg/detail/point__rosidl_typesupport_fastrtps_c.h
[5.682s] -- Installing: /home/andrea/dobot_v3/install/custom_messages/include/custom_messages/custom_messages/msg/rosidl_typesupport_fastrtps_c__visibility_control.h
[5.682s] -- Installing: /home/andrea/dobot_v3/install/custom_messages/lib/libcustom_messages__rosidl_typesupport_fastrtps_c.so
[5.682s] -- Set runtime path of "/home/andrea/dobot_v3/install/custom_messages/lib/libcustom_messages__rosidl_typesupport_fastrtps_c.so" to ""
[5.682s] -- Up-to-date: /home/andrea/dobot_v3/install/custom_messages/include/custom_messages/custom_messages
[5.683s] -- Up-to-date: /home/andrea/dobot_v3/install/custom_messages/include/custom_messages/custom_messages/msg
[5.683s] -- Installing: /home/andrea/dobot_v3/install/custom_messages/include/custom_messages/custom_messages/msg/point.hpp
[5.683s] -- Up-to-date: /home/andrea/dobot_v3/install/custom_messages/include/custom_messages/custom_messages/msg/detail
[5.683s] -- Installing: /home/andrea/dobot_v3/install/custom_messages/include/custom_messages/custom_messages/msg/detail/optimal_point__struct.hpp
[5.683s] -- Installing: /home/andrea/dobot_v3/install/custom_messages/include/custom_messages/custom_messages/msg/detail/object__type_support.hpp
[5.683s] -- Installing: /home/andrea/dobot_v3/install/custom_messages/include/custom_messages/custom_messages/msg/detail/map__type_support.hpp
[5.683s] -- Installing: /home/andrea/dobot_v3/install/custom_messages/include/custom_messages/custom_messages/msg/detail/point__traits.hpp
[5.683s] -- Installing: /home/andrea/dobot_v3/install/custom_messages/include/custom_messages/custom_messages/msg/detail/bounding_box__builder.hpp
[5.683s] -- Installing: /home/andrea/dobot_v3/install/custom_messages/include/custom_messages/custom_messages/msg/detail/bounding_box__struct.hpp
[5.684s] -- Installing: /home/andrea/dobot_v3/install/custom_messages/include/custom_messages/custom_messages/msg/detail/point__type_support.hpp
[5.684s] -- Installing: /home/andrea/dobot_v3/install/custom_messages/include/custom_messages/custom_messages/msg/detail/circumference__builder.hpp
[5.684s] -- Installing: /home/andrea/dobot_v3/install/custom_messages/include/custom_messages/custom_messages/msg/detail/point__builder.hpp
[5.684s] -- Installing: /home/andrea/dobot_v3/install/custom_messages/include/custom_messages/custom_messages/msg/detail/bounding_box__type_support.hpp
[5.684s] -- Installing: /home/andrea/dobot_v3/install/custom_messages/include/custom_messages/custom_messages/msg/detail/map__traits.hpp
[5.684s] -- Installing: /home/andrea/dobot_v3/install/custom_messages/include/custom_messages/custom_messages/msg/detail/object__traits.hpp
[5.684s] -- Installing: /home/andrea/dobot_v3/install/custom_messages/include/custom_messages/custom_messages/msg/detail/optimal_point__builder.hpp
[5.684s] -- Installing: /home/andrea/dobot_v3/install/custom_messages/include/custom_messages/custom_messages/msg/detail/map__struct.hpp
[5.684s] -- Installing: /home/andrea/dobot_v3/install/custom_messages/include/custom_messages/custom_messages/msg/detail/circumference__struct.hpp
[5.685s] -- Installing: /home/andrea/dobot_v3/install/custom_messages/include/custom_messages/custom_messages/msg/detail/circumference__traits.hpp
[5.685s] -- Installing: /home/andrea/dobot_v3/install/custom_messages/include/custom_messages/custom_messages/msg/detail/map__builder.hpp
[5.685s] -- Installing: /home/andrea/dobot_v3/install/custom_messages/include/custom_messages/custom_messages/msg/detail/bounding_box__traits.hpp
[5.685s] -- Installing: /home/andrea/dobot_v3/install/custom_messages/include/custom_messages/custom_messages/msg/detail/optimal_point__type_support.hpp
[5.685s] -- Installing: /home/andrea/dobot_v3/install/custom_messages/include/custom_messages/custom_messages/msg/detail/circumference__type_support.hpp
[5.685s] -- Installing: /home/andrea/dobot_v3/install/custom_messages/include/custom_messages/custom_messages/msg/detail/object__builder.hpp
[5.685s] -- Installing: /home/andrea/dobot_v3/install/custom_messages/include/custom_messages/custom_messages/msg/detail/point__struct.hpp
[5.685s] -- Installing: /home/andrea/dobot_v3/install/custom_messages/include/custom_messages/custom_messages/msg/detail/object__struct.hpp
[5.685s] -- Installing: /home/andrea/dobot_v3/install/custom_messages/include/custom_messages/custom_messages/msg/detail/optimal_point__traits.hpp
[5.685s] -- Installing: /home/andrea/dobot_v3/install/custom_messages/include/custom_messages/custom_messages/msg/bounding_box.hpp
[5.685s] -- Installing: /home/andrea/dobot_v3/install/custom_messages/include/custom_messages/custom_messages/msg/rosidl_generator_cpp__visibility_control.hpp
[5.686s] -- Installing: /home/andrea/dobot_v3/install/custom_messages/include/custom_messages/custom_messages/msg/object.hpp
[5.686s] -- Installing: /home/andrea/dobot_v3/install/custom_messages/include/custom_messages/custom_messages/msg/map.hpp
[5.686s] -- Installing: /home/andrea/dobot_v3/install/custom_messages/include/custom_messages/custom_messages/msg/optimal_point.hpp
[5.686s] -- Installing: /home/andrea/dobot_v3/install/custom_messages/include/custom_messages/custom_messages/msg/circumference.hpp
[5.686s] -- Up-to-date: /home/andrea/dobot_v3/install/custom_messages/include/custom_messages/custom_messages
[5.686s] -- Up-to-date: /home/andrea/dobot_v3/install/custom_messages/include/custom_messages/custom_messages/msg
[5.686s] -- Up-to-date: /home/andrea/dobot_v3/install/custom_messages/include/custom_messages/custom_messages/msg/detail
[5.686s] -- Installing: /home/andrea/dobot_v3/install/custom_messages/include/custom_messages/custom_messages/msg/detail/object__rosidl_typesupport_fastrtps_cpp.hpp
[5.686s] -- Installing: /home/andrea/dobot_v3/install/custom_messages/include/custom_messages/custom_messages/msg/detail/map__rosidl_typesupport_fastrtps_cpp.hpp
[5.686s] -- Installing: /home/andrea/dobot_v3/install/custom_messages/include/custom_messages/custom_messages/msg/detail/circumference__rosidl_typesupport_fastrtps_cpp.hpp
[5.686s] -- Installing: /home/andrea/dobot_v3/install/custom_messages/include/custom_messages/custom_messages/msg/detail/optimal_point__rosidl_typesupport_fastrtps_cpp.hpp
[5.687s] -- Installing: /home/andrea/dobot_v3/install/custom_messages/include/custom_messages/custom_messages/msg/detail/point__rosidl_typesupport_fastrtps_cpp.hpp
[5.687s] -- Installing: /home/andrea/dobot_v3/install/custom_messages/include/custom_messages/custom_messages/msg/detail/dds_fastrtps
[5.687s] -- Installing: /home/andrea/dobot_v3/install/custom_messages/include/custom_messages/custom_messages/msg/detail/bounding_box__rosidl_typesupport_fastrtps_cpp.hpp
[5.687s] -- Installing: /home/andrea/dobot_v3/install/custom_messages/include/custom_messages/custom_messages/msg/rosidl_typesupport_fastrtps_cpp__visibility_control.h
[5.687s] -- Installing: /home/andrea/dobot_v3/install/custom_messages/lib/libcustom_messages__rosidl_typesupport_fastrtps_cpp.so
[5.687s] -- Set runtime path of "/home/andrea/dobot_v3/install/custom_messages/lib/libcustom_messages__rosidl_typesupport_fastrtps_cpp.so" to ""
[5.687s] -- Up-to-date: /home/andrea/dobot_v3/install/custom_messages/include/custom_messages/custom_messages
[5.687s] -- Up-to-date: /home/andrea/dobot_v3/install/custom_messages/include/custom_messages/custom_messages/msg
[5.687s] -- Up-to-date: /home/andrea/dobot_v3/install/custom_messages/include/custom_messages/custom_messages/msg/detail
[5.687s] -- Installing: /home/andrea/dobot_v3/install/custom_messages/include/custom_messages/custom_messages/msg/detail/optimal_point__rosidl_typesupport_introspection_c.h
[5.687s] -- Installing: /home/andrea/dobot_v3/install/custom_messages/include/custom_messages/custom_messages/msg/detail/object__type_support.c
[5.687s] -- Installing: /home/andrea/dobot_v3/install/custom_messages/include/custom_messages/custom_messages/msg/detail/map__type_support.c
[5.687s] -- Installing: /home/andrea/dobot_v3/install/custom_messages/include/custom_messages/custom_messages/msg/detail/bounding_box__type_support.c
[5.687s] -- Installing: /home/andrea/dobot_v3/install/custom_messages/include/custom_messages/custom_messages/msg/detail/map__rosidl_typesupport_introspection_c.h
[5.687s] -- Installing: /home/andrea/dobot_v3/install/custom_messages/include/custom_messages/custom_messages/msg/detail/optimal_point__type_support.c
[5.687s] -- Installing: /home/andrea/dobot_v3/install/custom_messages/include/custom_messages/custom_messages/msg/detail/bounding_box__rosidl_typesupport_introspection_c.h
[5.687s] -- Installing: /home/andrea/dobot_v3/install/custom_messages/include/custom_messages/custom_messages/msg/detail/point__type_support.c
[5.687s] -- Installing: /home/andrea/dobot_v3/install/custom_messages/include/custom_messages/custom_messages/msg/detail/circumference__rosidl_typesupport_introspection_c.h
[5.687s] -- Installing: /home/andrea/dobot_v3/install/custom_messages/include/custom_messages/custom_messages/msg/detail/object__rosidl_typesupport_introspection_c.h
[5.687s] -- Installing: /home/andrea/dobot_v3/install/custom_messages/include/custom_messages/custom_messages/msg/detail/point__rosidl_typesupport_introspection_c.h
[5.687s] -- Installing: /home/andrea/dobot_v3/install/custom_messages/include/custom_messages/custom_messages/msg/detail/circumference__type_support.c
[5.687s] -- Installing: /home/andrea/dobot_v3/install/custom_messages/include/custom_messages/custom_messages/msg/rosidl_typesupport_introspection_c__visibility_control.h
[5.687s] -- Installing: /home/andrea/dobot_v3/install/custom_messages/lib/libcustom_messages__rosidl_typesupport_introspection_c.so
[5.687s] -- Set runtime path of "/home/andrea/dobot_v3/install/custom_messages/lib/libcustom_messages__rosidl_typesupport_introspection_c.so" to ""
[5.687s] -- Installing: /home/andrea/dobot_v3/install/custom_messages/lib/libcustom_messages__rosidl_typesupport_c.so
[5.687s] -- Set runtime path of "/home/andrea/dobot_v3/install/custom_messages/lib/libcustom_messages__rosidl_typesupport_c.so" to ""
[5.688s] -- Up-to-date: /home/andrea/dobot_v3/install/custom_messages/include/custom_messages/custom_messages
[5.688s] -- Up-to-date: /home/andrea/dobot_v3/install/custom_messages/include/custom_messages/custom_messages/msg
[5.688s] -- Up-to-date: /home/andrea/dobot_v3/install/custom_messages/include/custom_messages/custom_messages/msg/detail
[5.688s] -- Installing: /home/andrea/dobot_v3/install/custom_messages/include/custom_messages/custom_messages/msg/detail/object__type_support.cpp
[5.688s] -- Installing: /home/andrea/dobot_v3/install/custom_messages/include/custom_messages/custom_messages/msg/detail/optimal_point__rosidl_typesupport_introspection_cpp.hpp
[5.688s] -- Installing: /home/andrea/dobot_v3/install/custom_messages/include/custom_messages/custom_messages/msg/detail/point__type_support.cpp
[5.688s] -- Installing: /home/andrea/dobot_v3/install/custom_messages/include/custom_messages/custom_messages/msg/detail/point__rosidl_typesupport_introspection_cpp.hpp
[5.688s] -- Installing: /home/andrea/dobot_v3/install/custom_messages/include/custom_messages/custom_messages/msg/detail/bounding_box__rosidl_typesupport_introspection_cpp.hpp
[5.688s] -- Installing: /home/andrea/dobot_v3/install/custom_messages/include/custom_messages/custom_messages/msg/detail/bounding_box__type_support.cpp
[5.688s] -- Installing: /home/andrea/dobot_v3/install/custom_messages/include/custom_messages/custom_messages/msg/detail/object__rosidl_typesupport_introspection_cpp.hpp
[5.688s] -- Installing: /home/andrea/dobot_v3/install/custom_messages/include/custom_messages/custom_messages/msg/detail/optimal_point__type_support.cpp
[5.688s] -- Installing: /home/andrea/dobot_v3/install/custom_messages/include/custom_messages/custom_messages/msg/detail/circumference__type_support.cpp
[5.688s] -- Installing: /home/andrea/dobot_v3/install/custom_messages/include/custom_messages/custom_messages/msg/detail/map__type_support.cpp
[5.688s] -- Installing: /home/andrea/dobot_v3/install/custom_messages/include/custom_messages/custom_messages/msg/detail/circumference__rosidl_typesupport_introspection_cpp.hpp
[5.688s] -- Installing: /home/andrea/dobot_v3/install/custom_messages/include/custom_messages/custom_messages/msg/detail/map__rosidl_typesupport_introspection_cpp.hpp
[5.688s] -- Installing: /home/andrea/dobot_v3/install/custom_messages/lib/libcustom_messages__rosidl_typesupport_introspection_cpp.so
[5.688s] -- Set runtime path of "/home/andrea/dobot_v3/install/custom_messages/lib/libcustom_messages__rosidl_typesupport_introspection_cpp.so" to ""
[5.688s] -- Installing: /home/andrea/dobot_v3/install/custom_messages/lib/libcustom_messages__rosidl_typesupport_cpp.so
[5.688s] -- Set runtime path of "/home/andrea/dobot_v3/install/custom_messages/lib/libcustom_messages__rosidl_typesupport_cpp.so" to ""
[5.688s] -- Installing: /home/andrea/dobot_v3/install/custom_messages/share/custom_messages/environment/pythonpath.sh
[5.688s] -- Installing: /home/andrea/dobot_v3/install/custom_messages/share/custom_messages/environment/pythonpath.dsv
[5.688s] -- Installing: /home/andrea/dobot_v3/install/custom_messages/local/lib/python3.10/dist-packages/custom_messages-0.0.0-py3.10.egg-info
[5.688s] -- Installing: /home/andrea/dobot_v3/install/custom_messages/local/lib/python3.10/dist-packages/custom_messages-0.0.0-py3.10.egg-info/PKG-INFO
[5.688s] -- Installing: /home/andrea/dobot_v3/install/custom_messages/local/lib/python3.10/dist-packages/custom_messages-0.0.0-py3.10.egg-info/top_level.txt
[5.688s] -- Installing: /home/andrea/dobot_v3/install/custom_messages/local/lib/python3.10/dist-packages/custom_messages-0.0.0-py3.10.egg-info/SOURCES.txt
[5.688s] -- Installing: /home/andrea/dobot_v3/install/custom_messages/local/lib/python3.10/dist-packages/custom_messages-0.0.0-py3.10.egg-info/dependency_links.txt
[5.688s] -- Installing: /home/andrea/dobot_v3/install/custom_messages/local/lib/python3.10/dist-packages/custom_messages
[5.688s] -- Installing: /home/andrea/dobot_v3/install/custom_messages/local/lib/python3.10/dist-packages/custom_messages/_custom_messages_s.ep.rosidl_typesupport_c.c
[5.688s] -- Installing: /home/andrea/dobot_v3/install/custom_messages/local/lib/python3.10/dist-packages/custom_messages/custom_messages_s__rosidl_typesupport_introspection_c.cpython-310-x86_64-linux-gnu.so
[5.688s] -- Installing: /home/andrea/dobot_v3/install/custom_messages/local/lib/python3.10/dist-packages/custom_messages/libcustom_messages__rosidl_generator_py.so
[5.688s] -- Installing: /home/andrea/dobot_v3/install/custom_messages/local/lib/python3.10/dist-packages/custom_messages/msg
[5.688s] -- Installing: /home/andrea/dobot_v3/install/custom_messages/local/lib/python3.10/dist-packages/custom_messages/msg/_optimal_point.py
[5.688s] -- Installing: /home/andrea/dobot_v3/install/custom_messages/local/lib/python3.10/dist-packages/custom_messages/msg/_circumference_s.c
[5.688s] -- Installing: /home/andrea/dobot_v3/install/custom_messages/local/lib/python3.10/dist-packages/custom_messages/msg/_circumference.py
[5.688s] -- Installing: /home/andrea/dobot_v3/install/custom_messages/local/lib/python3.10/dist-packages/custom_messages/msg/_object_s.c
[5.688s] -- Installing: /home/andrea/dobot_v3/install/custom_messages/local/lib/python3.10/dist-packages/custom_messages/msg/_map_s.c
[5.689s] -- Installing: /home/andrea/dobot_v3/install/custom_messages/local/lib/python3.10/dist-packages/custom_messages/msg/_object.py
[5.689s] -- Installing: /home/andrea/dobot_v3/install/custom_messages/local/lib/python3.10/dist-packages/custom_messages/msg/_point.py
[5.689s] -- Installing: /home/andrea/dobot_v3/install/custom_messages/local/lib/python3.10/dist-packages/custom_messages/msg/_point_s.c
[5.689s] -- Installing: /home/andrea/dobot_v3/install/custom_messages/local/lib/python3.10/dist-packages/custom_messages/msg/_map.py
[5.689s] -- Installing: /home/andrea/dobot_v3/install/custom_messages/local/lib/python3.10/dist-packages/custom_messages/msg/_optimal_point_s.c
[5.689s] -- Installing: /home/andrea/dobot_v3/install/custom_messages/local/lib/python3.10/dist-packages/custom_messages/msg/_bounding_box.py
[5.689s] -- Installing: /home/andrea/dobot_v3/install/custom_messages/local/lib/python3.10/dist-packages/custom_messages/msg/_bounding_box_s.c
[5.689s] -- Installing: /home/andrea/dobot_v3/install/custom_messages/local/lib/python3.10/dist-packages/custom_messages/msg/__init__.py
[5.689s] -- Installing: /home/andrea/dobot_v3/install/custom_messages/local/lib/python3.10/dist-packages/custom_messages/_custom_messages_s.ep.rosidl_typesupport_introspection_c.c
[5.689s] -- Installing: /home/andrea/dobot_v3/install/custom_messages/local/lib/python3.10/dist-packages/custom_messages/custom_messages_s__rosidl_typesupport_fastrtps_c.cpython-310-x86_64-linux-gnu.so
[5.689s] -- Installing: /home/andrea/dobot_v3/install/custom_messages/local/lib/python3.10/dist-packages/custom_messages/custom_messages_s__rosidl_typesupport_c.cpython-310-x86_64-linux-gnu.so
[5.689s] -- Installing: /home/andrea/dobot_v3/install/custom_messages/local/lib/python3.10/dist-packages/custom_messages/__init__.py
[5.689s] -- Installing: /home/andrea/dobot_v3/install/custom_messages/local/lib/python3.10/dist-packages/custom_messages/_custom_messages_s.ep.rosidl_typesupport_fastrtps_c.c
[5.729s] Listing '/home/andrea/dobot_v3/install/custom_messages/local/lib/python3.10/dist-packages/custom_messages'...
[5.729s] Compiling '/home/andrea/dobot_v3/install/custom_messages/local/lib/python3.10/dist-packages/custom_messages/__init__.py'...
[5.729s] Listing '/home/andrea/dobot_v3/install/custom_messages/local/lib/python3.10/dist-packages/custom_messages/msg'...
[5.729s] Compiling '/home/andrea/dobot_v3/install/custom_messages/local/lib/python3.10/dist-packages/custom_messages/msg/__init__.py'...
[5.729s] Compiling '/home/andrea/dobot_v3/install/custom_messages/local/lib/python3.10/dist-packages/custom_messages/msg/_bounding_box.py'...
[5.729s] Compiling '/home/andrea/dobot_v3/install/custom_messages/local/lib/python3.10/dist-packages/custom_messages/msg/_circumference.py'...
[5.729s] Compiling '/home/andrea/dobot_v3/install/custom_messages/local/lib/python3.10/dist-packages/custom_messages/msg/_map.py'...
[5.729s] Compiling '/home/andrea/dobot_v3/install/custom_messages/local/lib/python3.10/dist-packages/custom_messages/msg/_object.py'...
[5.729s] Compiling '/home/andrea/dobot_v3/install/custom_messages/local/lib/python3.10/dist-packages/custom_messages/msg/_optimal_point.py'...
[5.729s] Compiling '/home/andrea/dobot_v3/install/custom_messages/local/lib/python3.10/dist-packages/custom_messages/msg/_point.py'...
[5.733s] -- Installing: /home/andrea/dobot_v3/install/custom_messages/local/lib/python3.10/dist-packages/custom_messages/custom_messages_s__rosidl_typesupport_fastrtps_c.cpython-310-x86_64-linux-gnu.so
[5.733s] -- Set runtime path of "/home/andrea/dobot_v3/install/custom_messages/local/lib/python3.10/dist-packages/custom_messages/custom_messages_s__rosidl_typesupport_fastrtps_c.cpython-310-x86_64-linux-gnu.so" to ""
[5.733s] -- Installing: /home/andrea/dobot_v3/install/custom_messages/local/lib/python3.10/dist-packages/custom_messages/custom_messages_s__rosidl_typesupport_introspection_c.cpython-310-x86_64-linux-gnu.so
[5.734s] -- Set runtime path of "/home/andrea/dobot_v3/install/custom_messages/local/lib/python3.10/dist-packages/custom_messages/custom_messages_s__rosidl_typesupport_introspection_c.cpython-310-x86_64-linux-gnu.so" to ""
[5.734s] -- Installing: /home/andrea/dobot_v3/install/custom_messages/local/lib/python3.10/dist-packages/custom_messages/custom_messages_s__rosidl_typesupport_c.cpython-310-x86_64-linux-gnu.so
[5.734s] -- Set runtime path of "/home/andrea/dobot_v3/install/custom_messages/local/lib/python3.10/dist-packages/custom_messages/custom_messages_s__rosidl_typesupport_c.cpython-310-x86_64-linux-gnu.so" to ""
[5.734s] -- Installing: /home/andrea/dobot_v3/install/custom_messages/lib/libcustom_messages__rosidl_generator_py.so
[5.735s] -- Set runtime path of "/home/andrea/dobot_v3/install/custom_messages/lib/libcustom_messages__rosidl_generator_py.so" to ""
[5.735s] -- Installing: /home/andrea/dobot_v3/install/custom_messages/share/custom_messages/msg/BoundingBox.idl
[5.735s] -- Installing: /home/andrea/dobot_v3/install/custom_messages/share/custom_messages/msg/Circumference.idl
[5.735s] -- Installing: /home/andrea/dobot_v3/install/custom_messages/share/custom_messages/msg/Map.idl
[5.735s] -- Installing: /home/andrea/dobot_v3/install/custom_messages/share/custom_messages/msg/Object.idl
[5.735s] -- Installing: /home/andrea/dobot_v3/install/custom_messages/share/custom_messages/msg/OptimalPoint.idl
[5.735s] -- Installing: /home/andrea/dobot_v3/install/custom_messages/share/custom_messages/msg/Point.idl
[5.735s] -- Installing: /home/andrea/dobot_v3/install/custom_messages/share/custom_messages/msg/BoundingBox.msg
[5.736s] -- Installing: /home/andrea/dobot_v3/install/custom_messages/share/custom_messages/msg/Circumference.msg
[5.736s] -- Installing: /home/andrea/dobot_v3/install/custom_messages/share/custom_messages/msg/Map.msg
[5.736s] -- Installing: /home/andrea/dobot_v3/install/custom_messages/share/custom_messages/msg/Object.msg
[5.736s] -- Installing: /home/andrea/dobot_v3/install/custom_messages/share/custom_messages/msg/OptimalPoint.msg
[5.736s] -- Installing: /home/andrea/dobot_v3/install/custom_messages/share/custom_messages/msg/Point.msg
[5.736s] -- Installing: /home/andrea/dobot_v3/install/custom_messages/share/ament_index/resource_index/package_run_dependencies/custom_messages
[5.736s] -- Installing: /home/andrea/dobot_v3/install/custom_messages/share/ament_index/resource_index/parent_prefix_path/custom_messages
[5.737s] -- Installing: /home/andrea/dobot_v3/install/custom_messages/share/custom_messages/environment/ament_prefix_path.sh
[5.737s] -- Installing: /home/andrea/dobot_v3/install/custom_messages/share/custom_messages/environment/ament_prefix_path.dsv
[5.737s] -- Installing: /home/andrea/dobot_v3/install/custom_messages/share/custom_messages/environment/path.sh
[5.737s] -- Installing: /home/andrea/dobot_v3/install/custom_messages/share/custom_messages/environment/path.dsv
[5.737s] -- Installing: /home/andrea/dobot_v3/install/custom_messages/share/custom_messages/local_setup.bash
[5.737s] -- Installing: /home/andrea/dobot_v3/install/custom_messages/share/custom_messages/local_setup.sh
[5.737s] -- Installing: /home/andrea/dobot_v3/install/custom_messages/share/custom_messages/local_setup.zsh
[5.738s] -- Installing: /home/andrea/dobot_v3/install/custom_messages/share/custom_messages/local_setup.dsv
[5.738s] -- Installing: /home/andrea/dobot_v3/install/custom_messages/share/custom_messages/package.dsv
[5.738s] -- Installing: /home/andrea/dobot_v3/install/custom_messages/share/ament_index/resource_index/packages/custom_messages
[5.738s] -- Installing: /home/andrea/dobot_v3/install/custom_messages/share/custom_messages/cmake/export_custom_messages__rosidl_generator_cExport.cmake
[5.738s] -- Installing: /home/andrea/dobot_v3/install/custom_messages/share/custom_messages/cmake/export_custom_messages__rosidl_generator_cExport-noconfig.cmake
[5.738s] -- Installing: /home/andrea/dobot_v3/install/custom_messages/share/custom_messages/cmake/export_custom_messages__rosidl_typesupport_fastrtps_cExport.cmake
[5.739s] -- Installing: /home/andrea/dobot_v3/install/custom_messages/share/custom_messages/cmake/export_custom_messages__rosidl_typesupport_fastrtps_cExport-noconfig.cmake
[5.739s] -- Installing: /home/andrea/dobot_v3/install/custom_messages/share/custom_messages/cmake/export_custom_messages__rosidl_generator_cppExport.cmake
[5.739s] -- Installing: /home/andrea/dobot_v3/install/custom_messages/share/custom_messages/cmake/export_custom_messages__rosidl_typesupport_fastrtps_cppExport.cmake
[5.739s] -- Installing: /home/andrea/dobot_v3/install/custom_messages/share/custom_messages/cmake/export_custom_messages__rosidl_typesupport_fastrtps_cppExport-noconfig.cmake
[5.739s] -- Installing: /home/andrea/dobot_v3/install/custom_messages/share/custom_messages/cmake/custom_messages__rosidl_typesupport_introspection_cExport.cmake
[5.739s] -- Installing: /home/andrea/dobot_v3/install/custom_messages/share/custom_messages/cmake/custom_messages__rosidl_typesupport_introspection_cExport-noconfig.cmake
[5.739s] -- Installing: /home/andrea/dobot_v3/install/custom_messages/share/custom_messages/cmake/custom_messages__rosidl_typesupport_cExport.cmake
[5.740s] -- Installing: /home/andrea/dobot_v3/install/custom_messages/share/custom_messages/cmake/custom_messages__rosidl_typesupport_cExport-noconfig.cmake
[5.740s] -- Installing: /home/andrea/dobot_v3/install/custom_messages/share/custom_messages/cmake/custom_messages__rosidl_typesupport_introspection_cppExport.cmake
[5.740s] -- Installing: /home/andrea/dobot_v3/install/custom_messages/share/custom_messages/cmake/custom_messages__rosidl_typesupport_introspection_cppExport-noconfig.cmake
[5.740s] -- Installing: /home/andrea/dobot_v3/install/custom_messages/share/custom_messages/cmake/custom_messages__rosidl_typesupport_cppExport.cmake
[5.740s] -- Installing: /home/andrea/dobot_v3/install/custom_messages/share/custom_messages/cmake/custom_messages__rosidl_typesupport_cppExport-noconfig.cmake
[5.740s] -- Installing: /home/andrea/dobot_v3/install/custom_messages/share/custom_messages/cmake/export_custom_messages__rosidl_generator_pyExport.cmake
[5.741s] -- Installing: /home/andrea/dobot_v3/install/custom_messages/share/custom_messages/cmake/export_custom_messages__rosidl_generator_pyExport-noconfig.cmake
[5.741s] -- Installing: /home/andrea/dobot_v3/install/custom_messages/share/custom_messages/cmake/rosidl_cmake-extras.cmake
[5.741s] -- Installing: /home/andrea/dobot_v3/install/custom_messages/share/custom_messages/cmake/ament_cmake_export_include_directories-extras.cmake
[5.741s] -- Installing: /home/andrea/dobot_v3/install/custom_messages/share/custom_messages/cmake/ament_cmake_export_libraries-extras.cmake
[5.741s] -- Installing: /home/andrea/dobot_v3/install/custom_messages/share/custom_messages/cmake/ament_cmake_export_targets-extras.cmake
[5.741s] -- Installing: /home/andrea/dobot_v3/install/custom_messages/share/custom_messages/cmake/rosidl_cmake_export_typesupport_targets-extras.cmake
[5.741s] -- Installing: /home/andrea/dobot_v3/install/custom_messages/share/custom_messages/cmake/ament_cmake_export_dependencies-extras.cmake
[5.742s] -- Installing: /home/andrea/dobot_v3/install/custom_messages/share/custom_messages/cmake/rosidl_cmake_export_typesupport_libraries-extras.cmake
[5.742s] -- Installing: /home/andrea/dobot_v3/install/custom_messages/share/custom_messages/cmake/custom_messagesConfig.cmake
[5.742s] -- Installing: /home/andrea/dobot_v3/install/custom_messages/share/custom_messages/cmake/custom_messagesConfig-version.cmake
[5.742s] -- Installing: /home/andrea/dobot_v3/install/custom_messages/share/custom_messages/package.xml
[5.745s] Invoked command in '/home/andrea/dobot_v3/build/custom_messages' returned '0': CMAKE_PREFIX_PATH=${CMAKE_PREFIX_PATH}:/home/andrea/dobot_v3/install/servo_action:/home/andrea/dobot_v3/install/dobot_bringup_v3:/home/andrea/dobot_v3/install/dobot_moveit:/home/andrea/dobot_v3/install/dobot_demo:/opt/ros/humble /usr/bin/cmake --install /home/andrea/dobot_v3/build/custom_messages
