-- Found ament_cmake: 1.3.11 (/opt/ros/humble/share/ament_cmake/cmake)
-- Found rclcpp: 16.0.12 (/opt/ros/humble/share/rclcpp/cmake)
-- Found rosidl_generator_c: 3.1.6 (/opt/ros/humble/share/rosidl_generator_c/cmake)
-- Found rosidl_adapter: 3.1.6 (/opt/ros/humble/share/rosidl_adapter/cmake)
-- Found rosidl_generator_cpp: 3.1.6 (/opt/ros/humble/share/rosidl_generator_cpp/cmake)
-- Using all available rosidl_typesupport_c: rosidl_typesupport_fastrtps_c;rosidl_typesupport_introspection_c
-- Using all available rosidl_typesupport_cpp: rosidl_typesupport_fastrtps_cpp;rosidl_typesupport_introspection_cpp
-- Found rmw_implementation_cmake: 6.1.2 (/opt/ros/humble/share/rmw_implementation_cmake/cmake)
-- Found rmw_fastrtps_cpp: 6.2.7 (/opt/ros/humble/share/rmw_fastrtps_cpp/cmake)
-- Using RMW implementation 'rmw_fastrtps_cpp' as default
-- Found rclpy: 3.3.16 (/opt/ros/humble/share/rclpy/cmake)
-- Found sensor_msgs: 4.8.0 (/opt/ros/humble/share/sensor_msgs/cmake)
-- Found rosidl_default_generators: 1.2.0 (/opt/ros/humble/share/rosidl_default_generators/cmake)
-- Found ament_cmake_ros: 0.10.0 (/opt/ros/humble/share/ament_cmake_ros/cmake)
-- Using all available rosidl_typesupport_c: rosidl_typesupport_fastrtps_c;rosidl_typesupport_introspection_c
-- Using all available rosidl_typesupport_cpp: rosidl_typesupport_fastrtps_cpp;rosidl_typesupport_introspection_cpp
-- Found python_cmake_module: 0.10.0 (/opt/ros/humble/share/python_cmake_module/cmake)
-- Using PYTHON_EXECUTABLE: /usr/bin/python3
-- Using PYTHON_INCLUDE_DIRS: /usr/include/python3.10
-- Using PYTHON_LIBRARIES: /usr/lib/x86_64-linux-gnu/libpython3.10.so
-- Found ament_lint_auto: 0.12.12 (/opt/ros/humble/share/ament_lint_auto/cmake)
-- Added test 'lint_cmake' to check CMake code style
-- Added test 'xmllint' to check XML markup files
-- Configuring done
-- Generating done
-- Build files have been written to: /home/andrea/dobot_v3/build/custom_messages
[35m[1mConsolidate compiler generated dependencies of target custom_messages__rosidl_generator_c[0m
[  9%] Built target custom_messages__cpp
[ 12%] Built target custom_messages__rosidl_generator_c
[ 12%] Built target ament_cmake_python_copy_custom_messages
[35m[1mConsolidate compiler generated dependencies of target custom_messages__rosidl_typesupport_fastrtps_c[0m
[35m[1mConsolidate compiler generated dependencies of target custom_messages__rosidl_typesupport_fastrtps_cpp[0m
[35m[1mConsolidate compiler generated dependencies of target custom_messages__rosidl_typesupport_c[0m
[35m[1mConsolidate compiler generated dependencies of target custom_messages__rosidl_typesupport_introspection_c[0m
[35m[1mConsolidate compiler generated dependencies of target custom_messages__rosidl_typesupport_cpp[0m
[35m[1mConsolidate compiler generated dependencies of target custom_messages__rosidl_typesupport_introspection_cpp[0m
[ 23%] Built target custom_messages__rosidl_typesupport_cpp
[ 35%] Built target custom_messages__rosidl_typesupport_c
[ 53%] Built target custom_messages__rosidl_typesupport_introspection_c
[ 57%] Built target custom_messages__rosidl_typesupport_fastrtps_c
[ 69%] Built target custom_messages__rosidl_typesupport_fastrtps_cpp
[ 80%] Built target custom_messages__rosidl_typesupport_introspection_cpp
[ 80%] Built target custom_messages
[ 81%] Built target custom_messages__py
[35m[1mConsolidate compiler generated dependencies of target custom_messages__rosidl_generator_py[0m
[ 91%] Built target custom_messages__rosidl_generator_py
[35m[1mConsolidate compiler generated dependencies of target custom_messages__rosidl_typesupport_c__pyext[0m
[35m[1mConsolidate compiler generated dependencies of target custom_messages__rosidl_typesupport_fastrtps_c__pyext[0m
[35m[1mConsolidate compiler generated dependencies of target custom_messages__rosidl_typesupport_introspection_c__pyext[0m
[100%] Built target custom_messages__rosidl_typesupport_fastrtps_c__pyext
[100%] Built target custom_messages__rosidl_typesupport_c__pyext
[100%] Built target custom_messages__rosidl_typesupport_introspection_c__pyext
running egg_info
writing custom_messages.egg-info/PKG-INFO
writing dependency_links to custom_messages.egg-info/dependency_links.txt
writing top-level names to custom_messages.egg-info/top_level.txt
reading manifest file 'custom_messages.egg-info/SOURCES.txt'
writing manifest file 'custom_messages.egg-info/SOURCES.txt'
[100%] Built target ament_cmake_python_build_custom_messages_egg
-- Install configuration: ""
-- Up-to-date: /home/andrea/dobot_v3/install/custom_messages/share/ament_index/resource_index/rosidl_interfaces/custom_messages
-- Up-to-date: /home/andrea/dobot_v3/install/custom_messages/include/custom_messages/custom_messages
-- Up-to-date: /home/andrea/dobot_v3/install/custom_messages/include/custom_messages/custom_messages/msg
-- Up-to-date: /home/andrea/dobot_v3/install/custom_messages/include/custom_messages/custom_messages/msg/circumference.h
-- Up-to-date: /home/andrea/dobot_v3/install/custom_messages/include/custom_messages/custom_messages/msg/detail
-- Up-to-date: /home/andrea/dobot_v3/install/custom_messages/include/custom_messages/custom_messages/msg/detail/point__functions.c
-- Up-to-date: /home/andrea/dobot_v3/install/custom_messages/include/custom_messages/custom_messages/msg/detail/circumference__functions.h
-- Up-to-date: /home/andrea/dobot_v3/install/custom_messages/include/custom_messages/custom_messages/msg/detail/optimal_point__functions.c
-- Up-to-date: /home/andrea/dobot_v3/install/custom_messages/include/custom_messages/custom_messages/msg/detail/optimal_point__type_support.h
-- Up-to-date: /home/andrea/dobot_v3/install/custom_messages/include/custom_messages/custom_messages/msg/detail/optimal_point__functions.h
-- Up-to-date: /home/andrea/dobot_v3/install/custom_messages/include/custom_messages/custom_messages/msg/detail/point__type_support.h
-- Up-to-date: /home/andrea/dobot_v3/install/custom_messages/include/custom_messages/custom_messages/msg/detail/object__struct.h
-- Up-to-date: /home/andrea/dobot_v3/install/custom_messages/include/custom_messages/custom_messages/msg/detail/point__functions.h
-- Up-to-date: /home/andrea/dobot_v3/install/custom_messages/include/custom_messages/custom_messages/msg/detail/object__functions.c
-- Up-to-date: /home/andrea/dobot_v3/install/custom_messages/include/custom_messages/custom_messages/msg/detail/map__functions.c
-- Up-to-date: /home/andrea/dobot_v3/install/custom_messages/include/custom_messages/custom_messages/msg/detail/map__struct.h
-- Up-to-date: /home/andrea/dobot_v3/install/custom_messages/include/custom_messages/custom_messages/msg/detail/bounding_box__functions.c
-- Up-to-date: /home/andrea/dobot_v3/install/custom_messages/include/custom_messages/custom_messages/msg/detail/bounding_box__type_support.h
-- Up-to-date: /home/andrea/dobot_v3/install/custom_messages/include/custom_messages/custom_messages/msg/detail/bounding_box__struct.h
-- Up-to-date: /home/andrea/dobot_v3/install/custom_messages/include/custom_messages/custom_messages/msg/detail/object__functions.h
-- Up-to-date: /home/andrea/dobot_v3/install/custom_messages/include/custom_messages/custom_messages/msg/detail/circumference__struct.h
-- Up-to-date: /home/andrea/dobot_v3/install/custom_messages/include/custom_messages/custom_messages/msg/detail/optimal_point__struct.h
-- Up-to-date: /home/andrea/dobot_v3/install/custom_messages/include/custom_messages/custom_messages/msg/detail/bounding_box__functions.h
-- Up-to-date: /home/andrea/dobot_v3/install/custom_messages/include/custom_messages/custom_messages/msg/detail/circumference__functions.c
-- Up-to-date: /home/andrea/dobot_v3/install/custom_messages/include/custom_messages/custom_messages/msg/detail/point__struct.h
-- Up-to-date: /home/andrea/dobot_v3/install/custom_messages/include/custom_messages/custom_messages/msg/detail/map__functions.h
-- Up-to-date: /home/andrea/dobot_v3/install/custom_messages/include/custom_messages/custom_messages/msg/detail/circumference__type_support.h
-- Up-to-date: /home/andrea/dobot_v3/install/custom_messages/include/custom_messages/custom_messages/msg/detail/object__type_support.h
-- Up-to-date: /home/andrea/dobot_v3/install/custom_messages/include/custom_messages/custom_messages/msg/detail/map__type_support.h
-- Up-to-date: /home/andrea/dobot_v3/install/custom_messages/include/custom_messages/custom_messages/msg/point.h
-- Up-to-date: /home/andrea/dobot_v3/install/custom_messages/include/custom_messages/custom_messages/msg/object.h
-- Up-to-date: /home/andrea/dobot_v3/install/custom_messages/include/custom_messages/custom_messages/msg/optimal_point.h
-- Up-to-date: /home/andrea/dobot_v3/install/custom_messages/include/custom_messages/custom_messages/msg/rosidl_generator_c__visibility_control.h
-- Up-to-date: /home/andrea/dobot_v3/install/custom_messages/include/custom_messages/custom_messages/msg/bounding_box.h
-- Up-to-date: /home/andrea/dobot_v3/install/custom_messages/include/custom_messages/custom_messages/msg/map.h
-- Up-to-date: /home/andrea/dobot_v3/install/custom_messages/share/custom_messages/environment/library_path.sh
-- Installing: /home/andrea/dobot_v3/install/custom_messages/share/custom_messages/environment/library_path.dsv
-- Up-to-date: /home/andrea/dobot_v3/install/custom_messages/lib/libcustom_messages__rosidl_generator_c.so
-- Up-to-date: /home/andrea/dobot_v3/install/custom_messages/include/custom_messages/custom_messages
-- Up-to-date: /home/andrea/dobot_v3/install/custom_messages/include/custom_messages/custom_messages/msg
-- Up-to-date: /home/andrea/dobot_v3/install/custom_messages/include/custom_messages/custom_messages/msg/detail
-- Up-to-date: /home/andrea/dobot_v3/install/custom_messages/include/custom_messages/custom_messages/msg/detail/bounding_box__rosidl_typesupport_fastrtps_c.h
-- Up-to-date: /home/andrea/dobot_v3/install/custom_messages/include/custom_messages/custom_messages/msg/detail/object__rosidl_typesupport_fastrtps_c.h
-- Up-to-date: /home/andrea/dobot_v3/install/custom_messages/include/custom_messages/custom_messages/msg/detail/optimal_point__rosidl_typesupport_fastrtps_c.h
-- Up-to-date: /home/andrea/dobot_v3/install/custom_messages/include/custom_messages/custom_messages/msg/detail/circumference__rosidl_typesupport_fastrtps_c.h
-- Up-to-date: /home/andrea/dobot_v3/install/custom_messages/include/custom_messages/custom_messages/msg/detail/map__rosidl_typesupport_fastrtps_c.h
-- Up-to-date: /home/andrea/dobot_v3/install/custom_messages/include/custom_messages/custom_messages/msg/detail/point__rosidl_typesupport_fastrtps_c.h
-- Up-to-date: /home/andrea/dobot_v3/install/custom_messages/include/custom_messages/custom_messages/msg/rosidl_typesupport_fastrtps_c__visibility_control.h
-- Up-to-date: /home/andrea/dobot_v3/install/custom_messages/lib/libcustom_messages__rosidl_typesupport_fastrtps_c.so
-- Up-to-date: /home/andrea/dobot_v3/install/custom_messages/include/custom_messages/custom_messages
-- Up-to-date: /home/andrea/dobot_v3/install/custom_messages/include/custom_messages/custom_messages/msg
-- Up-to-date: /home/andrea/dobot_v3/install/custom_messages/include/custom_messages/custom_messages/msg/point.hpp
-- Up-to-date: /home/andrea/dobot_v3/install/custom_messages/include/custom_messages/custom_messages/msg/detail
-- Up-to-date: /home/andrea/dobot_v3/install/custom_messages/include/custom_messages/custom_messages/msg/detail/optimal_point__struct.hpp
-- Up-to-date: /home/andrea/dobot_v3/install/custom_messages/include/custom_messages/custom_messages/msg/detail/object__type_support.hpp
-- Up-to-date: /home/andrea/dobot_v3/install/custom_messages/include/custom_messages/custom_messages/msg/detail/map__type_support.hpp
-- Up-to-date: /home/andrea/dobot_v3/install/custom_messages/include/custom_messages/custom_messages/msg/detail/point__traits.hpp
-- Up-to-date: /home/andrea/dobot_v3/install/custom_messages/include/custom_messages/custom_messages/msg/detail/bounding_box__builder.hpp
-- Up-to-date: /home/andrea/dobot_v3/install/custom_messages/include/custom_messages/custom_messages/msg/detail/bounding_box__struct.hpp
-- Up-to-date: /home/andrea/dobot_v3/install/custom_messages/include/custom_messages/custom_messages/msg/detail/point__type_support.hpp
-- Up-to-date: /home/andrea/dobot_v3/install/custom_messages/include/custom_messages/custom_messages/msg/detail/circumference__builder.hpp
-- Up-to-date: /home/andrea/dobot_v3/install/custom_messages/include/custom_messages/custom_messages/msg/detail/point__builder.hpp
-- Up-to-date: /home/andrea/dobot_v3/install/custom_messages/include/custom_messages/custom_messages/msg/detail/bounding_box__type_support.hpp
-- Up-to-date: /home/andrea/dobot_v3/install/custom_messages/include/custom_messages/custom_messages/msg/detail/map__traits.hpp
-- Up-to-date: /home/andrea/dobot_v3/install/custom_messages/include/custom_messages/custom_messages/msg/detail/object__traits.hpp
-- Up-to-date: /home/andrea/dobot_v3/install/custom_messages/include/custom_messages/custom_messages/msg/detail/optimal_point__builder.hpp
-- Up-to-date: /home/andrea/dobot_v3/install/custom_messages/include/custom_messages/custom_messages/msg/detail/map__struct.hpp
-- Up-to-date: /home/andrea/dobot_v3/install/custom_messages/include/custom_messages/custom_messages/msg/detail/circumference__struct.hpp
-- Up-to-date: /home/andrea/dobot_v3/install/custom_messages/include/custom_messages/custom_messages/msg/detail/circumference__traits.hpp
-- Up-to-date: /home/andrea/dobot_v3/install/custom_messages/include/custom_messages/custom_messages/msg/detail/map__builder.hpp
-- Up-to-date: /home/andrea/dobot_v3/install/custom_messages/include/custom_messages/custom_messages/msg/detail/bounding_box__traits.hpp
-- Up-to-date: /home/andrea/dobot_v3/install/custom_messages/include/custom_messages/custom_messages/msg/detail/optimal_point__type_support.hpp
-- Up-to-date: /home/andrea/dobot_v3/install/custom_messages/include/custom_messages/custom_messages/msg/detail/circumference__type_support.hpp
-- Up-to-date: /home/andrea/dobot_v3/install/custom_messages/include/custom_messages/custom_messages/msg/detail/object__builder.hpp
-- Up-to-date: /home/andrea/dobot_v3/install/custom_messages/include/custom_messages/custom_messages/msg/detail/point__struct.hpp
-- Up-to-date: /home/andrea/dobot_v3/install/custom_messages/include/custom_messages/custom_messages/msg/detail/object__struct.hpp
-- Up-to-date: /home/andrea/dobot_v3/install/custom_messages/include/custom_messages/custom_messages/msg/detail/optimal_point__traits.hpp
-- Up-to-date: /home/andrea/dobot_v3/install/custom_messages/include/custom_messages/custom_messages/msg/bounding_box.hpp
-- Up-to-date: /home/andrea/dobot_v3/install/custom_messages/include/custom_messages/custom_messages/msg/rosidl_generator_cpp__visibility_control.hpp
-- Up-to-date: /home/andrea/dobot_v3/install/custom_messages/include/custom_messages/custom_messages/msg/object.hpp
-- Up-to-date: /home/andrea/dobot_v3/install/custom_messages/include/custom_messages/custom_messages/msg/map.hpp
-- Up-to-date: /home/andrea/dobot_v3/install/custom_messages/include/custom_messages/custom_messages/msg/optimal_point.hpp
-- Up-to-date: /home/andrea/dobot_v3/install/custom_messages/include/custom_messages/custom_messages/msg/circumference.hpp
-- Up-to-date: /home/andrea/dobot_v3/install/custom_messages/include/custom_messages/custom_messages
-- Up-to-date: /home/andrea/dobot_v3/install/custom_messages/include/custom_messages/custom_messages/msg
-- Up-to-date: /home/andrea/dobot_v3/install/custom_messages/include/custom_messages/custom_messages/msg/detail
-- Up-to-date: /home/andrea/dobot_v3/install/custom_messages/include/custom_messages/custom_messages/msg/detail/object__rosidl_typesupport_fastrtps_cpp.hpp
-- Up-to-date: /home/andrea/dobot_v3/install/custom_messages/include/custom_messages/custom_messages/msg/detail/map__rosidl_typesupport_fastrtps_cpp.hpp
-- Up-to-date: /home/andrea/dobot_v3/install/custom_messages/include/custom_messages/custom_messages/msg/detail/circumference__rosidl_typesupport_fastrtps_cpp.hpp
-- Up-to-date: /home/andrea/dobot_v3/install/custom_messages/include/custom_messages/custom_messages/msg/detail/optimal_point__rosidl_typesupport_fastrtps_cpp.hpp
-- Up-to-date: /home/andrea/dobot_v3/install/custom_messages/include/custom_messages/custom_messages/msg/detail/point__rosidl_typesupport_fastrtps_cpp.hpp
-- Up-to-date: /home/andrea/dobot_v3/install/custom_messages/include/custom_messages/custom_messages/msg/detail/dds_fastrtps
-- Up-to-date: /home/andrea/dobot_v3/install/custom_messages/include/custom_messages/custom_messages/msg/detail/bounding_box__rosidl_typesupport_fastrtps_cpp.hpp
-- Up-to-date: /home/andrea/dobot_v3/install/custom_messages/include/custom_messages/custom_messages/msg/rosidl_typesupport_fastrtps_cpp__visibility_control.h
-- Up-to-date: /home/andrea/dobot_v3/install/custom_messages/lib/libcustom_messages__rosidl_typesupport_fastrtps_cpp.so
-- Up-to-date: /home/andrea/dobot_v3/install/custom_messages/include/custom_messages/custom_messages
-- Up-to-date: /home/andrea/dobot_v3/install/custom_messages/include/custom_messages/custom_messages/msg
-- Up-to-date: /home/andrea/dobot_v3/install/custom_messages/include/custom_messages/custom_messages/msg/detail
-- Up-to-date: /home/andrea/dobot_v3/install/custom_messages/include/custom_messages/custom_messages/msg/detail/optimal_point__rosidl_typesupport_introspection_c.h
-- Up-to-date: /home/andrea/dobot_v3/install/custom_messages/include/custom_messages/custom_messages/msg/detail/object__type_support.c
-- Up-to-date: /home/andrea/dobot_v3/install/custom_messages/include/custom_messages/custom_messages/msg/detail/map__type_support.c
-- Up-to-date: /home/andrea/dobot_v3/install/custom_messages/include/custom_messages/custom_messages/msg/detail/bounding_box__type_support.c
-- Up-to-date: /home/andrea/dobot_v3/install/custom_messages/include/custom_messages/custom_messages/msg/detail/map__rosidl_typesupport_introspection_c.h
-- Up-to-date: /home/andrea/dobot_v3/install/custom_messages/include/custom_messages/custom_messages/msg/detail/optimal_point__type_support.c
-- Up-to-date: /home/andrea/dobot_v3/install/custom_messages/include/custom_messages/custom_messages/msg/detail/bounding_box__rosidl_typesupport_introspection_c.h
-- Up-to-date: /home/andrea/dobot_v3/install/custom_messages/include/custom_messages/custom_messages/msg/detail/point__type_support.c
-- Up-to-date: /home/andrea/dobot_v3/install/custom_messages/include/custom_messages/custom_messages/msg/detail/circumference__rosidl_typesupport_introspection_c.h
-- Up-to-date: /home/andrea/dobot_v3/install/custom_messages/include/custom_messages/custom_messages/msg/detail/object__rosidl_typesupport_introspection_c.h
-- Up-to-date: /home/andrea/dobot_v3/install/custom_messages/include/custom_messages/custom_messages/msg/detail/point__rosidl_typesupport_introspection_c.h
-- Up-to-date: /home/andrea/dobot_v3/install/custom_messages/include/custom_messages/custom_messages/msg/detail/circumference__type_support.c
-- Up-to-date: /home/andrea/dobot_v3/install/custom_messages/include/custom_messages/custom_messages/msg/rosidl_typesupport_introspection_c__visibility_control.h
-- Up-to-date: /home/andrea/dobot_v3/install/custom_messages/lib/libcustom_messages__rosidl_typesupport_introspection_c.so
-- Up-to-date: /home/andrea/dobot_v3/install/custom_messages/lib/libcustom_messages__rosidl_typesupport_c.so
-- Up-to-date: /home/andrea/dobot_v3/install/custom_messages/include/custom_messages/custom_messages
-- Up-to-date: /home/andrea/dobot_v3/install/custom_messages/include/custom_messages/custom_messages/msg
-- Up-to-date: /home/andrea/dobot_v3/install/custom_messages/include/custom_messages/custom_messages/msg/detail
-- Up-to-date: /home/andrea/dobot_v3/install/custom_messages/include/custom_messages/custom_messages/msg/detail/object__type_support.cpp
-- Up-to-date: /home/andrea/dobot_v3/install/custom_messages/include/custom_messages/custom_messages/msg/detail/optimal_point__rosidl_typesupport_introspection_cpp.hpp
-- Up-to-date: /home/andrea/dobot_v3/install/custom_messages/include/custom_messages/custom_messages/msg/detail/point__type_support.cpp
-- Up-to-date: /home/andrea/dobot_v3/install/custom_messages/include/custom_messages/custom_messages/msg/detail/point__rosidl_typesupport_introspection_cpp.hpp
-- Up-to-date: /home/andrea/dobot_v3/install/custom_messages/include/custom_messages/custom_messages/msg/detail/bounding_box__rosidl_typesupport_introspection_cpp.hpp
-- Up-to-date: /home/andrea/dobot_v3/install/custom_messages/include/custom_messages/custom_messages/msg/detail/bounding_box__type_support.cpp
-- Up-to-date: /home/andrea/dobot_v3/install/custom_messages/include/custom_messages/custom_messages/msg/detail/object__rosidl_typesupport_introspection_cpp.hpp
-- Up-to-date: /home/andrea/dobot_v3/install/custom_messages/include/custom_messages/custom_messages/msg/detail/optimal_point__type_support.cpp
-- Up-to-date: /home/andrea/dobot_v3/install/custom_messages/include/custom_messages/custom_messages/msg/detail/circumference__type_support.cpp
-- Up-to-date: /home/andrea/dobot_v3/install/custom_messages/include/custom_messages/custom_messages/msg/detail/map__type_support.cpp
-- Up-to-date: /home/andrea/dobot_v3/install/custom_messages/include/custom_messages/custom_messages/msg/detail/circumference__rosidl_typesupport_introspection_cpp.hpp
-- Up-to-date: /home/andrea/dobot_v3/install/custom_messages/include/custom_messages/custom_messages/msg/detail/map__rosidl_typesupport_introspection_cpp.hpp
-- Up-to-date: /home/andrea/dobot_v3/install/custom_messages/lib/libcustom_messages__rosidl_typesupport_introspection_cpp.so
-- Up-to-date: /home/andrea/dobot_v3/install/custom_messages/lib/libcustom_messages__rosidl_typesupport_cpp.so
-- Up-to-date: /home/andrea/dobot_v3/install/custom_messages/share/custom_messages/environment/pythonpath.sh
-- Installing: /home/andrea/dobot_v3/install/custom_messages/share/custom_messages/environment/pythonpath.dsv
-- Up-to-date: /home/andrea/dobot_v3/install/custom_messages/local/lib/python3.10/dist-packages/custom_messages-0.0.0-py3.10.egg-info
-- Installing: /home/andrea/dobot_v3/install/custom_messages/local/lib/python3.10/dist-packages/custom_messages-0.0.0-py3.10.egg-info/PKG-INFO
-- Installing: /home/andrea/dobot_v3/install/custom_messages/local/lib/python3.10/dist-packages/custom_messages-0.0.0-py3.10.egg-info/top_level.txt
-- Installing: /home/andrea/dobot_v3/install/custom_messages/local/lib/python3.10/dist-packages/custom_messages-0.0.0-py3.10.egg-info/SOURCES.txt
-- Installing: /home/andrea/dobot_v3/install/custom_messages/local/lib/python3.10/dist-packages/custom_messages-0.0.0-py3.10.egg-info/dependency_links.txt
-- Up-to-date: /home/andrea/dobot_v3/install/custom_messages/local/lib/python3.10/dist-packages/custom_messages
-- Up-to-date: /home/andrea/dobot_v3/install/custom_messages/local/lib/python3.10/dist-packages/custom_messages/_custom_messages_s.ep.rosidl_typesupport_c.c
-- Up-to-date: /home/andrea/dobot_v3/install/custom_messages/local/lib/python3.10/dist-packages/custom_messages/custom_messages_s__rosidl_typesupport_introspection_c.cpython-310-x86_64-linux-gnu.so
-- Up-to-date: /home/andrea/dobot_v3/install/custom_messages/local/lib/python3.10/dist-packages/custom_messages/libcustom_messages__rosidl_generator_py.so
-- Up-to-date: /home/andrea/dobot_v3/install/custom_messages/local/lib/python3.10/dist-packages/custom_messages/msg
-- Up-to-date: /home/andrea/dobot_v3/install/custom_messages/local/lib/python3.10/dist-packages/custom_messages/msg/_optimal_point.py
-- Up-to-date: /home/andrea/dobot_v3/install/custom_messages/local/lib/python3.10/dist-packages/custom_messages/msg/_circumference_s.c
-- Up-to-date: /home/andrea/dobot_v3/install/custom_messages/local/lib/python3.10/dist-packages/custom_messages/msg/_circumference.py
-- Up-to-date: /home/andrea/dobot_v3/install/custom_messages/local/lib/python3.10/dist-packages/custom_messages/msg/_object_s.c
-- Up-to-date: /home/andrea/dobot_v3/install/custom_messages/local/lib/python3.10/dist-packages/custom_messages/msg/_map_s.c
-- Up-to-date: /home/andrea/dobot_v3/install/custom_messages/local/lib/python3.10/dist-packages/custom_messages/msg/_object.py
-- Up-to-date: /home/andrea/dobot_v3/install/custom_messages/local/lib/python3.10/dist-packages/custom_messages/msg/_point.py
-- Up-to-date: /home/andrea/dobot_v3/install/custom_messages/local/lib/python3.10/dist-packages/custom_messages/msg/_point_s.c
-- Up-to-date: /home/andrea/dobot_v3/install/custom_messages/local/lib/python3.10/dist-packages/custom_messages/msg/_map.py
-- Up-to-date: /home/andrea/dobot_v3/install/custom_messages/local/lib/python3.10/dist-packages/custom_messages/msg/_optimal_point_s.c
-- Up-to-date: /home/andrea/dobot_v3/install/custom_messages/local/lib/python3.10/dist-packages/custom_messages/msg/_bounding_box.py
-- Up-to-date: /home/andrea/dobot_v3/install/custom_messages/local/lib/python3.10/dist-packages/custom_messages/msg/_bounding_box_s.c
-- Up-to-date: /home/andrea/dobot_v3/install/custom_messages/local/lib/python3.10/dist-packages/custom_messages/msg/__init__.py
-- Up-to-date: /home/andrea/dobot_v3/install/custom_messages/local/lib/python3.10/dist-packages/custom_messages/_custom_messages_s.ep.rosidl_typesupport_introspection_c.c
-- Up-to-date: /home/andrea/dobot_v3/install/custom_messages/local/lib/python3.10/dist-packages/custom_messages/custom_messages_s__rosidl_typesupport_fastrtps_c.cpython-310-x86_64-linux-gnu.so
-- Up-to-date: /home/andrea/dobot_v3/install/custom_messages/local/lib/python3.10/dist-packages/custom_messages/custom_messages_s__rosidl_typesupport_c.cpython-310-x86_64-linux-gnu.so
-- Installing: /home/andrea/dobot_v3/install/custom_messages/local/lib/python3.10/dist-packages/custom_messages/__init__.py
-- Up-to-date: /home/andrea/dobot_v3/install/custom_messages/local/lib/python3.10/dist-packages/custom_messages/_custom_messages_s.ep.rosidl_typesupport_fastrtps_c.c
Listing '/home/andrea/dobot_v3/install/custom_messages/local/lib/python3.10/dist-packages/custom_messages'...
Compiling '/home/andrea/dobot_v3/install/custom_messages/local/lib/python3.10/dist-packages/custom_messages/__init__.py'...
Listing '/home/andrea/dobot_v3/install/custom_messages/local/lib/python3.10/dist-packages/custom_messages/msg'...
-- Up-to-date: /home/andrea/dobot_v3/install/custom_messages/local/lib/python3.10/dist-packages/custom_messages/custom_messages_s__rosidl_typesupport_fastrtps_c.cpython-310-x86_64-linux-gnu.so
-- Up-to-date: /home/andrea/dobot_v3/install/custom_messages/local/lib/python3.10/dist-packages/custom_messages/custom_messages_s__rosidl_typesupport_introspection_c.cpython-310-x86_64-linux-gnu.so
-- Up-to-date: /home/andrea/dobot_v3/install/custom_messages/local/lib/python3.10/dist-packages/custom_messages/custom_messages_s__rosidl_typesupport_c.cpython-310-x86_64-linux-gnu.so
-- Up-to-date: /home/andrea/dobot_v3/install/custom_messages/lib/libcustom_messages__rosidl_generator_py.so
-- Up-to-date: /home/andrea/dobot_v3/install/custom_messages/share/custom_messages/msg/BoundingBox.idl
-- Up-to-date: /home/andrea/dobot_v3/install/custom_messages/share/custom_messages/msg/Circumference.idl
-- Up-to-date: /home/andrea/dobot_v3/install/custom_messages/share/custom_messages/msg/Map.idl
-- Up-to-date: /home/andrea/dobot_v3/install/custom_messages/share/custom_messages/msg/Object.idl
-- Up-to-date: /home/andrea/dobot_v3/install/custom_messages/share/custom_messages/msg/OptimalPoint.idl
-- Up-to-date: /home/andrea/dobot_v3/install/custom_messages/share/custom_messages/msg/Point.idl
-- Up-to-date: /home/andrea/dobot_v3/install/custom_messages/share/custom_messages/msg/BoundingBox.msg
-- Up-to-date: /home/andrea/dobot_v3/install/custom_messages/share/custom_messages/msg/Circumference.msg
-- Up-to-date: /home/andrea/dobot_v3/install/custom_messages/share/custom_messages/msg/Map.msg
-- Up-to-date: /home/andrea/dobot_v3/install/custom_messages/share/custom_messages/msg/Object.msg
-- Up-to-date: /home/andrea/dobot_v3/install/custom_messages/share/custom_messages/msg/OptimalPoint.msg
-- Up-to-date: /home/andrea/dobot_v3/install/custom_messages/share/custom_messages/msg/Point.msg
