[1.586s] Invoking command in '/home/andrea/dobot_v3/src/DOBOT_6Axis_ROS2_V3/dobot_moveit': PYTHONPATH=/home/andrea/dobot_v3/build/dobot_moveit/prefix_override:/usr/lib/python3/dist-packages/colcon_core/task/python/colcon_distutils_commands:/home/andrea/dobot_v3/install/dobot_moveit/lib/python3.10/site-packages:${PYTHONPATH} /usr/bin/python3 -W ignore:setup.py install is deprecated -W ignore:easy_install command is deprecated setup.py egg_info --egg-base ../../../build/dobot_moveit build --build-base /home/andrea/dobot_v3/build/dobot_moveit/build install --record /home/andrea/dobot_v3/build/dobot_moveit/install.log --single-version-externally-managed install_data
[2.603s] running egg_info
[2.603s] creating ../../../build/dobot_moveit/dobot_moveit.egg-info
[2.603s] writing ../../../build/dobot_moveit/dobot_moveit.egg-info/PKG-INFO
[2.603s] writing dependency_links to ../../../build/dobot_moveit/dobot_moveit.egg-info/dependency_links.txt
[2.603s] writing entry points to ../../../build/dobot_moveit/dobot_moveit.egg-info/entry_points.txt
[2.603s] writing requirements to ../../../build/dobot_moveit/dobot_moveit.egg-info/requires.txt
[2.603s] writing top-level names to ../../../build/dobot_moveit/dobot_moveit.egg-info/top_level.txt
[2.603s] writing manifest file '../../../build/dobot_moveit/dobot_moveit.egg-info/SOURCES.txt'
[2.603s] reading manifest file '../../../build/dobot_moveit/dobot_moveit.egg-info/SOURCES.txt'
[2.603s] writing manifest file '../../../build/dobot_moveit/dobot_moveit.egg-info/SOURCES.txt'
[2.603s] running build
[2.603s] running build_py
[2.603s] creating /home/andrea/dobot_v3/build/dobot_moveit/build
[2.603s] creating /home/andrea/dobot_v3/build/dobot_moveit/build/lib
[2.603s] creating /home/andrea/dobot_v3/build/dobot_moveit/build/lib/dobot_moveit
[2.604s] copying dobot_moveit/__init__.py -> /home/andrea/dobot_v3/build/dobot_moveit/build/lib/dobot_moveit
[2.604s] running install
[2.604s] running install_lib
[2.604s] creating /home/andrea/dobot_v3/install/dobot_moveit/lib/python3.10/site-packages/dobot_moveit
[2.604s] copying /home/andrea/dobot_v3/build/dobot_moveit/build/lib/dobot_moveit/__init__.py -> /home/andrea/dobot_v3/install/dobot_moveit/lib/python3.10/site-packages/dobot_moveit
[2.604s] byte-compiling /home/andrea/dobot_v3/install/dobot_moveit/lib/python3.10/site-packages/dobot_moveit/__init__.py to __init__.cpython-310.pyc
[2.604s] running install_data
[2.604s] creating /home/andrea/dobot_v3/install/dobot_moveit/share/ament_index
[2.604s] creating /home/andrea/dobot_v3/install/dobot_moveit/share/ament_index/resource_index
[2.604s] creating /home/andrea/dobot_v3/install/dobot_moveit/share/ament_index/resource_index/packages
[2.604s] copying resource/dobot_moveit -> /home/andrea/dobot_v3/install/dobot_moveit/share/ament_index/resource_index/packages
[2.604s] copying package.xml -> /home/andrea/dobot_v3/install/dobot_moveit/share/dobot_moveit
[2.604s] creating /home/andrea/dobot_v3/install/dobot_moveit/share/dobot_moveit/launch
[2.604s] copying launch/moveit_gazebo.launch.py -> /home/andrea/dobot_v3/install/dobot_moveit/share/dobot_moveit/launch
[2.604s] copying launch/dobot_moveit.launch.py -> /home/andrea/dobot_v3/install/dobot_moveit/share/dobot_moveit/launch
[2.604s] running install_egg_info
[2.605s] Copying ../../../build/dobot_moveit/dobot_moveit.egg-info to /home/andrea/dobot_v3/install/dobot_moveit/lib/python3.10/site-packages/dobot_moveit-0.0.0-py3.10.egg-info
[2.605s] running install_scripts
[2.605s] writing list of installed files to '/home/andrea/dobot_v3/build/dobot_moveit/install.log'
[2.611s] Invoked command in '/home/andrea/dobot_v3/src/DOBOT_6Axis_ROS2_V3/dobot_moveit' returned '0': PYTHONPATH=/home/andrea/dobot_v3/build/dobot_moveit/prefix_override:/usr/lib/python3/dist-packages/colcon_core/task/python/colcon_distutils_commands:/home/andrea/dobot_v3/install/dobot_moveit/lib/python3.10/site-packages:${PYTHONPATH} /usr/bin/python3 -W ignore:setup.py install is deprecated -W ignore:easy_install command is deprecated setup.py egg_info --egg-base ../../../build/dobot_moveit build --build-base /home/andrea/dobot_v3/build/dobot_moveit/build install --record /home/andrea/dobot_v3/build/dobot_moveit/install.log --single-version-externally-managed install_data
