[0.085s] Invoking command in '/home/andrea/dobot_v3/build/cr5_moveit_cpp_demo': CMAKE_PREFIX_PATH=/home/andrea/dobot_v3/install/custom_messages:/home/andrea/dobot_v3/install/nova5_moveit:/home/andrea/dobot_v3/install/nova2_moveit:/home/andrea/dobot_v3/install/cr7_moveit:/home/andrea/dobot_v3/install/cr5_moveit:/home/andrea/dobot_v3/install/cr3_moveit:/home/andrea/dobot_v3/install/cr16_moveit:/home/andrea/dobot_v3/install/cr12_moveit:/home/andrea/dobot_v3/install/cr10_moveit:/home/andrea/dobot_v3/install/dobot_rviz:/home/andrea/dobot_v3/install/dobot_msgs_v3:/home/andrea/dobot_v3/install/dobot_gazebo:/home/andrea/dobot_v3/install/cr5_moveit_cpp_demo:/home/andrea/dobot_v3/install/cra_description:/home/andrea/dobot_v3/install/servo_action:/home/andrea/dobot_v3/install/dobot_bringup_v3:/home/andrea/dobot_v3/install/dobot_moveit:/home/andrea/dobot_v3/install/dobot_demo:/opt/ros/humble LD_LIBRARY_PATH=/home/andrea/dobot_v3/install/custom_messages/lib:/home/andrea/dobot_v3/install/dobot_msgs_v3/lib:/usr/lib/x86_64-linux-gnu/gazebo-11/plugins:/opt/ros/humble/opt/rviz_ogre_vendor/lib:/opt/ros/humble/lib/x86_64-linux-gnu:/opt/ros/humble/lib /usr/bin/cmake --build /home/andrea/dobot_v3/build/cr5_moveit_cpp_demo -- -j12 -l12
[0.318s] [ 14%] Built target move_cr5_node
[0.318s] [ 28%] Built target reworked_map_node
[0.319s] [ 57%] Built target reconnaissance_node
[0.319s] [ 50%] Built target fake_zed_node
[0.319s] [ 64%] [32mBuilding CXX object CMakeFiles/move_cr5_node_modular.dir/src/modules/movement_controller.cpp.o[0m
[5.746s] [ 71%] [32m[1mLinking CXX executable move_cr5_node_modular[0m
[6.360s] [100%] Built target move_cr5_node_modular
[6.374s] Invoked command in '/home/andrea/dobot_v3/build/cr5_moveit_cpp_demo' returned '0': CMAKE_PREFIX_PATH=/home/andrea/dobot_v3/install/custom_messages:/home/andrea/dobot_v3/install/nova5_moveit:/home/andrea/dobot_v3/install/nova2_moveit:/home/andrea/dobot_v3/install/cr7_moveit:/home/andrea/dobot_v3/install/cr5_moveit:/home/andrea/dobot_v3/install/cr3_moveit:/home/andrea/dobot_v3/install/cr16_moveit:/home/andrea/dobot_v3/install/cr12_moveit:/home/andrea/dobot_v3/install/cr10_moveit:/home/andrea/dobot_v3/install/dobot_rviz:/home/andrea/dobot_v3/install/dobot_msgs_v3:/home/andrea/dobot_v3/install/dobot_gazebo:/home/andrea/dobot_v3/install/cr5_moveit_cpp_demo:/home/andrea/dobot_v3/install/cra_description:/home/andrea/dobot_v3/install/servo_action:/home/andrea/dobot_v3/install/dobot_bringup_v3:/home/andrea/dobot_v3/install/dobot_moveit:/home/andrea/dobot_v3/install/dobot_demo:/opt/ros/humble LD_LIBRARY_PATH=/home/andrea/dobot_v3/install/custom_messages/lib:/home/andrea/dobot_v3/install/dobot_msgs_v3/lib:/usr/lib/x86_64-linux-gnu/gazebo-11/plugins:/opt/ros/humble/opt/rviz_ogre_vendor/lib:/opt/ros/humble/lib/x86_64-linux-gnu:/opt/ros/humble/lib /usr/bin/cmake --build /home/andrea/dobot_v3/build/cr5_moveit_cpp_demo -- -j12 -l12
[6.377s] Invoking command in '/home/andrea/dobot_v3/build/cr5_moveit_cpp_demo': CMAKE_PREFIX_PATH=/home/andrea/dobot_v3/install/custom_messages:/home/andrea/dobot_v3/install/nova5_moveit:/home/andrea/dobot_v3/install/nova2_moveit:/home/andrea/dobot_v3/install/cr7_moveit:/home/andrea/dobot_v3/install/cr5_moveit:/home/andrea/dobot_v3/install/cr3_moveit:/home/andrea/dobot_v3/install/cr16_moveit:/home/andrea/dobot_v3/install/cr12_moveit:/home/andrea/dobot_v3/install/cr10_moveit:/home/andrea/dobot_v3/install/dobot_rviz:/home/andrea/dobot_v3/install/dobot_msgs_v3:/home/andrea/dobot_v3/install/dobot_gazebo:/home/andrea/dobot_v3/install/cr5_moveit_cpp_demo:/home/andrea/dobot_v3/install/cra_description:/home/andrea/dobot_v3/install/servo_action:/home/andrea/dobot_v3/install/dobot_bringup_v3:/home/andrea/dobot_v3/install/dobot_moveit:/home/andrea/dobot_v3/install/dobot_demo:/opt/ros/humble LD_LIBRARY_PATH=/home/andrea/dobot_v3/install/custom_messages/lib:/home/andrea/dobot_v3/install/dobot_msgs_v3/lib:/usr/lib/x86_64-linux-gnu/gazebo-11/plugins:/opt/ros/humble/opt/rviz_ogre_vendor/lib:/opt/ros/humble/lib/x86_64-linux-gnu:/opt/ros/humble/lib /usr/bin/cmake --install /home/andrea/dobot_v3/build/cr5_moveit_cpp_demo
[6.386s] -- Install configuration: ""
[6.386s] -- Up-to-date: /home/andrea/dobot_v3/install/cr5_moveit_cpp_demo/lib/cr5_moveit_cpp_demo/move_cr5_node
[6.386s] -- Installing: /home/andrea/dobot_v3/install/cr5_moveit_cpp_demo/lib/cr5_moveit_cpp_demo/move_cr5_node_modular
[6.390s] -- Set runtime path of "/home/andrea/dobot_v3/install/cr5_moveit_cpp_demo/lib/cr5_moveit_cpp_demo/move_cr5_node_modular" to ""
[6.390s] -- Up-to-date: /home/andrea/dobot_v3/install/cr5_moveit_cpp_demo/lib/cr5_moveit_cpp_demo/reworked_map_node
[6.390s] -- Up-to-date: /home/andrea/dobot_v3/install/cr5_moveit_cpp_demo/lib/cr5_moveit_cpp_demo/fake_zed_node
[6.391s] -- Up-to-date: /home/andrea/dobot_v3/install/cr5_moveit_cpp_demo/lib/cr5_moveit_cpp_demo/reconnaissance_node
[6.391s] -- Up-to-date: /home/andrea/dobot_v3/install/cr5_moveit_cpp_demo/share/cr5_moveit_cpp_demo/launch
[6.391s] -- Up-to-date: /home/andrea/dobot_v3/install/cr5_moveit_cpp_demo/share/cr5_moveit_cpp_demo/launch/scripts_launch.launch.py
[6.391s] -- Up-to-date: /home/andrea/dobot_v3/install/cr5_moveit_cpp_demo/share/cr5_moveit_cpp_demo/launch/cr5_complete_system.launch.py
[6.391s] -- Up-to-date: /home/andrea/dobot_v3/install/cr5_moveit_cpp_demo/share/ament_index/resource_index/package_run_dependencies/cr5_moveit_cpp_demo
[6.391s] -- Up-to-date: /home/andrea/dobot_v3/install/cr5_moveit_cpp_demo/share/ament_index/resource_index/parent_prefix_path/cr5_moveit_cpp_demo
[6.391s] -- Up-to-date: /home/andrea/dobot_v3/install/cr5_moveit_cpp_demo/share/cr5_moveit_cpp_demo/environment/ament_prefix_path.sh
[6.391s] -- Up-to-date: /home/andrea/dobot_v3/install/cr5_moveit_cpp_demo/share/cr5_moveit_cpp_demo/environment/ament_prefix_path.dsv
[6.391s] -- Up-to-date: /home/andrea/dobot_v3/install/cr5_moveit_cpp_demo/share/cr5_moveit_cpp_demo/environment/path.sh
[6.392s] -- Up-to-date: /home/andrea/dobot_v3/install/cr5_moveit_cpp_demo/share/cr5_moveit_cpp_demo/environment/path.dsv
[6.392s] -- Up-to-date: /home/andrea/dobot_v3/install/cr5_moveit_cpp_demo/share/cr5_moveit_cpp_demo/local_setup.bash
[6.392s] -- Up-to-date: /home/andrea/dobot_v3/install/cr5_moveit_cpp_demo/share/cr5_moveit_cpp_demo/local_setup.sh
[6.393s] -- Up-to-date: /home/andrea/dobot_v3/install/cr5_moveit_cpp_demo/share/cr5_moveit_cpp_demo/local_setup.zsh
[6.393s] -- Up-to-date: /home/andrea/dobot_v3/install/cr5_moveit_cpp_demo/share/cr5_moveit_cpp_demo/local_setup.dsv
[6.394s] -- Installing: /home/andrea/dobot_v3/install/cr5_moveit_cpp_demo/share/cr5_moveit_cpp_demo/package.dsv
[6.394s] -- Up-to-date: /home/andrea/dobot_v3/install/cr5_moveit_cpp_demo/share/ament_index/resource_index/packages/cr5_moveit_cpp_demo
[6.394s] -- Up-to-date: /home/andrea/dobot_v3/install/cr5_moveit_cpp_demo/share/cr5_moveit_cpp_demo/cmake/cr5_moveit_cpp_demoConfig.cmake
[6.394s] -- Up-to-date: /home/andrea/dobot_v3/install/cr5_moveit_cpp_demo/share/cr5_moveit_cpp_demo/cmake/cr5_moveit_cpp_demoConfig-version.cmake
[6.394s] -- Up-to-date: /home/andrea/dobot_v3/install/cr5_moveit_cpp_demo/share/cr5_moveit_cpp_demo/package.xml
[6.395s] Invoked command in '/home/andrea/dobot_v3/build/cr5_moveit_cpp_demo' returned '0': CMAKE_PREFIX_PATH=/home/andrea/dobot_v3/install/custom_messages:/home/andrea/dobot_v3/install/nova5_moveit:/home/andrea/dobot_v3/install/nova2_moveit:/home/andrea/dobot_v3/install/cr7_moveit:/home/andrea/dobot_v3/install/cr5_moveit:/home/andrea/dobot_v3/install/cr3_moveit:/home/andrea/dobot_v3/install/cr16_moveit:/home/andrea/dobot_v3/install/cr12_moveit:/home/andrea/dobot_v3/install/cr10_moveit:/home/andrea/dobot_v3/install/dobot_rviz:/home/andrea/dobot_v3/install/dobot_msgs_v3:/home/andrea/dobot_v3/install/dobot_gazebo:/home/andrea/dobot_v3/install/cr5_moveit_cpp_demo:/home/andrea/dobot_v3/install/cra_description:/home/andrea/dobot_v3/install/servo_action:/home/andrea/dobot_v3/install/dobot_bringup_v3:/home/andrea/dobot_v3/install/dobot_moveit:/home/andrea/dobot_v3/install/dobot_demo:/opt/ros/humble LD_LIBRARY_PATH=/home/andrea/dobot_v3/install/custom_messages/lib:/home/andrea/dobot_v3/install/dobot_msgs_v3/lib:/usr/lib/x86_64-linux-gnu/gazebo-11/plugins:/opt/ros/humble/opt/rviz_ogre_vendor/lib:/opt/ros/humble/lib/x86_64-linux-gnu:/opt/ros/humble/lib /usr/bin/cmake --install /home/andrea/dobot_v3/build/cr5_moveit_cpp_demo
