/home/andrea/dobot_v3/install/dobot_bringup_v3/lib/python3.10/site-packages/dobot_bringup_v3/dobot_bringup.py
/home/andrea/dobot_v3/install/dobot_bringup_v3/lib/python3.10/site-packages/dobot_bringup_v3/zed_listener.py
/home/andrea/dobot_v3/install/dobot_bringup_v3/lib/python3.10/site-packages/dobot_bringup_v3/joint_states_bridge.py
/home/andrea/dobot_v3/install/dobot_bringup_v3/lib/python3.10/site-packages/dobot_bringup_v3/translater.py
/home/andrea/dobot_v3/install/dobot_bringup_v3/lib/python3.10/site-packages/dobot_bringup_v3/dobot_api.py
/home/andrea/dobot_v3/install/dobot_bringup_v3/lib/python3.10/site-packages/dobot_bringup_v3/feedback.py
/home/andrea/dobot_v3/install/dobot_bringup_v3/lib/python3.10/site-packages/dobot_bringup_v3/__init__.py
/home/andrea/dobot_v3/install/dobot_bringup_v3/lib/python3.10/site-packages/dobot_bringup_v3/__pycache__/dobot_bringup.cpython-310.pyc
/home/andrea/dobot_v3/install/dobot_bringup_v3/lib/python3.10/site-packages/dobot_bringup_v3/__pycache__/zed_listener.cpython-310.pyc
/home/andrea/dobot_v3/install/dobot_bringup_v3/lib/python3.10/site-packages/dobot_bringup_v3/__pycache__/joint_states_bridge.cpython-310.pyc
/home/andrea/dobot_v3/install/dobot_bringup_v3/lib/python3.10/site-packages/dobot_bringup_v3/__pycache__/translater.cpython-310.pyc
/home/andrea/dobot_v3/install/dobot_bringup_v3/lib/python3.10/site-packages/dobot_bringup_v3/__pycache__/dobot_api.cpython-310.pyc
/home/andrea/dobot_v3/install/dobot_bringup_v3/lib/python3.10/site-packages/dobot_bringup_v3/__pycache__/feedback.cpython-310.pyc
/home/andrea/dobot_v3/install/dobot_bringup_v3/lib/python3.10/site-packages/dobot_bringup_v3/__pycache__/__init__.cpython-310.pyc
/home/andrea/dobot_v3/install/dobot_bringup_v3/share/ament_index/resource_index/packages/dobot_bringup_v3
/home/andrea/dobot_v3/install/dobot_bringup_v3/share/dobot_bringup_v3/package.xml
/home/andrea/dobot_v3/install/dobot_bringup_v3/share/dobot_bringup_v3/launch/dobot_bringup_ros2.launch.py
/home/andrea/dobot_v3/install/dobot_bringup_v3/lib/python3.10/site-packages/dobot_bringup_v3-0.0.0-py3.10.egg-info/PKG-INFO
/home/andrea/dobot_v3/install/dobot_bringup_v3/lib/python3.10/site-packages/dobot_bringup_v3-0.0.0-py3.10.egg-info/top_level.txt
/home/andrea/dobot_v3/install/dobot_bringup_v3/lib/python3.10/site-packages/dobot_bringup_v3-0.0.0-py3.10.egg-info/SOURCES.txt
/home/andrea/dobot_v3/install/dobot_bringup_v3/lib/python3.10/site-packages/dobot_bringup_v3-0.0.0-py3.10.egg-info/entry_points.txt
/home/andrea/dobot_v3/install/dobot_bringup_v3/lib/python3.10/site-packages/dobot_bringup_v3-0.0.0-py3.10.egg-info/dependency_links.txt
/home/andrea/dobot_v3/install/dobot_bringup_v3/lib/python3.10/site-packages/dobot_bringup_v3-0.0.0-py3.10.egg-info/requires.txt
/home/andrea/dobot_v3/install/dobot_bringup_v3/lib/python3.10/site-packages/dobot_bringup_v3-0.0.0-py3.10.egg-info/zip-safe
/home/andrea/dobot_v3/install/dobot_bringup_v3/lib/dobot_bringup_v3/dobot_bringup
/home/andrea/dobot_v3/install/dobot_bringup_v3/lib/dobot_bringup_v3/feedback
/home/andrea/dobot_v3/install/dobot_bringup_v3/lib/dobot_bringup_v3/joint_states_bridge
/home/andrea/dobot_v3/install/dobot_bringup_v3/lib/dobot_bringup_v3/listener_node
/home/andrea/dobot_v3/install/dobot_bringup_v3/lib/dobot_bringup_v3/translater_node
