[0.098s] Invoking command in '/home/andrea/dobot_v3/build/nova5_moveit': CMAKE_PREFIX_PATH=/home/andrea/dobot_v3/install/dobot_rviz:/home/andrea/dobot_v3/install/nova5_moveit:/home/andrea/dobot_v3/install/nova2_moveit:/home/andrea/dobot_v3/install/cr7_moveit:/home/andrea/dobot_v3/install/cr5_moveit:/home/andrea/dobot_v3/install/cr3_moveit:/home/andrea/dobot_v3/install/cr16_moveit:/home/andrea/dobot_v3/install/cr12_moveit:/home/andrea/dobot_v3/install/cr10_moveit:/home/andrea/dobot_v3/install/dobot_msgs_v3:/home/andrea/dobot_v3/install/dobot_gazebo:/home/andrea/dobot_v3/install/cr5_moveit_cpp_demo:/home/andrea/dobot_v3/install/custom_messages:/home/andrea/dobot_v3/install/cra_description:/home/andrea/dobot_v3/install/servo_action:/home/andrea/dobot_v3/install/dobot_bringup_v3:/home/andrea/dobot_v3/install/dobot_moveit:/home/andrea/dobot_v3/install/dobot_demo:/opt/ros/humble /usr/bin/cmake /home/andrea/dobot_v3/src/DOBOT_6Axis_ROS2_V3/nova5_moveit -DCMAKE_INSTALL_PREFIX=/home/andrea/dobot_v3/install/nova5_moveit
[0.205s] -- The C compiler identification is GNU 11.4.0
[0.285s] -- The CXX compiler identification is GNU 11.4.0
[0.290s] -- Detecting C compiler ABI info
[0.362s] -- Detecting C compiler ABI info - done
[0.373s] -- Check for working C compiler: /usr/bin/cc - skipped
[0.373s] -- Detecting C compile features
[0.374s] -- Detecting C compile features - done
[0.378s] -- Detecting CXX compiler ABI info
[0.490s] -- Detecting CXX compiler ABI info - done
[0.503s] -- Check for working CXX compiler: /usr/bin/c++ - skipped
[0.505s] -- Detecting CXX compile features
[0.505s] -- Detecting CXX compile features - done
[0.509s] -- Found ament_cmake: 1.3.12 (/opt/ros/humble/share/ament_cmake/cmake)
[0.727s] -- Found Python3: /usr/bin/python3 (found version "3.10.12") found components: Interpreter 
[0.985s] -- Configuring done
[0.990s] -- Generating done
[0.991s] -- Build files have been written to: /home/andrea/dobot_v3/build/nova5_moveit
[0.997s] Invoked command in '/home/andrea/dobot_v3/build/nova5_moveit' returned '0': CMAKE_PREFIX_PATH=/home/andrea/dobot_v3/install/dobot_rviz:/home/andrea/dobot_v3/install/nova5_moveit:/home/andrea/dobot_v3/install/nova2_moveit:/home/andrea/dobot_v3/install/cr7_moveit:/home/andrea/dobot_v3/install/cr5_moveit:/home/andrea/dobot_v3/install/cr3_moveit:/home/andrea/dobot_v3/install/cr16_moveit:/home/andrea/dobot_v3/install/cr12_moveit:/home/andrea/dobot_v3/install/cr10_moveit:/home/andrea/dobot_v3/install/dobot_msgs_v3:/home/andrea/dobot_v3/install/dobot_gazebo:/home/andrea/dobot_v3/install/cr5_moveit_cpp_demo:/home/andrea/dobot_v3/install/custom_messages:/home/andrea/dobot_v3/install/cra_description:/home/andrea/dobot_v3/install/servo_action:/home/andrea/dobot_v3/install/dobot_bringup_v3:/home/andrea/dobot_v3/install/dobot_moveit:/home/andrea/dobot_v3/install/dobot_demo:/opt/ros/humble /usr/bin/cmake /home/andrea/dobot_v3/src/DOBOT_6Axis_ROS2_V3/nova5_moveit -DCMAKE_INSTALL_PREFIX=/home/andrea/dobot_v3/install/nova5_moveit
[0.998s] Invoking command in '/home/andrea/dobot_v3/build/nova5_moveit': CMAKE_PREFIX_PATH=/home/andrea/dobot_v3/install/dobot_rviz:/home/andrea/dobot_v3/install/nova5_moveit:/home/andrea/dobot_v3/install/nova2_moveit:/home/andrea/dobot_v3/install/cr7_moveit:/home/andrea/dobot_v3/install/cr5_moveit:/home/andrea/dobot_v3/install/cr3_moveit:/home/andrea/dobot_v3/install/cr16_moveit:/home/andrea/dobot_v3/install/cr12_moveit:/home/andrea/dobot_v3/install/cr10_moveit:/home/andrea/dobot_v3/install/dobot_msgs_v3:/home/andrea/dobot_v3/install/dobot_gazebo:/home/andrea/dobot_v3/install/cr5_moveit_cpp_demo:/home/andrea/dobot_v3/install/custom_messages:/home/andrea/dobot_v3/install/cra_description:/home/andrea/dobot_v3/install/servo_action:/home/andrea/dobot_v3/install/dobot_bringup_v3:/home/andrea/dobot_v3/install/dobot_moveit:/home/andrea/dobot_v3/install/dobot_demo:/opt/ros/humble /usr/bin/cmake --build /home/andrea/dobot_v3/build/nova5_moveit -- -j12 -l12
[1.043s] Invoked command in '/home/andrea/dobot_v3/build/nova5_moveit' returned '0': CMAKE_PREFIX_PATH=/home/andrea/dobot_v3/install/dobot_rviz:/home/andrea/dobot_v3/install/nova5_moveit:/home/andrea/dobot_v3/install/nova2_moveit:/home/andrea/dobot_v3/install/cr7_moveit:/home/andrea/dobot_v3/install/cr5_moveit:/home/andrea/dobot_v3/install/cr3_moveit:/home/andrea/dobot_v3/install/cr16_moveit:/home/andrea/dobot_v3/install/cr12_moveit:/home/andrea/dobot_v3/install/cr10_moveit:/home/andrea/dobot_v3/install/dobot_msgs_v3:/home/andrea/dobot_v3/install/dobot_gazebo:/home/andrea/dobot_v3/install/cr5_moveit_cpp_demo:/home/andrea/dobot_v3/install/custom_messages:/home/andrea/dobot_v3/install/cra_description:/home/andrea/dobot_v3/install/servo_action:/home/andrea/dobot_v3/install/dobot_bringup_v3:/home/andrea/dobot_v3/install/dobot_moveit:/home/andrea/dobot_v3/install/dobot_demo:/opt/ros/humble /usr/bin/cmake --build /home/andrea/dobot_v3/build/nova5_moveit -- -j12 -l12
[1.046s] Invoking command in '/home/andrea/dobot_v3/build/nova5_moveit': CMAKE_PREFIX_PATH=/home/andrea/dobot_v3/install/dobot_rviz:/home/andrea/dobot_v3/install/nova5_moveit:/home/andrea/dobot_v3/install/nova2_moveit:/home/andrea/dobot_v3/install/cr7_moveit:/home/andrea/dobot_v3/install/cr5_moveit:/home/andrea/dobot_v3/install/cr3_moveit:/home/andrea/dobot_v3/install/cr16_moveit:/home/andrea/dobot_v3/install/cr12_moveit:/home/andrea/dobot_v3/install/cr10_moveit:/home/andrea/dobot_v3/install/dobot_msgs_v3:/home/andrea/dobot_v3/install/dobot_gazebo:/home/andrea/dobot_v3/install/cr5_moveit_cpp_demo:/home/andrea/dobot_v3/install/custom_messages:/home/andrea/dobot_v3/install/cra_description:/home/andrea/dobot_v3/install/servo_action:/home/andrea/dobot_v3/install/dobot_bringup_v3:/home/andrea/dobot_v3/install/dobot_moveit:/home/andrea/dobot_v3/install/dobot_demo:/opt/ros/humble /usr/bin/cmake --install /home/andrea/dobot_v3/build/nova5_moveit
[1.052s] -- Install configuration: ""
[1.052s] -- Installing: /home/andrea/dobot_v3/install/nova5_moveit/share/ament_index/resource_index/package_run_dependencies/nova5_moveit
[1.052s] -- Installing: /home/andrea/dobot_v3/install/nova5_moveit/share/ament_index/resource_index/parent_prefix_path/nova5_moveit
[1.052s] -- Installing: /home/andrea/dobot_v3/install/nova5_moveit/share/nova5_moveit/environment/ament_prefix_path.sh
[1.052s] -- Installing: /home/andrea/dobot_v3/install/nova5_moveit/share/nova5_moveit/environment/ament_prefix_path.dsv
[1.052s] -- Installing: /home/andrea/dobot_v3/install/nova5_moveit/share/nova5_moveit/environment/path.sh
[1.052s] -- Installing: /home/andrea/dobot_v3/install/nova5_moveit/share/nova5_moveit/environment/path.dsv
[1.052s] -- Installing: /home/andrea/dobot_v3/install/nova5_moveit/share/nova5_moveit/local_setup.bash
[1.052s] -- Installing: /home/andrea/dobot_v3/install/nova5_moveit/share/nova5_moveit/local_setup.sh
[1.052s] -- Installing: /home/andrea/dobot_v3/install/nova5_moveit/share/nova5_moveit/local_setup.zsh
[1.052s] -- Installing: /home/andrea/dobot_v3/install/nova5_moveit/share/nova5_moveit/local_setup.dsv
[1.053s] -- Installing: /home/andrea/dobot_v3/install/nova5_moveit/share/nova5_moveit/package.dsv
[1.053s] -- Installing: /home/andrea/dobot_v3/install/nova5_moveit/share/ament_index/resource_index/packages/nova5_moveit
[1.053s] -- Installing: /home/andrea/dobot_v3/install/nova5_moveit/share/nova5_moveit/cmake/nova5_moveitConfig.cmake
[1.053s] -- Installing: /home/andrea/dobot_v3/install/nova5_moveit/share/nova5_moveit/cmake/nova5_moveitConfig-version.cmake
[1.053s] -- Installing: /home/andrea/dobot_v3/install/nova5_moveit/share/nova5_moveit/package.xml
[1.053s] -- Installing: /home/andrea/dobot_v3/install/nova5_moveit/share/nova5_moveit/launch
[1.053s] -- Installing: /home/andrea/dobot_v3/install/nova5_moveit/share/nova5_moveit/launch/static_virtual_joint_tfs.launch.py
[1.054s] -- Installing: /home/andrea/dobot_v3/install/nova5_moveit/share/nova5_moveit/launch/move_group.launch.py
[1.054s] -- Installing: /home/andrea/dobot_v3/install/nova5_moveit/share/nova5_moveit/launch/setup_assistant.launch.py
[1.054s] -- Installing: /home/andrea/dobot_v3/install/nova5_moveit/share/nova5_moveit/launch/demo.launch.py
[1.054s] -- Installing: /home/andrea/dobot_v3/install/nova5_moveit/share/nova5_moveit/launch/moveit_rviz.launch.py
[1.055s] -- Installing: /home/andrea/dobot_v3/install/nova5_moveit/share/nova5_moveit/launch/spawn_controllers.launch.py
[1.055s] -- Installing: /home/andrea/dobot_v3/install/nova5_moveit/share/nova5_moveit/launch/warehouse_db.launch.py
[1.055s] -- Installing: /home/andrea/dobot_v3/install/nova5_moveit/share/nova5_moveit/launch/rsp.launch.py
[1.056s] -- Installing: /home/andrea/dobot_v3/install/nova5_moveit/share/nova5_moveit/config
[1.056s] -- Installing: /home/andrea/dobot_v3/install/nova5_moveit/share/nova5_moveit/config/ros2_controllers.yaml
[1.056s] -- Installing: /home/andrea/dobot_v3/install/nova5_moveit/share/nova5_moveit/config/joint_limits.yaml
[1.056s] -- Installing: /home/andrea/dobot_v3/install/nova5_moveit/share/nova5_moveit/config/initial_positions.yaml
[1.057s] -- Installing: /home/andrea/dobot_v3/install/nova5_moveit/share/nova5_moveit/config/nova5_robot.srdf
[1.057s] -- Installing: /home/andrea/dobot_v3/install/nova5_moveit/share/nova5_moveit/config/kinematics.yaml
[1.057s] -- Installing: /home/andrea/dobot_v3/install/nova5_moveit/share/nova5_moveit/config/moveit_controllers.yaml
[1.057s] -- Installing: /home/andrea/dobot_v3/install/nova5_moveit/share/nova5_moveit/config/pilz_cartesian_limits.yaml
[1.057s] -- Installing: /home/andrea/dobot_v3/install/nova5_moveit/share/nova5_moveit/config/nova5_robot.ros2_control.xacro
[1.058s] -- Installing: /home/andrea/dobot_v3/install/nova5_moveit/share/nova5_moveit/config/nova5_robot.urdf.xacro
[1.058s] -- Installing: /home/andrea/dobot_v3/install/nova5_moveit/share/nova5_moveit/config/moveit.rviz
[1.058s] -- Installing: /home/andrea/dobot_v3/install/nova5_moveit/share/nova5_moveit/.setup_assistant
[1.076s] Invoked command in '/home/andrea/dobot_v3/build/nova5_moveit' returned '0': CMAKE_PREFIX_PATH=/home/andrea/dobot_v3/install/dobot_rviz:/home/andrea/dobot_v3/install/nova5_moveit:/home/andrea/dobot_v3/install/nova2_moveit:/home/andrea/dobot_v3/install/cr7_moveit:/home/andrea/dobot_v3/install/cr5_moveit:/home/andrea/dobot_v3/install/cr3_moveit:/home/andrea/dobot_v3/install/cr16_moveit:/home/andrea/dobot_v3/install/cr12_moveit:/home/andrea/dobot_v3/install/cr10_moveit:/home/andrea/dobot_v3/install/dobot_msgs_v3:/home/andrea/dobot_v3/install/dobot_gazebo:/home/andrea/dobot_v3/install/cr5_moveit_cpp_demo:/home/andrea/dobot_v3/install/custom_messages:/home/andrea/dobot_v3/install/cra_description:/home/andrea/dobot_v3/install/servo_action:/home/andrea/dobot_v3/install/dobot_bringup_v3:/home/andrea/dobot_v3/install/dobot_moveit:/home/andrea/dobot_v3/install/dobot_demo:/opt/ros/humble /usr/bin/cmake --install /home/andrea/dobot_v3/build/nova5_moveit
