[0.490s] Invoking command in '/home/andrea/dobot_v3/src/DOBOT_6Axis_ROS2_V3/dobot_moveit': PYTHONPATH=/home/andrea/dobot_v3/build/dobot_moveit/prefix_override:/usr/lib/python3/dist-packages/colcon_core/task/python/colcon_distutils_commands:/home/andrea/dobot_v3/install/dobot_moveit/lib/python3.10/site-packages:${PYTHONPATH} /usr/bin/python3 -W ignore:setup.py install is deprecated -W ignore:easy_install command is deprecated setup.py egg_info --egg-base ../../../build/dobot_moveit build --build-base /home/andrea/dobot_v3/build/dobot_moveit/build install --record /home/andrea/dobot_v3/build/dobot_moveit/install.log --single-version-externally-managed install_data
[0.651s] running egg_info
[0.652s] creating ../../../build/dobot_moveit/dobot_moveit.egg-info
[0.652s] writing ../../../build/dobot_moveit/dobot_moveit.egg-info/PKG-INFO
[0.652s] writing dependency_links to ../../../build/dobot_moveit/dobot_moveit.egg-info/dependency_links.txt
[0.652s] writing entry points to ../../../build/dobot_moveit/dobot_moveit.egg-info/entry_points.txt
[0.652s] writing requirements to ../../../build/dobot_moveit/dobot_moveit.egg-info/requires.txt
[0.652s] writing top-level names to ../../../build/dobot_moveit/dobot_moveit.egg-info/top_level.txt
[0.652s] writing manifest file '../../../build/dobot_moveit/dobot_moveit.egg-info/SOURCES.txt'
[0.653s] reading manifest file '../../../build/dobot_moveit/dobot_moveit.egg-info/SOURCES.txt'
[0.654s] writing manifest file '../../../build/dobot_moveit/dobot_moveit.egg-info/SOURCES.txt'
[0.654s] running build
[0.654s] running build_py
[0.654s] creating /home/andrea/dobot_v3/build/dobot_moveit/build
[0.654s] creating /home/andrea/dobot_v3/build/dobot_moveit/build/lib
[0.654s] creating /home/andrea/dobot_v3/build/dobot_moveit/build/lib/dobot_moveit
[0.654s] copying dobot_moveit/__init__.py -> /home/andrea/dobot_v3/build/dobot_moveit/build/lib/dobot_moveit
[0.655s] running install
[0.655s] running install_lib
[0.656s] creating /home/andrea/dobot_v3/install/dobot_moveit/lib/python3.10/site-packages/dobot_moveit
[0.656s] copying /home/andrea/dobot_v3/build/dobot_moveit/build/lib/dobot_moveit/__init__.py -> /home/andrea/dobot_v3/install/dobot_moveit/lib/python3.10/site-packages/dobot_moveit
[0.656s] byte-compiling /home/andrea/dobot_v3/install/dobot_moveit/lib/python3.10/site-packages/dobot_moveit/__init__.py to __init__.cpython-310.pyc
[0.656s] running install_data
[0.656s] creating /home/andrea/dobot_v3/install/dobot_moveit/share/ament_index
[0.656s] creating /home/andrea/dobot_v3/install/dobot_moveit/share/ament_index/resource_index
[0.656s] creating /home/andrea/dobot_v3/install/dobot_moveit/share/ament_index/resource_index/packages
[0.656s] copying resource/dobot_moveit -> /home/andrea/dobot_v3/install/dobot_moveit/share/ament_index/resource_index/packages
[0.657s] copying package.xml -> /home/andrea/dobot_v3/install/dobot_moveit/share/dobot_moveit
[0.657s] creating /home/andrea/dobot_v3/install/dobot_moveit/share/dobot_moveit/launch
[0.657s] copying launch/moveit_gazebo.launch.py -> /home/andrea/dobot_v3/install/dobot_moveit/share/dobot_moveit/launch
[0.657s] copying launch/dobot_moveit.launch.py -> /home/andrea/dobot_v3/install/dobot_moveit/share/dobot_moveit/launch
[0.657s] running install_egg_info
[0.659s] Copying ../../../build/dobot_moveit/dobot_moveit.egg-info to /home/andrea/dobot_v3/install/dobot_moveit/lib/python3.10/site-packages/dobot_moveit-0.0.0-py3.10.egg-info
[0.660s] running install_scripts
[0.676s] writing list of installed files to '/home/andrea/dobot_v3/build/dobot_moveit/install.log'
[0.693s] Invoked command in '/home/andrea/dobot_v3/src/DOBOT_6Axis_ROS2_V3/dobot_moveit' returned '0': PYTHONPATH=/home/andrea/dobot_v3/build/dobot_moveit/prefix_override:/usr/lib/python3/dist-packages/colcon_core/task/python/colcon_distutils_commands:/home/andrea/dobot_v3/install/dobot_moveit/lib/python3.10/site-packages:${PYTHONPATH} /usr/bin/python3 -W ignore:setup.py install is deprecated -W ignore:easy_install command is deprecated setup.py egg_info --egg-base ../../../build/dobot_moveit build --build-base /home/andrea/dobot_v3/build/dobot_moveit/build install --record /home/andrea/dobot_v3/build/dobot_moveit/install.log --single-version-externally-managed install_data
